/opt/slurm/cluster/raven/spool/gpu108-16-r/slurmd/job203499/slurm_script: line 15: source: /home/khanff/miniconda3/envs/lomar: is a directory
/home/khanff/miniconda3/envs/lomar/lib/python3.6/site-packages/torch/distributed/launch.py:186: FutureWarning: The module torch.distributed.launch is deprecated
and will be removed in future. Use torchrun.
Note that --use_env is set by default in torchrun.
If your script expects `--local_rank` argument to be set, please
change it to read from `os.environ['LOCAL_RANK']` instead. See 
https://pytorch.org/docs/stable/distributed.html#launch-utility for 
further instructions

  FutureWarning,
WARNING:torch.distributed.run:
*****************************************
Setting OMP_NUM_THREADS environment variable for each process to be 1 in default, to avoid your system being overloaded, please further tune the variable for optimal performance in your application as needed. 
*****************************************
/home/khanff/miniconda3/envs/lomar/lib/python3.6/site-packages/torchvision/transforms/transforms.py:853: UserWarning: Argument interpolation should be of type InterpolationMode instead of int. Please, use InterpolationMode enum.
  "Argument interpolation should be of type InterpolationMode instead of int. "
/home/khanff/miniconda3/envs/lomar/lib/python3.6/site-packages/torchvision/transforms/transforms.py:853: UserWarning: Argument interpolation should be of type InterpolationMode instead of int. Please, use InterpolationMode enum.
  "Argument interpolation should be of type InterpolationMode instead of int. "
/home/khanff/miniconda3/envs/lomar/lib/python3.6/site-packages/torchvision/transforms/transforms.py:853: UserWarning: Argument interpolation should be of type InterpolationMode instead of int. Please, use InterpolationMode enum.
  "Argument interpolation should be of type InterpolationMode instead of int. "
/home/khanff/miniconda3/envs/lomar/lib/python3.6/site-packages/torchvision/transforms/transforms.py:853: UserWarning: Argument interpolation should be of type InterpolationMode instead of int. Please, use InterpolationMode enum.
  "Argument interpolation should be of type InterpolationMode instead of int. "
[W reducer.cpp:1303] Warning: find_unused_parameters=True was specified in DDP constructor, but did not find any unused parameters in the forward pass. This flag results in an extra traversal of the autograd graph every iteration,  which can adversely affect performance. If your model indeed never has any unused parameters in the forward pass, consider turning this flag off. Note that this warning may be a false positive if your model has flow control causing later iterations to have unused parameters. (function operator())
[W reducer.cpp:1303] Warning: find_unused_parameters=True was specified in DDP constructor, but did not find any unused parameters in the forward pass. This flag results in an extra traversal of the autograd graph every iteration,  which can adversely affect performance. If your model indeed never has any unused parameters in the forward pass, consider turning this flag off. Note that this warning may be a false positive if your model has flow control causing later iterations to have unused parameters. (function operator())
[W reducer.cpp:1303] Warning: find_unused_parameters=True was specified in DDP constructor, but did not find any unused parameters in the forward pass. This flag results in an extra traversal of the autograd graph every iteration,  which can adversely affect performance. If your model indeed never has any unused parameters in the forward pass, consider turning this flag off. Note that this warning may be a false positive if your model has flow control causing later iterations to have unused parameters. (function operator())
[W reducer.cpp:1303] Warning: find_unused_parameters=True was specified in DDP constructor, but did not find any unused parameters in the forward pass. This flag results in an extra traversal of the autograd graph every iteration,  which can adversely affect performance. If your model indeed never has any unused parameters in the forward pass, consider turning this flag off. Note that this warning may be a false positive if your model has flow control causing later iterations to have unused parameters. (function operator())
Traceback (most recent call last):
  File "main_pretrain_lomar.py", line 241, in <module>
    main(args)
  File "/home/khanff/miniconda3/envs/lomar/lib/python3.6/site-packages/torch/distributed/elastic/multiprocessing/errors/__init__.py", line 345, in wrapper
    return f(*args, **kwargs)
  File "main_pretrain_lomar.py", line 215, in main
    args=args
  File "/home/khanff/cvpr23/lomar/engine_pretrain.py", line 39, in train_one_epoch
    for data_iter_step, (samples, _) in enumerate(metric_logger.log_every(data_loader, print_freq, header)):
  File "/home/khanff/cvpr23/lomar/util/misc.py", line 156, in log_every
    memory=torch.cuda.max_memory_allocated() / MB))
  File "/home/khanff/cvpr23/lomar/util/misc.py", line 182, in print
    builtin_print(*args, **kwargs)
OSError: [Errno 116] Stale file handle
WARNING:torch.distributed.elastic.multiprocessing.api:Sending process 23940 closing signal SIGTERM
WARNING:torch.distributed.elastic.multiprocessing.api:Sending process 23941 closing signal SIGTERM
WARNING:torch.distributed.elastic.multiprocessing.api:Sending process 23942 closing signal SIGTERM
ERROR:torch.distributed.elastic.multiprocessing.api:failed (exitcode: 1) local_rank: 0 (pid: 23939) of binary: /home/khanff/miniconda3/envs/lomar/bin/python
Traceback (most recent call last):
  File "/home/khanff/miniconda3/envs/lomar/lib/python3.6/runpy.py", line 193, in _run_module_as_main
    "__main__", mod_spec)
  File "/home/khanff/miniconda3/envs/lomar/lib/python3.6/runpy.py", line 85, in _run_code
    exec(code, run_globals)
  File "/home/khanff/miniconda3/envs/lomar/lib/python3.6/site-packages/torch/distributed/launch.py", line 193, in <module>
    main()
  File "/home/khanff/miniconda3/envs/lomar/lib/python3.6/site-packages/torch/distributed/launch.py", line 189, in main
    launch(args)
  File "/home/khanff/miniconda3/envs/lomar/lib/python3.6/site-packages/torch/distributed/launch.py", line 174, in launch
    run(args)
  File "/home/khanff/miniconda3/envs/lomar/lib/python3.6/site-packages/torch/distributed/run.py", line 713, in run
    )(*cmd_args)
  File "/home/khanff/miniconda3/envs/lomar/lib/python3.6/site-packages/torch/distributed/launcher/api.py", line 131, in __call__
    return launch_agent(self._config, self._entrypoint, list(args))
  File "/home/khanff/miniconda3/envs/lomar/lib/python3.6/site-packages/torch/distributed/launcher/api.py", line 261, in launch_agent
    failures=result.failures,
torch.distributed.elastic.multiprocessing.errors.ChildFailedError: 
============================================================
main_pretrain_lomar.py FAILED
------------------------------------------------------------
Failures:
  <NO_OTHER_FAILURES>
------------------------------------------------------------
Root Cause (first observed failure):
[0]:
  time      : 2022-10-21_00:23:58
  host      : gpu108-16-r.ibex.kaust.edu.sa
  rank      : 0 (local_rank: 0)
  exitcode  : 1 (pid: 23939)
  error_file: /tmp/torchelastic_g6kpe902/none_1ivpn48h/attempt_0/0/error.json
  traceback : Traceback (most recent call last):
    File "/home/khanff/miniconda3/envs/lomar/lib/python3.6/site-packages/torch/distributed/elastic/multiprocessing/errors/__init__.py", line 345, in wrapper
      return f(*args, **kwargs)
    File "main_pretrain_lomar.py", line 215, in main
      args=args
    File "/home/khanff/cvpr23/lomar/engine_pretrain.py", line 39, in train_one_epoch
      for data_iter_step, (samples, _) in enumerate(metric_logger.log_every(data_loader, print_freq, header)):
    File "/home/khanff/cvpr23/lomar/util/misc.py", line 156, in log_every
      memory=torch.cuda.max_memory_allocated() / MB))
    File "/home/khanff/cvpr23/lomar/util/misc.py", line 182, in print
      builtin_print(*args, **kwargs)
  OSError: [Errno 116] Stale file handle
  
============================================================
