| distributed init (rank 1): env://, gpu 1
| distributed init (rank 2): env://, gpu 2
| distributed init (rank 3): env://, gpu 3
| distributed init (rank 0): env://, gpu 0
[14:17:05.785084] job dir: /home/khanff/cvpr23/lomar
[14:17:05.785629] Namespace(MASTER_ADDR='localhost',
MASTER_PORT='10019',
accum_iter=4,
amp_autocast=True,
batch_size=256,
blr=0.00015,
data_path='/ibex/ai/reference/CV/ILSVR/classification-localization/data/jpeg',
device='cuda',
dist_backend='nccl',
dist_on_itp=False,
dist_url='env://',
distributed=True,
epochs=100,
gpu=0,
input_size=448,
local_rank=0,
log_dir='/ibex/ai/project/c2090/lomar_plus_save/logs/raven/mae_encoderonly_mask_0.8_neigh_0.05_wind_7_num_4_epoches_100_r_448',
lr=None,
mask_ratio=0.8,
min_lr=0.0,
model='mae_vit_base_patch16_448',
neigh_ratio=0.05,
norm_pix_loss=True,
num_window=4,
num_workers=10,
output_dir='/ibex/ai/project/c2090/lomar_plus_save/checkpoint/raven/mae_encoderonly_mask_0.8_neigh_0.05_wind_7_num_4_epochs_100_r_448',
pin_mem=True,
rank=0,
resume='',
seed=0,
start_epoch=0,
warmup_epochs=5,
weight_decay=0.05,
window_size=7,
world_size=4)
[14:17:27.155677] Dataset ImageFolder
    Number of datapoints: 1281167
    Root location: /ibex/ai/reference/CV/ILSVR/classification-localization/data/jpeg/train
    StandardTransform
Transform: Compose(
               RandomResizedCrop(size=(448, 448), scale=(0.2, 1.0), ratio=(0.75, 1.3333), interpolation=bicubic)
               RandomHorizontalFlip(p=0.5)
               ToTensor()
               Normalize(mean=[0.485, 0.456, 0.406], std=[0.229, 0.224, 0.225])
           )
[14:17:27.156160] Sampler_train = <torch.utils.data.distributed.DistributedSampler object at 0x2b03decadac8>
[14:17:28.061884] Model = MaskedAutoencoderViT(
  (patch_embed): PatchEmbed(
    (proj): Conv2d(3, 768, kernel_size=(16, 16), stride=(16, 16))
  )
  (blocks): ModuleList(
    (0): Block(
      (norm1): LayerNorm((768,), eps=1e-06, elementwise_affine=True)
      (attn): Attention(
        (qkv): Linear(in_features=768, out_features=2304, bias=True)
        (attn_drop): Dropout(p=0.0, inplace=False)
        (proj): Linear(in_features=768, out_features=768, bias=True)
        (proj_drop): Dropout(p=0.0, inplace=False)
      )
      (drop_path): Identity()
      (norm2): LayerNorm((768,), eps=1e-06, elementwise_affine=True)
      (mlp): Mlp(
        (fc1): Linear(in_features=768, out_features=3072, bias=True)
        (act): GELU()
        (fc2): Linear(in_features=3072, out_features=768, bias=True)
        (drop): Dropout(p=0.0, inplace=False)
      )
    )
    (1): Block(
      (norm1): LayerNorm((768,), eps=1e-06, elementwise_affine=True)
      (attn): Attention(
        (qkv): Linear(in_features=768, out_features=2304, bias=True)
        (attn_drop): Dropout(p=0.0, inplace=False)
        (proj): Linear(in_features=768, out_features=768, bias=True)
        (proj_drop): Dropout(p=0.0, inplace=False)
      )
      (drop_path): Identity()
      (norm2): LayerNorm((768,), eps=1e-06, elementwise_affine=True)
      (mlp): Mlp(
        (fc1): Linear(in_features=768, out_features=3072, bias=True)
        (act): GELU()
        (fc2): Linear(in_features=3072, out_features=768, bias=True)
        (drop): Dropout(p=0.0, inplace=False)
      )
    )
    (2): Block(
      (norm1): LayerNorm((768,), eps=1e-06, elementwise_affine=True)
      (attn): Attention(
        (qkv): Linear(in_features=768, out_features=2304, bias=True)
        (attn_drop): Dropout(p=0.0, inplace=False)
        (proj): Linear(in_features=768, out_features=768, bias=True)
        (proj_drop): Dropout(p=0.0, inplace=False)
      )
      (drop_path): Identity()
      (norm2): LayerNorm((768,), eps=1e-06, elementwise_affine=True)
      (mlp): Mlp(
        (fc1): Linear(in_features=768, out_features=3072, bias=True)
        (act): GELU()
        (fc2): Linear(in_features=3072, out_features=768, bias=True)
        (drop): Dropout(p=0.0, inplace=False)
      )
    )
    (3): Block(
      (norm1): LayerNorm((768,), eps=1e-06, elementwise_affine=True)
      (attn): Attention(
        (qkv): Linear(in_features=768, out_features=2304, bias=True)
        (attn_drop): Dropout(p=0.0, inplace=False)
        (proj): Linear(in_features=768, out_features=768, bias=True)
        (proj_drop): Dropout(p=0.0, inplace=False)
      )
      (drop_path): Identity()
      (norm2): LayerNorm((768,), eps=1e-06, elementwise_affine=True)
      (mlp): Mlp(
        (fc1): Linear(in_features=768, out_features=3072, bias=True)
        (act): GELU()
        (fc2): Linear(in_features=3072, out_features=768, bias=True)
        (drop): Dropout(p=0.0, inplace=False)
      )
    )
    (4): Block(
      (norm1): LayerNorm((768,), eps=1e-06, elementwise_affine=True)
      (attn): Attention(
        (qkv): Linear(in_features=768, out_features=2304, bias=True)
        (attn_drop): Dropout(p=0.0, inplace=False)
        (proj): Linear(in_features=768, out_features=768, bias=True)
        (proj_drop): Dropout(p=0.0, inplace=False)
      )
      (drop_path): Identity()
      (norm2): LayerNorm((768,), eps=1e-06, elementwise_affine=True)
      (mlp): Mlp(
        (fc1): Linear(in_features=768, out_features=3072, bias=True)
        (act): GELU()
        (fc2): Linear(in_features=3072, out_features=768, bias=True)
        (drop): Dropout(p=0.0, inplace=False)
      )
    )
    (5): Block(
      (norm1): LayerNorm((768,), eps=1e-06, elementwise_affine=True)
      (attn): Attention(
        (qkv): Linear(in_features=768, out_features=2304, bias=True)
        (attn_drop): Dropout(p=0.0, inplace=False)
        (proj): Linear(in_features=768, out_features=768, bias=True)
        (proj_drop): Dropout(p=0.0, inplace=False)
      )
      (drop_path): Identity()
      (norm2): LayerNorm((768,), eps=1e-06, elementwise_affine=True)
      (mlp): Mlp(
        (fc1): Linear(in_features=768, out_features=3072, bias=True)
        (act): GELU()
        (fc2): Linear(in_features=3072, out_features=768, bias=True)
        (drop): Dropout(p=0.0, inplace=False)
      )
    )
    (6): Block(
      (norm1): LayerNorm((768,), eps=1e-06, elementwise_affine=True)
      (attn): Attention(
        (qkv): Linear(in_features=768, out_features=2304, bias=True)
        (attn_drop): Dropout(p=0.0, inplace=False)
        (proj): Linear(in_features=768, out_features=768, bias=True)
        (proj_drop): Dropout(p=0.0, inplace=False)
      )
      (drop_path): Identity()
      (norm2): LayerNorm((768,), eps=1e-06, elementwise_affine=True)
      (mlp): Mlp(
        (fc1): Linear(in_features=768, out_features=3072, bias=True)
        (act): GELU()
        (fc2): Linear(in_features=3072, out_features=768, bias=True)
        (drop): Dropout(p=0.0, inplace=False)
      )
    )
    (7): Block(
      (norm1): LayerNorm((768,), eps=1e-06, elementwise_affine=True)
      (attn): Attention(
        (qkv): Linear(in_features=768, out_features=2304, bias=True)
        (attn_drop): Dropout(p=0.0, inplace=False)
        (proj): Linear(in_features=768, out_features=768, bias=True)
        (proj_drop): Dropout(p=0.0, inplace=False)
      )
      (drop_path): Identity()
      (norm2): LayerNorm((768,), eps=1e-06, elementwise_affine=True)
      (mlp): Mlp(
        (fc1): Linear(in_features=768, out_features=3072, bias=True)
        (act): GELU()
        (fc2): Linear(in_features=3072, out_features=768, bias=True)
        (drop): Dropout(p=0.0, inplace=False)
      )
    )
    (8): Block(
      (norm1): LayerNorm((768,), eps=1e-06, elementwise_affine=True)
      (attn): Attention(
        (qkv): Linear(in_features=768, out_features=2304, bias=True)
        (attn_drop): Dropout(p=0.0, inplace=False)
        (proj): Linear(in_features=768, out_features=768, bias=True)
        (proj_drop): Dropout(p=0.0, inplace=False)
      )
      (drop_path): Identity()
      (norm2): LayerNorm((768,), eps=1e-06, elementwise_affine=True)
      (mlp): Mlp(
        (fc1): Linear(in_features=768, out_features=3072, bias=True)
        (act): GELU()
        (fc2): Linear(in_features=3072, out_features=768, bias=True)
        (drop): Dropout(p=0.0, inplace=False)
      )
    )
    (9): Block(
      (norm1): LayerNorm((768,), eps=1e-06, elementwise_affine=True)
      (attn): Attention(
        (qkv): Linear(in_features=768, out_features=2304, bias=True)
        (attn_drop): Dropout(p=0.0, inplace=False)
        (proj): Linear(in_features=768, out_features=768, bias=True)
        (proj_drop): Dropout(p=0.0, inplace=False)
      )
      (drop_path): Identity()
      (norm2): LayerNorm((768,), eps=1e-06, elementwise_affine=True)
      (mlp): Mlp(
        (fc1): Linear(in_features=768, out_features=3072, bias=True)
        (act): GELU()
        (fc2): Linear(in_features=3072, out_features=768, bias=True)
        (drop): Dropout(p=0.0, inplace=False)
      )
    )
    (10): Block(
      (norm1): LayerNorm((768,), eps=1e-06, elementwise_affine=True)
      (attn): Attention(
        (qkv): Linear(in_features=768, out_features=2304, bias=True)
        (attn_drop): Dropout(p=0.0, inplace=False)
        (proj): Linear(in_features=768, out_features=768, bias=True)
        (proj_drop): Dropout(p=0.0, inplace=False)
      )
      (drop_path): Identity()
      (norm2): LayerNorm((768,), eps=1e-06, elementwise_affine=True)
      (mlp): Mlp(
        (fc1): Linear(in_features=768, out_features=3072, bias=True)
        (act): GELU()
        (fc2): Linear(in_features=3072, out_features=768, bias=True)
        (drop): Dropout(p=0.0, inplace=False)
      )
    )
    (11): Block(
      (norm1): LayerNorm((768,), eps=1e-06, elementwise_affine=True)
      (attn): Attention(
        (qkv): Linear(in_features=768, out_features=2304, bias=True)
        (attn_drop): Dropout(p=0.0, inplace=False)
        (proj): Linear(in_features=768, out_features=768, bias=True)
        (proj_drop): Dropout(p=0.0, inplace=False)
      )
      (drop_path): Identity()
      (norm2): LayerNorm((768,), eps=1e-06, elementwise_affine=True)
      (mlp): Mlp(
        (fc1): Linear(in_features=768, out_features=3072, bias=True)
        (act): GELU()
        (fc2): Linear(in_features=3072, out_features=768, bias=True)
        (drop): Dropout(p=0.0, inplace=False)
      )
    )
  )
  (norm): LayerNorm((768,), eps=1e-06, elementwise_affine=True)
  (encoder_pred): Linear(in_features=768, out_features=768, bias=True)
)
[14:17:28.061942] base lr: 1.50e-04
[14:17:28.061953] actual lr: 2.40e-03
[14:17:28.061961] accumulate grad iterations: 4
[14:17:28.061969] effective batch size: 4096
[14:17:28.061975] True
[14:17:28.061982] 0
[14:17:28.317204] AdamW (
Parameter Group 0
    amsgrad: False
    betas: (0.9, 0.95)
    eps: 1e-08
    lr: 0.0024
    weight_decay: 0.0

Parameter Group 1
    amsgrad: False
    betas: (0.9, 0.95)
    eps: 1e-08
    lr: 0.0024
    weight_decay: 0.05
)
[14:17:28.317273] Start training for 100 epochs
[14:17:28.317853] log_dir: /ibex/ai/project/c2090/lomar_plus_save/logs/raven/mae_encoderonly_mask_0.8_neigh_0.05_wind_7_num_4_epoches_100_r_448
[14:17:46.542643] Epoch: [0]  [   0/1251]  eta: 6:19:57  lr: 0.000000  loss: 1.9034 (1.9034)  time: 18.2238  data: 11.0906  max mem: 44313
[14:18:04.278531] Epoch: [0]  [  20/1251]  eta: 0:35:07  lr: 0.000008  loss: 1.8769 (1.8410)  time: 0.8867  data: 0.0004  max mem: 45284
[14:18:21.461176] Epoch: [0]  [  40/1251]  eta: 0:26:09  lr: 0.000015  loss: 1.4686 (1.6609)  time: 0.8591  data: 0.0010  max mem: 45284
[14:18:39.166670] Epoch: [0]  [  60/1251]  eta: 0:23:03  lr: 0.000023  loss: 1.2283 (1.5194)  time: 0.8852  data: 0.0049  max mem: 45284
[14:18:56.737509] Epoch: [0]  [  80/1251]  eta: 0:21:18  lr: 0.000031  loss: 1.0854 (1.4140)  time: 0.8785  data: 0.0005  max mem: 45284
[14:19:13.727355] Epoch: [0]  [ 100/1251]  eta: 0:20:01  lr: 0.000038  loss: 1.0264 (1.3362)  time: 0.8494  data: 0.0061  max mem: 45284
[14:19:31.098571] Epoch: [0]  [ 120/1251]  eta: 0:19:07  lr: 0.000046  loss: 0.9653 (1.2751)  time: 0.8685  data: 0.0012  max mem: 45284
[14:19:48.488799] Epoch: [0]  [ 140/1251]  eta: 0:18:24  lr: 0.000054  loss: 0.9314 (1.2253)  time: 0.8695  data: 0.0071  max mem: 45284
[14:20:06.106687] Epoch: [0]  [ 160/1251]  eta: 0:17:49  lr: 0.000061  loss: 0.8869 (1.1836)  time: 0.8808  data: 0.0150  max mem: 45284
[14:20:23.286135] Epoch: [0]  [ 180/1251]  eta: 0:17:15  lr: 0.000069  loss: 0.8623 (1.1481)  time: 0.8589  data: 0.0006  max mem: 45284
[14:20:40.964315] Epoch: [0]  [ 200/1251]  eta: 0:16:47  lr: 0.000077  loss: 0.8372 (1.1169)  time: 0.8838  data: 0.0005  max mem: 45284
[14:20:58.342723] Epoch: [0]  [ 220/1251]  eta: 0:16:19  lr: 0.000084  loss: 0.8121 (1.0896)  time: 0.8689  data: 0.0008  max mem: 45284
[14:21:16.166064] Epoch: [0]  [ 240/1251]  eta: 0:15:55  lr: 0.000092  loss: 0.7906 (1.0652)  time: 0.8911  data: 0.0005  max mem: 45284
[14:21:33.353599] Epoch: [0]  [ 260/1251]  eta: 0:15:30  lr: 0.000100  loss: 0.7818 (1.0437)  time: 0.8593  data: 0.0004  max mem: 45284
[14:21:50.841681] Epoch: [0]  [ 280/1251]  eta: 0:15:07  lr: 0.000107  loss: 0.7729 (1.0243)  time: 0.8743  data: 0.0007  max mem: 45284
[14:22:08.209676] Epoch: [0]  [ 300/1251]  eta: 0:14:44  lr: 0.000115  loss: 0.7688 (1.0073)  time: 0.8683  data: 0.0005  max mem: 45284
[14:22:25.471387] Epoch: [0]  [ 320/1251]  eta: 0:14:21  lr: 0.000123  loss: 0.7526 (0.9914)  time: 0.8630  data: 0.0046  max mem: 45284
[14:22:43.222606] Epoch: [0]  [ 340/1251]  eta: 0:14:01  lr: 0.000130  loss: 0.7534 (0.9777)  time: 0.8875  data: 0.0006  max mem: 45284
[14:23:00.488230] Epoch: [0]  [ 360/1251]  eta: 0:13:39  lr: 0.000138  loss: 0.7438 (0.9647)  time: 0.8632  data: 0.0006  max mem: 45284
[14:23:17.804607] Epoch: [0]  [ 380/1251]  eta: 0:13:18  lr: 0.000146  loss: 0.7295 (0.9528)  time: 0.8657  data: 0.0059  max mem: 45284
[14:23:35.150301] Epoch: [0]  [ 400/1251]  eta: 0:12:58  lr: 0.000153  loss: 0.7270 (0.9416)  time: 0.8672  data: 0.0005  max mem: 45284
[14:23:52.611672] Epoch: [0]  [ 420/1251]  eta: 0:12:38  lr: 0.000161  loss: 0.7072 (0.9307)  time: 0.8730  data: 0.0167  max mem: 45284
[14:24:09.753493] Epoch: [0]  [ 440/1251]  eta: 0:12:18  lr: 0.000169  loss: 0.7096 (0.9208)  time: 0.8570  data: 0.0055  max mem: 45284
[14:24:27.339841] Epoch: [0]  [ 460/1251]  eta: 0:11:58  lr: 0.000176  loss: 0.7447 (0.9128)  time: 0.8793  data: 0.0007  max mem: 45284
[14:24:44.743435] Epoch: [0]  [ 480/1251]  eta: 0:11:39  lr: 0.000184  loss: 0.7173 (0.9048)  time: 0.8701  data: 0.0005  max mem: 45284
[14:25:02.428970] Epoch: [0]  [ 500/1251]  eta: 0:11:20  lr: 0.000192  loss: 0.7092 (0.8970)  time: 0.8842  data: 0.0005  max mem: 45284
[14:25:20.111429] Epoch: [0]  [ 520/1251]  eta: 0:11:01  lr: 0.000200  loss: 0.7014 (0.8895)  time: 0.8841  data: 0.0071  max mem: 45284
[14:25:37.334876] Epoch: [0]  [ 540/1251]  eta: 0:10:42  lr: 0.000207  loss: 0.6949 (0.8825)  time: 0.8611  data: 0.0006  max mem: 45284
[14:25:54.864613] Epoch: [0]  [ 560/1251]  eta: 0:10:23  lr: 0.000215  loss: 0.6988 (0.8760)  time: 0.8764  data: 0.0008  max mem: 45284
[14:26:12.172798] Epoch: [0]  [ 580/1251]  eta: 0:10:04  lr: 0.000223  loss: 0.6968 (0.8699)  time: 0.8654  data: 0.0005  max mem: 45284
[14:26:29.945288] Epoch: [0]  [ 600/1251]  eta: 0:09:46  lr: 0.000230  loss: 0.7015 (0.8642)  time: 0.8886  data: 0.0005  max mem: 45284
[14:26:47.371222] Epoch: [0]  [ 620/1251]  eta: 0:09:28  lr: 0.000238  loss: 0.6780 (0.8583)  time: 0.8712  data: 0.0004  max mem: 45284
[14:27:05.103926] Epoch: [0]  [ 640/1251]  eta: 0:09:09  lr: 0.000246  loss: 0.6768 (0.8527)  time: 0.8866  data: 0.0053  max mem: 45284
[14:27:22.678864] Epoch: [0]  [ 660/1251]  eta: 0:08:51  lr: 0.000253  loss: 0.6950 (0.8479)  time: 0.8787  data: 0.0006  max mem: 45284
[14:27:40.273573] Epoch: [0]  [ 680/1251]  eta: 0:08:33  lr: 0.000261  loss: 0.6856 (0.8432)  time: 0.8797  data: 0.0009  max mem: 45284
[14:27:57.803352] Epoch: [0]  [ 700/1251]  eta: 0:08:14  lr: 0.000269  loss: 0.6739 (0.8383)  time: 0.8764  data: 0.0006  max mem: 45284
[14:28:15.080889] Epoch: [0]  [ 720/1251]  eta: 0:07:56  lr: 0.000276  loss: 0.6681 (0.8338)  time: 0.8638  data: 0.0057  max mem: 45284
[14:28:32.111984] Epoch: [0]  [ 740/1251]  eta: 0:07:37  lr: 0.000284  loss: 0.6778 (0.8295)  time: 0.8515  data: 0.0010  max mem: 45284
[14:28:49.323335] Epoch: [0]  [ 760/1251]  eta: 0:07:19  lr: 0.000292  loss: 0.6659 (0.8252)  time: 0.8605  data: 0.0006  max mem: 45284
[14:29:06.207196] Epoch: [0]  [ 780/1251]  eta: 0:07:00  lr: 0.000299  loss: 0.6710 (0.8213)  time: 0.8441  data: 0.0005  max mem: 45284
[14:29:23.400263] Epoch: [0]  [ 800/1251]  eta: 0:06:42  lr: 0.000307  loss: 0.6494 (0.8171)  time: 0.8596  data: 0.0056  max mem: 45284
[14:29:40.600504] Epoch: [0]  [ 820/1251]  eta: 0:06:24  lr: 0.000315  loss: 0.6504 (0.8130)  time: 0.8600  data: 0.0051  max mem: 45284
[14:29:57.707813] Epoch: [0]  [ 840/1251]  eta: 0:06:06  lr: 0.000322  loss: 0.6488 (0.8091)  time: 0.8553  data: 0.0005  max mem: 45284
[14:30:14.760156] Epoch: [0]  [ 860/1251]  eta: 0:05:48  lr: 0.000330  loss: 0.6577 (0.8056)  time: 0.8526  data: 0.0005  max mem: 45284
[14:30:31.713582] Epoch: [0]  [ 880/1251]  eta: 0:05:29  lr: 0.000338  loss: 0.6510 (0.8021)  time: 0.8476  data: 0.0011  max mem: 45284
[14:30:48.974603] Epoch: [0]  [ 900/1251]  eta: 0:05:11  lr: 0.000345  loss: 0.6434 (0.7986)  time: 0.8630  data: 0.0005  max mem: 45284
[14:31:06.132113] Epoch: [0]  [ 920/1251]  eta: 0:04:53  lr: 0.000353  loss: 0.6367 (0.7951)  time: 0.8578  data: 0.0008  max mem: 45284
[14:31:23.229932] Epoch: [0]  [ 940/1251]  eta: 0:04:35  lr: 0.000361  loss: 0.6331 (0.7918)  time: 0.8548  data: 0.0005  max mem: 45284
[14:31:40.421298] Epoch: [0]  [ 960/1251]  eta: 0:04:18  lr: 0.000368  loss: 0.6319 (0.7884)  time: 0.8595  data: 0.0044  max mem: 45284
[14:31:57.467392] Epoch: [0]  [ 980/1251]  eta: 0:04:00  lr: 0.000376  loss: 0.6446 (0.7854)  time: 0.8522  data: 0.0005  max mem: 45284
[14:32:14.591233] Epoch: [0]  [1000/1251]  eta: 0:03:42  lr: 0.000384  loss: 0.6433 (0.7826)  time: 0.8561  data: 0.0049  max mem: 45284
[14:32:31.727612] Epoch: [0]  [1020/1251]  eta: 0:03:24  lr: 0.000391  loss: 0.6480 (0.7800)  time: 0.8568  data: 0.0005  max mem: 45284
[14:32:49.016898] Epoch: [0]  [1040/1251]  eta: 0:03:06  lr: 0.000399  loss: 0.6375 (0.7773)  time: 0.8644  data: 0.0005  max mem: 45284
[14:33:06.207252] Epoch: [0]  [1060/1251]  eta: 0:02:48  lr: 0.000407  loss: 0.6425 (0.7747)  time: 0.8595  data: 0.0005  max mem: 45284
[14:33:23.148471] Epoch: [0]  [1080/1251]  eta: 0:02:31  lr: 0.000414  loss: 0.6409 (0.7723)  time: 0.8470  data: 0.0004  max mem: 45284
[14:33:40.255435] Epoch: [0]  [1100/1251]  eta: 0:02:13  lr: 0.000422  loss: 0.6245 (0.7696)  time: 0.8553  data: 0.0053  max mem: 45284
[14:33:57.266898] Epoch: [0]  [1120/1251]  eta: 0:01:55  lr: 0.000430  loss: 0.6120 (0.7668)  time: 0.8505  data: 0.0010  max mem: 45284
[14:34:14.556832] Epoch: [0]  [1140/1251]  eta: 0:01:37  lr: 0.000437  loss: 0.6218 (0.7642)  time: 0.8644  data: 0.0046  max mem: 45284
[14:34:31.466722] Epoch: [0]  [1160/1251]  eta: 0:01:20  lr: 0.000445  loss: 0.6177 (0.7618)  time: 0.8454  data: 0.0004  max mem: 45284
[14:34:48.701532] Epoch: [0]  [1180/1251]  eta: 0:01:02  lr: 0.000453  loss: 0.6155 (0.7594)  time: 0.8617  data: 0.0005  max mem: 45284
[14:35:05.399809] Epoch: [0]  [1200/1251]  eta: 0:00:44  lr: 0.000460  loss: 0.6092 (0.7570)  time: 0.8349  data: 0.0005  max mem: 45284
[14:35:22.331903] Epoch: [0]  [1220/1251]  eta: 0:00:27  lr: 0.000468  loss: 0.6149 (0.7548)  time: 0.8466  data: 0.0005  max mem: 45284
[14:35:38.792577] Epoch: [0]  [1240/1251]  eta: 0:00:09  lr: 0.000476  loss: 0.6356 (0.7528)  time: 0.8230  data: 0.0009  max mem: 45284
[14:35:46.157963] Epoch: [0]  [1250/1251]  eta: 0:00:00  lr: 0.000479  loss: 0.6421 (0.7520)  time: 0.7544  data: 0.0006  max mem: 45284
[14:35:47.110412] Epoch: [0] Total time: 0:18:18 (0.8783 s / it)
[14:35:47.137646] Averaged stats: lr: 0.000479  loss: 0.6421 (0.7525)
[14:35:48.245968] log_dir: /ibex/ai/project/c2090/lomar_plus_save/logs/raven/mae_encoderonly_mask_0.8_neigh_0.05_wind_7_num_4_epoches_100_r_448
[14:35:57.840668] Epoch: [1]  [   0/1251]  eta: 3:20:01  lr: 0.000480  loss: 0.6289 (0.6289)  time: 9.5935  data: 5.9174  max mem: 45284
[14:36:16.778588] Epoch: [1]  [  20/1251]  eta: 0:27:52  lr: 0.000488  loss: 0.6276 (0.6321)  time: 0.9468  data: 0.0580  max mem: 45284
[14:36:33.930532] Epoch: [1]  [  40/1251]  eta: 0:22:29  lr: 0.000495  loss: 0.6260 (0.6282)  time: 0.8575  data: 0.0006  max mem: 45284
[14:36:51.093605] Epoch: [1]  [  60/1251]  eta: 0:20:26  lr: 0.000503  loss: 0.6102 (0.6234)  time: 0.8581  data: 0.0005  max mem: 45284
[14:37:08.280938] Epoch: [1]  [  80/1251]  eta: 0:19:16  lr: 0.000511  loss: 0.6146 (0.6211)  time: 0.8593  data: 0.0006  max mem: 45284
[14:37:25.622109] Epoch: [1]  [ 100/1251]  eta: 0:18:29  lr: 0.000518  loss: 0.6047 (0.6185)  time: 0.8670  data: 0.0005  max mem: 45284
[14:37:42.939523] Epoch: [1]  [ 120/1251]  eta: 0:17:51  lr: 0.000526  loss: 0.6143 (0.6168)  time: 0.8658  data: 0.0005  max mem: 45284
[14:38:00.462611] Epoch: [1]  [ 140/1251]  eta: 0:17:21  lr: 0.000534  loss: 0.6139 (0.6159)  time: 0.8761  data: 0.0062  max mem: 45284
[14:38:17.472783] Epoch: [1]  [ 160/1251]  eta: 0:16:51  lr: 0.000541  loss: 0.6393 (0.6189)  time: 0.8505  data: 0.0059  max mem: 45284
[14:38:34.829756] Epoch: [1]  [ 180/1251]  eta: 0:16:25  lr: 0.000549  loss: 0.6469 (0.6215)  time: 0.8678  data: 0.0005  max mem: 45284
[14:38:52.232234] Epoch: [1]  [ 200/1251]  eta: 0:16:01  lr: 0.000557  loss: 0.6321 (0.6223)  time: 0.8701  data: 0.0004  max mem: 45284
[14:39:09.364895] Epoch: [1]  [ 220/1251]  eta: 0:15:38  lr: 0.000564  loss: 0.6101 (0.6213)  time: 0.8566  data: 0.0005  max mem: 45284
[14:39:26.859952] Epoch: [1]  [ 240/1251]  eta: 0:15:17  lr: 0.000572  loss: 0.6001 (0.6196)  time: 0.8747  data: 0.0005  max mem: 45284
[14:39:43.861509] Epoch: [1]  [ 260/1251]  eta: 0:14:54  lr: 0.000580  loss: 0.6117 (0.6190)  time: 0.8500  data: 0.0005  max mem: 45284
[14:40:01.025848] Epoch: [1]  [ 280/1251]  eta: 0:14:33  lr: 0.000587  loss: 0.5964 (0.6177)  time: 0.8582  data: 0.0005  max mem: 45284
[14:40:18.497968] Epoch: [1]  [ 300/1251]  eta: 0:14:13  lr: 0.000595  loss: 0.5954 (0.6164)  time: 0.8736  data: 0.0004  max mem: 45284
[14:40:35.711704] Epoch: [1]  [ 320/1251]  eta: 0:13:53  lr: 0.000603  loss: 0.5934 (0.6149)  time: 0.8606  data: 0.0005  max mem: 45284
[14:40:52.926229] Epoch: [1]  [ 340/1251]  eta: 0:13:33  lr: 0.000610  loss: 0.5950 (0.6136)  time: 0.8607  data: 0.0004  max mem: 45284
[14:41:10.489159] Epoch: [1]  [ 360/1251]  eta: 0:13:15  lr: 0.000618  loss: 0.6051 (0.6131)  time: 0.8781  data: 0.0057  max mem: 45284
[14:41:27.559193] Epoch: [1]  [ 380/1251]  eta: 0:12:55  lr: 0.000626  loss: 0.5936 (0.6119)  time: 0.8534  data: 0.0005  max mem: 45284
[14:41:44.728145] Epoch: [1]  [ 400/1251]  eta: 0:12:36  lr: 0.000633  loss: 0.5854 (0.6104)  time: 0.8584  data: 0.0005  max mem: 45284
[14:42:01.691354] Epoch: [1]  [ 420/1251]  eta: 0:12:17  lr: 0.000641  loss: 0.5803 (0.6095)  time: 0.8481  data: 0.0005  max mem: 45284
[14:42:18.801594] Epoch: [1]  [ 440/1251]  eta: 0:11:58  lr: 0.000649  loss: 0.6525 (0.6120)  time: 0.8555  data: 0.0055  max mem: 45284
[14:42:35.801491] Epoch: [1]  [ 460/1251]  eta: 0:11:39  lr: 0.000656  loss: 0.6385 (0.6132)  time: 0.8499  data: 0.0047  max mem: 45284
[14:42:53.163064] Epoch: [1]  [ 480/1251]  eta: 0:11:21  lr: 0.000664  loss: 0.6332 (0.6142)  time: 0.8680  data: 0.0006  max mem: 45284
[14:43:10.323268] Epoch: [1]  [ 500/1251]  eta: 0:11:02  lr: 0.000672  loss: 0.6123 (0.6142)  time: 0.8580  data: 0.0134  max mem: 45284
[14:43:27.531731] Epoch: [1]  [ 520/1251]  eta: 0:10:44  lr: 0.000680  loss: 0.5951 (0.6135)  time: 0.8604  data: 0.0061  max mem: 45284
[14:43:44.841449] Epoch: [1]  [ 540/1251]  eta: 0:10:26  lr: 0.000687  loss: 0.5847 (0.6125)  time: 0.8654  data: 0.0059  max mem: 45284
[14:44:02.442140] Epoch: [1]  [ 560/1251]  eta: 0:10:08  lr: 0.000695  loss: 0.5856 (0.6115)  time: 0.8800  data: 0.0005  max mem: 45284
[14:44:19.592851] Epoch: [1]  [ 580/1251]  eta: 0:09:50  lr: 0.000703  loss: 0.5776 (0.6106)  time: 0.8575  data: 0.0013  max mem: 45284
[14:44:36.681736] Epoch: [1]  [ 600/1251]  eta: 0:09:32  lr: 0.000710  loss: 0.6064 (0.6107)  time: 0.8544  data: 0.0004  max mem: 45284
[14:44:53.785848] Epoch: [1]  [ 620/1251]  eta: 0:09:14  lr: 0.000718  loss: 0.5997 (0.6105)  time: 0.8552  data: 0.0005  max mem: 45284
[14:45:10.885544] Epoch: [1]  [ 640/1251]  eta: 0:08:56  lr: 0.000726  loss: 0.5857 (0.6096)  time: 0.8549  data: 0.0005  max mem: 45284
[14:45:28.293204] Epoch: [1]  [ 660/1251]  eta: 0:08:38  lr: 0.000733  loss: 0.5724 (0.6086)  time: 0.8703  data: 0.0048  max mem: 45284
[14:45:45.736851] Epoch: [1]  [ 680/1251]  eta: 0:08:20  lr: 0.000741  loss: 0.5704 (0.6075)  time: 0.8721  data: 0.0069  max mem: 45284
[14:46:02.554665] Epoch: [1]  [ 700/1251]  eta: 0:08:02  lr: 0.000749  loss: 0.5792 (0.6066)  time: 0.8408  data: 0.0044  max mem: 45284
[14:46:19.675973] Epoch: [1]  [ 720/1251]  eta: 0:07:45  lr: 0.000756  loss: 0.5738 (0.6058)  time: 0.8560  data: 0.0048  max mem: 45284
[14:46:36.971845] Epoch: [1]  [ 740/1251]  eta: 0:07:27  lr: 0.000764  loss: 0.5753 (0.6050)  time: 0.8647  data: 0.0049  max mem: 45284
[14:46:54.420561] Epoch: [1]  [ 760/1251]  eta: 0:07:09  lr: 0.000772  loss: 0.5544 (0.6037)  time: 0.8724  data: 0.0110  max mem: 45284
[14:47:11.631732] Epoch: [1]  [ 780/1251]  eta: 0:06:52  lr: 0.000779  loss: 0.6317 (0.6043)  time: 0.8605  data: 0.0005  max mem: 45284
[14:47:29.062951] Epoch: [1]  [ 800/1251]  eta: 0:06:34  lr: 0.000787  loss: 0.6397 (0.6053)  time: 0.8668  data: 0.0005  max mem: 45284
[14:47:46.444155] Epoch: [1]  [ 820/1251]  eta: 0:06:16  lr: 0.000795  loss: 0.6052 (0.6054)  time: 0.8690  data: 0.0005  max mem: 45284
[14:48:03.662972] Epoch: [1]  [ 840/1251]  eta: 0:05:59  lr: 0.000802  loss: 0.5881 (0.6051)  time: 0.8609  data: 0.0062  max mem: 45284
[14:48:20.684993] Epoch: [1]  [ 860/1251]  eta: 0:05:41  lr: 0.000810  loss: 0.5795 (0.6045)  time: 0.8510  data: 0.0005  max mem: 45284
[14:48:37.609665] Epoch: [1]  [ 880/1251]  eta: 0:05:23  lr: 0.000818  loss: 0.5782 (0.6039)  time: 0.8462  data: 0.0054  max mem: 45284
[14:48:54.914996] Epoch: [1]  [ 900/1251]  eta: 0:05:06  lr: 0.000825  loss: 0.5639 (0.6031)  time: 0.8652  data: 0.0005  max mem: 45284
[14:49:12.051999] Epoch: [1]  [ 920/1251]  eta: 0:04:48  lr: 0.000833  loss: 0.5646 (0.6023)  time: 0.8568  data: 0.0004  max mem: 45284
[14:49:29.271598] Epoch: [1]  [ 940/1251]  eta: 0:04:31  lr: 0.000841  loss: 0.5621 (0.6014)  time: 0.8609  data: 0.0057  max mem: 45284
[14:49:46.181969] Epoch: [1]  [ 960/1251]  eta: 0:04:13  lr: 0.000848  loss: 0.5612 (0.6007)  time: 0.8455  data: 0.0005  max mem: 45284
[14:50:03.555859] Epoch: [1]  [ 980/1251]  eta: 0:03:56  lr: 0.000856  loss: 0.5730 (0.6001)  time: 0.8686  data: 0.0036  max mem: 45284
[14:50:20.832439] Epoch: [1]  [1000/1251]  eta: 0:03:38  lr: 0.000864  loss: 0.5600 (0.5993)  time: 0.8638  data: 0.0005  max mem: 45284
[14:50:38.004010] Epoch: [1]  [1020/1251]  eta: 0:03:21  lr: 0.000871  loss: 0.5467 (0.5984)  time: 0.8585  data: 0.0009  max mem: 45284
[14:50:55.401981] Epoch: [1]  [1040/1251]  eta: 0:03:03  lr: 0.000879  loss: 0.5547 (0.5976)  time: 0.8646  data: 0.0004  max mem: 45284
[14:51:13.020663] Epoch: [1]  [1060/1251]  eta: 0:02:46  lr: 0.000887  loss: 0.5559 (0.5968)  time: 0.8757  data: 0.0050  max mem: 45284
[14:51:30.132117] Epoch: [1]  [1080/1251]  eta: 0:02:28  lr: 0.000894  loss: 0.5651 (0.5963)  time: 0.8555  data: 0.0006  max mem: 45284
[14:51:47.262757] Epoch: [1]  [1100/1251]  eta: 0:02:11  lr: 0.000902  loss: 0.5601 (0.5956)  time: 0.8565  data: 0.0091  max mem: 45284
[14:52:04.387558] Epoch: [1]  [1120/1251]  eta: 0:01:54  lr: 0.000910  loss: 0.5627 (0.5950)  time: 0.8562  data: 0.0005  max mem: 45284
[14:52:21.445525] Epoch: [1]  [1140/1251]  eta: 0:01:36  lr: 0.000917  loss: 0.5526 (0.5943)  time: 0.8528  data: 0.0006  max mem: 45284
[14:52:38.617310] Epoch: [1]  [1160/1251]  eta: 0:01:19  lr: 0.000925  loss: 0.5595 (0.5937)  time: 0.8585  data: 0.0004  max mem: 45284
[14:52:56.257376] Epoch: [1]  [1180/1251]  eta: 0:01:01  lr: 0.000933  loss: 0.5565 (0.5931)  time: 0.8820  data: 0.0007  max mem: 45284
[14:53:13.221342] Epoch: [1]  [1200/1251]  eta: 0:00:44  lr: 0.000940  loss: 0.5700 (0.5927)  time: 0.8481  data: 0.0004  max mem: 45284
[14:53:30.755085] Epoch: [1]  [1220/1251]  eta: 0:00:26  lr: 0.000948  loss: 0.5608 (0.5921)  time: 0.8697  data: 0.0048  max mem: 45284
[14:53:47.089033] Epoch: [1]  [1240/1251]  eta: 0:00:09  lr: 0.000956  loss: 0.5491 (0.5915)  time: 0.8167  data: 0.0008  max mem: 45284
[14:53:54.482448] Epoch: [1]  [1250/1251]  eta: 0:00:00  lr: 0.000959  loss: 0.5510 (0.5912)  time: 0.7604  data: 0.0006  max mem: 45284
[14:53:55.504346] Epoch: [1] Total time: 0:18:07 (0.8691 s / it)
[14:53:55.536796] Averaged stats: lr: 0.000959  loss: 0.5510 (0.5908)
[14:53:55.541642] log_dir: /ibex/ai/project/c2090/lomar_plus_save/logs/raven/mae_encoderonly_mask_0.8_neigh_0.05_wind_7_num_4_epoches_100_r_448
[14:54:05.563861] Epoch: [2]  [   0/1251]  eta: 3:28:56  lr: 0.000960  loss: 0.5264 (0.5264)  time: 10.0210  data: 9.1509  max mem: 45284
[14:54:25.367687] Epoch: [2]  [  20/1251]  eta: 0:29:02  lr: 0.000968  loss: 0.5405 (0.5440)  time: 0.9852  data: 0.0058  max mem: 45284
[14:54:42.779626] Epoch: [2]  [  40/1251]  eta: 0:23:12  lr: 0.000975  loss: 0.5516 (0.5465)  time: 0.8705  data: 0.0053  max mem: 45284
[14:55:00.334236] Epoch: [2]  [  60/1251]  eta: 0:21:03  lr: 0.000983  loss: 0.5519 (0.5476)  time: 0.8777  data: 0.0115  max mem: 45284
[14:55:17.550364] Epoch: [2]  [  80/1251]  eta: 0:19:44  lr: 0.000991  loss: 0.5470 (0.5478)  time: 0.8608  data: 0.0005  max mem: 45284
[14:55:35.348726] Epoch: [2]  [ 100/1251]  eta: 0:18:56  lr: 0.000998  loss: 0.5533 (0.5486)  time: 0.8899  data: 0.0055  max mem: 45284
[14:55:52.663591] Epoch: [2]  [ 120/1251]  eta: 0:18:13  lr: 0.001006  loss: 0.5377 (0.5474)  time: 0.8657  data: 0.0065  max mem: 45284
[14:56:09.987104] Epoch: [2]  [ 140/1251]  eta: 0:17:38  lr: 0.001014  loss: 0.5658 (0.5496)  time: 0.8661  data: 0.0057  max mem: 45284
[14:56:27.342479] Epoch: [2]  [ 160/1251]  eta: 0:17:07  lr: 0.001021  loss: 0.5502 (0.5505)  time: 0.8677  data: 0.0005  max mem: 45284
[14:56:45.323482] Epoch: [2]  [ 180/1251]  eta: 0:16:43  lr: 0.001029  loss: 0.5426 (0.5500)  time: 0.8990  data: 0.0005  max mem: 45284
[14:57:02.711006] Epoch: [2]  [ 200/1251]  eta: 0:16:18  lr: 0.001037  loss: 0.5456 (0.5492)  time: 0.8693  data: 0.0005  max mem: 45284
[14:57:20.117842] Epoch: [2]  [ 220/1251]  eta: 0:15:53  lr: 0.001044  loss: 0.5418 (0.5488)  time: 0.8703  data: 0.0005  max mem: 45284
[14:57:37.717313] Epoch: [2]  [ 240/1251]  eta: 0:15:31  lr: 0.001052  loss: 0.5436 (0.5482)  time: 0.8799  data: 0.0005  max mem: 45284
[14:57:55.008042] Epoch: [2]  [ 260/1251]  eta: 0:15:08  lr: 0.001060  loss: 0.5423 (0.5479)  time: 0.8645  data: 0.0063  max mem: 45284
[14:58:12.599857] Epoch: [2]  [ 280/1251]  eta: 0:14:47  lr: 0.001067  loss: 0.5373 (0.5473)  time: 0.8795  data: 0.0051  max mem: 45284
[14:58:29.815398] Epoch: [2]  [ 300/1251]  eta: 0:14:26  lr: 0.001075  loss: 0.5385 (0.5470)  time: 0.8607  data: 0.0065  max mem: 45284
[14:58:46.949833] Epoch: [2]  [ 320/1251]  eta: 0:14:04  lr: 0.001083  loss: 0.5399 (0.5465)  time: 0.8567  data: 0.0005  max mem: 45284
[14:59:04.483953] Epoch: [2]  [ 340/1251]  eta: 0:13:45  lr: 0.001090  loss: 0.5385 (0.5460)  time: 0.8767  data: 0.0060  max mem: 45284
[14:59:21.727492] Epoch: [2]  [ 360/1251]  eta: 0:13:24  lr: 0.001098  loss: 0.5333 (0.5454)  time: 0.8621  data: 0.0004  max mem: 45284
[14:59:39.023979] Epoch: [2]  [ 380/1251]  eta: 0:13:04  lr: 0.001106  loss: 0.5402 (0.5451)  time: 0.8648  data: 0.0005  max mem: 45284
[14:59:56.328609] Epoch: [2]  [ 400/1251]  eta: 0:12:45  lr: 0.001113  loss: 0.5303 (0.5442)  time: 0.8652  data: 0.0004  max mem: 45284
[15:00:13.727500] Epoch: [2]  [ 420/1251]  eta: 0:12:26  lr: 0.001121  loss: 0.5540 (0.5444)  time: 0.8699  data: 0.0006  max mem: 45284
[15:00:31.014525] Epoch: [2]  [ 440/1251]  eta: 0:12:07  lr: 0.001129  loss: 0.5409 (0.5444)  time: 0.8643  data: 0.0005  max mem: 45284
[15:00:48.267709] Epoch: [2]  [ 460/1251]  eta: 0:11:47  lr: 0.001136  loss: 0.5545 (0.5448)  time: 0.8626  data: 0.0059  max mem: 45284
[15:01:05.849512] Epoch: [2]  [ 480/1251]  eta: 0:11:29  lr: 0.001144  loss: 0.5424 (0.5447)  time: 0.8790  data: 0.0005  max mem: 45284
[15:01:23.152660] Epoch: [2]  [ 500/1251]  eta: 0:11:10  lr: 0.001152  loss: 0.5444 (0.5449)  time: 0.8651  data: 0.0061  max mem: 45284
[15:01:40.387017] Epoch: [2]  [ 520/1251]  eta: 0:10:52  lr: 0.001160  loss: 0.5546 (0.5454)  time: 0.8617  data: 0.0004  max mem: 45284
[15:01:57.448092] Epoch: [2]  [ 540/1251]  eta: 0:10:33  lr: 0.001167  loss: 0.5534 (0.5456)  time: 0.8530  data: 0.0005  max mem: 45284
[15:02:14.609233] Epoch: [2]  [ 560/1251]  eta: 0:10:14  lr: 0.001175  loss: 0.5470 (0.5456)  time: 0.8580  data: 0.0005  max mem: 45284
[15:02:32.086489] Epoch: [2]  [ 580/1251]  eta: 0:09:56  lr: 0.001183  loss: 0.5421 (0.5454)  time: 0.8738  data: 0.0007  max mem: 45284
[15:02:49.230933] Epoch: [2]  [ 600/1251]  eta: 0:09:37  lr: 0.001190  loss: 0.5377 (0.5450)  time: 0.8572  data: 0.0005  max mem: 45284
[15:03:06.582797] Epoch: [2]  [ 620/1251]  eta: 0:09:19  lr: 0.001198  loss: 0.5270 (0.5445)  time: 0.8675  data: 0.0004  max mem: 45284
[15:03:23.929207] Epoch: [2]  [ 640/1251]  eta: 0:09:01  lr: 0.001206  loss: 0.5308 (0.5441)  time: 0.8673  data: 0.0005  max mem: 45284
[15:03:41.335069] Epoch: [2]  [ 660/1251]  eta: 0:08:43  lr: 0.001213  loss: 0.5442 (0.5441)  time: 0.8702  data: 0.0057  max mem: 45284
[15:03:58.942312] Epoch: [2]  [ 680/1251]  eta: 0:08:25  lr: 0.001221  loss: 0.5518 (0.5444)  time: 0.8803  data: 0.0004  max mem: 45284
[15:04:16.492495] Epoch: [2]  [ 700/1251]  eta: 0:08:07  lr: 0.001229  loss: 0.5425 (0.5443)  time: 0.8775  data: 0.0005  max mem: 45284
[15:04:33.628946] Epoch: [2]  [ 720/1251]  eta: 0:07:49  lr: 0.001236  loss: 0.5412 (0.5441)  time: 0.8568  data: 0.0004  max mem: 45284
[15:04:50.710198] Epoch: [2]  [ 740/1251]  eta: 0:07:31  lr: 0.001244  loss: 0.5366 (0.5439)  time: 0.8540  data: 0.0059  max mem: 45284
[15:05:07.919745] Epoch: [2]  [ 760/1251]  eta: 0:07:13  lr: 0.001252  loss: 0.5349 (0.5436)  time: 0.8604  data: 0.0005  max mem: 45284
[15:05:25.168246] Epoch: [2]  [ 780/1251]  eta: 0:06:55  lr: 0.001259  loss: 0.5336 (0.5434)  time: 0.8624  data: 0.0005  max mem: 45284
[15:05:42.378255] Epoch: [2]  [ 800/1251]  eta: 0:06:37  lr: 0.001267  loss: 0.5239 (0.5428)  time: 0.8605  data: 0.0004  max mem: 45284
[15:05:59.739800] Epoch: [2]  [ 820/1251]  eta: 0:06:20  lr: 0.001275  loss: 0.5356 (0.5426)  time: 0.8680  data: 0.0005  max mem: 45284
[15:06:16.972164] Epoch: [2]  [ 840/1251]  eta: 0:06:02  lr: 0.001282  loss: 0.5385 (0.5425)  time: 0.8616  data: 0.0005  max mem: 45284
[15:06:34.059323] Epoch: [2]  [ 860/1251]  eta: 0:05:44  lr: 0.001290  loss: 0.5429 (0.5425)  time: 0.8543  data: 0.0062  max mem: 45284
[15:06:50.835949] Epoch: [2]  [ 880/1251]  eta: 0:05:26  lr: 0.001298  loss: 0.5331 (0.5424)  time: 0.8388  data: 0.0005  max mem: 45284
[15:07:08.115372] Epoch: [2]  [ 900/1251]  eta: 0:05:08  lr: 0.001305  loss: 0.5323 (0.5421)  time: 0.8639  data: 0.0053  max mem: 45284
[15:07:25.223414] Epoch: [2]  [ 920/1251]  eta: 0:04:50  lr: 0.001313  loss: 0.5390 (0.5421)  time: 0.8553  data: 0.0075  max mem: 45284
[15:07:42.187180] Epoch: [2]  [ 940/1251]  eta: 0:04:33  lr: 0.001321  loss: 0.5691 (0.5428)  time: 0.8481  data: 0.0005  max mem: 45284
[15:07:59.765367] Epoch: [2]  [ 960/1251]  eta: 0:04:15  lr: 0.001328  loss: 0.6270 (0.5447)  time: 0.8789  data: 0.0004  max mem: 45284
[15:08:16.745494] Epoch: [2]  [ 980/1251]  eta: 0:03:57  lr: 0.001336  loss: 0.7417 (0.5487)  time: 0.8490  data: 0.0005  max mem: 45284
[15:08:34.025513] Epoch: [2]  [1000/1251]  eta: 0:03:40  lr: 0.001344  loss: 0.6960 (0.5519)  time: 0.8640  data: 0.0005  max mem: 45284
[15:08:51.466720] Epoch: [2]  [1020/1251]  eta: 0:03:22  lr: 0.001351  loss: 0.7546 (0.5560)  time: 0.8720  data: 0.0005  max mem: 45284
[15:09:08.797685] Epoch: [2]  [1040/1251]  eta: 0:03:05  lr: 0.001359  loss: 0.6593 (0.5582)  time: 0.8665  data: 0.0062  max mem: 45284
[15:09:26.315316] Epoch: [2]  [1060/1251]  eta: 0:02:47  lr: 0.001367  loss: 0.6262 (0.5595)  time: 0.8758  data: 0.0060  max mem: 45284
[15:09:43.645060] Epoch: [2]  [1080/1251]  eta: 0:02:29  lr: 0.001374  loss: 0.6018 (0.5602)  time: 0.8664  data: 0.0061  max mem: 45284
[15:10:00.908207] Epoch: [2]  [1100/1251]  eta: 0:02:12  lr: 0.001382  loss: 0.5753 (0.5605)  time: 0.8631  data: 0.0005  max mem: 45284
[15:10:18.638040] Epoch: [2]  [1120/1251]  eta: 0:01:54  lr: 0.001390  loss: 0.5599 (0.5605)  time: 0.8864  data: 0.0005  max mem: 45284
[15:10:36.142288] Epoch: [2]  [1140/1251]  eta: 0:01:37  lr: 0.001397  loss: 0.5586 (0.5604)  time: 0.8752  data: 0.0053  max mem: 45284
[15:10:53.614406] Epoch: [2]  [1160/1251]  eta: 0:01:19  lr: 0.001405  loss: 0.5446 (0.5602)  time: 0.8736  data: 0.0005  max mem: 45284
[15:11:11.177579] Epoch: [2]  [1180/1251]  eta: 0:01:02  lr: 0.001413  loss: 0.5508 (0.5600)  time: 0.8781  data: 0.0005  max mem: 45284
[15:11:28.606913] Epoch: [2]  [1200/1251]  eta: 0:00:44  lr: 0.001420  loss: 0.5262 (0.5595)  time: 0.8714  data: 0.0004  max mem: 45284
[15:11:45.884472] Epoch: [2]  [1220/1251]  eta: 0:00:27  lr: 0.001428  loss: 0.5359 (0.5592)  time: 0.8638  data: 0.0109  max mem: 45284
[15:12:02.210883] Epoch: [2]  [1240/1251]  eta: 0:00:09  lr: 0.001436  loss: 0.5425 (0.5589)  time: 0.8163  data: 0.0030  max mem: 45284
[15:12:09.591618] Epoch: [2]  [1250/1251]  eta: 0:00:00  lr: 0.001439  loss: 0.5483 (0.5589)  time: 0.7619  data: 0.0028  max mem: 45284
[15:12:10.720287] Epoch: [2] Total time: 0:18:15 (0.8754 s / it)
[15:12:10.727957] Averaged stats: lr: 0.001439  loss: 0.5483 (0.5584)
[15:12:10.732165] log_dir: /ibex/ai/project/c2090/lomar_plus_save/logs/raven/mae_encoderonly_mask_0.8_neigh_0.05_wind_7_num_4_epoches_100_r_448
[15:12:19.665196] Epoch: [3]  [   0/1251]  eta: 3:06:13  lr: 0.001440  loss: 0.5664 (0.5664)  time: 8.9319  data: 7.7787  max mem: 45284
[15:12:40.896206] Epoch: [3]  [  20/1251]  eta: 0:29:28  lr: 0.001448  loss: 0.5426 (0.5436)  time: 1.0615  data: 0.0222  max mem: 45284
[15:12:58.234058] Epoch: [3]  [  40/1251]  eta: 0:23:22  lr: 0.001455  loss: 0.5352 (0.5396)  time: 0.8668  data: 0.0005  max mem: 45284
[15:13:15.742859] Epoch: [3]  [  60/1251]  eta: 0:21:09  lr: 0.001463  loss: 0.5319 (0.5368)  time: 0.8754  data: 0.0005  max mem: 45284
[15:13:33.656306] Epoch: [3]  [  80/1251]  eta: 0:19:58  lr: 0.001471  loss: 0.5521 (0.5405)  time: 0.8956  data: 0.0005  max mem: 45284
[15:13:51.082921] Epoch: [3]  [ 100/1251]  eta: 0:19:03  lr: 0.001478  loss: 0.5567 (0.5455)  time: 0.8713  data: 0.0007  max mem: 45284
[15:14:08.665449] Epoch: [3]  [ 120/1251]  eta: 0:18:22  lr: 0.001486  loss: 0.5446 (0.5445)  time: 0.8791  data: 0.0005  max mem: 45284
[15:14:26.617578] Epoch: [3]  [ 140/1251]  eta: 0:17:49  lr: 0.001494  loss: 0.5404 (0.5433)  time: 0.8918  data: 0.0004  max mem: 45284
[15:14:43.623377] Epoch: [3]  [ 160/1251]  eta: 0:17:15  lr: 0.001501  loss: 0.5355 (0.5422)  time: 0.8502  data: 0.0066  max mem: 45284
[15:15:01.636274] Epoch: [3]  [ 180/1251]  eta: 0:16:50  lr: 0.001509  loss: 0.5197 (0.5399)  time: 0.9006  data: 0.0005  max mem: 45284
[15:15:19.316339] Epoch: [3]  [ 200/1251]  eta: 0:16:24  lr: 0.001517  loss: 0.5313 (0.5390)  time: 0.8783  data: 0.0005  max mem: 45284
[15:15:36.482578] Epoch: [3]  [ 220/1251]  eta: 0:15:58  lr: 0.001524  loss: 0.5466 (0.5393)  time: 0.8583  data: 0.0005  max mem: 45284
[15:15:54.093804] Epoch: [3]  [ 240/1251]  eta: 0:15:35  lr: 0.001532  loss: 0.5400 (0.5394)  time: 0.8805  data: 0.0004  max mem: 45284
[15:16:11.366505] Epoch: [3]  [ 260/1251]  eta: 0:15:12  lr: 0.001540  loss: 0.5300 (0.5386)  time: 0.8636  data: 0.0005  max mem: 45284
[15:16:28.906837] Epoch: [3]  [ 280/1251]  eta: 0:14:51  lr: 0.001547  loss: 0.5231 (0.5377)  time: 0.8770  data: 0.0065  max mem: 45284
[15:16:46.307885] Epoch: [3]  [ 300/1251]  eta: 0:14:29  lr: 0.001555  loss: 0.5317 (0.5373)  time: 0.8700  data: 0.0007  max mem: 45284
[15:17:03.690282] Epoch: [3]  [ 320/1251]  eta: 0:14:08  lr: 0.001563  loss: 0.5184 (0.5362)  time: 0.8691  data: 0.0005  max mem: 45284
[15:17:21.000219] Epoch: [3]  [ 340/1251]  eta: 0:13:48  lr: 0.001570  loss: 0.5265 (0.5360)  time: 0.8654  data: 0.0005  max mem: 45284
[15:17:38.217436] Epoch: [3]  [ 360/1251]  eta: 0:13:27  lr: 0.001578  loss: 0.5442 (0.5364)  time: 0.8608  data: 0.0005  max mem: 45284
[15:17:55.805642] Epoch: [3]  [ 380/1251]  eta: 0:13:08  lr: 0.001586  loss: 0.5341 (0.5363)  time: 0.8794  data: 0.0006  max mem: 45284
[15:18:13.493637] Epoch: [3]  [ 400/1251]  eta: 0:12:49  lr: 0.001593  loss: 0.5485 (0.5366)  time: 0.8843  data: 0.0005  max mem: 45284
[15:18:30.918008] Epoch: [3]  [ 420/1251]  eta: 0:12:29  lr: 0.001601  loss: 0.5261 (0.5361)  time: 0.8712  data: 0.0006  max mem: 45284
[15:18:48.107996] Epoch: [3]  [ 440/1251]  eta: 0:12:10  lr: 0.001609  loss: 0.5281 (0.5357)  time: 0.8594  data: 0.0007  max mem: 45284
[15:19:05.492676] Epoch: [3]  [ 460/1251]  eta: 0:11:51  lr: 0.001616  loss: 0.5145 (0.5349)  time: 0.8692  data: 0.0055  max mem: 45284
[15:19:22.868416] Epoch: [3]  [ 480/1251]  eta: 0:11:32  lr: 0.001624  loss: 0.5220 (0.5344)  time: 0.8687  data: 0.0005  max mem: 45284
[15:19:40.461186] Epoch: [3]  [ 500/1251]  eta: 0:11:13  lr: 0.001632  loss: 0.5674 (0.5355)  time: 0.8796  data: 0.0066  max mem: 45284
[15:19:57.943989] Epoch: [3]  [ 520/1251]  eta: 0:10:55  lr: 0.001640  loss: 0.5713 (0.5368)  time: 0.8741  data: 0.0113  max mem: 45284
[15:20:15.280929] Epoch: [3]  [ 540/1251]  eta: 0:10:36  lr: 0.001647  loss: 0.5275 (0.5364)  time: 0.8668  data: 0.0059  max mem: 45284
[15:20:32.816199] Epoch: [3]  [ 560/1251]  eta: 0:10:18  lr: 0.001655  loss: 0.5396 (0.5366)  time: 0.8767  data: 0.0057  max mem: 45284
[15:20:50.152748] Epoch: [3]  [ 580/1251]  eta: 0:09:59  lr: 0.001663  loss: 0.5320 (0.5364)  time: 0.8668  data: 0.0005  max mem: 45284
[15:21:07.421699] Epoch: [3]  [ 600/1251]  eta: 0:09:41  lr: 0.001670  loss: 0.5244 (0.5359)  time: 0.8634  data: 0.0005  max mem: 45284
[15:21:24.677074] Epoch: [3]  [ 620/1251]  eta: 0:09:22  lr: 0.001678  loss: 0.5222 (0.5357)  time: 0.8577  data: 0.0005  max mem: 45284
[15:21:42.252492] Epoch: [3]  [ 640/1251]  eta: 0:09:04  lr: 0.001686  loss: 0.5202 (0.5353)  time: 0.8787  data: 0.0006  max mem: 45284
[15:21:59.454711] Epoch: [3]  [ 660/1251]  eta: 0:08:46  lr: 0.001693  loss: 0.5063 (0.5346)  time: 0.8601  data: 0.0051  max mem: 45284
[15:22:16.715596] Epoch: [3]  [ 680/1251]  eta: 0:08:27  lr: 0.001701  loss: 0.5369 (0.5348)  time: 0.8630  data: 0.0004  max mem: 45284
[15:22:34.005804] Epoch: [3]  [ 700/1251]  eta: 0:08:09  lr: 0.001709  loss: 0.5296 (0.5349)  time: 0.8645  data: 0.0005  max mem: 45284
[15:22:51.432704] Epoch: [3]  [ 720/1251]  eta: 0:07:51  lr: 0.001716  loss: 0.5224 (0.5347)  time: 0.8713  data: 0.0059  max mem: 45284
[15:23:08.862478] Epoch: [3]  [ 740/1251]  eta: 0:07:33  lr: 0.001724  loss: 0.5247 (0.5342)  time: 0.8714  data: 0.0005  max mem: 45284
[15:23:26.193058] Epoch: [3]  [ 760/1251]  eta: 0:07:15  lr: 0.001732  loss: 0.5283 (0.5340)  time: 0.8665  data: 0.0004  max mem: 45284
[15:23:43.747334] Epoch: [3]  [ 780/1251]  eta: 0:06:57  lr: 0.001739  loss: 0.5204 (0.5336)  time: 0.8777  data: 0.0005  max mem: 45284
[15:24:01.071735] Epoch: [3]  [ 800/1251]  eta: 0:06:39  lr: 0.001747  loss: 0.5167 (0.5332)  time: 0.8662  data: 0.0005  max mem: 45284
[15:24:18.184573] Epoch: [3]  [ 820/1251]  eta: 0:06:21  lr: 0.001755  loss: 0.5110 (0.5328)  time: 0.8556  data: 0.0051  max mem: 45284
[15:24:35.661859] Epoch: [3]  [ 840/1251]  eta: 0:06:03  lr: 0.001762  loss: 0.5212 (0.5325)  time: 0.8738  data: 0.0058  max mem: 45284
[15:24:52.739290] Epoch: [3]  [ 860/1251]  eta: 0:05:45  lr: 0.001770  loss: 0.5190 (0.5322)  time: 0.8538  data: 0.0063  max mem: 45284
[15:25:10.002195] Epoch: [3]  [ 880/1251]  eta: 0:05:28  lr: 0.001778  loss: 0.5138 (0.5317)  time: 0.8631  data: 0.0005  max mem: 45284
[15:25:27.330000] Epoch: [3]  [ 900/1251]  eta: 0:05:10  lr: 0.001785  loss: 0.5139 (0.5315)  time: 0.8663  data: 0.0005  max mem: 45284
[15:25:44.740518] Epoch: [3]  [ 920/1251]  eta: 0:04:52  lr: 0.001793  loss: 0.5114 (0.5311)  time: 0.8705  data: 0.0108  max mem: 45284
[15:26:01.865394] Epoch: [3]  [ 940/1251]  eta: 0:04:34  lr: 0.001801  loss: 0.5209 (0.5309)  time: 0.8562  data: 0.0054  max mem: 45284
[15:26:19.468343] Epoch: [3]  [ 960/1251]  eta: 0:04:16  lr: 0.001808  loss: 0.5097 (0.5304)  time: 0.8801  data: 0.0080  max mem: 45284
[15:26:36.932072] Epoch: [3]  [ 980/1251]  eta: 0:03:59  lr: 0.001816  loss: 0.5192 (0.5302)  time: 0.8731  data: 0.0054  max mem: 45284
[15:26:54.498013] Epoch: [3]  [1000/1251]  eta: 0:03:41  lr: 0.001824  loss: 0.5232 (0.5301)  time: 0.8782  data: 0.0004  max mem: 45284
[15:27:12.088929] Epoch: [3]  [1020/1251]  eta: 0:03:23  lr: 0.001831  loss: 0.5081 (0.5297)  time: 0.8795  data: 0.0007  max mem: 45284
[15:27:29.272615] Epoch: [3]  [1040/1251]  eta: 0:03:06  lr: 0.001839  loss: 0.5234 (0.5296)  time: 0.8591  data: 0.0101  max mem: 45284
[15:27:46.602547] Epoch: [3]  [1060/1251]  eta: 0:02:48  lr: 0.001847  loss: 0.5262 (0.5296)  time: 0.8664  data: 0.0006  max mem: 45284
[15:28:03.748472] Epoch: [3]  [1080/1251]  eta: 0:02:30  lr: 0.001854  loss: 0.5218 (0.5295)  time: 0.8572  data: 0.0004  max mem: 45284
[15:28:21.009153] Epoch: [3]  [1100/1251]  eta: 0:02:13  lr: 0.001862  loss: 0.5124 (0.5292)  time: 0.8630  data: 0.0004  max mem: 45284
[15:28:38.535107] Epoch: [3]  [1120/1251]  eta: 0:01:55  lr: 0.001870  loss: 0.4985 (0.5288)  time: 0.8762  data: 0.0048  max mem: 45284
[15:28:56.235223] Epoch: [3]  [1140/1251]  eta: 0:01:37  lr: 0.001877  loss: 0.5210 (0.5286)  time: 0.8850  data: 0.0004  max mem: 45284
[15:29:13.676495] Epoch: [3]  [1160/1251]  eta: 0:01:20  lr: 0.001885  loss: 0.5556 (0.5291)  time: 0.8720  data: 0.0004  max mem: 45284
[15:29:30.884094] Epoch: [3]  [1180/1251]  eta: 0:01:02  lr: 0.001893  loss: 0.5641 (0.5297)  time: 0.8603  data: 0.0005  max mem: 45284
[15:29:48.058866] Epoch: [3]  [1200/1251]  eta: 0:00:44  lr: 0.001900  loss: 0.5363 (0.5299)  time: 0.8587  data: 0.0005  max mem: 45284
[15:30:05.694168] Epoch: [3]  [1220/1251]  eta: 0:00:27  lr: 0.001908  loss: 0.5229 (0.5297)  time: 0.8817  data: 0.0146  max mem: 45284
[15:30:22.114051] Epoch: [3]  [1240/1251]  eta: 0:00:09  lr: 0.001916  loss: 0.5197 (0.5295)  time: 0.8210  data: 0.0008  max mem: 45284
[15:30:29.488776] Epoch: [3]  [1250/1251]  eta: 0:00:00  lr: 0.001919  loss: 0.5167 (0.5295)  time: 0.7613  data: 0.0006  max mem: 45284
[15:30:30.668119] Epoch: [3] Total time: 0:18:19 (0.8792 s / it)
[15:30:30.675127] Averaged stats: lr: 0.001919  loss: 0.5167 (0.5303)
[15:30:30.679254] log_dir: /ibex/ai/project/c2090/lomar_plus_save/logs/raven/mae_encoderonly_mask_0.8_neigh_0.05_wind_7_num_4_epoches_100_r_448
[15:30:42.570402] Epoch: [4]  [   0/1251]  eta: 4:07:54  lr: 0.001920  loss: 0.5338 (0.5338)  time: 11.8900  data: 7.1743  max mem: 45284
[15:31:00.566695] Epoch: [4]  [  20/1251]  eta: 0:29:11  lr: 0.001928  loss: 0.5244 (0.5235)  time: 0.8997  data: 0.0260  max mem: 45284
[15:31:18.252596] Epoch: [4]  [  40/1251]  eta: 0:23:25  lr: 0.001935  loss: 0.5314 (0.5266)  time: 0.8842  data: 0.0060  max mem: 45284
[15:31:35.302335] Epoch: [4]  [  60/1251]  eta: 0:21:01  lr: 0.001943  loss: 0.5177 (0.5240)  time: 0.8524  data: 0.0005  max mem: 45284
[15:31:52.589689] Epoch: [4]  [  80/1251]  eta: 0:19:44  lr: 0.001951  loss: 0.5160 (0.5223)  time: 0.8643  data: 0.0005  max mem: 45284
[15:32:09.711037] Epoch: [4]  [ 100/1251]  eta: 0:18:48  lr: 0.001958  loss: 0.5348 (0.5229)  time: 0.8560  data: 0.0005  max mem: 45284
[15:32:27.115227] Epoch: [4]  [ 120/1251]  eta: 0:18:08  lr: 0.001966  loss: 0.5220 (0.5228)  time: 0.8702  data: 0.0005  max mem: 45284
[15:32:44.959956] Epoch: [4]  [ 140/1251]  eta: 0:17:37  lr: 0.001974  loss: 0.5180 (0.5211)  time: 0.8922  data: 0.0010  max mem: 45284
[15:33:02.848502] Epoch: [4]  [ 160/1251]  eta: 0:17:11  lr: 0.001981  loss: 0.5162 (0.5205)  time: 0.8944  data: 0.0055  max mem: 45284
[15:33:20.132371] Epoch: [4]  [ 180/1251]  eta: 0:16:42  lr: 0.001989  loss: 0.5080 (0.5197)  time: 0.8641  data: 0.0054  max mem: 45284
[15:33:37.667703] Epoch: [4]  [ 200/1251]  eta: 0:16:17  lr: 0.001997  loss: 0.5161 (0.5193)  time: 0.8767  data: 0.0010  max mem: 45284
[15:33:55.495910] Epoch: [4]  [ 220/1251]  eta: 0:15:55  lr: 0.002004  loss: 0.5271 (0.5209)  time: 0.8914  data: 0.0062  max mem: 45284
[15:34:12.781044] Epoch: [4]  [ 240/1251]  eta: 0:15:31  lr: 0.002012  loss: 0.5487 (0.5235)  time: 0.8642  data: 0.0112  max mem: 45284
[15:34:29.898886] Epoch: [4]  [ 260/1251]  eta: 0:15:08  lr: 0.002020  loss: 0.5335 (0.5244)  time: 0.8558  data: 0.0061  max mem: 45284
[15:34:47.248714] Epoch: [4]  [ 280/1251]  eta: 0:14:46  lr: 0.002027  loss: 0.5331 (0.5252)  time: 0.8674  data: 0.0097  max mem: 45284
[15:35:04.905780] Epoch: [4]  [ 300/1251]  eta: 0:14:26  lr: 0.002035  loss: 0.5362 (0.5258)  time: 0.8828  data: 0.0005  max mem: 45284
[15:35:22.025407] Epoch: [4]  [ 320/1251]  eta: 0:14:04  lr: 0.002043  loss: 0.5193 (0.5255)  time: 0.8559  data: 0.0005  max mem: 45284
[15:35:39.353340] Epoch: [4]  [ 340/1251]  eta: 0:13:44  lr: 0.002050  loss: 0.5040 (0.5245)  time: 0.8663  data: 0.0004  max mem: 45284
[15:35:56.710602] Epoch: [4]  [ 360/1251]  eta: 0:13:24  lr: 0.002058  loss: 0.5011 (0.5234)  time: 0.8678  data: 0.0005  max mem: 45284
[15:36:14.092259] Epoch: [4]  [ 380/1251]  eta: 0:13:05  lr: 0.002066  loss: 0.5107 (0.5227)  time: 0.8690  data: 0.0050  max mem: 45284
[15:36:31.572089] Epoch: [4]  [ 400/1251]  eta: 0:12:45  lr: 0.002073  loss: 0.5072 (0.5219)  time: 0.8739  data: 0.0005  max mem: 45284
[15:36:49.030660] Epoch: [4]  [ 420/1251]  eta: 0:12:26  lr: 0.002081  loss: 0.5163 (0.5215)  time: 0.8729  data: 0.0005  max mem: 45284
[15:37:06.235475] Epoch: [4]  [ 440/1251]  eta: 0:12:07  lr: 0.002089  loss: 0.5162 (0.5214)  time: 0.8602  data: 0.0004  max mem: 45284
[15:37:23.656544] Epoch: [4]  [ 460/1251]  eta: 0:11:48  lr: 0.002096  loss: 0.5139 (0.5209)  time: 0.8710  data: 0.0004  max mem: 45284
[15:37:41.053146] Epoch: [4]  [ 480/1251]  eta: 0:11:29  lr: 0.002104  loss: 0.5112 (0.5206)  time: 0.8698  data: 0.0005  max mem: 45284
[15:37:58.360535] Epoch: [4]  [ 500/1251]  eta: 0:11:11  lr: 0.002112  loss: 0.5100 (0.5200)  time: 0.8653  data: 0.0007  max mem: 45284
[15:38:15.997332] Epoch: [4]  [ 520/1251]  eta: 0:10:52  lr: 0.002120  loss: 0.5099 (0.5198)  time: 0.8818  data: 0.0005  max mem: 45284
[15:38:33.422105] Epoch: [4]  [ 540/1251]  eta: 0:10:34  lr: 0.002127  loss: 0.4972 (0.5190)  time: 0.8712  data: 0.0005  max mem: 45284
[15:38:50.677671] Epoch: [4]  [ 560/1251]  eta: 0:10:15  lr: 0.002135  loss: 0.5029 (0.5183)  time: 0.8627  data: 0.0005  max mem: 45284
[15:39:07.935981] Epoch: [4]  [ 580/1251]  eta: 0:09:57  lr: 0.002143  loss: 0.5370 (0.5187)  time: 0.8629  data: 0.0005  max mem: 45284
[15:39:25.062234] Epoch: [4]  [ 600/1251]  eta: 0:09:38  lr: 0.002150  loss: 0.5313 (0.5192)  time: 0.8563  data: 0.0005  max mem: 45284
[15:39:42.272779] Epoch: [4]  [ 620/1251]  eta: 0:09:20  lr: 0.002158  loss: 0.5235 (0.5194)  time: 0.8605  data: 0.0004  max mem: 45284
[15:39:59.518938] Epoch: [4]  [ 640/1251]  eta: 0:09:02  lr: 0.002166  loss: 0.5136 (0.5193)  time: 0.8623  data: 0.0050  max mem: 45284
[15:40:16.607424] Epoch: [4]  [ 660/1251]  eta: 0:08:43  lr: 0.002173  loss: 0.5094 (0.5190)  time: 0.8544  data: 0.0059  max mem: 45284
[15:40:34.092328] Epoch: [4]  [ 680/1251]  eta: 0:08:25  lr: 0.002181  loss: 0.5095 (0.5187)  time: 0.8742  data: 0.0004  max mem: 45284
[15:40:51.600894] Epoch: [4]  [ 700/1251]  eta: 0:08:08  lr: 0.002189  loss: 0.5004 (0.5181)  time: 0.8754  data: 0.0205  max mem: 45284
[15:41:09.264937] Epoch: [4]  [ 720/1251]  eta: 0:07:50  lr: 0.002196  loss: 0.5126 (0.5181)  time: 0.8832  data: 0.0005  max mem: 45284
[15:41:26.628135] Epoch: [4]  [ 740/1251]  eta: 0:07:32  lr: 0.002204  loss: 0.5142 (0.5180)  time: 0.8678  data: 0.0152  max mem: 45284
[15:41:43.762364] Epoch: [4]  [ 760/1251]  eta: 0:07:14  lr: 0.002212  loss: 0.5025 (0.5177)  time: 0.8566  data: 0.0004  max mem: 45284
[15:42:01.529667] Epoch: [4]  [ 780/1251]  eta: 0:06:56  lr: 0.002219  loss: 0.5003 (0.5174)  time: 0.8883  data: 0.0004  max mem: 45284
[15:42:18.803364] Epoch: [4]  [ 800/1251]  eta: 0:06:38  lr: 0.002227  loss: 0.5048 (0.5171)  time: 0.8636  data: 0.0004  max mem: 45284
[15:42:36.244379] Epoch: [4]  [ 820/1251]  eta: 0:06:20  lr: 0.002235  loss: 0.5084 (0.5170)  time: 0.8669  data: 0.0004  max mem: 45284
[15:42:53.695325] Epoch: [4]  [ 840/1251]  eta: 0:06:03  lr: 0.002242  loss: 0.5666 (0.5181)  time: 0.8725  data: 0.0004  max mem: 45284
[15:43:11.061585] Epoch: [4]  [ 860/1251]  eta: 0:05:45  lr: 0.002250  loss: 0.5585 (0.5190)  time: 0.8683  data: 0.0005  max mem: 45284
[15:43:28.422334] Epoch: [4]  [ 880/1251]  eta: 0:05:27  lr: 0.002258  loss: 0.5385 (0.5195)  time: 0.8680  data: 0.0005  max mem: 45284
[15:43:45.662561] Epoch: [4]  [ 900/1251]  eta: 0:05:09  lr: 0.002265  loss: 0.5310 (0.5197)  time: 0.8620  data: 0.0006  max mem: 45284
[15:44:02.918672] Epoch: [4]  [ 920/1251]  eta: 0:04:51  lr: 0.002273  loss: 0.5115 (0.5196)  time: 0.8628  data: 0.0108  max mem: 45284
[15:44:20.110448] Epoch: [4]  [ 940/1251]  eta: 0:04:34  lr: 0.002281  loss: 0.5083 (0.5193)  time: 0.8595  data: 0.0053  max mem: 45284
[15:44:37.438701] Epoch: [4]  [ 960/1251]  eta: 0:04:16  lr: 0.002288  loss: 0.5099 (0.5191)  time: 0.8664  data: 0.0101  max mem: 45284
[15:44:54.668368] Epoch: [4]  [ 980/1251]  eta: 0:03:58  lr: 0.002296  loss: 0.4995 (0.5188)  time: 0.8614  data: 0.0005  max mem: 45284
[15:45:12.302826] Epoch: [4]  [1000/1251]  eta: 0:03:41  lr: 0.002304  loss: 0.4977 (0.5186)  time: 0.8817  data: 0.0057  max mem: 45284
[15:45:29.538800] Epoch: [4]  [1020/1251]  eta: 0:03:23  lr: 0.002311  loss: 0.5032 (0.5182)  time: 0.8617  data: 0.0005  max mem: 45284
[15:45:47.093928] Epoch: [4]  [1040/1251]  eta: 0:03:05  lr: 0.002319  loss: 0.5166 (0.5182)  time: 0.8777  data: 0.0061  max mem: 45284
[15:46:04.433136] Epoch: [4]  [1060/1251]  eta: 0:02:48  lr: 0.002327  loss: 0.5095 (0.5179)  time: 0.8669  data: 0.0012  max mem: 45284
[15:46:21.809164] Epoch: [4]  [1080/1251]  eta: 0:02:30  lr: 0.002334  loss: 0.5154 (0.5179)  time: 0.8688  data: 0.0050  max mem: 45284
[15:46:39.246481] Epoch: [4]  [1100/1251]  eta: 0:02:12  lr: 0.002342  loss: 0.5225 (0.5180)  time: 0.8718  data: 0.0111  max mem: 45284
[15:46:56.836495] Epoch: [4]  [1120/1251]  eta: 0:01:55  lr: 0.002350  loss: 0.5078 (0.5177)  time: 0.8794  data: 0.0005  max mem: 45284
[15:47:14.166559] Epoch: [4]  [1140/1251]  eta: 0:01:37  lr: 0.002357  loss: 0.5070 (0.5175)  time: 0.8665  data: 0.0004  max mem: 45284
[15:47:31.358541] Epoch: [4]  [1160/1251]  eta: 0:01:19  lr: 0.002365  loss: 0.5075 (0.5173)  time: 0.8595  data: 0.0005  max mem: 45284
[15:47:48.815409] Epoch: [4]  [1180/1251]  eta: 0:01:02  lr: 0.002373  loss: 0.4921 (0.5170)  time: 0.8728  data: 0.0005  max mem: 45284
[15:48:06.491533] Epoch: [4]  [1200/1251]  eta: 0:00:44  lr: 0.002380  loss: 0.4964 (0.5166)  time: 0.8838  data: 0.0061  max mem: 45284
[15:48:24.129865] Epoch: [4]  [1220/1251]  eta: 0:00:27  lr: 0.002388  loss: 0.4969 (0.5163)  time: 0.8819  data: 0.0049  max mem: 45284
[15:48:40.753938] Epoch: [4]  [1240/1251]  eta: 0:00:09  lr: 0.002396  loss: 0.4974 (0.5160)  time: 0.8312  data: 0.0069  max mem: 45284
[15:48:48.127221] Epoch: [4]  [1250/1251]  eta: 0:00:00  lr: 0.002399  loss: 0.4985 (0.5159)  time: 0.7596  data: 0.0007  max mem: 45284
[15:48:49.176444] Epoch: [4] Total time: 0:18:18 (0.8781 s / it)
[15:48:49.342671] Averaged stats: lr: 0.002399  loss: 0.4985 (0.5151)
[15:48:49.348208] log_dir: /ibex/ai/project/c2090/lomar_plus_save/logs/raven/mae_encoderonly_mask_0.8_neigh_0.05_wind_7_num_4_epoches_100_r_448
[15:48:57.410058] Epoch: [5]  [   0/1251]  eta: 2:48:03  lr: 0.002400  loss: 0.5086 (0.5086)  time: 8.0607  data: 6.4181  max mem: 45284
[15:49:18.805397] Epoch: [5]  [  20/1251]  eta: 0:28:46  lr: 0.002400  loss: 0.5013 (0.5046)  time: 1.0697  data: 0.0547  max mem: 45284
[15:49:36.020235] Epoch: [5]  [  40/1251]  eta: 0:22:58  lr: 0.002400  loss: 0.4971 (0.5022)  time: 0.8607  data: 0.0004  max mem: 45284
[15:49:53.809970] Epoch: [5]  [  60/1251]  eta: 0:20:56  lr: 0.002400  loss: 0.4982 (0.5019)  time: 0.8839  data: 0.0060  max mem: 45284
[15:50:11.483546] Epoch: [5]  [  80/1251]  eta: 0:19:45  lr: 0.002400  loss: 0.5002 (0.5009)  time: 0.8836  data: 0.0126  max mem: 45284
[15:50:28.955614] Epoch: [5]  [ 100/1251]  eta: 0:18:53  lr: 0.002400  loss: 0.4900 (0.4997)  time: 0.8735  data: 0.0006  max mem: 45284
[15:50:46.152694] Epoch: [5]  [ 120/1251]  eta: 0:18:10  lr: 0.002400  loss: 0.5027 (0.4997)  time: 0.8598  data: 0.0067  max mem: 45284
[15:51:03.486780] Epoch: [5]  [ 140/1251]  eta: 0:17:36  lr: 0.002400  loss: 0.4856 (0.4982)  time: 0.8667  data: 0.0066  max mem: 45284
[15:51:20.779496] Epoch: [5]  [ 160/1251]  eta: 0:17:05  lr: 0.002400  loss: 0.4930 (0.4984)  time: 0.8646  data: 0.0005  max mem: 45284
[15:51:38.158068] Epoch: [5]  [ 180/1251]  eta: 0:16:37  lr: 0.002400  loss: 0.5076 (0.5000)  time: 0.8635  data: 0.0005  max mem: 45284
[15:51:55.372733] Epoch: [5]  [ 200/1251]  eta: 0:16:11  lr: 0.002400  loss: 0.5270 (0.5027)  time: 0.8607  data: 0.0005  max mem: 45284
[15:52:12.676937] Epoch: [5]  [ 220/1251]  eta: 0:15:47  lr: 0.002400  loss: 0.5293 (0.5053)  time: 0.8652  data: 0.0062  max mem: 45284
[15:52:30.240707] Epoch: [5]  [ 240/1251]  eta: 0:15:25  lr: 0.002400  loss: 0.5131 (0.5061)  time: 0.8781  data: 0.0006  max mem: 45284
[15:52:47.682486] Epoch: [5]  [ 260/1251]  eta: 0:15:04  lr: 0.002400  loss: 0.5081 (0.5060)  time: 0.8720  data: 0.0004  max mem: 45284
[15:53:05.030222] Epoch: [5]  [ 280/1251]  eta: 0:14:42  lr: 0.002400  loss: 0.5055 (0.5060)  time: 0.8673  data: 0.0004  max mem: 45284
[15:53:22.326599] Epoch: [5]  [ 300/1251]  eta: 0:14:21  lr: 0.002400  loss: 0.4906 (0.5052)  time: 0.8648  data: 0.0005  max mem: 45284
[15:53:39.870385] Epoch: [5]  [ 320/1251]  eta: 0:14:01  lr: 0.002400  loss: 0.4879 (0.5042)  time: 0.8771  data: 0.0053  max mem: 45284
[15:53:56.999169] Epoch: [5]  [ 340/1251]  eta: 0:13:41  lr: 0.002400  loss: 0.4883 (0.5033)  time: 0.8564  data: 0.0056  max mem: 45284
[15:54:14.271533] Epoch: [5]  [ 360/1251]  eta: 0:13:21  lr: 0.002400  loss: 0.5007 (0.5035)  time: 0.8635  data: 0.0012  max mem: 45284
[15:54:32.095643] Epoch: [5]  [ 380/1251]  eta: 0:13:03  lr: 0.002400  loss: 0.5182 (0.5045)  time: 0.8911  data: 0.0052  max mem: 45284
[15:54:49.471593] Epoch: [5]  [ 400/1251]  eta: 0:12:43  lr: 0.002400  loss: 0.5138 (0.5053)  time: 0.8687  data: 0.0005  max mem: 45284
[15:55:07.213650] Epoch: [5]  [ 420/1251]  eta: 0:12:25  lr: 0.002400  loss: 0.5171 (0.5059)  time: 0.8871  data: 0.0005  max mem: 45284
[15:55:24.953039] Epoch: [5]  [ 440/1251]  eta: 0:12:07  lr: 0.002400  loss: 0.5079 (0.5057)  time: 0.8869  data: 0.0055  max mem: 45284
[15:55:42.720349] Epoch: [5]  [ 460/1251]  eta: 0:11:48  lr: 0.002400  loss: 0.4909 (0.5051)  time: 0.8835  data: 0.0004  max mem: 45284
[15:56:00.015561] Epoch: [5]  [ 480/1251]  eta: 0:11:29  lr: 0.002400  loss: 0.4855 (0.5046)  time: 0.8647  data: 0.0165  max mem: 45284
[15:56:17.466913] Epoch: [5]  [ 500/1251]  eta: 0:11:11  lr: 0.002400  loss: 0.4883 (0.5039)  time: 0.8725  data: 0.0055  max mem: 45284
[15:56:34.862405] Epoch: [5]  [ 520/1251]  eta: 0:10:52  lr: 0.002400  loss: 0.4836 (0.5032)  time: 0.8697  data: 0.0005  max mem: 45284
[15:56:52.267342] Epoch: [5]  [ 540/1251]  eta: 0:10:34  lr: 0.002400  loss: 0.4963 (0.5029)  time: 0.8702  data: 0.0004  max mem: 45284
[15:57:09.602038] Epoch: [5]  [ 560/1251]  eta: 0:10:15  lr: 0.002400  loss: 0.5167 (0.5034)  time: 0.8667  data: 0.0004  max mem: 45284
[15:57:27.023482] Epoch: [5]  [ 580/1251]  eta: 0:09:57  lr: 0.002400  loss: 0.5152 (0.5039)  time: 0.8710  data: 0.0005  max mem: 45284
[15:57:44.370333] Epoch: [5]  [ 600/1251]  eta: 0:09:39  lr: 0.002400  loss: 0.4978 (0.5038)  time: 0.8673  data: 0.0058  max mem: 45284
[15:58:01.615077] Epoch: [5]  [ 620/1251]  eta: 0:09:20  lr: 0.002400  loss: 0.4899 (0.5033)  time: 0.8622  data: 0.0049  max mem: 45284
[15:58:19.097376] Epoch: [5]  [ 640/1251]  eta: 0:09:02  lr: 0.002400  loss: 0.4943 (0.5030)  time: 0.8741  data: 0.0005  max mem: 45284
[15:58:36.681947] Epoch: [5]  [ 660/1251]  eta: 0:08:44  lr: 0.002400  loss: 0.4952 (0.5027)  time: 0.8792  data: 0.0046  max mem: 45284
[15:58:54.199023] Epoch: [5]  [ 680/1251]  eta: 0:08:26  lr: 0.002400  loss: 0.4906 (0.5025)  time: 0.8758  data: 0.0005  max mem: 45284
[15:59:11.385196] Epoch: [5]  [ 700/1251]  eta: 0:08:08  lr: 0.002400  loss: 0.4984 (0.5024)  time: 0.8593  data: 0.0064  max mem: 45284
[15:59:28.381685] Epoch: [5]  [ 720/1251]  eta: 0:07:50  lr: 0.002400  loss: 0.4891 (0.5021)  time: 0.8497  data: 0.0005  max mem: 45284
[15:59:45.820432] Epoch: [5]  [ 740/1251]  eta: 0:07:32  lr: 0.002400  loss: 0.4839 (0.5017)  time: 0.8719  data: 0.0005  max mem: 45284
[16:00:03.122248] Epoch: [5]  [ 760/1251]  eta: 0:07:14  lr: 0.002400  loss: 0.4843 (0.5014)  time: 0.8650  data: 0.0004  max mem: 45284
[16:00:20.815335] Epoch: [5]  [ 780/1251]  eta: 0:06:56  lr: 0.002400  loss: 0.4994 (0.5014)  time: 0.8846  data: 0.0109  max mem: 45284
[16:00:37.936361] Epoch: [5]  [ 800/1251]  eta: 0:06:38  lr: 0.002400  loss: 0.4989 (0.5013)  time: 0.8560  data: 0.0005  max mem: 45284
[16:00:55.455286] Epoch: [5]  [ 820/1251]  eta: 0:06:20  lr: 0.002400  loss: 0.4896 (0.5011)  time: 0.8759  data: 0.0050  max mem: 45284
[16:01:12.789998] Epoch: [5]  [ 840/1251]  eta: 0:06:03  lr: 0.002400  loss: 0.4896 (0.5009)  time: 0.8667  data: 0.0005  max mem: 45284
[16:01:30.030615] Epoch: [5]  [ 860/1251]  eta: 0:05:45  lr: 0.002400  loss: 0.4817 (0.5005)  time: 0.8620  data: 0.0056  max mem: 45284
[16:01:47.534006] Epoch: [5]  [ 880/1251]  eta: 0:05:27  lr: 0.002400  loss: 0.4918 (0.5003)  time: 0.8751  data: 0.0004  max mem: 45284
[16:02:04.794922] Epoch: [5]  [ 900/1251]  eta: 0:05:09  lr: 0.002400  loss: 0.4956 (0.5002)  time: 0.8630  data: 0.0005  max mem: 45284
[16:02:22.410336] Epoch: [5]  [ 920/1251]  eta: 0:04:52  lr: 0.002400  loss: 0.4876 (0.4999)  time: 0.8807  data: 0.0122  max mem: 45284
[16:02:40.090803] Epoch: [5]  [ 940/1251]  eta: 0:04:34  lr: 0.002400  loss: 0.4802 (0.4996)  time: 0.8840  data: 0.0060  max mem: 45284
[16:02:57.458941] Epoch: [5]  [ 960/1251]  eta: 0:04:16  lr: 0.002400  loss: 0.4881 (0.4994)  time: 0.8684  data: 0.0004  max mem: 45284
[16:03:14.937456] Epoch: [5]  [ 980/1251]  eta: 0:03:59  lr: 0.002400  loss: 0.4759 (0.4989)  time: 0.8739  data: 0.0165  max mem: 45284
[16:03:32.077003] Epoch: [5]  [1000/1251]  eta: 0:03:41  lr: 0.002400  loss: 0.4894 (0.4988)  time: 0.8569  data: 0.0056  max mem: 45284
[16:03:49.340160] Epoch: [5]  [1020/1251]  eta: 0:03:23  lr: 0.002400  loss: 0.4910 (0.4986)  time: 0.8631  data: 0.0007  max mem: 45284
[16:04:06.749834] Epoch: [5]  [1040/1251]  eta: 0:03:05  lr: 0.002400  loss: 0.4872 (0.4985)  time: 0.8704  data: 0.0005  max mem: 45284
[16:04:24.265684] Epoch: [5]  [1060/1251]  eta: 0:02:48  lr: 0.002400  loss: 0.4850 (0.4983)  time: 0.8757  data: 0.0014  max mem: 45284
[16:04:41.604639] Epoch: [5]  [1080/1251]  eta: 0:02:30  lr: 0.002400  loss: 0.4776 (0.4979)  time: 0.8669  data: 0.0005  max mem: 45284
[16:04:59.005246] Epoch: [5]  [1100/1251]  eta: 0:02:12  lr: 0.002399  loss: 0.4787 (0.4976)  time: 0.8700  data: 0.0050  max mem: 45284
[16:05:16.559908] Epoch: [5]  [1120/1251]  eta: 0:01:55  lr: 0.002399  loss: 0.4924 (0.4975)  time: 0.8777  data: 0.0167  max mem: 45284
[16:05:34.016679] Epoch: [5]  [1140/1251]  eta: 0:01:37  lr: 0.002399  loss: 0.4922 (0.4974)  time: 0.8728  data: 0.0059  max mem: 45284
[16:05:51.628457] Epoch: [5]  [1160/1251]  eta: 0:01:20  lr: 0.002399  loss: 0.4793 (0.4971)  time: 0.8805  data: 0.0181  max mem: 45284
[16:06:08.792959] Epoch: [5]  [1180/1251]  eta: 0:01:02  lr: 0.002399  loss: 0.4736 (0.4969)  time: 0.8582  data: 0.0009  max mem: 45284
[16:06:26.218632] Epoch: [5]  [1200/1251]  eta: 0:00:44  lr: 0.002399  loss: 0.4923 (0.4968)  time: 0.8712  data: 0.0058  max mem: 45284
[16:06:43.751948] Epoch: [5]  [1220/1251]  eta: 0:00:27  lr: 0.002399  loss: 0.4859 (0.4966)  time: 0.8766  data: 0.0065  max mem: 45284
[16:07:00.417339] Epoch: [5]  [1240/1251]  eta: 0:00:09  lr: 0.002399  loss: 0.4843 (0.4965)  time: 0.8332  data: 0.0100  max mem: 45284
[16:07:07.820586] Epoch: [5]  [1250/1251]  eta: 0:00:00  lr: 0.002399  loss: 0.4785 (0.4963)  time: 0.7657  data: 0.0051  max mem: 45284
[16:07:09.065148] Epoch: [5] Total time: 0:18:19 (0.8791 s / it)
[16:07:09.098861] Averaged stats: lr: 0.002399  loss: 0.4785 (0.4965)
[16:07:09.102117] log_dir: /ibex/ai/project/c2090/lomar_plus_save/logs/raven/mae_encoderonly_mask_0.8_neigh_0.05_wind_7_num_4_epoches_100_r_448
[16:07:20.584928] Epoch: [6]  [   0/1251]  eta: 3:59:23  lr: 0.002399  loss: 0.4881 (0.4881)  time: 11.4819  data: 10.5324  max mem: 45284
[16:07:40.527337] Epoch: [6]  [  20/1251]  eta: 0:30:42  lr: 0.002399  loss: 0.4864 (0.4805)  time: 0.9971  data: 0.0135  max mem: 45284
[16:07:58.066495] Epoch: [6]  [  40/1251]  eta: 0:24:06  lr: 0.002399  loss: 0.4795 (0.4793)  time: 0.8769  data: 0.0006  max mem: 45284
[16:08:15.585394] Epoch: [6]  [  60/1251]  eta: 0:21:37  lr: 0.002399  loss: 0.4783 (0.4779)  time: 0.8759  data: 0.0005  max mem: 45284
[16:08:33.121839] Epoch: [6]  [  80/1251]  eta: 0:20:14  lr: 0.002399  loss: 0.4809 (0.4792)  time: 0.8768  data: 0.0004  max mem: 45284
[16:08:50.718703] Epoch: [6]  [ 100/1251]  eta: 0:19:17  lr: 0.002399  loss: 0.4776 (0.4787)  time: 0.8798  data: 0.0004  max mem: 45284
[16:09:08.165383] Epoch: [6]  [ 120/1251]  eta: 0:18:32  lr: 0.002399  loss: 0.4797 (0.4796)  time: 0.8723  data: 0.0004  max mem: 45284
[16:09:25.511931] Epoch: [6]  [ 140/1251]  eta: 0:17:54  lr: 0.002399  loss: 0.4800 (0.4798)  time: 0.8673  data: 0.0052  max mem: 45284
[16:09:42.808646] Epoch: [6]  [ 160/1251]  eta: 0:17:21  lr: 0.002399  loss: 0.4886 (0.4812)  time: 0.8648  data: 0.0059  max mem: 45284
[16:10:00.236005] Epoch: [6]  [ 180/1251]  eta: 0:16:52  lr: 0.002399  loss: 0.4966 (0.4828)  time: 0.8713  data: 0.0058  max mem: 45284
[16:10:17.635078] Epoch: [6]  [ 200/1251]  eta: 0:16:25  lr: 0.002399  loss: 0.4784 (0.4819)  time: 0.8699  data: 0.0005  max mem: 45284
[16:10:35.519349] Epoch: [6]  [ 220/1251]  eta: 0:16:02  lr: 0.002399  loss: 0.4829 (0.4821)  time: 0.8942  data: 0.0062  max mem: 45284
[16:10:53.479883] Epoch: [6]  [ 240/1251]  eta: 0:15:41  lr: 0.002399  loss: 0.4736 (0.4816)  time: 0.8980  data: 0.0004  max mem: 45284
[16:11:10.982443] Epoch: [6]  [ 260/1251]  eta: 0:15:18  lr: 0.002399  loss: 0.4777 (0.4814)  time: 0.8751  data: 0.0058  max mem: 45284
[16:11:28.488618] Epoch: [6]  [ 280/1251]  eta: 0:14:56  lr: 0.002399  loss: 0.4691 (0.4807)  time: 0.8753  data: 0.0005  max mem: 45284
[16:11:46.057524] Epoch: [6]  [ 300/1251]  eta: 0:14:34  lr: 0.002399  loss: 0.4611 (0.4797)  time: 0.8784  data: 0.0004  max mem: 45284
[16:12:03.600350] Epoch: [6]  [ 320/1251]  eta: 0:14:14  lr: 0.002399  loss: 0.4700 (0.4793)  time: 0.8771  data: 0.0004  max mem: 45284
[16:12:21.288577] Epoch: [6]  [ 340/1251]  eta: 0:13:53  lr: 0.002399  loss: 0.4957 (0.4799)  time: 0.8844  data: 0.0051  max mem: 45284
[16:12:38.906867] Epoch: [6]  [ 360/1251]  eta: 0:13:33  lr: 0.002399  loss: 0.4758 (0.4798)  time: 0.8809  data: 0.0053  max mem: 45284
[16:12:56.574723] Epoch: [6]  [ 380/1251]  eta: 0:13:14  lr: 0.002399  loss: 0.4780 (0.4798)  time: 0.8833  data: 0.0005  max mem: 45284
[16:13:14.309097] Epoch: [6]  [ 400/1251]  eta: 0:12:54  lr: 0.002399  loss: 0.4838 (0.4800)  time: 0.8867  data: 0.0056  max mem: 45284
[16:13:32.050408] Epoch: [6]  [ 420/1251]  eta: 0:12:35  lr: 0.002399  loss: 0.4751 (0.4796)  time: 0.8870  data: 0.0011  max mem: 45284
[16:13:49.605219] Epoch: [6]  [ 440/1251]  eta: 0:12:16  lr: 0.002399  loss: 0.4666 (0.4793)  time: 0.8777  data: 0.0004  max mem: 45284
[16:14:07.018330] Epoch: [6]  [ 460/1251]  eta: 0:11:57  lr: 0.002399  loss: 0.4841 (0.4793)  time: 0.8706  data: 0.0061  max mem: 45284
[16:14:24.369182] Epoch: [6]  [ 480/1251]  eta: 0:11:37  lr: 0.002399  loss: 0.4781 (0.4792)  time: 0.8675  data: 0.0006  max mem: 45284
[16:14:41.580190] Epoch: [6]  [ 500/1251]  eta: 0:11:18  lr: 0.002399  loss: 0.4801 (0.4793)  time: 0.8605  data: 0.0052  max mem: 45284
[16:14:59.551387] Epoch: [6]  [ 520/1251]  eta: 0:11:00  lr: 0.002399  loss: 0.4750 (0.4791)  time: 0.8985  data: 0.0115  max mem: 45284
[16:15:16.852689] Epoch: [6]  [ 540/1251]  eta: 0:10:40  lr: 0.002399  loss: 0.4844 (0.4791)  time: 0.8650  data: 0.0053  max mem: 45284
[16:15:34.496433] Epoch: [6]  [ 560/1251]  eta: 0:10:22  lr: 0.002399  loss: 0.4734 (0.4788)  time: 0.8821  data: 0.0092  max mem: 45284
[16:15:51.834410] Epoch: [6]  [ 580/1251]  eta: 0:10:03  lr: 0.002399  loss: 0.4724 (0.4786)  time: 0.8669  data: 0.0004  max mem: 45284
[16:16:09.327321] Epoch: [6]  [ 600/1251]  eta: 0:09:45  lr: 0.002399  loss: 0.4685 (0.4782)  time: 0.8746  data: 0.0048  max mem: 45284
[16:16:26.867480] Epoch: [6]  [ 620/1251]  eta: 0:09:26  lr: 0.002399  loss: 0.4742 (0.4780)  time: 0.8770  data: 0.0005  max mem: 45284
[16:16:44.277983] Epoch: [6]  [ 640/1251]  eta: 0:09:08  lr: 0.002399  loss: 0.4733 (0.4779)  time: 0.8705  data: 0.0006  max mem: 45284
[16:17:01.656338] Epoch: [6]  [ 660/1251]  eta: 0:08:49  lr: 0.002398  loss: 0.4707 (0.4776)  time: 0.8689  data: 0.0005  max mem: 45284
[16:17:19.115497] Epoch: [6]  [ 680/1251]  eta: 0:08:31  lr: 0.002398  loss: 0.4718 (0.4776)  time: 0.8729  data: 0.0005  max mem: 45284
[16:17:36.581815] Epoch: [6]  [ 700/1251]  eta: 0:08:13  lr: 0.002398  loss: 0.4739 (0.4774)  time: 0.8733  data: 0.0062  max mem: 45284
[16:17:54.245214] Epoch: [6]  [ 720/1251]  eta: 0:07:55  lr: 0.002398  loss: 0.4697 (0.4773)  time: 0.8831  data: 0.0063  max mem: 45284
[16:18:11.883500] Epoch: [6]  [ 740/1251]  eta: 0:07:37  lr: 0.002398  loss: 0.4618 (0.4770)  time: 0.8819  data: 0.0006  max mem: 45284
[16:18:29.342656] Epoch: [6]  [ 760/1251]  eta: 0:07:18  lr: 0.002398  loss: 0.4641 (0.4766)  time: 0.8729  data: 0.0005  max mem: 45284
[16:18:47.007872] Epoch: [6]  [ 780/1251]  eta: 0:07:00  lr: 0.002398  loss: 0.4659 (0.4763)  time: 0.8832  data: 0.0004  max mem: 45284
[16:19:04.314814] Epoch: [6]  [ 800/1251]  eta: 0:06:42  lr: 0.002398  loss: 0.4687 (0.4761)  time: 0.8653  data: 0.0004  max mem: 45284
[16:19:21.903341] Epoch: [6]  [ 820/1251]  eta: 0:06:24  lr: 0.002398  loss: 0.4676 (0.4760)  time: 0.8794  data: 0.0005  max mem: 45284
[16:19:39.828571] Epoch: [6]  [ 840/1251]  eta: 0:06:06  lr: 0.002398  loss: 0.4594 (0.4756)  time: 0.8962  data: 0.0010  max mem: 45284
[16:19:57.348765] Epoch: [6]  [ 860/1251]  eta: 0:05:48  lr: 0.002398  loss: 0.4677 (0.4755)  time: 0.8760  data: 0.0101  max mem: 45284
[16:20:14.621490] Epoch: [6]  [ 880/1251]  eta: 0:05:30  lr: 0.002398  loss: 0.4667 (0.4754)  time: 0.8636  data: 0.0055  max mem: 45284
[16:20:32.337527] Epoch: [6]  [ 900/1251]  eta: 0:05:12  lr: 0.002398  loss: 0.4659 (0.4750)  time: 0.8857  data: 0.0004  max mem: 45284
[16:20:49.794004] Epoch: [6]  [ 920/1251]  eta: 0:04:54  lr: 0.002398  loss: 0.4681 (0.4749)  time: 0.8728  data: 0.0007  max mem: 45284
[16:21:07.143422] Epoch: [6]  [ 940/1251]  eta: 0:04:36  lr: 0.002398  loss: 0.4720 (0.4748)  time: 0.8674  data: 0.0005  max mem: 45284
[16:21:24.664930] Epoch: [6]  [ 960/1251]  eta: 0:04:19  lr: 0.002398  loss: 0.4606 (0.4745)  time: 0.8760  data: 0.0057  max mem: 45284
[16:21:42.249008] Epoch: [6]  [ 980/1251]  eta: 0:04:01  lr: 0.002398  loss: 0.4585 (0.4742)  time: 0.8792  data: 0.0118  max mem: 45284
[16:21:59.742751] Epoch: [6]  [1000/1251]  eta: 0:03:43  lr: 0.002398  loss: 0.4619 (0.4740)  time: 0.8746  data: 0.0049  max mem: 45284
[16:22:17.021903] Epoch: [6]  [1020/1251]  eta: 0:03:25  lr: 0.002398  loss: 0.4656 (0.4738)  time: 0.8639  data: 0.0004  max mem: 45284
[16:22:34.383182] Epoch: [6]  [1040/1251]  eta: 0:03:07  lr: 0.002398  loss: 0.4826 (0.4740)  time: 0.8680  data: 0.0004  max mem: 45284
[16:22:51.711609] Epoch: [6]  [1060/1251]  eta: 0:02:49  lr: 0.002398  loss: 0.4836 (0.4742)  time: 0.8664  data: 0.0004  max mem: 45284
[16:23:09.195571] Epoch: [6]  [1080/1251]  eta: 0:02:31  lr: 0.002398  loss: 0.4851 (0.4744)  time: 0.8741  data: 0.0005  max mem: 45284
[16:23:26.442895] Epoch: [6]  [1100/1251]  eta: 0:02:14  lr: 0.002398  loss: 0.4778 (0.4746)  time: 0.8623  data: 0.0067  max mem: 45284
[16:23:43.928124] Epoch: [6]  [1120/1251]  eta: 0:01:56  lr: 0.002398  loss: 0.4654 (0.4745)  time: 0.8742  data: 0.0005  max mem: 45284
[16:24:01.098596] Epoch: [6]  [1140/1251]  eta: 0:01:38  lr: 0.002398  loss: 0.4684 (0.4744)  time: 0.8585  data: 0.0010  max mem: 45284
[16:24:18.703895] Epoch: [6]  [1160/1251]  eta: 0:01:20  lr: 0.002398  loss: 0.4704 (0.4744)  time: 0.8802  data: 0.0006  max mem: 45284
[16:24:36.043941] Epoch: [6]  [1180/1251]  eta: 0:01:02  lr: 0.002398  loss: 0.4675 (0.4742)  time: 0.8669  data: 0.0005  max mem: 45284
[16:24:53.425942] Epoch: [6]  [1200/1251]  eta: 0:00:45  lr: 0.002397  loss: 0.4645 (0.4740)  time: 0.8690  data: 0.0012  max mem: 45284
[16:25:10.888886] Epoch: [6]  [1220/1251]  eta: 0:00:27  lr: 0.002397  loss: 0.4584 (0.4737)  time: 0.8731  data: 0.0057  max mem: 45284
[16:25:27.465881] Epoch: [6]  [1240/1251]  eta: 0:00:09  lr: 0.002397  loss: 0.4673 (0.4736)  time: 0.8288  data: 0.0011  max mem: 45284
[16:25:34.871144] Epoch: [6]  [1250/1251]  eta: 0:00:00  lr: 0.002397  loss: 0.4672 (0.4736)  time: 0.7633  data: 0.0008  max mem: 45284
[16:25:36.159896] Epoch: [6] Total time: 0:18:27 (0.8849 s / it)
[16:25:36.206276] Averaged stats: lr: 0.002397  loss: 0.4672 (0.4738)
[16:25:36.209531] log_dir: /ibex/ai/project/c2090/lomar_plus_save/logs/raven/mae_encoderonly_mask_0.8_neigh_0.05_wind_7_num_4_epoches_100_r_448
[16:25:45.461276] Epoch: [7]  [   0/1251]  eta: 3:12:52  lr: 0.002397  loss: 0.4853 (0.4853)  time: 9.2510  data: 6.6695  max mem: 45284
[16:26:06.020944] Epoch: [7]  [  20/1251]  eta: 0:29:07  lr: 0.002397  loss: 0.4692 (0.4675)  time: 1.0279  data: 0.0266  max mem: 45284
[16:26:23.674020] Epoch: [7]  [  40/1251]  eta: 0:23:21  lr: 0.002397  loss: 0.4758 (0.4701)  time: 0.8826  data: 0.0005  max mem: 45284
[16:26:41.021859] Epoch: [7]  [  60/1251]  eta: 0:21:05  lr: 0.002397  loss: 0.4757 (0.4732)  time: 0.8673  data: 0.0004  max mem: 45284
[16:26:58.637165] Epoch: [7]  [  80/1251]  eta: 0:19:51  lr: 0.002397  loss: 0.4737 (0.4732)  time: 0.8807  data: 0.0068  max mem: 45284
[16:27:16.369734] Epoch: [7]  [ 100/1251]  eta: 0:19:01  lr: 0.002397  loss: 0.4664 (0.4711)  time: 0.8866  data: 0.0071  max mem: 45284
[16:27:34.294806] Epoch: [7]  [ 120/1251]  eta: 0:18:23  lr: 0.002397  loss: 0.4554 (0.4686)  time: 0.8962  data: 0.0006  max mem: 45284
[16:27:51.590581] Epoch: [7]  [ 140/1251]  eta: 0:17:46  lr: 0.002397  loss: 0.4613 (0.4677)  time: 0.8647  data: 0.0005  max mem: 45284
[16:28:09.005851] Epoch: [7]  [ 160/1251]  eta: 0:17:15  lr: 0.002397  loss: 0.4567 (0.4673)  time: 0.8707  data: 0.0005  max mem: 45284
[16:28:26.885080] Epoch: [7]  [ 180/1251]  eta: 0:16:49  lr: 0.002397  loss: 0.4695 (0.4674)  time: 0.8939  data: 0.0063  max mem: 45284
[16:28:44.352847] Epoch: [7]  [ 200/1251]  eta: 0:16:23  lr: 0.002397  loss: 0.4770 (0.4682)  time: 0.8733  data: 0.0059  max mem: 45284
[16:29:01.856368] Epoch: [7]  [ 220/1251]  eta: 0:15:59  lr: 0.002397  loss: 0.4757 (0.4686)  time: 0.8751  data: 0.0061  max mem: 45284
[16:29:19.523594] Epoch: [7]  [ 240/1251]  eta: 0:15:36  lr: 0.002397  loss: 0.4553 (0.4677)  time: 0.8833  data: 0.0005  max mem: 45284
[16:29:37.008763] Epoch: [7]  [ 260/1251]  eta: 0:15:14  lr: 0.002397  loss: 0.4601 (0.4672)  time: 0.8742  data: 0.0004  max mem: 45284
[16:29:54.579254] Epoch: [7]  [ 280/1251]  eta: 0:14:52  lr: 0.002397  loss: 0.4574 (0.4666)  time: 0.8785  data: 0.0051  max mem: 45284
[16:30:11.931555] Epoch: [7]  [ 300/1251]  eta: 0:14:31  lr: 0.002397  loss: 0.4609 (0.4663)  time: 0.8676  data: 0.0005  max mem: 45284
[16:30:29.680498] Epoch: [7]  [ 320/1251]  eta: 0:14:11  lr: 0.002397  loss: 0.4590 (0.4656)  time: 0.8874  data: 0.0115  max mem: 45284
[16:30:47.121792] Epoch: [7]  [ 340/1251]  eta: 0:13:50  lr: 0.002397  loss: 0.4561 (0.4652)  time: 0.8720  data: 0.0004  max mem: 45284
[16:31:04.790864] Epoch: [7]  [ 360/1251]  eta: 0:13:30  lr: 0.002397  loss: 0.4595 (0.4649)  time: 0.8834  data: 0.0007  max mem: 45284
[16:31:22.289623] Epoch: [7]  [ 380/1251]  eta: 0:13:11  lr: 0.002397  loss: 0.4538 (0.4643)  time: 0.8749  data: 0.0005  max mem: 45284
[16:31:39.925896] Epoch: [7]  [ 400/1251]  eta: 0:12:51  lr: 0.002396  loss: 0.4632 (0.4641)  time: 0.8818  data: 0.0006  max mem: 45284
[16:31:57.683250] Epoch: [7]  [ 420/1251]  eta: 0:12:32  lr: 0.002396  loss: 0.4704 (0.4643)  time: 0.8878  data: 0.0057  max mem: 45284
[16:32:15.416761] Epoch: [7]  [ 440/1251]  eta: 0:12:14  lr: 0.002396  loss: 0.4732 (0.4645)  time: 0.8866  data: 0.0005  max mem: 45284
[16:32:32.949031] Epoch: [7]  [ 460/1251]  eta: 0:11:55  lr: 0.002396  loss: 0.4543 (0.4641)  time: 0.8766  data: 0.0004  max mem: 45284
[16:32:50.413336] Epoch: [7]  [ 480/1251]  eta: 0:11:35  lr: 0.002396  loss: 0.4608 (0.4640)  time: 0.8732  data: 0.0009  max mem: 45284
[16:33:07.798374] Epoch: [7]  [ 500/1251]  eta: 0:11:16  lr: 0.002396  loss: 0.4590 (0.4638)  time: 0.8692  data: 0.0061  max mem: 45284
[16:33:25.162918] Epoch: [7]  [ 520/1251]  eta: 0:10:57  lr: 0.002396  loss: 0.4658 (0.4640)  time: 0.8682  data: 0.0056  max mem: 45284
[16:33:42.043438] Epoch: [7]  [ 540/1251]  eta: 0:10:38  lr: 0.002396  loss: 0.4570 (0.4638)  time: 0.8440  data: 0.0101  max mem: 45284
[16:33:59.386438] Epoch: [7]  [ 560/1251]  eta: 0:10:19  lr: 0.002396  loss: 0.4482 (0.4634)  time: 0.8671  data: 0.0054  max mem: 45284
[16:34:16.847846] Epoch: [7]  [ 580/1251]  eta: 0:10:01  lr: 0.002396  loss: 0.4634 (0.4635)  time: 0.8730  data: 0.0005  max mem: 45284
[16:34:34.802202] Epoch: [7]  [ 600/1251]  eta: 0:09:43  lr: 0.002396  loss: 0.4723 (0.4638)  time: 0.8914  data: 0.0005  max mem: 45284
[16:34:52.166032] Epoch: [7]  [ 620/1251]  eta: 0:09:24  lr: 0.002396  loss: 0.4672 (0.4640)  time: 0.8681  data: 0.0005  max mem: 45284
[16:35:09.676098] Epoch: [7]  [ 640/1251]  eta: 0:09:06  lr: 0.002396  loss: 0.4702 (0.4642)  time: 0.8754  data: 0.0005  max mem: 45284
[16:35:27.274529] Epoch: [7]  [ 660/1251]  eta: 0:08:48  lr: 0.002396  loss: 0.4594 (0.4642)  time: 0.8799  data: 0.0006  max mem: 45284
[16:35:44.904734] Epoch: [7]  [ 680/1251]  eta: 0:08:30  lr: 0.002396  loss: 0.4583 (0.4641)  time: 0.8815  data: 0.0004  max mem: 45284
[16:36:02.222121] Epoch: [7]  [ 700/1251]  eta: 0:08:11  lr: 0.002396  loss: 0.4616 (0.4640)  time: 0.8658  data: 0.0005  max mem: 45284
[16:36:19.809141] Epoch: [7]  [ 720/1251]  eta: 0:07:53  lr: 0.002396  loss: 0.4455 (0.4635)  time: 0.8793  data: 0.0004  max mem: 45284
[16:36:37.281006] Epoch: [7]  [ 740/1251]  eta: 0:07:35  lr: 0.002396  loss: 0.4373 (0.4632)  time: 0.8735  data: 0.0005  max mem: 45284
[16:36:54.623164] Epoch: [7]  [ 760/1251]  eta: 0:07:17  lr: 0.002396  loss: 0.4511 (0.4630)  time: 0.8670  data: 0.0005  max mem: 45284
[16:37:12.043558] Epoch: [7]  [ 780/1251]  eta: 0:06:59  lr: 0.002395  loss: 0.4537 (0.4628)  time: 0.8710  data: 0.0005  max mem: 45284
[16:37:29.403134] Epoch: [7]  [ 800/1251]  eta: 0:06:41  lr: 0.002395  loss: 0.4563 (0.4627)  time: 0.8679  data: 0.0005  max mem: 45284
[16:37:47.048202] Epoch: [7]  [ 820/1251]  eta: 0:06:23  lr: 0.002395  loss: 0.4555 (0.4626)  time: 0.8822  data: 0.0005  max mem: 45284
[16:38:04.604301] Epoch: [7]  [ 840/1251]  eta: 0:06:05  lr: 0.002395  loss: 0.4586 (0.4626)  time: 0.8778  data: 0.0168  max mem: 45284
[16:38:22.198140] Epoch: [7]  [ 860/1251]  eta: 0:05:47  lr: 0.002395  loss: 0.4676 (0.4627)  time: 0.8796  data: 0.0055  max mem: 45284
[16:38:39.679515] Epoch: [7]  [ 880/1251]  eta: 0:05:29  lr: 0.002395  loss: 0.4576 (0.4626)  time: 0.8740  data: 0.0060  max mem: 45284
[16:38:57.186068] Epoch: [7]  [ 900/1251]  eta: 0:05:11  lr: 0.002395  loss: 0.4469 (0.4622)  time: 0.8753  data: 0.0059  max mem: 45284
[16:39:14.627149] Epoch: [7]  [ 920/1251]  eta: 0:04:54  lr: 0.002395  loss: 0.4569 (0.4620)  time: 0.8720  data: 0.0064  max mem: 45284
[16:39:32.308981] Epoch: [7]  [ 940/1251]  eta: 0:04:36  lr: 0.002395  loss: 0.4532 (0.4618)  time: 0.8840  data: 0.0005  max mem: 45284
[16:39:49.547960] Epoch: [7]  [ 960/1251]  eta: 0:04:18  lr: 0.002395  loss: 0.4567 (0.4617)  time: 0.8619  data: 0.0006  max mem: 45284
[16:40:07.027227] Epoch: [7]  [ 980/1251]  eta: 0:04:00  lr: 0.002395  loss: 0.4473 (0.4615)  time: 0.8739  data: 0.0005  max mem: 45284
[16:40:24.429232] Epoch: [7]  [1000/1251]  eta: 0:03:42  lr: 0.002395  loss: 0.4603 (0.4615)  time: 0.8700  data: 0.0013  max mem: 45284
[16:40:41.809280] Epoch: [7]  [1020/1251]  eta: 0:03:24  lr: 0.002395  loss: 0.4618 (0.4614)  time: 0.8690  data: 0.0063  max mem: 45284
[16:40:59.184940] Epoch: [7]  [1040/1251]  eta: 0:03:07  lr: 0.002395  loss: 0.4658 (0.4615)  time: 0.8687  data: 0.0005  max mem: 45284
[16:41:16.829544] Epoch: [7]  [1060/1251]  eta: 0:02:49  lr: 0.002395  loss: 0.4548 (0.4615)  time: 0.8822  data: 0.0054  max mem: 45284
[16:41:34.284469] Epoch: [7]  [1080/1251]  eta: 0:02:31  lr: 0.002395  loss: 0.4616 (0.4615)  time: 0.8727  data: 0.0058  max mem: 45284
[16:41:51.696243] Epoch: [7]  [1100/1251]  eta: 0:02:13  lr: 0.002395  loss: 0.4541 (0.4613)  time: 0.8705  data: 0.0005  max mem: 45284
[16:42:08.986090] Epoch: [7]  [1120/1251]  eta: 0:01:55  lr: 0.002395  loss: 0.4580 (0.4612)  time: 0.8644  data: 0.0008  max mem: 45284
[16:42:26.220444] Epoch: [7]  [1140/1251]  eta: 0:01:38  lr: 0.002394  loss: 0.4714 (0.4614)  time: 0.8617  data: 0.0005  max mem: 45284
[16:42:43.482106] Epoch: [7]  [1160/1251]  eta: 0:01:20  lr: 0.002394  loss: 0.4538 (0.4612)  time: 0.8630  data: 0.0008  max mem: 45284
[16:43:01.182628] Epoch: [7]  [1180/1251]  eta: 0:01:02  lr: 0.002394  loss: 0.4677 (0.4613)  time: 0.8850  data: 0.0064  max mem: 45284
[16:43:18.661910] Epoch: [7]  [1200/1251]  eta: 0:00:45  lr: 0.002394  loss: 0.4471 (0.4611)  time: 0.8739  data: 0.0004  max mem: 45284
[16:43:36.008554] Epoch: [7]  [1220/1251]  eta: 0:00:27  lr: 0.002394  loss: 0.4503 (0.4610)  time: 0.8673  data: 0.0058  max mem: 45284
[16:43:52.531863] Epoch: [7]  [1240/1251]  eta: 0:00:09  lr: 0.002394  loss: 0.4447 (0.4608)  time: 0.8261  data: 0.0009  max mem: 45284
[16:43:59.911089] Epoch: [7]  [1250/1251]  eta: 0:00:00  lr: 0.002394  loss: 0.4531 (0.4607)  time: 0.7585  data: 0.0007  max mem: 45284
[16:44:01.184544] Epoch: [7] Total time: 0:18:24 (0.8833 s / it)
[16:44:01.244964] Averaged stats: lr: 0.002394  loss: 0.4531 (0.4597)
[16:44:01.248204] log_dir: /ibex/ai/project/c2090/lomar_plus_save/logs/raven/mae_encoderonly_mask_0.8_neigh_0.05_wind_7_num_4_epoches_100_r_448
[16:44:10.086291] Epoch: [8]  [   0/1251]  eta: 3:04:15  lr: 0.002394  loss: 0.4445 (0.4445)  time: 8.8370  data: 7.0015  max mem: 45284
[16:44:31.487000] Epoch: [8]  [  20/1251]  eta: 0:29:32  lr: 0.002394  loss: 0.4406 (0.4416)  time: 1.0700  data: 0.0061  max mem: 45284
[16:44:49.170687] Epoch: [8]  [  40/1251]  eta: 0:23:35  lr: 0.002394  loss: 0.4423 (0.4433)  time: 0.8841  data: 0.0064  max mem: 45284
[16:45:06.746707] Epoch: [8]  [  60/1251]  eta: 0:21:18  lr: 0.002394  loss: 0.4430 (0.4444)  time: 0.8787  data: 0.0009  max mem: 45284
[16:45:24.664283] Epoch: [8]  [  80/1251]  eta: 0:20:05  lr: 0.002394  loss: 0.4434 (0.4451)  time: 0.8958  data: 0.0125  max mem: 45284
[16:45:42.047061] Epoch: [8]  [ 100/1251]  eta: 0:19:08  lr: 0.002394  loss: 0.4564 (0.4473)  time: 0.8691  data: 0.0005  max mem: 45284
[16:45:59.729292] Epoch: [8]  [ 120/1251]  eta: 0:18:27  lr: 0.002394  loss: 0.4550 (0.4485)  time: 0.8841  data: 0.0006  max mem: 45284
[16:46:17.293155] Epoch: [8]  [ 140/1251]  eta: 0:17:51  lr: 0.002394  loss: 0.4559 (0.4491)  time: 0.8781  data: 0.0005  max mem: 45284
[16:46:34.763362] Epoch: [8]  [ 160/1251]  eta: 0:17:20  lr: 0.002394  loss: 0.4546 (0.4497)  time: 0.8735  data: 0.0005  max mem: 45284
[16:46:52.620593] Epoch: [8]  [ 180/1251]  eta: 0:16:53  lr: 0.002394  loss: 0.4580 (0.4507)  time: 0.8928  data: 0.0005  max mem: 45284
[16:47:10.195062] Epoch: [8]  [ 200/1251]  eta: 0:16:27  lr: 0.002393  loss: 0.4476 (0.4508)  time: 0.8787  data: 0.0005  max mem: 45284
[16:47:27.401384] Epoch: [8]  [ 220/1251]  eta: 0:16:01  lr: 0.002393  loss: 0.4470 (0.4510)  time: 0.8603  data: 0.0065  max mem: 45284
[16:47:45.068858] Epoch: [8]  [ 240/1251]  eta: 0:15:38  lr: 0.002393  loss: 0.4565 (0.4512)  time: 0.8833  data: 0.0113  max mem: 45284
[16:48:02.843718] Epoch: [8]  [ 260/1251]  eta: 0:15:17  lr: 0.002393  loss: 0.4498 (0.4509)  time: 0.8887  data: 0.0058  max mem: 45284
[16:48:20.754099] Epoch: [8]  [ 280/1251]  eta: 0:14:56  lr: 0.002393  loss: 0.4503 (0.4509)  time: 0.8903  data: 0.0005  max mem: 45284
[16:48:38.063886] Epoch: [8]  [ 300/1251]  eta: 0:14:34  lr: 0.002393  loss: 0.4556 (0.4512)  time: 0.8654  data: 0.0005  max mem: 45284
[16:48:55.803904] Epoch: [8]  [ 320/1251]  eta: 0:14:13  lr: 0.002393  loss: 0.4422 (0.4511)  time: 0.8870  data: 0.0066  max mem: 45284
[16:49:13.180249] Epoch: [8]  [ 340/1251]  eta: 0:13:53  lr: 0.002393  loss: 0.4509 (0.4510)  time: 0.8688  data: 0.0010  max mem: 45284
[16:49:30.782778] Epoch: [8]  [ 360/1251]  eta: 0:13:33  lr: 0.002393  loss: 0.4464 (0.4507)  time: 0.8801  data: 0.0055  max mem: 45284
[16:49:48.327432] Epoch: [8]  [ 380/1251]  eta: 0:13:13  lr: 0.002393  loss: 0.4534 (0.4509)  time: 0.8772  data: 0.0050  max mem: 45284
[16:50:06.029846] Epoch: [8]  [ 400/1251]  eta: 0:12:53  lr: 0.002393  loss: 0.4406 (0.4508)  time: 0.8851  data: 0.0056  max mem: 45284
[16:50:23.673894] Epoch: [8]  [ 420/1251]  eta: 0:12:34  lr: 0.002393  loss: 0.4407 (0.4506)  time: 0.8822  data: 0.0005  max mem: 45284
[16:50:41.470122] Epoch: [8]  [ 440/1251]  eta: 0:12:15  lr: 0.002393  loss: 0.4519 (0.4508)  time: 0.8898  data: 0.0057  max mem: 45284
[16:50:59.099095] Epoch: [8]  [ 460/1251]  eta: 0:11:56  lr: 0.002393  loss: 0.4552 (0.4509)  time: 0.8814  data: 0.0004  max mem: 45284
[16:51:16.804725] Epoch: [8]  [ 480/1251]  eta: 0:11:37  lr: 0.002392  loss: 0.4538 (0.4512)  time: 0.8852  data: 0.0059  max mem: 45284
[16:51:34.303459] Epoch: [8]  [ 500/1251]  eta: 0:11:18  lr: 0.002392  loss: 0.4410 (0.4510)  time: 0.8749  data: 0.0005  max mem: 45284
[16:51:51.877431] Epoch: [8]  [ 520/1251]  eta: 0:11:00  lr: 0.002392  loss: 0.4487 (0.4507)  time: 0.8786  data: 0.0004  max mem: 45284
[16:52:09.474057] Epoch: [8]  [ 540/1251]  eta: 0:10:41  lr: 0.002392  loss: 0.4467 (0.4505)  time: 0.8798  data: 0.0108  max mem: 45284
[16:52:26.621939] Epoch: [8]  [ 560/1251]  eta: 0:10:22  lr: 0.002392  loss: 0.4461 (0.4503)  time: 0.8573  data: 0.0067  max mem: 45284
[16:52:44.047484] Epoch: [8]  [ 580/1251]  eta: 0:10:03  lr: 0.002392  loss: 0.4378 (0.4501)  time: 0.8712  data: 0.0005  max mem: 45284
[16:53:01.792785] Epoch: [8]  [ 600/1251]  eta: 0:09:45  lr: 0.002392  loss: 0.4502 (0.4500)  time: 0.8872  data: 0.0005  max mem: 45284
[16:53:19.235643] Epoch: [8]  [ 620/1251]  eta: 0:09:26  lr: 0.002392  loss: 0.4468 (0.4500)  time: 0.8721  data: 0.0005  max mem: 45284
[16:53:36.458644] Epoch: [8]  [ 640/1251]  eta: 0:09:08  lr: 0.002392  loss: 0.4550 (0.4502)  time: 0.8611  data: 0.0005  max mem: 45284
[16:53:53.859908] Epoch: [8]  [ 660/1251]  eta: 0:08:49  lr: 0.002392  loss: 0.4428 (0.4500)  time: 0.8700  data: 0.0114  max mem: 45284
[16:54:11.005699] Epoch: [8]  [ 680/1251]  eta: 0:08:31  lr: 0.002392  loss: 0.4434 (0.4499)  time: 0.8572  data: 0.0005  max mem: 45284
[16:54:28.651666] Epoch: [8]  [ 700/1251]  eta: 0:08:13  lr: 0.002392  loss: 0.4493 (0.4499)  time: 0.8823  data: 0.0058  max mem: 45284
[16:54:46.144600] Epoch: [8]  [ 720/1251]  eta: 0:07:54  lr: 0.002392  loss: 0.4488 (0.4498)  time: 0.8746  data: 0.0064  max mem: 45284
[16:55:03.530147] Epoch: [8]  [ 740/1251]  eta: 0:07:36  lr: 0.002392  loss: 0.4503 (0.4498)  time: 0.8692  data: 0.0069  max mem: 45284
[16:55:21.030076] Epoch: [8]  [ 760/1251]  eta: 0:07:18  lr: 0.002391  loss: 0.4466 (0.4498)  time: 0.8749  data: 0.0005  max mem: 45284
[16:55:38.523802] Epoch: [8]  [ 780/1251]  eta: 0:07:00  lr: 0.002391  loss: 0.4528 (0.4497)  time: 0.8746  data: 0.0070  max mem: 45284
[16:55:55.572960] Epoch: [8]  [ 800/1251]  eta: 0:06:42  lr: 0.002391  loss: 0.4514 (0.4497)  time: 0.8524  data: 0.0005  max mem: 45284
[16:56:13.272374] Epoch: [8]  [ 820/1251]  eta: 0:06:24  lr: 0.002391  loss: 0.4413 (0.4496)  time: 0.8849  data: 0.0005  max mem: 45284
[16:56:30.754908] Epoch: [8]  [ 840/1251]  eta: 0:06:06  lr: 0.002391  loss: 0.4469 (0.4496)  time: 0.8741  data: 0.0052  max mem: 45284
[16:56:48.202852] Epoch: [8]  [ 860/1251]  eta: 0:05:48  lr: 0.002391  loss: 0.4411 (0.4495)  time: 0.8723  data: 0.0005  max mem: 45284
[16:57:05.731629] Epoch: [8]  [ 880/1251]  eta: 0:05:30  lr: 0.002391  loss: 0.4540 (0.4495)  time: 0.8715  data: 0.0008  max mem: 45284
[16:57:23.481838] Epoch: [8]  [ 900/1251]  eta: 0:05:12  lr: 0.002391  loss: 0.4367 (0.4493)  time: 0.8875  data: 0.0065  max mem: 45284
[16:57:40.912537] Epoch: [8]  [ 920/1251]  eta: 0:04:54  lr: 0.002391  loss: 0.4485 (0.4494)  time: 0.8715  data: 0.0063  max mem: 45284
[16:57:58.327284] Epoch: [8]  [ 940/1251]  eta: 0:04:36  lr: 0.002391  loss: 0.4473 (0.4493)  time: 0.8707  data: 0.0005  max mem: 45284
[16:58:16.069443] Epoch: [8]  [ 960/1251]  eta: 0:04:18  lr: 0.002391  loss: 0.4440 (0.4493)  time: 0.8871  data: 0.0050  max mem: 45284
[16:58:33.452116] Epoch: [8]  [ 980/1251]  eta: 0:04:00  lr: 0.002391  loss: 0.4433 (0.4492)  time: 0.8691  data: 0.0005  max mem: 45284
[16:58:51.251377] Epoch: [8]  [1000/1251]  eta: 0:03:43  lr: 0.002391  loss: 0.4374 (0.4491)  time: 0.8899  data: 0.0005  max mem: 45284
[16:59:08.687597] Epoch: [8]  [1020/1251]  eta: 0:03:25  lr: 0.002390  loss: 0.4463 (0.4491)  time: 0.8718  data: 0.0005  max mem: 45284
[16:59:26.423780] Epoch: [8]  [1040/1251]  eta: 0:03:07  lr: 0.002390  loss: 0.4451 (0.4491)  time: 0.8868  data: 0.0053  max mem: 45284
[16:59:43.737815] Epoch: [8]  [1060/1251]  eta: 0:02:49  lr: 0.002390  loss: 0.4396 (0.4490)  time: 0.8656  data: 0.0005  max mem: 45284
[17:00:01.012084] Epoch: [8]  [1080/1251]  eta: 0:02:31  lr: 0.002390  loss: 0.4440 (0.4490)  time: 0.8637  data: 0.0004  max mem: 45284
[17:00:18.846198] Epoch: [8]  [1100/1251]  eta: 0:02:14  lr: 0.002390  loss: 0.4514 (0.4490)  time: 0.8917  data: 0.0062  max mem: 45284
[17:00:36.295745] Epoch: [8]  [1120/1251]  eta: 0:01:56  lr: 0.002390  loss: 0.4476 (0.4490)  time: 0.8724  data: 0.0063  max mem: 45284
[17:00:53.742346] Epoch: [8]  [1140/1251]  eta: 0:01:38  lr: 0.002390  loss: 0.4475 (0.4490)  time: 0.8723  data: 0.0071  max mem: 45284
[17:01:11.544123] Epoch: [8]  [1160/1251]  eta: 0:01:20  lr: 0.002390  loss: 0.4550 (0.4490)  time: 0.8900  data: 0.0057  max mem: 45284
[17:01:29.130569] Epoch: [8]  [1180/1251]  eta: 0:01:02  lr: 0.002390  loss: 0.4486 (0.4491)  time: 0.8793  data: 0.0005  max mem: 45284
[17:01:46.818124] Epoch: [8]  [1200/1251]  eta: 0:00:45  lr: 0.002390  loss: 0.4553 (0.4492)  time: 0.8843  data: 0.0006  max mem: 45284
[17:02:04.323933] Epoch: [8]  [1220/1251]  eta: 0:00:27  lr: 0.002390  loss: 0.4488 (0.4491)  time: 0.8752  data: 0.0013  max mem: 45284
[17:02:20.725238] Epoch: [8]  [1240/1251]  eta: 0:00:09  lr: 0.002390  loss: 0.4452 (0.4491)  time: 0.8200  data: 0.0009  max mem: 45284
[17:02:28.121324] Epoch: [8]  [1250/1251]  eta: 0:00:00  lr: 0.002390  loss: 0.4471 (0.4491)  time: 0.7595  data: 0.0007  max mem: 45284
[17:02:29.408001] Epoch: [8] Total time: 0:18:28 (0.8858 s / it)
[17:02:29.427243] Averaged stats: lr: 0.002390  loss: 0.4471 (0.4491)
[17:02:29.430568] log_dir: /ibex/ai/project/c2090/lomar_plus_save/logs/raven/mae_encoderonly_mask_0.8_neigh_0.05_wind_7_num_4_epoches_100_r_448
[17:02:42.045162] Epoch: [9]  [   0/1251]  eta: 4:22:59  lr: 0.002390  loss: 0.4632 (0.4632)  time: 12.6136  data: 7.4822  max mem: 45284
[17:03:00.053144] Epoch: [9]  [  20/1251]  eta: 0:29:54  lr: 0.002389  loss: 0.4430 (0.4398)  time: 0.9003  data: 0.0059  max mem: 45284
[17:03:17.572952] Epoch: [9]  [  40/1251]  eta: 0:23:41  lr: 0.002389  loss: 0.4395 (0.4415)  time: 0.8759  data: 0.0055  max mem: 45284
[17:03:35.429300] Epoch: [9]  [  60/1251]  eta: 0:21:28  lr: 0.002389  loss: 0.4368 (0.4408)  time: 0.8927  data: 0.0064  max mem: 45284
[17:03:52.935600] Epoch: [9]  [  80/1251]  eta: 0:20:07  lr: 0.002389  loss: 0.4473 (0.4414)  time: 0.8752  data: 0.0005  max mem: 45284
[17:04:10.410004] Epoch: [9]  [ 100/1251]  eta: 0:19:10  lr: 0.002389  loss: 0.4479 (0.4425)  time: 0.8736  data: 0.0005  max mem: 45284
[17:04:28.153569] Epoch: [9]  [ 120/1251]  eta: 0:18:29  lr: 0.002389  loss: 0.4464 (0.4438)  time: 0.8871  data: 0.0005  max mem: 45284
