| distributed init (rank 0): env://, gpu 0
| distributed init (rank 2): env://, gpu 2
| distributed init (rank 3): env://, gpu 3
| distributed init (rank 1): env://, gpu 1
[14:22:34.746019] job dir: /home/khanff/cvpr23/lomar
[14:22:34.746515] Namespace(MASTER_ADDR='localhost',
MASTER_PORT='10019',
accum_iter=4,
amp_autocast=True,
batch_size=256,
blr=0.00015,
data_path='/ibex/ai/reference/CV/ILSVR/classification-localization/data/jpeg',
device='cuda',
dist_backend='nccl',
dist_on_itp=False,
dist_url='env://',
distributed=True,
epochs=100,
gpu=0,
input_size=448,
local_rank=0,
log_dir='/ibex/ai/project/c2090/lomar_plus_save/logs/raven/mae_encoderonly_mask_0.8_neigh_1_wind_7_num_4_epoches_100_r_448',
lr=None,
mask_ratio=0.8,
min_lr=0.0,
model='mae_vit_base_patch16_448',
neigh_ratio=0.1,
norm_pix_loss=True,
num_window=4,
num_workers=10,
output_dir='/ibex/ai/project/c2090/lomar_plus_save/checkpoint/raven/mae_encoderonly_mask_0.8_neigh_1_wind_7_num_4_epochs_100_r_448',
pin_mem=True,
rank=0,
resume='',
seed=0,
start_epoch=0,
warmup_epochs=5,
weight_decay=0.05,
window_size=7,
world_size=4)
[14:22:59.885964] Dataset ImageFolder
    Number of datapoints: 1281167
    Root location: /ibex/ai/reference/CV/ILSVR/classification-localization/data/jpeg/train
    StandardTransform
Transform: Compose(
               RandomResizedCrop(size=(448, 448), scale=(0.2, 1.0), ratio=(0.75, 1.3333), interpolation=bicubic)
               RandomHorizontalFlip(p=0.5)
               ToTensor()
               Normalize(mean=[0.485, 0.456, 0.406], std=[0.229, 0.224, 0.225])
           )
[14:22:59.886606] Sampler_train = <torch.utils.data.distributed.DistributedSampler object at 0x2b6130229b00>
[14:23:01.146856] Model = MaskedAutoencoderViT(
  (patch_embed): PatchEmbed(
    (proj): Conv2d(3, 768, kernel_size=(16, 16), stride=(16, 16))
  )
  (blocks): ModuleList(
    (0): Block(
      (norm1): LayerNorm((768,), eps=1e-06, elementwise_affine=True)
      (attn): Attention(
        (qkv): Linear(in_features=768, out_features=2304, bias=True)
        (attn_drop): Dropout(p=0.0, inplace=False)
        (proj): Linear(in_features=768, out_features=768, bias=True)
        (proj_drop): Dropout(p=0.0, inplace=False)
      )
      (drop_path): Identity()
      (norm2): LayerNorm((768,), eps=1e-06, elementwise_affine=True)
      (mlp): Mlp(
        (fc1): Linear(in_features=768, out_features=3072, bias=True)
        (act): GELU()
        (fc2): Linear(in_features=3072, out_features=768, bias=True)
        (drop): Dropout(p=0.0, inplace=False)
      )
    )
    (1): Block(
      (norm1): LayerNorm((768,), eps=1e-06, elementwise_affine=True)
      (attn): Attention(
        (qkv): Linear(in_features=768, out_features=2304, bias=True)
        (attn_drop): Dropout(p=0.0, inplace=False)
        (proj): Linear(in_features=768, out_features=768, bias=True)
        (proj_drop): Dropout(p=0.0, inplace=False)
      )
      (drop_path): Identity()
      (norm2): LayerNorm((768,), eps=1e-06, elementwise_affine=True)
      (mlp): Mlp(
        (fc1): Linear(in_features=768, out_features=3072, bias=True)
        (act): GELU()
        (fc2): Linear(in_features=3072, out_features=768, bias=True)
        (drop): Dropout(p=0.0, inplace=False)
      )
    )
    (2): Block(
      (norm1): LayerNorm((768,), eps=1e-06, elementwise_affine=True)
      (attn): Attention(
        (qkv): Linear(in_features=768, out_features=2304, bias=True)
        (attn_drop): Dropout(p=0.0, inplace=False)
        (proj): Linear(in_features=768, out_features=768, bias=True)
        (proj_drop): Dropout(p=0.0, inplace=False)
      )
      (drop_path): Identity()
      (norm2): LayerNorm((768,), eps=1e-06, elementwise_affine=True)
      (mlp): Mlp(
        (fc1): Linear(in_features=768, out_features=3072, bias=True)
        (act): GELU()
        (fc2): Linear(in_features=3072, out_features=768, bias=True)
        (drop): Dropout(p=0.0, inplace=False)
      )
    )
    (3): Block(
      (norm1): LayerNorm((768,), eps=1e-06, elementwise_affine=True)
      (attn): Attention(
        (qkv): Linear(in_features=768, out_features=2304, bias=True)
        (attn_drop): Dropout(p=0.0, inplace=False)
        (proj): Linear(in_features=768, out_features=768, bias=True)
        (proj_drop): Dropout(p=0.0, inplace=False)
      )
      (drop_path): Identity()
      (norm2): LayerNorm((768,), eps=1e-06, elementwise_affine=True)
      (mlp): Mlp(
        (fc1): Linear(in_features=768, out_features=3072, bias=True)
        (act): GELU()
        (fc2): Linear(in_features=3072, out_features=768, bias=True)
        (drop): Dropout(p=0.0, inplace=False)
      )
    )
    (4): Block(
      (norm1): LayerNorm((768,), eps=1e-06, elementwise_affine=True)
      (attn): Attention(
        (qkv): Linear(in_features=768, out_features=2304, bias=True)
        (attn_drop): Dropout(p=0.0, inplace=False)
        (proj): Linear(in_features=768, out_features=768, bias=True)
        (proj_drop): Dropout(p=0.0, inplace=False)
      )
      (drop_path): Identity()
      (norm2): LayerNorm((768,), eps=1e-06, elementwise_affine=True)
      (mlp): Mlp(
        (fc1): Linear(in_features=768, out_features=3072, bias=True)
        (act): GELU()
        (fc2): Linear(in_features=3072, out_features=768, bias=True)
        (drop): Dropout(p=0.0, inplace=False)
      )
    )
    (5): Block(
      (norm1): LayerNorm((768,), eps=1e-06, elementwise_affine=True)
      (attn): Attention(
        (qkv): Linear(in_features=768, out_features=2304, bias=True)
        (attn_drop): Dropout(p=0.0, inplace=False)
        (proj): Linear(in_features=768, out_features=768, bias=True)
        (proj_drop): Dropout(p=0.0, inplace=False)
      )
      (drop_path): Identity()
      (norm2): LayerNorm((768,), eps=1e-06, elementwise_affine=True)
      (mlp): Mlp(
        (fc1): Linear(in_features=768, out_features=3072, bias=True)
        (act): GELU()
        (fc2): Linear(in_features=3072, out_features=768, bias=True)
        (drop): Dropout(p=0.0, inplace=False)
      )
    )
    (6): Block(
      (norm1): LayerNorm((768,), eps=1e-06, elementwise_affine=True)
      (attn): Attention(
        (qkv): Linear(in_features=768, out_features=2304, bias=True)
        (attn_drop): Dropout(p=0.0, inplace=False)
        (proj): Linear(in_features=768, out_features=768, bias=True)
        (proj_drop): Dropout(p=0.0, inplace=False)
      )
      (drop_path): Identity()
      (norm2): LayerNorm((768,), eps=1e-06, elementwise_affine=True)
      (mlp): Mlp(
        (fc1): Linear(in_features=768, out_features=3072, bias=True)
        (act): GELU()
        (fc2): Linear(in_features=3072, out_features=768, bias=True)
        (drop): Dropout(p=0.0, inplace=False)
      )
    )
    (7): Block(
      (norm1): LayerNorm((768,), eps=1e-06, elementwise_affine=True)
      (attn): Attention(
        (qkv): Linear(in_features=768, out_features=2304, bias=True)
        (attn_drop): Dropout(p=0.0, inplace=False)
        (proj): Linear(in_features=768, out_features=768, bias=True)
        (proj_drop): Dropout(p=0.0, inplace=False)
      )
      (drop_path): Identity()
      (norm2): LayerNorm((768,), eps=1e-06, elementwise_affine=True)
      (mlp): Mlp(
        (fc1): Linear(in_features=768, out_features=3072, bias=True)
        (act): GELU()
        (fc2): Linear(in_features=3072, out_features=768, bias=True)
        (drop): Dropout(p=0.0, inplace=False)
      )
    )
    (8): Block(
      (norm1): LayerNorm((768,), eps=1e-06, elementwise_affine=True)
      (attn): Attention(
        (qkv): Linear(in_features=768, out_features=2304, bias=True)
        (attn_drop): Dropout(p=0.0, inplace=False)
        (proj): Linear(in_features=768, out_features=768, bias=True)
        (proj_drop): Dropout(p=0.0, inplace=False)
      )
      (drop_path): Identity()
      (norm2): LayerNorm((768,), eps=1e-06, elementwise_affine=True)
      (mlp): Mlp(
        (fc1): Linear(in_features=768, out_features=3072, bias=True)
        (act): GELU()
        (fc2): Linear(in_features=3072, out_features=768, bias=True)
        (drop): Dropout(p=0.0, inplace=False)
      )
    )
    (9): Block(
      (norm1): LayerNorm((768,), eps=1e-06, elementwise_affine=True)
      (attn): Attention(
        (qkv): Linear(in_features=768, out_features=2304, bias=True)
        (attn_drop): Dropout(p=0.0, inplace=False)
        (proj): Linear(in_features=768, out_features=768, bias=True)
        (proj_drop): Dropout(p=0.0, inplace=False)
      )
      (drop_path): Identity()
      (norm2): LayerNorm((768,), eps=1e-06, elementwise_affine=True)
      (mlp): Mlp(
        (fc1): Linear(in_features=768, out_features=3072, bias=True)
        (act): GELU()
        (fc2): Linear(in_features=3072, out_features=768, bias=True)
        (drop): Dropout(p=0.0, inplace=False)
      )
    )
    (10): Block(
      (norm1): LayerNorm((768,), eps=1e-06, elementwise_affine=True)
      (attn): Attention(
        (qkv): Linear(in_features=768, out_features=2304, bias=True)
        (attn_drop): Dropout(p=0.0, inplace=False)
        (proj): Linear(in_features=768, out_features=768, bias=True)
        (proj_drop): Dropout(p=0.0, inplace=False)
      )
      (drop_path): Identity()
      (norm2): LayerNorm((768,), eps=1e-06, elementwise_affine=True)
      (mlp): Mlp(
        (fc1): Linear(in_features=768, out_features=3072, bias=True)
        (act): GELU()
        (fc2): Linear(in_features=3072, out_features=768, bias=True)
        (drop): Dropout(p=0.0, inplace=False)
      )
    )
    (11): Block(
      (norm1): LayerNorm((768,), eps=1e-06, elementwise_affine=True)
      (attn): Attention(
        (qkv): Linear(in_features=768, out_features=2304, bias=True)
        (attn_drop): Dropout(p=0.0, inplace=False)
        (proj): Linear(in_features=768, out_features=768, bias=True)
        (proj_drop): Dropout(p=0.0, inplace=False)
      )
      (drop_path): Identity()
      (norm2): LayerNorm((768,), eps=1e-06, elementwise_affine=True)
      (mlp): Mlp(
        (fc1): Linear(in_features=768, out_features=3072, bias=True)
        (act): GELU()
        (fc2): Linear(in_features=3072, out_features=768, bias=True)
        (drop): Dropout(p=0.0, inplace=False)
      )
    )
  )
  (norm): LayerNorm((768,), eps=1e-06, elementwise_affine=True)
  (encoder_pred): Linear(in_features=768, out_features=768, bias=True)
)
[14:23:01.146914] base lr: 1.50e-04
[14:23:01.146925] actual lr: 2.40e-03
[14:23:01.146934] accumulate grad iterations: 4
[14:23:01.146941] effective batch size: 4096
[14:23:01.146948] True
[14:23:01.146954] 0
[14:23:01.170128] AdamW (
Parameter Group 0
    amsgrad: False
    betas: (0.9, 0.95)
    eps: 1e-08
    lr: 0.0024
    weight_decay: 0.0

Parameter Group 1
    amsgrad: False
    betas: (0.9, 0.95)
    eps: 1e-08
    lr: 0.0024
    weight_decay: 0.05
)
[14:23:01.170195] Start training for 100 epochs
[14:23:01.170725] log_dir: /ibex/ai/project/c2090/lomar_plus_save/logs/raven/mae_encoderonly_mask_0.8_neigh_1_wind_7_num_4_epoches_100_r_448
[14:23:19.828497] Epoch: [0]  [   0/1251]  eta: 6:28:59  lr: 0.000000  loss: 1.9088 (1.9088)  time: 18.6567  data: 8.3005  max mem: 65398
[14:23:43.413223] Epoch: [0]  [  20/1251]  eta: 0:41:16  lr: 0.000008  loss: 1.8791 (1.8452)  time: 1.1792  data: 0.0004  max mem: 66385
[14:24:06.114870] Epoch: [0]  [  40/1251]  eta: 0:31:58  lr: 0.000015  loss: 1.4693 (1.6628)  time: 1.1350  data: 0.0004  max mem: 66385
[14:24:28.383895] Epoch: [0]  [  60/1251]  eta: 0:28:22  lr: 0.000023  loss: 1.2268 (1.5194)  time: 1.1134  data: 0.0006  max mem: 66385
[14:24:50.992223] Epoch: [0]  [  80/1251]  eta: 0:26:27  lr: 0.000031  loss: 1.0788 (1.4121)  time: 1.1304  data: 0.0005  max mem: 66385
[14:25:13.639047] Epoch: [0]  [ 100/1251]  eta: 0:25:09  lr: 0.000038  loss: 1.0170 (1.3327)  time: 1.1323  data: 0.0004  max mem: 66385
[14:25:36.168000] Epoch: [0]  [ 120/1251]  eta: 0:24:08  lr: 0.000046  loss: 0.9509 (1.2699)  time: 1.1264  data: 0.0005  max mem: 66385
[14:25:58.958775] Epoch: [0]  [ 140/1251]  eta: 0:23:20  lr: 0.000054  loss: 0.9174 (1.2193)  time: 1.1395  data: 0.0005  max mem: 66385
[14:26:21.692973] Epoch: [0]  [ 160/1251]  eta: 0:22:38  lr: 0.000061  loss: 0.8795 (1.1774)  time: 1.1367  data: 0.0009  max mem: 66385
[14:26:44.293974] Epoch: [0]  [ 180/1251]  eta: 0:22:00  lr: 0.000069  loss: 0.8608 (1.1424)  time: 1.1300  data: 0.0050  max mem: 66385
[14:27:06.943572] Epoch: [0]  [ 200/1251]  eta: 0:21:25  lr: 0.000077  loss: 0.8386 (1.1120)  time: 1.1324  data: 0.0048  max mem: 66385
[14:27:29.292515] Epoch: [0]  [ 220/1251]  eta: 0:20:50  lr: 0.000084  loss: 0.8180 (1.0857)  time: 1.1174  data: 0.0055  max mem: 66385
[14:27:51.754724] Epoch: [0]  [ 240/1251]  eta: 0:20:18  lr: 0.000092  loss: 0.7990 (1.0621)  time: 1.1231  data: 0.0049  max mem: 66385
[14:28:14.521910] Epoch: [0]  [ 260/1251]  eta: 0:19:49  lr: 0.000100  loss: 0.7903 (1.0415)  time: 1.1383  data: 0.0108  max mem: 66385
[14:28:36.907307] Epoch: [0]  [ 280/1251]  eta: 0:19:20  lr: 0.000107  loss: 0.7845 (1.0230)  time: 1.1192  data: 0.0049  max mem: 66385
[14:28:59.527964] Epoch: [0]  [ 300/1251]  eta: 0:18:52  lr: 0.000115  loss: 0.7794 (1.0068)  time: 1.1310  data: 0.0058  max mem: 66385
[14:29:22.099461] Epoch: [0]  [ 320/1251]  eta: 0:18:24  lr: 0.000123  loss: 0.7628 (0.9917)  time: 1.1285  data: 0.0005  max mem: 66385
[14:29:44.612495] Epoch: [0]  [ 340/1251]  eta: 0:17:57  lr: 0.000130  loss: 0.7661 (0.9785)  time: 1.1256  data: 0.0053  max mem: 66385
[14:30:07.200296] Epoch: [0]  [ 360/1251]  eta: 0:17:31  lr: 0.000138  loss: 0.7532 (0.9661)  time: 1.1293  data: 0.0005  max mem: 66385
[14:30:29.779335] Epoch: [0]  [ 380/1251]  eta: 0:17:05  lr: 0.000146  loss: 0.7470 (0.9549)  time: 1.1289  data: 0.0054  max mem: 66385
[14:30:52.466687] Epoch: [0]  [ 400/1251]  eta: 0:16:40  lr: 0.000153  loss: 0.7465 (0.9446)  time: 1.1343  data: 0.0005  max mem: 66385
[14:31:14.955856] Epoch: [0]  [ 420/1251]  eta: 0:16:14  lr: 0.000161  loss: 0.7245 (0.9342)  time: 1.1244  data: 0.0004  max mem: 66385
[14:31:37.372572] Epoch: [0]  [ 440/1251]  eta: 0:15:49  lr: 0.000169  loss: 0.7294 (0.9249)  time: 1.1208  data: 0.0005  max mem: 66385
[14:32:00.024518] Epoch: [0]  [ 460/1251]  eta: 0:15:24  lr: 0.000176  loss: 0.7327 (0.9167)  time: 1.1325  data: 0.0005  max mem: 66385
[14:32:22.741572] Epoch: [0]  [ 480/1251]  eta: 0:15:00  lr: 0.000184  loss: 0.7251 (0.9085)  time: 1.1358  data: 0.0009  max mem: 66385
[14:32:45.463662] Epoch: [0]  [ 500/1251]  eta: 0:14:35  lr: 0.000192  loss: 0.7134 (0.9008)  time: 1.1360  data: 0.0007  max mem: 66385
[14:33:08.035352] Epoch: [0]  [ 520/1251]  eta: 0:14:11  lr: 0.000200  loss: 0.7000 (0.8932)  time: 1.1285  data: 0.0008  max mem: 66385
[14:33:31.094806] Epoch: [0]  [ 540/1251]  eta: 0:13:47  lr: 0.000207  loss: 0.6952 (0.8861)  time: 1.1529  data: 0.0048  max mem: 66385
[14:33:53.577865] Epoch: [0]  [ 560/1251]  eta: 0:13:23  lr: 0.000215  loss: 0.6985 (0.8794)  time: 1.1241  data: 0.0003  max mem: 66385
[14:34:16.031592] Epoch: [0]  [ 580/1251]  eta: 0:12:59  lr: 0.000223  loss: 0.6995 (0.8731)  time: 1.1226  data: 0.0005  max mem: 66385
[14:34:38.486372] Epoch: [0]  [ 600/1251]  eta: 0:12:35  lr: 0.000230  loss: 0.6990 (0.8672)  time: 1.1227  data: 0.0004  max mem: 66385
[14:35:00.969194] Epoch: [0]  [ 620/1251]  eta: 0:12:11  lr: 0.000238  loss: 0.6800 (0.8612)  time: 1.1241  data: 0.0005  max mem: 66385
[14:35:23.615364] Epoch: [0]  [ 640/1251]  eta: 0:11:47  lr: 0.000246  loss: 0.6777 (0.8556)  time: 1.1323  data: 0.0005  max mem: 66385
[14:35:46.252438] Epoch: [0]  [ 660/1251]  eta: 0:11:24  lr: 0.000253  loss: 0.6874 (0.8504)  time: 1.1318  data: 0.0053  max mem: 66385
[14:36:09.149836] Epoch: [0]  [ 680/1251]  eta: 0:11:00  lr: 0.000261  loss: 0.6674 (0.8451)  time: 1.1448  data: 0.0043  max mem: 66385
[14:36:31.538480] Epoch: [0]  [ 700/1251]  eta: 0:10:36  lr: 0.000269  loss: 0.6570 (0.8398)  time: 1.1194  data: 0.0055  max mem: 66385
[14:36:54.313915] Epoch: [0]  [ 720/1251]  eta: 0:10:13  lr: 0.000276  loss: 0.6703 (0.8353)  time: 1.1387  data: 0.0047  max mem: 66385
[14:37:16.640282] Epoch: [0]  [ 740/1251]  eta: 0:09:49  lr: 0.000284  loss: 0.6717 (0.8309)  time: 1.1163  data: 0.0005  max mem: 66385
[14:37:39.231553] Epoch: [0]  [ 760/1251]  eta: 0:09:26  lr: 0.000292  loss: 0.6590 (0.8265)  time: 1.1295  data: 0.0005  max mem: 66385
[14:38:01.981487] Epoch: [0]  [ 780/1251]  eta: 0:09:03  lr: 0.000299  loss: 0.6801 (0.8230)  time: 1.1375  data: 0.0004  max mem: 66385
[14:38:24.345286] Epoch: [0]  [ 800/1251]  eta: 0:08:39  lr: 0.000307  loss: 0.6643 (0.8191)  time: 1.1181  data: 0.0007  max mem: 66385
[14:38:46.620266] Epoch: [0]  [ 820/1251]  eta: 0:08:16  lr: 0.000315  loss: 0.6613 (0.8153)  time: 1.1137  data: 0.0004  max mem: 66385
[14:39:08.849786] Epoch: [0]  [ 840/1251]  eta: 0:07:52  lr: 0.000322  loss: 0.6543 (0.8115)  time: 1.1114  data: 0.0004  max mem: 66385
[14:39:30.963553] Epoch: [0]  [ 860/1251]  eta: 0:07:29  lr: 0.000330  loss: 0.6468 (0.8077)  time: 1.1056  data: 0.0004  max mem: 66385
[14:39:53.193004] Epoch: [0]  [ 880/1251]  eta: 0:07:06  lr: 0.000338  loss: 0.6418 (0.8040)  time: 1.1114  data: 0.0013  max mem: 66385
[14:40:15.471823] Epoch: [0]  [ 900/1251]  eta: 0:06:42  lr: 0.000345  loss: 0.6424 (0.8004)  time: 1.1139  data: 0.0004  max mem: 66385
[14:40:37.971823] Epoch: [0]  [ 920/1251]  eta: 0:06:19  lr: 0.000353  loss: 0.6375 (0.7970)  time: 1.1249  data: 0.0004  max mem: 66385
[14:41:00.390174] Epoch: [0]  [ 940/1251]  eta: 0:05:56  lr: 0.000361  loss: 0.6286 (0.7935)  time: 1.1209  data: 0.0004  max mem: 66385
[14:41:22.439951] Epoch: [0]  [ 960/1251]  eta: 0:05:33  lr: 0.000368  loss: 0.6374 (0.7902)  time: 1.1024  data: 0.0006  max mem: 66385
[14:41:44.790688] Epoch: [0]  [ 980/1251]  eta: 0:05:10  lr: 0.000376  loss: 0.6402 (0.7872)  time: 1.1175  data: 0.0004  max mem: 66385
[14:42:07.123348] Epoch: [0]  [1000/1251]  eta: 0:04:47  lr: 0.000384  loss: 0.6254 (0.7841)  time: 1.1166  data: 0.0005  max mem: 66385
[14:42:29.731366] Epoch: [0]  [1020/1251]  eta: 0:04:24  lr: 0.000391  loss: 0.6390 (0.7813)  time: 1.1303  data: 0.0005  max mem: 66385
[14:42:52.335926] Epoch: [0]  [1040/1251]  eta: 0:04:01  lr: 0.000399  loss: 0.6371 (0.7786)  time: 1.1302  data: 0.0058  max mem: 66385
[14:43:14.617377] Epoch: [0]  [1060/1251]  eta: 0:03:38  lr: 0.000407  loss: 0.6534 (0.7761)  time: 1.1140  data: 0.0045  max mem: 66385
[14:43:37.055893] Epoch: [0]  [1080/1251]  eta: 0:03:15  lr: 0.000414  loss: 0.6385 (0.7735)  time: 1.1219  data: 0.0075  max mem: 66385
[14:43:59.381188] Epoch: [0]  [1100/1251]  eta: 0:02:52  lr: 0.000422  loss: 0.6404 (0.7710)  time: 1.1162  data: 0.0004  max mem: 66385
[14:44:22.198014] Epoch: [0]  [1120/1251]  eta: 0:02:29  lr: 0.000430  loss: 0.6216 (0.7684)  time: 1.1408  data: 0.0004  max mem: 66385
[14:44:44.500136] Epoch: [0]  [1140/1251]  eta: 0:02:06  lr: 0.000437  loss: 0.6337 (0.7659)  time: 1.1151  data: 0.0004  max mem: 66385
[14:45:06.541540] Epoch: [0]  [1160/1251]  eta: 0:01:43  lr: 0.000445  loss: 0.6162 (0.7635)  time: 1.1020  data: 0.0004  max mem: 66385
[14:45:28.928742] Epoch: [0]  [1180/1251]  eta: 0:01:21  lr: 0.000453  loss: 0.6156 (0.7610)  time: 1.1193  data: 0.0004  max mem: 66385
[14:45:50.903617] Epoch: [0]  [1200/1251]  eta: 0:00:58  lr: 0.000460  loss: 0.6147 (0.7587)  time: 1.0987  data: 0.0004  max mem: 66385
[14:46:13.342517] Epoch: [0]  [1220/1251]  eta: 0:00:35  lr: 0.000468  loss: 0.6214 (0.7565)  time: 1.1219  data: 0.0003  max mem: 66385
[14:46:34.778444] Epoch: [0]  [1240/1251]  eta: 0:00:12  lr: 0.000476  loss: 0.6264 (0.7545)  time: 1.0718  data: 0.0007  max mem: 66385
[14:46:44.802045] Epoch: [0]  [1250/1251]  eta: 0:00:01  lr: 0.000479  loss: 0.6292 (0.7535)  time: 1.0189  data: 0.0005  max mem: 66385
[14:46:45.716682] Epoch: [0] Total time: 0:23:44 (1.1387 s / it)
[14:46:45.723019] Averaged stats: lr: 0.000479  loss: 0.6292 (0.7540)
[14:46:46.842753] log_dir: /ibex/ai/project/c2090/lomar_plus_save/logs/raven/mae_encoderonly_mask_0.8_neigh_1_wind_7_num_4_epoches_100_r_448
[14:46:57.340934] Epoch: [1]  [   0/1251]  eta: 3:38:52  lr: 0.000480  loss: 0.5984 (0.5984)  time: 10.4973  data: 9.3785  max mem: 66385
[14:47:20.131000] Epoch: [1]  [  20/1251]  eta: 0:32:31  lr: 0.000488  loss: 0.6336 (0.6311)  time: 1.1394  data: 0.0005  max mem: 66385
[14:47:42.790087] Epoch: [1]  [  40/1251]  eta: 0:27:32  lr: 0.000495  loss: 0.6243 (0.6286)  time: 1.1329  data: 0.0004  max mem: 66385
[14:48:05.062046] Epoch: [1]  [  60/1251]  eta: 0:25:27  lr: 0.000503  loss: 0.6202 (0.6257)  time: 1.1135  data: 0.0004  max mem: 66385
[14:48:27.564579] Epoch: [1]  [  80/1251]  eta: 0:24:16  lr: 0.000511  loss: 0.6203 (0.6243)  time: 1.1251  data: 0.0004  max mem: 66385
[14:48:50.270403] Epoch: [1]  [ 100/1251]  eta: 0:23:26  lr: 0.000518  loss: 0.6134 (0.6224)  time: 1.1352  data: 0.0005  max mem: 66385
[14:49:12.903313] Epoch: [1]  [ 120/1251]  eta: 0:22:45  lr: 0.000526  loss: 0.6310 (0.6234)  time: 1.1316  data: 0.0004  max mem: 66385
[14:49:35.456213] Epoch: [1]  [ 140/1251]  eta: 0:22:08  lr: 0.000534  loss: 0.6145 (0.6219)  time: 1.1276  data: 0.0005  max mem: 66385
[14:49:57.712628] Epoch: [1]  [ 160/1251]  eta: 0:21:33  lr: 0.000541  loss: 0.6215 (0.6218)  time: 1.1128  data: 0.0046  max mem: 66385
[14:50:20.145983] Epoch: [1]  [ 180/1251]  eta: 0:21:02  lr: 0.000549  loss: 0.6092 (0.6206)  time: 1.1216  data: 0.0005  max mem: 66385
[14:50:42.626878] Epoch: [1]  [ 200/1251]  eta: 0:20:32  lr: 0.000557  loss: 0.6188 (0.6206)  time: 1.1240  data: 0.0004  max mem: 66385
[14:51:05.016635] Epoch: [1]  [ 220/1251]  eta: 0:20:04  lr: 0.000564  loss: 0.6111 (0.6198)  time: 1.1194  data: 0.0004  max mem: 66385
[14:51:27.573542] Epoch: [1]  [ 240/1251]  eta: 0:19:37  lr: 0.000572  loss: 0.6050 (0.6188)  time: 1.1278  data: 0.0005  max mem: 66385
[14:51:49.769741] Epoch: [1]  [ 260/1251]  eta: 0:19:10  lr: 0.000580  loss: 0.6072 (0.6179)  time: 1.1098  data: 0.0005  max mem: 66385
[14:52:12.452582] Epoch: [1]  [ 280/1251]  eta: 0:18:45  lr: 0.000587  loss: 0.5894 (0.6165)  time: 1.1341  data: 0.0052  max mem: 66385
[14:52:34.666567] Epoch: [1]  [ 300/1251]  eta: 0:18:18  lr: 0.000595  loss: 0.6046 (0.6163)  time: 1.1106  data: 0.0004  max mem: 66385
[14:52:56.984087] Epoch: [1]  [ 320/1251]  eta: 0:17:53  lr: 0.000603  loss: 0.6195 (0.6168)  time: 1.1158  data: 0.0005  max mem: 66385
[14:53:19.641152] Epoch: [1]  [ 340/1251]  eta: 0:17:29  lr: 0.000610  loss: 0.6107 (0.6165)  time: 1.1328  data: 0.0004  max mem: 66385
[14:53:41.997944] Epoch: [1]  [ 360/1251]  eta: 0:17:04  lr: 0.000618  loss: 0.6137 (0.6163)  time: 1.1178  data: 0.0005  max mem: 66385
[14:54:04.430015] Epoch: [1]  [ 380/1251]  eta: 0:16:40  lr: 0.000626  loss: 0.6094 (0.6157)  time: 1.1215  data: 0.0005  max mem: 66385
[14:54:26.937467] Epoch: [1]  [ 400/1251]  eta: 0:16:16  lr: 0.000633  loss: 0.5961 (0.6145)  time: 1.1253  data: 0.0011  max mem: 66385
[14:54:49.337913] Epoch: [1]  [ 420/1251]  eta: 0:15:52  lr: 0.000641  loss: 0.5835 (0.6134)  time: 1.1200  data: 0.0011  max mem: 66385
[14:55:11.780944] Epoch: [1]  [ 440/1251]  eta: 0:15:28  lr: 0.000649  loss: 0.5851 (0.6122)  time: 1.1221  data: 0.0004  max mem: 66385
[14:55:34.326812] Epoch: [1]  [ 460/1251]  eta: 0:15:05  lr: 0.000656  loss: 0.5952 (0.6117)  time: 1.1273  data: 0.0004  max mem: 66385
[14:55:56.871660] Epoch: [1]  [ 480/1251]  eta: 0:14:41  lr: 0.000664  loss: 0.6141 (0.6117)  time: 1.1272  data: 0.0004  max mem: 66385
[14:56:19.409070] Epoch: [1]  [ 500/1251]  eta: 0:14:18  lr: 0.000672  loss: 0.5953 (0.6109)  time: 1.1268  data: 0.0008  max mem: 66385
[14:56:41.930037] Epoch: [1]  [ 520/1251]  eta: 0:13:54  lr: 0.000680  loss: 0.5848 (0.6098)  time: 1.1260  data: 0.0047  max mem: 66385
[14:57:04.559832] Epoch: [1]  [ 540/1251]  eta: 0:13:31  lr: 0.000687  loss: 0.5806 (0.6088)  time: 1.1314  data: 0.0004  max mem: 66385
[14:57:27.397218] Epoch: [1]  [ 560/1251]  eta: 0:13:08  lr: 0.000695  loss: 0.5837 (0.6080)  time: 1.1418  data: 0.0005  max mem: 66385
[14:57:49.987076] Epoch: [1]  [ 580/1251]  eta: 0:12:45  lr: 0.000703  loss: 0.5700 (0.6069)  time: 1.1294  data: 0.0004  max mem: 66385
[14:58:12.546012] Epoch: [1]  [ 600/1251]  eta: 0:12:22  lr: 0.000710  loss: 0.5828 (0.6063)  time: 1.1279  data: 0.0004  max mem: 66385
[14:58:34.771455] Epoch: [1]  [ 620/1251]  eta: 0:11:59  lr: 0.000718  loss: 0.5805 (0.6055)  time: 1.1112  data: 0.0050  max mem: 66385
[14:58:56.832955] Epoch: [1]  [ 640/1251]  eta: 0:11:35  lr: 0.000726  loss: 0.5660 (0.6044)  time: 1.1030  data: 0.0004  max mem: 66385
[14:59:19.295659] Epoch: [1]  [ 660/1251]  eta: 0:11:12  lr: 0.000733  loss: 0.5780 (0.6037)  time: 1.1231  data: 0.0004  max mem: 66385
[14:59:41.632438] Epoch: [1]  [ 680/1251]  eta: 0:10:49  lr: 0.000741  loss: 0.5818 (0.6030)  time: 1.1168  data: 0.0005  max mem: 66385
[15:00:03.993771] Epoch: [1]  [ 700/1251]  eta: 0:10:26  lr: 0.000749  loss: 0.5850 (0.6024)  time: 1.1180  data: 0.0004  max mem: 66385
[15:00:26.618063] Epoch: [1]  [ 720/1251]  eta: 0:10:03  lr: 0.000756  loss: 0.5763 (0.6017)  time: 1.1312  data: 0.0004  max mem: 66385
[15:00:49.061228] Epoch: [1]  [ 740/1251]  eta: 0:09:40  lr: 0.000764  loss: 0.5721 (0.6009)  time: 1.1221  data: 0.0005  max mem: 66385
[15:01:11.597112] Epoch: [1]  [ 760/1251]  eta: 0:09:17  lr: 0.000772  loss: 0.5500 (0.5996)  time: 1.1267  data: 0.0004  max mem: 66385
[15:01:34.086921] Epoch: [1]  [ 780/1251]  eta: 0:08:55  lr: 0.000779  loss: 0.5613 (0.5988)  time: 1.1244  data: 0.0005  max mem: 66385
[15:01:56.593357] Epoch: [1]  [ 800/1251]  eta: 0:08:32  lr: 0.000787  loss: 0.5901 (0.5985)  time: 1.1253  data: 0.0005  max mem: 66385
[15:02:18.911669] Epoch: [1]  [ 820/1251]  eta: 0:08:09  lr: 0.000795  loss: 0.5763 (0.5980)  time: 1.1159  data: 0.0005  max mem: 66385
[15:02:41.124353] Epoch: [1]  [ 840/1251]  eta: 0:07:46  lr: 0.000802  loss: 0.5742 (0.5975)  time: 1.1106  data: 0.0007  max mem: 66385
[15:03:03.385003] Epoch: [1]  [ 860/1251]  eta: 0:07:23  lr: 0.000810  loss: 0.5708 (0.5969)  time: 1.1130  data: 0.0004  max mem: 66385
[15:03:25.667862] Epoch: [1]  [ 880/1251]  eta: 0:07:00  lr: 0.000818  loss: 0.5595 (0.5962)  time: 1.1141  data: 0.0005  max mem: 66385
[15:03:48.198699] Epoch: [1]  [ 900/1251]  eta: 0:06:37  lr: 0.000825  loss: 0.5533 (0.5953)  time: 1.1265  data: 0.0006  max mem: 66385
[15:04:10.499203] Epoch: [1]  [ 920/1251]  eta: 0:06:15  lr: 0.000833  loss: 0.5673 (0.5946)  time: 1.1150  data: 0.0051  max mem: 66385
[15:04:32.936263] Epoch: [1]  [ 940/1251]  eta: 0:05:52  lr: 0.000841  loss: 0.5560 (0.5938)  time: 1.1218  data: 0.0004  max mem: 66385
[15:04:55.218762] Epoch: [1]  [ 960/1251]  eta: 0:05:29  lr: 0.000848  loss: 0.5492 (0.5929)  time: 1.1141  data: 0.0004  max mem: 66385
[15:05:17.765932] Epoch: [1]  [ 980/1251]  eta: 0:05:06  lr: 0.000856  loss: 0.5493 (0.5921)  time: 1.1273  data: 0.0005  max mem: 66385
[15:05:39.987623] Epoch: [1]  [1000/1251]  eta: 0:04:44  lr: 0.000864  loss: 0.5590 (0.5915)  time: 1.1110  data: 0.0005  max mem: 66385
[15:06:02.419906] Epoch: [1]  [1020/1251]  eta: 0:04:21  lr: 0.000871  loss: 0.5464 (0.5906)  time: 1.1216  data: 0.0008  max mem: 66385
[15:06:25.014059] Epoch: [1]  [1040/1251]  eta: 0:03:58  lr: 0.000879  loss: 0.5573 (0.5900)  time: 1.1297  data: 0.0004  max mem: 66385
[15:06:47.137064] Epoch: [1]  [1060/1251]  eta: 0:03:36  lr: 0.000887  loss: 0.5622 (0.5895)  time: 1.1061  data: 0.0005  max mem: 66385
[15:07:09.651837] Epoch: [1]  [1080/1251]  eta: 0:03:13  lr: 0.000894  loss: 0.5557 (0.5889)  time: 1.1257  data: 0.0005  max mem: 66385
[15:07:32.039566] Epoch: [1]  [1100/1251]  eta: 0:02:50  lr: 0.000902  loss: 0.5429 (0.5881)  time: 1.1193  data: 0.0005  max mem: 66385
[15:07:54.433447] Epoch: [1]  [1120/1251]  eta: 0:02:28  lr: 0.000910  loss: 0.5486 (0.5874)  time: 1.1196  data: 0.0010  max mem: 66385
[15:08:16.780139] Epoch: [1]  [1140/1251]  eta: 0:02:05  lr: 0.000917  loss: 0.5456 (0.5867)  time: 1.1173  data: 0.0035  max mem: 66385
[15:08:38.877933] Epoch: [1]  [1160/1251]  eta: 0:01:42  lr: 0.000925  loss: 0.5516 (0.5860)  time: 1.1048  data: 0.0006  max mem: 66385
[15:09:01.413208] Epoch: [1]  [1180/1251]  eta: 0:01:20  lr: 0.000933  loss: 0.5486 (0.5855)  time: 1.1267  data: 0.0004  max mem: 66385
[15:09:24.008437] Epoch: [1]  [1200/1251]  eta: 0:00:57  lr: 0.000940  loss: 0.5497 (0.5849)  time: 1.1297  data: 0.0010  max mem: 66385
[15:09:46.327317] Epoch: [1]  [1220/1251]  eta: 0:00:35  lr: 0.000948  loss: 0.5387 (0.5841)  time: 1.1159  data: 0.0005  max mem: 66385
[15:10:07.816187] Epoch: [1]  [1240/1251]  eta: 0:00:12  lr: 0.000956  loss: 0.5354 (0.5833)  time: 1.0744  data: 0.0008  max mem: 66385
[15:10:17.851406] Epoch: [1]  [1250/1251]  eta: 0:00:01  lr: 0.000959  loss: 0.5398 (0.5830)  time: 1.0204  data: 0.0006  max mem: 66385
[15:10:18.878190] Epoch: [1] Total time: 0:23:32 (1.1287 s / it)
[15:10:18.878922] Averaged stats: lr: 0.000959  loss: 0.5398 (0.5827)
[15:10:18.882365] log_dir: /ibex/ai/project/c2090/lomar_plus_save/logs/raven/mae_encoderonly_mask_0.8_neigh_1_wind_7_num_4_epoches_100_r_448
[15:10:31.796207] Epoch: [2]  [   0/1251]  eta: 4:29:13  lr: 0.000960  loss: 0.5169 (0.5169)  time: 12.9127  data: 6.4543  max mem: 66385
[15:10:56.095092] Epoch: [2]  [  20/1251]  eta: 0:36:21  lr: 0.000968  loss: 0.5460 (0.5532)  time: 1.2149  data: 0.0012  max mem: 66385
[15:11:18.929677] Epoch: [2]  [  40/1251]  eta: 0:29:33  lr: 0.000975  loss: 0.5654 (0.5587)  time: 1.1417  data: 0.0004  max mem: 66385
[15:11:41.679512] Epoch: [2]  [  60/1251]  eta: 0:26:56  lr: 0.000983  loss: 0.5695 (0.5634)  time: 1.1374  data: 0.0005  max mem: 66385
[15:12:04.099681] Epoch: [2]  [  80/1251]  eta: 0:25:21  lr: 0.000991  loss: 0.5446 (0.5605)  time: 1.1210  data: 0.0005  max mem: 66385
[15:12:26.811285] Epoch: [2]  [ 100/1251]  eta: 0:24:17  lr: 0.000998  loss: 0.5370 (0.5558)  time: 1.1355  data: 0.0005  max mem: 66385
[15:12:48.943263] Epoch: [2]  [ 120/1251]  eta: 0:23:22  lr: 0.001006  loss: 0.5253 (0.5512)  time: 1.1065  data: 0.0043  max mem: 66385
[15:13:11.425854] Epoch: [2]  [ 140/1251]  eta: 0:22:39  lr: 0.001014  loss: 0.5463 (0.5502)  time: 1.1241  data: 0.0005  max mem: 66385
[15:13:34.266261] Epoch: [2]  [ 160/1251]  eta: 0:22:03  lr: 0.001021  loss: 0.5235 (0.5479)  time: 1.1420  data: 0.0005  max mem: 66385
[15:13:57.099012] Epoch: [2]  [ 180/1251]  eta: 0:21:31  lr: 0.001029  loss: 0.5412 (0.5480)  time: 1.1416  data: 0.0005  max mem: 66385
[15:14:19.400222] Epoch: [2]  [ 200/1251]  eta: 0:20:57  lr: 0.001037  loss: 0.5413 (0.5469)  time: 1.1150  data: 0.0051  max mem: 66385
[15:14:42.452562] Epoch: [2]  [ 220/1251]  eta: 0:20:29  lr: 0.001044  loss: 0.5345 (0.5460)  time: 1.1526  data: 0.0017  max mem: 66385
[15:15:05.147142] Epoch: [2]  [ 240/1251]  eta: 0:20:00  lr: 0.001052  loss: 0.5241 (0.5443)  time: 1.1347  data: 0.0005  max mem: 66385
[15:15:27.870368] Epoch: [2]  [ 260/1251]  eta: 0:19:33  lr: 0.001060  loss: 0.5384 (0.5438)  time: 1.1361  data: 0.0010  max mem: 66385
[15:15:50.543240] Epoch: [2]  [ 280/1251]  eta: 0:19:06  lr: 0.001067  loss: 0.5382 (0.5435)  time: 1.1336  data: 0.0056  max mem: 66385
[15:16:13.383418] Epoch: [2]  [ 300/1251]  eta: 0:18:39  lr: 0.001075  loss: 0.5242 (0.5424)  time: 1.1420  data: 0.0005  max mem: 66385
[15:16:36.218422] Epoch: [2]  [ 320/1251]  eta: 0:18:14  lr: 0.001083  loss: 0.5303 (0.5417)  time: 1.1417  data: 0.0005  max mem: 66385
[15:16:58.800228] Epoch: [2]  [ 340/1251]  eta: 0:17:48  lr: 0.001090  loss: 0.5310 (0.5410)  time: 1.1290  data: 0.0004  max mem: 66385
[15:17:21.427507] Epoch: [2]  [ 360/1251]  eta: 0:17:22  lr: 0.001098  loss: 0.5222 (0.5400)  time: 1.1313  data: 0.0004  max mem: 66385
[15:17:43.932113] Epoch: [2]  [ 380/1251]  eta: 0:16:57  lr: 0.001106  loss: 0.5278 (0.5394)  time: 1.1252  data: 0.0005  max mem: 66385
[15:18:06.501028] Epoch: [2]  [ 400/1251]  eta: 0:16:32  lr: 0.001113  loss: 0.5087 (0.5378)  time: 1.1284  data: 0.0004  max mem: 66385
[15:18:28.773391] Epoch: [2]  [ 420/1251]  eta: 0:16:06  lr: 0.001121  loss: 0.5504 (0.5383)  time: 1.1136  data: 0.0003  max mem: 66385
[15:18:51.286046] Epoch: [2]  [ 440/1251]  eta: 0:15:42  lr: 0.001129  loss: 0.5638 (0.5394)  time: 1.1256  data: 0.0004  max mem: 66385
[15:19:14.090893] Epoch: [2]  [ 460/1251]  eta: 0:15:18  lr: 0.001136  loss: 0.5519 (0.5400)  time: 1.1402  data: 0.0049  max mem: 66385
[15:19:36.815765] Epoch: [2]  [ 480/1251]  eta: 0:14:54  lr: 0.001144  loss: 0.5330 (0.5398)  time: 1.1362  data: 0.0004  max mem: 66385
[15:19:59.415799] Epoch: [2]  [ 500/1251]  eta: 0:14:30  lr: 0.001152  loss: 0.5301 (0.5397)  time: 1.1300  data: 0.0003  max mem: 66385
[15:20:21.843122] Epoch: [2]  [ 520/1251]  eta: 0:14:05  lr: 0.001160  loss: 0.5337 (0.5395)  time: 1.1213  data: 0.0005  max mem: 66385
[15:20:44.591705] Epoch: [2]  [ 540/1251]  eta: 0:13:42  lr: 0.001167  loss: 0.5230 (0.5388)  time: 1.1374  data: 0.0004  max mem: 66385
[15:21:07.180698] Epoch: [2]  [ 560/1251]  eta: 0:13:18  lr: 0.001175  loss: 0.5264 (0.5383)  time: 1.1294  data: 0.0005  max mem: 66385
[15:21:29.454763] Epoch: [2]  [ 580/1251]  eta: 0:12:54  lr: 0.001183  loss: 0.5178 (0.5377)  time: 1.1137  data: 0.0048  max mem: 66385
[15:21:52.003596] Epoch: [2]  [ 600/1251]  eta: 0:12:30  lr: 0.001190  loss: 0.5158 (0.5370)  time: 1.1274  data: 0.0005  max mem: 66385
[15:22:14.131141] Epoch: [2]  [ 620/1251]  eta: 0:12:06  lr: 0.001198  loss: 0.5291 (0.5367)  time: 1.1063  data: 0.0004  max mem: 66385
[15:22:36.594362] Epoch: [2]  [ 640/1251]  eta: 0:11:43  lr: 0.001206  loss: 0.5216 (0.5363)  time: 1.1231  data: 0.0004  max mem: 66385
[15:22:59.151602] Epoch: [2]  [ 660/1251]  eta: 0:11:19  lr: 0.001213  loss: 0.5266 (0.5360)  time: 1.1278  data: 0.0005  max mem: 66385
[15:23:21.600645] Epoch: [2]  [ 680/1251]  eta: 0:10:56  lr: 0.001221  loss: 0.5231 (0.5356)  time: 1.1224  data: 0.0005  max mem: 66385
[15:23:44.172212] Epoch: [2]  [ 700/1251]  eta: 0:10:32  lr: 0.001229  loss: 0.5290 (0.5354)  time: 1.1285  data: 0.0005  max mem: 66385
[15:24:06.720039] Epoch: [2]  [ 720/1251]  eta: 0:10:09  lr: 0.001236  loss: 0.5265 (0.5352)  time: 1.1273  data: 0.0048  max mem: 66385
[15:24:29.240399] Epoch: [2]  [ 740/1251]  eta: 0:09:46  lr: 0.001244  loss: 0.5299 (0.5352)  time: 1.1260  data: 0.0004  max mem: 66385
[15:24:51.826958] Epoch: [2]  [ 760/1251]  eta: 0:09:23  lr: 0.001252  loss: 0.5265 (0.5350)  time: 1.1293  data: 0.0004  max mem: 66385
[15:25:14.489787] Epoch: [2]  [ 780/1251]  eta: 0:09:00  lr: 0.001259  loss: 0.5272 (0.5347)  time: 1.1331  data: 0.0004  max mem: 66385
[15:25:36.938361] Epoch: [2]  [ 800/1251]  eta: 0:08:36  lr: 0.001267  loss: 0.5047 (0.5340)  time: 1.1224  data: 0.0005  max mem: 66385
[15:25:59.528801] Epoch: [2]  [ 820/1251]  eta: 0:08:13  lr: 0.001275  loss: 0.5137 (0.5335)  time: 1.1295  data: 0.0005  max mem: 66385
[15:26:22.077856] Epoch: [2]  [ 840/1251]  eta: 0:07:50  lr: 0.001282  loss: 0.5224 (0.5332)  time: 1.1274  data: 0.0004  max mem: 66385
[15:26:44.522541] Epoch: [2]  [ 860/1251]  eta: 0:07:27  lr: 0.001290  loss: 0.5551 (0.5342)  time: 1.1222  data: 0.0006  max mem: 66385
[15:27:06.861842] Epoch: [2]  [ 880/1251]  eta: 0:07:04  lr: 0.001298  loss: 0.6194 (0.5363)  time: 1.1169  data: 0.0008  max mem: 66385
[15:27:29.369093] Epoch: [2]  [ 900/1251]  eta: 0:06:41  lr: 0.001305  loss: 0.6714 (0.5397)  time: 1.1253  data: 0.0005  max mem: 66385
[15:27:51.920624] Epoch: [2]  [ 920/1251]  eta: 0:06:18  lr: 0.001313  loss: 0.6498 (0.5421)  time: 1.1275  data: 0.0005  max mem: 66385
[15:28:14.531680] Epoch: [2]  [ 940/1251]  eta: 0:05:55  lr: 0.001321  loss: 0.5976 (0.5432)  time: 1.1305  data: 0.0005  max mem: 66385
[15:28:36.995489] Epoch: [2]  [ 960/1251]  eta: 0:05:32  lr: 0.001328  loss: 0.5692 (0.5438)  time: 1.1231  data: 0.0005  max mem: 66385
[15:28:59.595477] Epoch: [2]  [ 980/1251]  eta: 0:05:09  lr: 0.001336  loss: 0.5582 (0.5440)  time: 1.1300  data: 0.0003  max mem: 66385
[15:29:22.136627] Epoch: [2]  [1000/1251]  eta: 0:04:46  lr: 0.001344  loss: 0.5287 (0.5437)  time: 1.1270  data: 0.0004  max mem: 66385
[15:29:44.550551] Epoch: [2]  [1020/1251]  eta: 0:04:23  lr: 0.001351  loss: 0.5379 (0.5436)  time: 1.1206  data: 0.0005  max mem: 66385
[15:30:06.999041] Epoch: [2]  [1040/1251]  eta: 0:04:00  lr: 0.001359  loss: 0.5247 (0.5433)  time: 1.1224  data: 0.0004  max mem: 66385
[15:30:29.587548] Epoch: [2]  [1060/1251]  eta: 0:03:37  lr: 0.001367  loss: 0.5097 (0.5429)  time: 1.1294  data: 0.0007  max mem: 66385
[15:30:52.224882] Epoch: [2]  [1080/1251]  eta: 0:03:15  lr: 0.001374  loss: 0.5213 (0.5426)  time: 1.1318  data: 0.0049  max mem: 66385
[15:31:14.908610] Epoch: [2]  [1100/1251]  eta: 0:02:52  lr: 0.001382  loss: 0.5297 (0.5424)  time: 1.1341  data: 0.0004  max mem: 66385
[15:31:37.336548] Epoch: [2]  [1120/1251]  eta: 0:02:29  lr: 0.001390  loss: 0.5210 (0.5420)  time: 1.1213  data: 0.0005  max mem: 66385
[15:31:59.940044] Epoch: [2]  [1140/1251]  eta: 0:02:06  lr: 0.001397  loss: 0.5223 (0.5416)  time: 1.1301  data: 0.0005  max mem: 66385
[15:32:22.729688] Epoch: [2]  [1160/1251]  eta: 0:01:43  lr: 0.001405  loss: 0.5063 (0.5411)  time: 1.1394  data: 0.0004  max mem: 66385
[15:32:45.358323] Epoch: [2]  [1180/1251]  eta: 0:01:20  lr: 0.001413  loss: 0.5207 (0.5407)  time: 1.1314  data: 0.0004  max mem: 66385
[15:33:07.921794] Epoch: [2]  [1200/1251]  eta: 0:00:58  lr: 0.001420  loss: 0.5329 (0.5406)  time: 1.1281  data: 0.0004  max mem: 66385
[15:33:30.456174] Epoch: [2]  [1220/1251]  eta: 0:00:35  lr: 0.001428  loss: 0.5402 (0.5407)  time: 1.1267  data: 0.0004  max mem: 66385
[15:33:51.933260] Epoch: [2]  [1240/1251]  eta: 0:00:12  lr: 0.001436  loss: 0.5320 (0.5405)  time: 1.0738  data: 0.0007  max mem: 66385
[15:34:02.005074] Epoch: [2]  [1250/1251]  eta: 0:00:01  lr: 0.001439  loss: 0.5320 (0.5405)  time: 1.0207  data: 0.0005  max mem: 66385
[15:34:03.148980] Epoch: [2] Total time: 0:23:44 (1.1385 s / it)
[15:34:03.162180] Averaged stats: lr: 0.001439  loss: 0.5320 (0.5400)
[15:34:03.165693] log_dir: /ibex/ai/project/c2090/lomar_plus_save/logs/raven/mae_encoderonly_mask_0.8_neigh_1_wind_7_num_4_epoches_100_r_448
[15:34:14.259471] Epoch: [3]  [   0/1251]  eta: 3:51:16  lr: 0.001440  loss: 0.5541 (0.5541)  time: 11.0925  data: 9.9485  max mem: 66385
[15:34:38.130308] Epoch: [3]  [  20/1251]  eta: 0:34:09  lr: 0.001448  loss: 0.5295 (0.5304)  time: 1.1935  data: 0.0004  max mem: 66385
[15:35:00.816096] Epoch: [3]  [  40/1251]  eta: 0:28:22  lr: 0.001455  loss: 0.5240 (0.5281)  time: 1.1342  data: 0.0058  max mem: 66385
[15:35:23.436456] Epoch: [3]  [  60/1251]  eta: 0:26:07  lr: 0.001463  loss: 0.5186 (0.5248)  time: 1.1310  data: 0.0009  max mem: 66385
[15:35:46.199984] Epoch: [3]  [  80/1251]  eta: 0:24:49  lr: 0.001471  loss: 0.5111 (0.5210)  time: 1.1381  data: 0.0005  max mem: 66385
[15:36:08.742009] Epoch: [3]  [ 100/1251]  eta: 0:23:50  lr: 0.001478  loss: 0.5249 (0.5213)  time: 1.1270  data: 0.0004  max mem: 66385
[15:36:31.308417] Epoch: [3]  [ 120/1251]  eta: 0:23:04  lr: 0.001486  loss: 0.5129 (0.5195)  time: 1.1283  data: 0.0010  max mem: 66385
[15:36:53.930580] Epoch: [3]  [ 140/1251]  eta: 0:22:25  lr: 0.001494  loss: 0.5103 (0.5178)  time: 1.1311  data: 0.0007  max mem: 66385
[15:37:16.582860] Epoch: [3]  [ 160/1251]  eta: 0:21:50  lr: 0.001501  loss: 0.5242 (0.5194)  time: 1.1326  data: 0.0005  max mem: 66385
[15:37:39.558345] Epoch: [3]  [ 180/1251]  eta: 0:21:20  lr: 0.001509  loss: 0.5579 (0.5239)  time: 1.1487  data: 0.0005  max mem: 66385
[15:38:02.335024] Epoch: [3]  [ 200/1251]  eta: 0:20:50  lr: 0.001517  loss: 0.5709 (0.5294)  time: 1.1388  data: 0.0005  max mem: 66385
[15:38:25.110885] Epoch: [3]  [ 220/1251]  eta: 0:20:21  lr: 0.001524  loss: 0.5663 (0.5332)  time: 1.1387  data: 0.0004  max mem: 66385
[15:38:47.727300] Epoch: [3]  [ 240/1251]  eta: 0:19:53  lr: 0.001532  loss: 0.5541 (0.5350)  time: 1.1308  data: 0.0005  max mem: 66385
[15:39:10.730364] Epoch: [3]  [ 260/1251]  eta: 0:19:27  lr: 0.001540  loss: 0.5340 (0.5353)  time: 1.1501  data: 0.0004  max mem: 66385
[15:39:33.383918] Epoch: [3]  [ 280/1251]  eta: 0:19:01  lr: 0.001547  loss: 0.5240 (0.5347)  time: 1.1326  data: 0.0007  max mem: 66385
[15:39:55.916195] Epoch: [3]  [ 300/1251]  eta: 0:18:34  lr: 0.001555  loss: 0.5239 (0.5341)  time: 1.1266  data: 0.0004  max mem: 66385
[15:40:18.549509] Epoch: [3]  [ 320/1251]  eta: 0:18:08  lr: 0.001563  loss: 0.5112 (0.5329)  time: 1.1316  data: 0.0005  max mem: 66385
[15:40:41.074717] Epoch: [3]  [ 340/1251]  eta: 0:17:42  lr: 0.001570  loss: 0.5100 (0.5315)  time: 1.1262  data: 0.0006  max mem: 66385
[15:41:03.863988] Epoch: [3]  [ 360/1251]  eta: 0:17:18  lr: 0.001578  loss: 0.5104 (0.5305)  time: 1.1357  data: 0.0005  max mem: 66385
[15:41:26.219388] Epoch: [3]  [ 380/1251]  eta: 0:16:52  lr: 0.001586  loss: 0.5174 (0.5296)  time: 1.1177  data: 0.0004  max mem: 66385
[15:41:48.694721] Epoch: [3]  [ 400/1251]  eta: 0:16:27  lr: 0.001593  loss: 0.5283 (0.5294)  time: 1.1237  data: 0.0052  max mem: 66385
[15:42:11.020722] Epoch: [3]  [ 420/1251]  eta: 0:16:02  lr: 0.001601  loss: 0.5133 (0.5285)  time: 1.1162  data: 0.0005  max mem: 66385
[15:42:33.416730] Epoch: [3]  [ 440/1251]  eta: 0:15:38  lr: 0.001609  loss: 0.5174 (0.5279)  time: 1.1197  data: 0.0005  max mem: 66385
[15:42:55.847660] Epoch: [3]  [ 460/1251]  eta: 0:15:13  lr: 0.001616  loss: 0.5071 (0.5271)  time: 1.1215  data: 0.0017  max mem: 66385
[15:43:18.238729] Epoch: [3]  [ 480/1251]  eta: 0:14:49  lr: 0.001624  loss: 0.5082 (0.5263)  time: 1.1195  data: 0.0057  max mem: 66385
[15:43:40.759928] Epoch: [3]  [ 500/1251]  eta: 0:14:25  lr: 0.001632  loss: 0.5060 (0.5254)  time: 1.1260  data: 0.0006  max mem: 66385
[15:44:02.977505] Epoch: [3]  [ 520/1251]  eta: 0:14:01  lr: 0.001640  loss: 0.5214 (0.5252)  time: 1.1108  data: 0.0005  max mem: 66385
[15:44:25.642572] Epoch: [3]  [ 540/1251]  eta: 0:13:37  lr: 0.001647  loss: 0.5145 (0.5247)  time: 1.1332  data: 0.0005  max mem: 66385
[15:44:48.401453] Epoch: [3]  [ 560/1251]  eta: 0:13:14  lr: 0.001655  loss: 0.5197 (0.5245)  time: 1.1379  data: 0.0004  max mem: 66385
[15:45:10.951062] Epoch: [3]  [ 580/1251]  eta: 0:12:51  lr: 0.001663  loss: 0.5123 (0.5241)  time: 1.1274  data: 0.0005  max mem: 66385
[15:45:33.526088] Epoch: [3]  [ 600/1251]  eta: 0:12:27  lr: 0.001670  loss: 0.5048 (0.5235)  time: 1.1287  data: 0.0005  max mem: 66385
[15:45:56.195418] Epoch: [3]  [ 620/1251]  eta: 0:12:04  lr: 0.001678  loss: 0.5031 (0.5232)  time: 1.1334  data: 0.0004  max mem: 66385
[15:46:18.462765] Epoch: [3]  [ 640/1251]  eta: 0:11:40  lr: 0.001686  loss: 0.5022 (0.5226)  time: 1.1133  data: 0.0050  max mem: 66385
[15:46:41.079155] Epoch: [3]  [ 660/1251]  eta: 0:11:17  lr: 0.001693  loss: 0.4943 (0.5218)  time: 1.1308  data: 0.0009  max mem: 66385
[15:47:03.715677] Epoch: [3]  [ 680/1251]  eta: 0:10:54  lr: 0.001701  loss: 0.5485 (0.5231)  time: 1.1318  data: 0.0004  max mem: 66385
[15:47:26.265704] Epoch: [3]  [ 700/1251]  eta: 0:10:31  lr: 0.001709  loss: 0.6011 (0.5253)  time: 1.1274  data: 0.0005  max mem: 66385
[15:47:49.181144] Epoch: [3]  [ 720/1251]  eta: 0:10:08  lr: 0.001716  loss: 0.5802 (0.5271)  time: 1.1457  data: 0.0059  max mem: 66385
[15:48:11.695117] Epoch: [3]  [ 740/1251]  eta: 0:09:45  lr: 0.001724  loss: 0.5690 (0.5282)  time: 1.1256  data: 0.0005  max mem: 66385
[15:48:34.336168] Epoch: [3]  [ 760/1251]  eta: 0:09:22  lr: 0.001732  loss: 0.5478 (0.5287)  time: 1.1320  data: 0.0054  max mem: 66385
[15:48:56.996999] Epoch: [3]  [ 780/1251]  eta: 0:08:58  lr: 0.001739  loss: 0.5328 (0.5288)  time: 1.1330  data: 0.0003  max mem: 66385
[15:49:19.681377] Epoch: [3]  [ 800/1251]  eta: 0:08:35  lr: 0.001747  loss: 0.5160 (0.5285)  time: 1.1342  data: 0.0003  max mem: 66385
[15:49:42.059523] Epoch: [3]  [ 820/1251]  eta: 0:08:12  lr: 0.001755  loss: 0.5063 (0.5281)  time: 1.1189  data: 0.0005  max mem: 66385
[15:50:04.595405] Epoch: [3]  [ 840/1251]  eta: 0:07:49  lr: 0.001762  loss: 0.5094 (0.5277)  time: 1.1267  data: 0.0004  max mem: 66385
[15:50:27.290041] Epoch: [3]  [ 860/1251]  eta: 0:07:26  lr: 0.001770  loss: 0.5055 (0.5272)  time: 1.1347  data: 0.0005  max mem: 66385
[15:50:50.024271] Epoch: [3]  [ 880/1251]  eta: 0:07:03  lr: 0.001778  loss: 0.4965 (0.5266)  time: 1.1366  data: 0.0005  max mem: 66385
[15:51:12.559090] Epoch: [3]  [ 900/1251]  eta: 0:06:40  lr: 0.001785  loss: 0.4950 (0.5261)  time: 1.1267  data: 0.0005  max mem: 66385
[15:51:34.983585] Epoch: [3]  [ 920/1251]  eta: 0:06:17  lr: 0.001793  loss: 0.4858 (0.5252)  time: 1.1212  data: 0.0006  max mem: 66385
[15:51:57.590367] Epoch: [3]  [ 940/1251]  eta: 0:05:55  lr: 0.001801  loss: 0.5179 (0.5250)  time: 1.1303  data: 0.0005  max mem: 66385
[15:52:20.152151] Epoch: [3]  [ 960/1251]  eta: 0:05:32  lr: 0.001808  loss: 0.5125 (0.5248)  time: 1.1280  data: 0.0004  max mem: 66385
[15:52:42.579788] Epoch: [3]  [ 980/1251]  eta: 0:05:09  lr: 0.001816  loss: 0.5319 (0.5250)  time: 1.1213  data: 0.0005  max mem: 66385
[15:53:04.849016] Epoch: [3]  [1000/1251]  eta: 0:04:46  lr: 0.001824  loss: 0.5219 (0.5249)  time: 1.1134  data: 0.0004  max mem: 66385
[15:53:27.507059] Epoch: [3]  [1020/1251]  eta: 0:04:23  lr: 0.001831  loss: 0.5042 (0.5246)  time: 1.1328  data: 0.0012  max mem: 66385
[15:53:50.197188] Epoch: [3]  [1040/1251]  eta: 0:04:00  lr: 0.001839  loss: 0.5138 (0.5244)  time: 1.1345  data: 0.0054  max mem: 66385
[15:54:12.584449] Epoch: [3]  [1060/1251]  eta: 0:03:37  lr: 0.001847  loss: 0.5133 (0.5242)  time: 1.1193  data: 0.0005  max mem: 66385
[15:54:35.093770] Epoch: [3]  [1080/1251]  eta: 0:03:14  lr: 0.001854  loss: 0.5027 (0.5238)  time: 1.1254  data: 0.0057  max mem: 66385
[15:54:57.820558] Epoch: [3]  [1100/1251]  eta: 0:02:52  lr: 0.001862  loss: 0.5116 (0.5236)  time: 1.1363  data: 0.0004  max mem: 66385
[15:55:20.425333] Epoch: [3]  [1120/1251]  eta: 0:02:29  lr: 0.001870  loss: 0.5196 (0.5237)  time: 1.1302  data: 0.0004  max mem: 66385
[15:55:43.082088] Epoch: [3]  [1140/1251]  eta: 0:02:06  lr: 0.001877  loss: 0.5159 (0.5236)  time: 1.1328  data: 0.0004  max mem: 66385
[15:56:05.745508] Epoch: [3]  [1160/1251]  eta: 0:01:43  lr: 0.001885  loss: 0.5253 (0.5237)  time: 1.1331  data: 0.0008  max mem: 66385
[15:56:28.426456] Epoch: [3]  [1180/1251]  eta: 0:01:20  lr: 0.001893  loss: 0.5262 (0.5238)  time: 1.1295  data: 0.0005  max mem: 66385
[15:56:50.683022] Epoch: [3]  [1200/1251]  eta: 0:00:58  lr: 0.001900  loss: 0.5017 (0.5235)  time: 1.1128  data: 0.0007  max mem: 66385
[15:57:13.382836] Epoch: [3]  [1220/1251]  eta: 0:00:35  lr: 0.001908  loss: 0.5010 (0.5231)  time: 1.1349  data: 0.0005  max mem: 66385
[15:57:34.959932] Epoch: [3]  [1240/1251]  eta: 0:00:12  lr: 0.001916  loss: 0.5134 (0.5230)  time: 1.0788  data: 0.0009  max mem: 66385
[15:57:45.005491] Epoch: [3]  [1250/1251]  eta: 0:00:01  lr: 0.001919  loss: 0.5161 (0.5230)  time: 1.0194  data: 0.0007  max mem: 66385
[15:57:46.229934] Epoch: [3] Total time: 0:23:43 (1.1375 s / it)
[15:57:46.230594] Averaged stats: lr: 0.001919  loss: 0.5161 (0.5239)
[15:57:46.236107] log_dir: /ibex/ai/project/c2090/lomar_plus_save/logs/raven/mae_encoderonly_mask_0.8_neigh_1_wind_7_num_4_epoches_100_r_448
[15:57:56.977963] Epoch: [4]  [   0/1251]  eta: 3:43:55  lr: 0.001920  loss: 0.5383 (0.5383)  time: 10.7402  data: 8.1173  max mem: 66385
[15:58:20.662090] Epoch: [4]  [  20/1251]  eta: 0:33:37  lr: 0.001928  loss: 0.5170 (0.5193)  time: 1.1841  data: 0.0364  max mem: 66385
[15:58:43.197975] Epoch: [4]  [  40/1251]  eta: 0:28:02  lr: 0.001935  loss: 0.5115 (0.5149)  time: 1.1267  data: 0.0007  max mem: 66385
[15:59:05.633650] Epoch: [4]  [  60/1251]  eta: 0:25:50  lr: 0.001943  loss: 0.5083 (0.5118)  time: 1.1217  data: 0.0004  max mem: 66385
[15:59:28.291534] Epoch: [4]  [  80/1251]  eta: 0:24:35  lr: 0.001951  loss: 0.5149 (0.5134)  time: 1.1328  data: 0.0005  max mem: 66385
[15:59:51.182827] Epoch: [4]  [ 100/1251]  eta: 0:23:43  lr: 0.001958  loss: 0.5214 (0.5140)  time: 1.1445  data: 0.0054  max mem: 66385
[16:00:14.031674] Epoch: [4]  [ 120/1251]  eta: 0:23:01  lr: 0.001966  loss: 0.5155 (0.5147)  time: 1.1424  data: 0.0004  max mem: 66385
[16:00:36.944567] Epoch: [4]  [ 140/1251]  eta: 0:22:25  lr: 0.001974  loss: 0.5144 (0.5132)  time: 1.1456  data: 0.0005  max mem: 66385
[16:00:59.588658] Epoch: [4]  [ 160/1251]  eta: 0:21:50  lr: 0.001981  loss: 0.5029 (0.5124)  time: 1.1322  data: 0.0007  max mem: 66385
[16:01:22.286555] Epoch: [4]  [ 180/1251]  eta: 0:21:18  lr: 0.001989  loss: 0.5000 (0.5117)  time: 1.1348  data: 0.0005  max mem: 66385
[16:01:44.927382] Epoch: [4]  [ 200/1251]  eta: 0:20:48  lr: 0.001997  loss: 0.5138 (0.5119)  time: 1.1320  data: 0.0005  max mem: 66385
[16:02:07.621075] Epoch: [4]  [ 220/1251]  eta: 0:20:19  lr: 0.002004  loss: 0.5014 (0.5110)  time: 1.1346  data: 0.0005  max mem: 66385
[16:02:30.265614] Epoch: [4]  [ 240/1251]  eta: 0:19:51  lr: 0.002012  loss: 0.4938 (0.5095)  time: 1.1322  data: 0.0049  max mem: 66385
[16:02:52.901268] Epoch: [4]  [ 260/1251]  eta: 0:19:24  lr: 0.002020  loss: 0.5045 (0.5090)  time: 1.1317  data: 0.0094  max mem: 66385
[16:03:15.663720] Epoch: [4]  [ 280/1251]  eta: 0:18:58  lr: 0.002027  loss: 0.5343 (0.5110)  time: 1.1381  data: 0.0004  max mem: 66385
[16:03:38.166198] Epoch: [4]  [ 300/1251]  eta: 0:18:31  lr: 0.002035  loss: 0.5309 (0.5123)  time: 1.1251  data: 0.0005  max mem: 66385
[16:04:00.712172] Epoch: [4]  [ 320/1251]  eta: 0:18:06  lr: 0.002043  loss: 0.5244 (0.5128)  time: 1.1272  data: 0.0005  max mem: 66385
[16:04:23.242239] Epoch: [4]  [ 340/1251]  eta: 0:17:40  lr: 0.002050  loss: 0.5086 (0.5128)  time: 1.1265  data: 0.0004  max mem: 66385
[16:04:45.684532] Epoch: [4]  [ 360/1251]  eta: 0:17:15  lr: 0.002058  loss: 0.4957 (0.5121)  time: 1.1221  data: 0.0003  max mem: 66385
[16:05:08.347036] Epoch: [4]  [ 380/1251]  eta: 0:16:50  lr: 0.002066  loss: 0.5044 (0.5116)  time: 1.1331  data: 0.0006  max mem: 66385
[16:05:30.959629] Epoch: [4]  [ 400/1251]  eta: 0:16:26  lr: 0.002073  loss: 0.4912 (0.5106)  time: 1.1306  data: 0.0004  max mem: 66385
[16:05:53.750838] Epoch: [4]  [ 420/1251]  eta: 0:16:02  lr: 0.002081  loss: 0.5013 (0.5100)  time: 1.1395  data: 0.0004  max mem: 66385
[16:06:16.262659] Epoch: [4]  [ 440/1251]  eta: 0:15:37  lr: 0.002089  loss: 0.5198 (0.5105)  time: 1.1255  data: 0.0004  max mem: 66385
[16:06:38.932647] Epoch: [4]  [ 460/1251]  eta: 0:15:13  lr: 0.002096  loss: 0.5374 (0.5117)  time: 1.1334  data: 0.0005  max mem: 66385
[16:07:01.772782] Epoch: [4]  [ 480/1251]  eta: 0:14:50  lr: 0.002104  loss: 0.5297 (0.5125)  time: 1.1420  data: 0.0005  max mem: 66385
[16:07:24.579716] Epoch: [4]  [ 500/1251]  eta: 0:14:26  lr: 0.002112  loss: 0.5199 (0.5127)  time: 1.1403  data: 0.0004  max mem: 66385
[16:07:47.480920] Epoch: [4]  [ 520/1251]  eta: 0:14:03  lr: 0.002120  loss: 0.5059 (0.5126)  time: 1.1450  data: 0.0007  max mem: 66385
[16:08:09.851184] Epoch: [4]  [ 540/1251]  eta: 0:13:39  lr: 0.002127  loss: 0.4954 (0.5120)  time: 1.1185  data: 0.0044  max mem: 66385
[16:08:32.560763] Epoch: [4]  [ 560/1251]  eta: 0:13:16  lr: 0.002135  loss: 0.4943 (0.5113)  time: 1.1354  data: 0.0014  max mem: 66385
[16:08:55.163943] Epoch: [4]  [ 580/1251]  eta: 0:12:52  lr: 0.002143  loss: 0.5018 (0.5108)  time: 1.1301  data: 0.0005  max mem: 66385
[16:09:17.713798] Epoch: [4]  [ 600/1251]  eta: 0:12:28  lr: 0.002150  loss: 0.4944 (0.5104)  time: 1.1274  data: 0.0004  max mem: 66385
[16:09:40.564087] Epoch: [4]  [ 620/1251]  eta: 0:12:05  lr: 0.002158  loss: 0.5111 (0.5104)  time: 1.1425  data: 0.0004  max mem: 66385
[16:10:02.911103] Epoch: [4]  [ 640/1251]  eta: 0:11:42  lr: 0.002166  loss: 0.5008 (0.5102)  time: 1.1173  data: 0.0004  max mem: 66385
[16:10:25.911866] Epoch: [4]  [ 660/1251]  eta: 0:11:19  lr: 0.002173  loss: 0.4932 (0.5096)  time: 1.1500  data: 0.0022  max mem: 66385
[16:10:48.589383] Epoch: [4]  [ 680/1251]  eta: 0:10:55  lr: 0.002181  loss: 0.4941 (0.5091)  time: 1.1338  data: 0.0010  max mem: 66385
[16:11:11.232398] Epoch: [4]  [ 700/1251]  eta: 0:10:32  lr: 0.002189  loss: 0.4987 (0.5088)  time: 1.1321  data: 0.0101  max mem: 66385
[16:11:33.858090] Epoch: [4]  [ 720/1251]  eta: 0:10:09  lr: 0.002196  loss: 0.4966 (0.5086)  time: 1.1312  data: 0.0004  max mem: 66385
[16:11:56.566260] Epoch: [4]  [ 740/1251]  eta: 0:09:46  lr: 0.002204  loss: 0.4933 (0.5084)  time: 1.1354  data: 0.0006  max mem: 66385
[16:12:19.313416] Epoch: [4]  [ 760/1251]  eta: 0:09:23  lr: 0.002212  loss: 0.4863 (0.5079)  time: 1.1373  data: 0.0006  max mem: 66385
[16:12:41.990642] Epoch: [4]  [ 780/1251]  eta: 0:09:00  lr: 0.002219  loss: 0.4991 (0.5078)  time: 1.1338  data: 0.0004  max mem: 66385
[16:13:04.573036] Epoch: [4]  [ 800/1251]  eta: 0:08:37  lr: 0.002227  loss: 0.5199 (0.5080)  time: 1.1291  data: 0.0047  max mem: 66385
[16:13:27.087250] Epoch: [4]  [ 820/1251]  eta: 0:08:13  lr: 0.002235  loss: 0.5013 (0.5078)  time: 1.1257  data: 0.0004  max mem: 66385
[16:13:49.668595] Epoch: [4]  [ 840/1251]  eta: 0:07:50  lr: 0.002242  loss: 0.5020 (0.5076)  time: 1.1290  data: 0.0005  max mem: 66385
[16:14:12.436223] Epoch: [4]  [ 860/1251]  eta: 0:07:27  lr: 0.002250  loss: 0.4928 (0.5073)  time: 1.1383  data: 0.0010  max mem: 66385
[16:14:35.087499] Epoch: [4]  [ 880/1251]  eta: 0:07:04  lr: 0.002258  loss: 0.4918 (0.5070)  time: 1.1325  data: 0.0009  max mem: 66385
[16:14:57.732339] Epoch: [4]  [ 900/1251]  eta: 0:06:41  lr: 0.002265  loss: 0.4920 (0.5066)  time: 1.1322  data: 0.0007  max mem: 66385
[16:15:20.451861] Epoch: [4]  [ 920/1251]  eta: 0:06:18  lr: 0.002273  loss: 0.4824 (0.5062)  time: 1.1359  data: 0.0004  max mem: 66385
[16:15:43.062324] Epoch: [4]  [ 940/1251]  eta: 0:05:55  lr: 0.002281  loss: 0.4991 (0.5061)  time: 1.1305  data: 0.0007  max mem: 66385
[16:16:05.676078] Epoch: [4]  [ 960/1251]  eta: 0:05:32  lr: 0.002288  loss: 0.5126 (0.5062)  time: 1.1307  data: 0.0003  max mem: 66385
[16:16:28.587464] Epoch: [4]  [ 980/1251]  eta: 0:05:10  lr: 0.002296  loss: 0.4982 (0.5061)  time: 1.1455  data: 0.0003  max mem: 66385
[16:16:51.197970] Epoch: [4]  [1000/1251]  eta: 0:04:47  lr: 0.002304  loss: 0.4931 (0.5060)  time: 1.1305  data: 0.0005  max mem: 66385
[16:17:13.911143] Epoch: [4]  [1020/1251]  eta: 0:04:24  lr: 0.002311  loss: 0.4917 (0.5057)  time: 1.1356  data: 0.0006  max mem: 66385
[16:17:36.423658] Epoch: [4]  [1040/1251]  eta: 0:04:01  lr: 0.002319  loss: 0.5042 (0.5058)  time: 1.1256  data: 0.0005  max mem: 66385
[16:17:59.107896] Epoch: [4]  [1060/1251]  eta: 0:03:38  lr: 0.002327  loss: 0.5098 (0.5058)  time: 1.1342  data: 0.0004  max mem: 66385
[16:18:21.619202] Epoch: [4]  [1080/1251]  eta: 0:03:15  lr: 0.002334  loss: 0.5014 (0.5056)  time: 1.1255  data: 0.0008  max mem: 66385
[16:18:43.991985] Epoch: [4]  [1100/1251]  eta: 0:02:52  lr: 0.002342  loss: 0.4976 (0.5054)  time: 1.1186  data: 0.0004  max mem: 66385
[16:19:06.699344] Epoch: [4]  [1120/1251]  eta: 0:02:29  lr: 0.002350  loss: 0.4874 (0.5051)  time: 1.1353  data: 0.0048  max mem: 66385
[16:19:29.185743] Epoch: [4]  [1140/1251]  eta: 0:02:06  lr: 0.002357  loss: 0.4839 (0.5047)  time: 1.1243  data: 0.0004  max mem: 66385
[16:19:51.723928] Epoch: [4]  [1160/1251]  eta: 0:01:43  lr: 0.002365  loss: 0.4873 (0.5044)  time: 1.1266  data: 0.0021  max mem: 66385
[16:20:14.584629] Epoch: [4]  [1180/1251]  eta: 0:01:21  lr: 0.002373  loss: 0.4968 (0.5043)  time: 1.1430  data: 0.0005  max mem: 66385
[16:20:37.345947] Epoch: [4]  [1200/1251]  eta: 0:00:58  lr: 0.002380  loss: 0.5834 (0.5058)  time: 1.1380  data: 0.0004  max mem: 66385
[16:20:59.908291] Epoch: [4]  [1220/1251]  eta: 0:00:35  lr: 0.002388  loss: 0.5639 (0.5068)  time: 1.1281  data: 0.0004  max mem: 66385
[16:21:21.514547] Epoch: [4]  [1240/1251]  eta: 0:00:12  lr: 0.002396  loss: 0.5553 (0.5076)  time: 1.0803  data: 0.0008  max mem: 66385
[16:21:31.544553] Epoch: [4]  [1250/1251]  eta: 0:00:01  lr: 0.002399  loss: 0.5503 (0.5079)  time: 1.0193  data: 0.0006  max mem: 66385
[16:21:32.842616] Epoch: [4] Total time: 0:23:46 (1.1404 s / it)
[16:21:32.843237] Averaged stats: lr: 0.002399  loss: 0.5503 (0.5071)
[16:21:32.846583] log_dir: /ibex/ai/project/c2090/lomar_plus_save/logs/raven/mae_encoderonly_mask_0.8_neigh_1_wind_7_num_4_epoches_100_r_448
[16:21:45.076165] Epoch: [5]  [   0/1251]  eta: 4:14:57  lr: 0.002400  loss: 0.5410 (0.5410)  time: 12.2284  data: 8.2117  max mem: 66385
[16:22:08.406330] Epoch: [5]  [  20/1251]  eta: 0:34:44  lr: 0.002400  loss: 0.5247 (0.5284)  time: 1.1664  data: 0.0054  max mem: 66385
[16:22:31.067493] Epoch: [5]  [  40/1251]  eta: 0:28:39  lr: 0.002400  loss: 0.5096 (0.5183)  time: 1.1330  data: 0.0005  max mem: 66385
[16:22:53.452394] Epoch: [5]  [  60/1251]  eta: 0:26:13  lr: 0.002400  loss: 0.4980 (0.5129)  time: 1.1192  data: 0.0005  max mem: 66385
[16:23:16.258332] Epoch: [5]  [  80/1251]  eta: 0:24:54  lr: 0.002400  loss: 0.4951 (0.5080)  time: 1.1402  data: 0.0006  max mem: 66385
[16:23:38.927236] Epoch: [5]  [ 100/1251]  eta: 0:23:56  lr: 0.002400  loss: 0.4853 (0.5042)  time: 1.1334  data: 0.0006  max mem: 66385
[16:24:01.644393] Epoch: [5]  [ 120/1251]  eta: 0:23:10  lr: 0.002400  loss: 0.5126 (0.5064)  time: 1.1358  data: 0.0004  max mem: 66385
[16:24:24.342479] Epoch: [5]  [ 140/1251]  eta: 0:22:31  lr: 0.002400  loss: 0.5075 (0.5069)  time: 1.1348  data: 0.0006  max mem: 66385
[16:24:46.919048] Epoch: [5]  [ 160/1251]  eta: 0:21:55  lr: 0.002400  loss: 0.5144 (0.5085)  time: 1.1288  data: 0.0058  max mem: 66385
[16:25:09.667373] Epoch: [5]  [ 180/1251]  eta: 0:21:22  lr: 0.002400  loss: 0.5034 (0.5080)  time: 1.1374  data: 0.0003  max mem: 66385
[16:25:32.396203] Epoch: [5]  [ 200/1251]  eta: 0:20:52  lr: 0.002400  loss: 0.4856 (0.5059)  time: 1.1364  data: 0.0005  max mem: 66385
[16:25:55.435716] Epoch: [5]  [ 220/1251]  eta: 0:20:24  lr: 0.002400  loss: 0.4908 (0.5050)  time: 1.1519  data: 0.0011  max mem: 66385
[16:26:18.300886] Epoch: [5]  [ 240/1251]  eta: 0:19:57  lr: 0.002400  loss: 0.4954 (0.5046)  time: 1.1432  data: 0.0006  max mem: 66385
[16:26:41.047534] Epoch: [5]  [ 260/1251]  eta: 0:19:30  lr: 0.002400  loss: 0.4968 (0.5036)  time: 1.1373  data: 0.0005  max mem: 66385
[16:27:03.572710] Epoch: [5]  [ 280/1251]  eta: 0:19:02  lr: 0.002400  loss: 0.4916 (0.5027)  time: 1.1262  data: 0.0005  max mem: 66385
[16:27:26.363251] Epoch: [5]  [ 300/1251]  eta: 0:18:36  lr: 0.002400  loss: 0.4810 (0.5016)  time: 1.1395  data: 0.0008  max mem: 66385
[16:27:48.946988] Epoch: [5]  [ 320/1251]  eta: 0:18:10  lr: 0.002400  loss: 0.4840 (0.5006)  time: 1.1291  data: 0.0013  max mem: 66385
[16:28:11.760545] Epoch: [5]  [ 340/1251]  eta: 0:17:45  lr: 0.002400  loss: 0.5039 (0.5006)  time: 1.1406  data: 0.0004  max mem: 66385
[16:28:34.285759] Epoch: [5]  [ 360/1251]  eta: 0:17:20  lr: 0.002400  loss: 0.5100 (0.5010)  time: 1.1259  data: 0.0049  max mem: 66385
[16:28:56.801081] Epoch: [5]  [ 380/1251]  eta: 0:16:54  lr: 0.002400  loss: 0.4906 (0.5008)  time: 1.1257  data: 0.0004  max mem: 66385
[16:29:19.644359] Epoch: [5]  [ 400/1251]  eta: 0:16:30  lr: 0.002400  loss: 0.4842 (0.5001)  time: 1.1421  data: 0.0048  max mem: 66385
[16:29:42.582830] Epoch: [5]  [ 420/1251]  eta: 0:16:06  lr: 0.002400  loss: 0.4943 (0.4999)  time: 1.1469  data: 0.0004  max mem: 66385
[16:30:05.453670] Epoch: [5]  [ 440/1251]  eta: 0:15:42  lr: 0.002400  loss: 0.4939 (0.4994)  time: 1.1435  data: 0.0004  max mem: 66385
[16:30:28.233241] Epoch: [5]  [ 460/1251]  eta: 0:15:18  lr: 0.002400  loss: 0.4867 (0.4987)  time: 1.1389  data: 0.0005  max mem: 66385
[16:30:50.952737] Epoch: [5]  [ 480/1251]  eta: 0:14:54  lr: 0.002400  loss: 0.4759 (0.4980)  time: 1.1359  data: 0.0004  max mem: 66385
[16:31:13.267270] Epoch: [5]  [ 500/1251]  eta: 0:14:29  lr: 0.002400  loss: 0.4782 (0.4973)  time: 1.1157  data: 0.0004  max mem: 66385
[16:31:35.848290] Epoch: [5]  [ 520/1251]  eta: 0:14:06  lr: 0.002400  loss: 0.4780 (0.4966)  time: 1.1290  data: 0.0014  max mem: 66385
[16:31:58.236362] Epoch: [5]  [ 540/1251]  eta: 0:13:41  lr: 0.002400  loss: 0.4850 (0.4961)  time: 1.1194  data: 0.0005  max mem: 66385
[16:32:20.580753] Epoch: [5]  [ 560/1251]  eta: 0:13:17  lr: 0.002400  loss: 0.4816 (0.4956)  time: 1.1172  data: 0.0004  max mem: 66385
[16:32:43.226430] Epoch: [5]  [ 580/1251]  eta: 0:12:54  lr: 0.002400  loss: 0.4978 (0.4958)  time: 1.1322  data: 0.0047  max mem: 66385
[16:33:05.602222] Epoch: [5]  [ 600/1251]  eta: 0:12:30  lr: 0.002400  loss: 0.4884 (0.4956)  time: 1.1187  data: 0.0059  max mem: 66385
[16:33:28.168324] Epoch: [5]  [ 620/1251]  eta: 0:12:06  lr: 0.002400  loss: 0.4811 (0.4951)  time: 1.1282  data: 0.0005  max mem: 66385
[16:33:50.828294] Epoch: [5]  [ 640/1251]  eta: 0:11:43  lr: 0.002400  loss: 0.4839 (0.4947)  time: 1.1329  data: 0.0005  max mem: 66385
[16:34:13.447146] Epoch: [5]  [ 660/1251]  eta: 0:11:20  lr: 0.002400  loss: 0.4798 (0.4943)  time: 1.1309  data: 0.0004  max mem: 66385
[16:34:36.009669] Epoch: [5]  [ 680/1251]  eta: 0:10:56  lr: 0.002400  loss: 0.4744 (0.4939)  time: 1.1281  data: 0.0005  max mem: 66385
[16:34:58.221392] Epoch: [5]  [ 700/1251]  eta: 0:10:33  lr: 0.002400  loss: 0.4927 (0.4940)  time: 1.1105  data: 0.0004  max mem: 66385
[16:35:20.865180] Epoch: [5]  [ 720/1251]  eta: 0:10:09  lr: 0.002400  loss: 0.5307 (0.4951)  time: 1.1321  data: 0.0005  max mem: 66385
[16:35:43.354663] Epoch: [5]  [ 740/1251]  eta: 0:09:46  lr: 0.002400  loss: 0.5423 (0.4964)  time: 1.1244  data: 0.0005  max mem: 66385
[16:36:05.849594] Epoch: [5]  [ 760/1251]  eta: 0:09:23  lr: 0.002400  loss: 0.5475 (0.4979)  time: 1.1247  data: 0.0005  max mem: 66385
[16:36:28.343686] Epoch: [5]  [ 780/1251]  eta: 0:09:00  lr: 0.002400  loss: 0.5361 (0.4987)  time: 1.1246  data: 0.0043  max mem: 66385
[16:36:51.001760] Epoch: [5]  [ 800/1251]  eta: 0:08:36  lr: 0.002400  loss: 0.5075 (0.4989)  time: 1.1329  data: 0.0004  max mem: 66385
[16:37:13.663812] Epoch: [5]  [ 820/1251]  eta: 0:08:13  lr: 0.002400  loss: 0.4913 (0.4988)  time: 1.1330  data: 0.0004  max mem: 66385
[16:37:36.097111] Epoch: [5]  [ 840/1251]  eta: 0:07:50  lr: 0.002400  loss: 0.4876 (0.4986)  time: 1.1216  data: 0.0010  max mem: 66385
[16:37:58.836789] Epoch: [5]  [ 860/1251]  eta: 0:07:27  lr: 0.002400  loss: 0.4800 (0.4983)  time: 1.1369  data: 0.0004  max mem: 66385
[16:38:21.479954] Epoch: [5]  [ 880/1251]  eta: 0:07:04  lr: 0.002400  loss: 0.4673 (0.4977)  time: 1.1321  data: 0.0004  max mem: 66385
[16:38:43.722070] Epoch: [5]  [ 900/1251]  eta: 0:06:41  lr: 0.002400  loss: 0.4774 (0.4972)  time: 1.1120  data: 0.0005  max mem: 66385
[16:39:06.105880] Epoch: [5]  [ 920/1251]  eta: 0:06:18  lr: 0.002400  loss: 0.4833 (0.4970)  time: 1.1191  data: 0.0004  max mem: 66385
[16:39:28.966486] Epoch: [5]  [ 940/1251]  eta: 0:05:55  lr: 0.002400  loss: 0.4992 (0.4971)  time: 1.1430  data: 0.0004  max mem: 66385
[16:39:51.569225] Epoch: [5]  [ 960/1251]  eta: 0:05:32  lr: 0.002400  loss: 0.4943 (0.4970)  time: 1.1301  data: 0.0005  max mem: 66385
[16:40:14.610302] Epoch: [5]  [ 980/1251]  eta: 0:05:09  lr: 0.002400  loss: 0.4760 (0.4967)  time: 1.1467  data: 0.0005  max mem: 66385
[16:40:37.200272] Epoch: [5]  [1000/1251]  eta: 0:04:46  lr: 0.002400  loss: 0.4799 (0.4965)  time: 1.1294  data: 0.0011  max mem: 66385
[16:40:59.823525] Epoch: [5]  [1020/1251]  eta: 0:04:23  lr: 0.002400  loss: 0.4832 (0.4962)  time: 1.1311  data: 0.0004  max mem: 66385
[16:41:22.538185] Epoch: [5]  [1040/1251]  eta: 0:04:01  lr: 0.002400  loss: 0.4734 (0.4957)  time: 1.1357  data: 0.0010  max mem: 66385
[16:41:45.314712] Epoch: [5]  [1060/1251]  eta: 0:03:38  lr: 0.002400  loss: 0.4749 (0.4954)  time: 1.1388  data: 0.0004  max mem: 66385
[16:42:08.112780] Epoch: [5]  [1080/1251]  eta: 0:03:15  lr: 0.002400  loss: 0.4775 (0.4950)  time: 1.1392  data: 0.0005  max mem: 66385
[16:42:30.541164] Epoch: [5]  [1100/1251]  eta: 0:02:52  lr: 0.002399  loss: 0.4723 (0.4947)  time: 1.1214  data: 0.0045  max mem: 66385
[16:42:53.022091] Epoch: [5]  [1120/1251]  eta: 0:02:29  lr: 0.002399  loss: 0.4672 (0.4943)  time: 1.1240  data: 0.0005  max mem: 66385
[16:43:15.723676] Epoch: [5]  [1140/1251]  eta: 0:02:06  lr: 0.002399  loss: 0.4749 (0.4941)  time: 1.1350  data: 0.0004  max mem: 66385
[16:43:38.503724] Epoch: [5]  [1160/1251]  eta: 0:01:43  lr: 0.002399  loss: 0.4668 (0.4936)  time: 1.1389  data: 0.0004  max mem: 66385
[16:44:00.866248] Epoch: [5]  [1180/1251]  eta: 0:01:21  lr: 0.002399  loss: 0.4603 (0.4932)  time: 1.1181  data: 0.0053  max mem: 66385
[16:44:23.382854] Epoch: [5]  [1200/1251]  eta: 0:00:58  lr: 0.002399  loss: 0.4753 (0.4929)  time: 1.1258  data: 0.0005  max mem: 66385
[16:44:46.058239] Epoch: [5]  [1220/1251]  eta: 0:00:35  lr: 0.002399  loss: 0.4728 (0.4926)  time: 1.1337  data: 0.0004  max mem: 66385
[16:45:07.715386] Epoch: [5]  [1240/1251]  eta: 0:00:12  lr: 0.002399  loss: 0.4800 (0.4925)  time: 1.0828  data: 0.0008  max mem: 66385
[16:45:17.764148] Epoch: [5]  [1250/1251]  eta: 0:00:01  lr: 0.002399  loss: 0.4797 (0.4923)  time: 1.0217  data: 0.0006  max mem: 66385
[16:45:19.092580] Epoch: [5] Total time: 0:23:46 (1.1401 s / it)
[16:45:19.095216] Averaged stats: lr: 0.002399  loss: 0.4797 (0.4924)
[16:45:19.098511] log_dir: /ibex/ai/project/c2090/lomar_plus_save/logs/raven/mae_encoderonly_mask_0.8_neigh_1_wind_7_num_4_epoches_100_r_448
[16:45:30.347819] Epoch: [6]  [   0/1251]  eta: 3:54:31  lr: 0.002399  loss: 0.4898 (0.4898)  time: 11.2483  data: 9.2334  max mem: 66385
[16:45:53.736651] Epoch: [6]  [  20/1251]  eta: 0:33:50  lr: 0.002399  loss: 0.4829 (0.4788)  time: 1.1694  data: 0.0068  max mem: 66385
[16:46:16.253503] Epoch: [6]  [  40/1251]  eta: 0:28:08  lr: 0.002399  loss: 0.4687 (0.4743)  time: 1.1258  data: 0.0005  max mem: 66385
[16:46:39.065434] Epoch: [6]  [  60/1251]  eta: 0:26:01  lr: 0.002399  loss: 0.4669 (0.4706)  time: 1.1405  data: 0.0005  max mem: 66385
[16:47:02.318763] Epoch: [6]  [  80/1251]  eta: 0:24:52  lr: 0.002399  loss: 0.4791 (0.4728)  time: 1.1626  data: 0.0005  max mem: 66385
[16:47:25.130579] Epoch: [6]  [ 100/1251]  eta: 0:23:56  lr: 0.002399  loss: 0.4742 (0.4730)  time: 1.1405  data: 0.0005  max mem: 66385
[16:47:48.095677] Epoch: [6]  [ 120/1251]  eta: 0:23:12  lr: 0.002399  loss: 0.4698 (0.4729)  time: 1.1482  data: 0.0005  max mem: 66385
[16:48:10.940964] Epoch: [6]  [ 140/1251]  eta: 0:22:33  lr: 0.002399  loss: 0.4600 (0.4715)  time: 1.1422  data: 0.0004  max mem: 66385
[16:48:33.960458] Epoch: [6]  [ 160/1251]  eta: 0:22:00  lr: 0.002399  loss: 0.4669 (0.4713)  time: 1.1509  data: 0.0005  max mem: 66385
[16:48:56.812762] Epoch: [6]  [ 180/1251]  eta: 0:21:28  lr: 0.002399  loss: 0.4706 (0.4710)  time: 1.1426  data: 0.0004  max mem: 66385
[16:49:19.599190] Epoch: [6]  [ 200/1251]  eta: 0:20:57  lr: 0.002399  loss: 0.4689 (0.4704)  time: 1.1393  data: 0.0013  max mem: 66385
[16:49:42.294436] Epoch: [6]  [ 220/1251]  eta: 0:20:27  lr: 0.002399  loss: 0.4809 (0.4716)  time: 1.1347  data: 0.0005  max mem: 66385
[16:50:05.043281] Epoch: [6]  [ 240/1251]  eta: 0:19:59  lr: 0.002399  loss: 0.4724 (0.4718)  time: 1.1374  data: 0.0005  max mem: 66385
[16:50:27.827926] Epoch: [6]  [ 260/1251]  eta: 0:19:32  lr: 0.002399  loss: 0.4813 (0.4727)  time: 1.1392  data: 0.0004  max mem: 66385
[16:50:50.778499] Epoch: [6]  [ 280/1251]  eta: 0:19:06  lr: 0.002399  loss: 0.4783 (0.4730)  time: 1.1475  data: 0.0007  max mem: 66385
[16:51:13.456718] Epoch: [6]  [ 300/1251]  eta: 0:18:39  lr: 0.002399  loss: 0.4636 (0.4727)  time: 1.1339  data: 0.0055  max mem: 66385
[16:51:36.318882] Epoch: [6]  [ 320/1251]  eta: 0:18:14  lr: 0.002399  loss: 0.4644 (0.4725)  time: 1.1431  data: 0.0004  max mem: 66385
[16:51:58.913754] Epoch: [6]  [ 340/1251]  eta: 0:17:48  lr: 0.002399  loss: 0.4770 (0.4724)  time: 1.1297  data: 0.0055  max mem: 66385
[16:52:21.841982] Epoch: [6]  [ 360/1251]  eta: 0:17:23  lr: 0.002399  loss: 0.4776 (0.4724)  time: 1.1464  data: 0.0004  max mem: 66385
[16:52:44.390362] Epoch: [6]  [ 380/1251]  eta: 0:16:57  lr: 0.002399  loss: 0.4911 (0.4736)  time: 1.1274  data: 0.0005  max mem: 66385
[16:53:06.998021] Epoch: [6]  [ 400/1251]  eta: 0:16:32  lr: 0.002399  loss: 0.4908 (0.4745)  time: 1.1303  data: 0.0004  max mem: 66385
[16:53:29.700733] Epoch: [6]  [ 420/1251]  eta: 0:16:08  lr: 0.002399  loss: 0.4824 (0.4747)  time: 1.1351  data: 0.0005  max mem: 66385
[16:53:52.423008] Epoch: [6]  [ 440/1251]  eta: 0:15:43  lr: 0.002399  loss: 0.4731 (0.4749)  time: 1.1361  data: 0.0005  max mem: 66385
[16:54:15.204732] Epoch: [6]  [ 460/1251]  eta: 0:15:19  lr: 0.002399  loss: 0.4784 (0.4750)  time: 1.1390  data: 0.0004  max mem: 66385
[16:54:37.802925] Epoch: [6]  [ 480/1251]  eta: 0:14:55  lr: 0.002399  loss: 0.4674 (0.4746)  time: 1.1299  data: 0.0004  max mem: 66385
[16:55:00.743761] Epoch: [6]  [ 500/1251]  eta: 0:14:31  lr: 0.002399  loss: 0.4699 (0.4745)  time: 1.1470  data: 0.0004  max mem: 66385
[16:55:23.349916] Epoch: [6]  [ 520/1251]  eta: 0:14:07  lr: 0.002399  loss: 0.4707 (0.4744)  time: 1.1303  data: 0.0005  max mem: 66385
[16:55:46.192839] Epoch: [6]  [ 540/1251]  eta: 0:13:44  lr: 0.002399  loss: 0.4809 (0.4747)  time: 1.1421  data: 0.0004  max mem: 66385
[16:56:09.075866] Epoch: [6]  [ 560/1251]  eta: 0:13:20  lr: 0.002399  loss: 0.4722 (0.4745)  time: 1.1441  data: 0.0005  max mem: 66385
[16:56:31.800597] Epoch: [6]  [ 580/1251]  eta: 0:12:56  lr: 0.002399  loss: 0.4689 (0.4743)  time: 1.1362  data: 0.0007  max mem: 66385
[16:56:54.218947] Epoch: [6]  [ 600/1251]  eta: 0:12:32  lr: 0.002399  loss: 0.4617 (0.4738)  time: 1.1209  data: 0.0004  max mem: 66385
[16:57:16.931156] Epoch: [6]  [ 620/1251]  eta: 0:12:09  lr: 0.002399  loss: 0.4617 (0.4733)  time: 1.1356  data: 0.0005  max mem: 66385
[16:57:39.442871] Epoch: [6]  [ 640/1251]  eta: 0:11:45  lr: 0.002399  loss: 0.4598 (0.4730)  time: 1.1255  data: 0.0004  max mem: 66385
[16:58:02.189856] Epoch: [6]  [ 660/1251]  eta: 0:11:22  lr: 0.002398  loss: 0.4647 (0.4727)  time: 1.1373  data: 0.0051  max mem: 66385
[16:58:24.933319] Epoch: [6]  [ 680/1251]  eta: 0:10:58  lr: 0.002398  loss: 0.4606 (0.4725)  time: 1.1371  data: 0.0010  max mem: 66385
[16:58:47.584950] Epoch: [6]  [ 700/1251]  eta: 0:10:35  lr: 0.002398  loss: 0.4583 (0.4722)  time: 1.1325  data: 0.0012  max mem: 66385
[16:59:10.449960] Epoch: [6]  [ 720/1251]  eta: 0:10:12  lr: 0.002398  loss: 0.4594 (0.4719)  time: 1.1432  data: 0.0004  max mem: 66385
[16:59:32.703245] Epoch: [6]  [ 740/1251]  eta: 0:09:48  lr: 0.002398  loss: 0.4536 (0.4715)  time: 1.1126  data: 0.0004  max mem: 66385
[16:59:55.392521] Epoch: [6]  [ 760/1251]  eta: 0:09:25  lr: 0.002398  loss: 0.4677 (0.4715)  time: 1.1344  data: 0.0004  max mem: 66385
[17:00:17.763781] Epoch: [6]  [ 780/1251]  eta: 0:09:01  lr: 0.002398  loss: 0.4749 (0.4716)  time: 1.1185  data: 0.0005  max mem: 66385
[17:00:40.097061] Epoch: [6]  [ 800/1251]  eta: 0:08:38  lr: 0.002398  loss: 0.4721 (0.4715)  time: 1.1166  data: 0.0005  max mem: 66385
[17:01:02.923032] Epoch: [6]  [ 820/1251]  eta: 0:08:15  lr: 0.002398  loss: 0.4682 (0.4715)  time: 1.1412  data: 0.0005  max mem: 66385
[17:01:25.595655] Epoch: [6]  [ 840/1251]  eta: 0:07:52  lr: 0.002398  loss: 0.4612 (0.4712)  time: 1.1336  data: 0.0004  max mem: 66385
[17:01:48.417685] Epoch: [6]  [ 860/1251]  eta: 0:07:29  lr: 0.002398  loss: 0.4642 (0.4711)  time: 1.1411  data: 0.0004  max mem: 66385
[17:02:11.259620] Epoch: [6]  [ 880/1251]  eta: 0:07:06  lr: 0.002398  loss: 0.4557 (0.4708)  time: 1.1420  data: 0.0005  max mem: 66385
[17:02:33.725846] Epoch: [6]  [ 900/1251]  eta: 0:06:43  lr: 0.002398  loss: 0.4528 (0.4704)  time: 1.1233  data: 0.0004  max mem: 66385
[17:02:56.507956] Epoch: [6]  [ 920/1251]  eta: 0:06:20  lr: 0.002398  loss: 0.4624 (0.4702)  time: 1.1391  data: 0.0056  max mem: 66385
[17:03:19.191231] Epoch: [6]  [ 940/1251]  eta: 0:05:56  lr: 0.002398  loss: 0.4807 (0.4704)  time: 1.1341  data: 0.0004  max mem: 66385
[17:03:41.854522] Epoch: [6]  [ 960/1251]  eta: 0:05:33  lr: 0.002398  loss: 0.4658 (0.4703)  time: 1.1331  data: 0.0004  max mem: 66385
[17:04:04.868160] Epoch: [6]  [ 980/1251]  eta: 0:05:10  lr: 0.002398  loss: 0.4555 (0.4701)  time: 1.1506  data: 0.0005  max mem: 66385
[17:04:27.479193] Epoch: [6]  [1000/1251]  eta: 0:04:47  lr: 0.002398  loss: 0.4569 (0.4698)  time: 1.1305  data: 0.0005  max mem: 66385
