| distributed init (rank 2): env://, gpu 2
| distributed init (rank 3): env://, gpu 3
| distributed init (rank 1): env://, gpu 1
| distributed init (rank 0): env://, gpu 0
[12:39:46.911651] job dir: /home/khanff/cvpr23/lomar
[12:39:46.911781] Namespace(aa='rand-m9-mstd0.5-inc1',
accum_iter=1,
batch_size=256,
blr=0.0005,
clip_grad=None,
color_jitter=None,
cutmix=1.0,
cutmix_minmax=None,
data_path='/ibex/ai/reference/CV/ILSVR/classification-localization/data/jpeg',
device='cuda',
dist_backend='nccl',
dist_eval=True,
dist_on_itp=False,
dist_url='env://',
distributed=True,
drop_path=0.1,
epochs=100,
eval=False,
finetune='/ibex/ai/project/c2090/lomar_plus_save/checkpoint/raven384/mae_encoderonly_mask_0.8_neigh_3_wind_7_num_4_epochs_100_r_384/checkpoint-99.pth',
global_pool=True,
gpu=0,
input_size=384,
layer_decay=0.65,
local_rank=0,
log_dir='/ibex/ai/project/c2090/lomar_plus_save/logs/raven384/finetuned_mae_encoderonly_mask_0.8_neigh_3_wind_7_num_4_epoches_100_r_384',
lr=None,
min_lr=1e-06,
mixup=0,
mixup_mode='batch',
mixup_prob=1.0,
mixup_switch_prob=0.5,
model='vit_base_384_patch16',
nb_classes=1000,
num_workers=10,
output_dir='/ibex/ai/project/c2090/lomar_plus_save/checkpoint/raven384/finetuned_mae_encoderonly_mask_0.8_neigh_3_wind_7_num_4_epochs_100_r_384',
pin_mem=True,
rank=0,
recount=1,
remode='pixel',
reprob=0.25,
resplit=False,
resume='',
seed=0,
smoothing=0.1,
start_epoch=0,
warmup_epochs=5,
weight_decay=0.05,
world_size=4)
[12:40:05.979770] Dataset ImageFolder
    Number of datapoints: 1281167
    Root location: /ibex/ai/reference/CV/ILSVR/classification-localization/data/jpeg/train
    StandardTransform
Transform: Compose(
               RandomResizedCropAndInterpolation(size=(384, 384), scale=(0.08, 1.0), ratio=(0.75, 1.3333), interpolation=PIL.Image.BICUBIC)
               RandomHorizontalFlip(p=0.5)
               <timm.data.auto_augment.RandAugment object at 0x2ae6b0a59208>
               ToTensor()
               Normalize(mean=tensor([0.4850, 0.4560, 0.4060]), std=tensor([0.2290, 0.2240, 0.2250]))
               <timm.data.random_erasing.RandomErasing object at 0x2ae7a6c22b00>
           )
[12:40:06.809075] Dataset ImageFolder
    Number of datapoints: 50000
    Root location: /ibex/ai/reference/CV/ILSVR/classification-localization/data/jpeg/val
    StandardTransform
Transform: Compose(
               Resize(size=384, interpolation=bicubic, max_size=None, antialias=None)
               CenterCrop(size=(384, 384))
               ToTensor()
               Normalize(mean=(0.485, 0.456, 0.406), std=(0.229, 0.224, 0.225))
           )
[12:40:06.809227] Sampler_train = <torch.utils.data.distributed.DistributedSampler object at 0x2ae7a6c594e0>
[12:40:06.826077] Mixup is activated!
[12:40:08.156490] Load pre-trained checkpoint from: /ibex/ai/project/c2090/lomar_plus_save/checkpoint/raven384/mae_encoderonly_mask_0.8_neigh_3_wind_7_num_4_epochs_100_r_384/checkpoint-99.pth
[12:40:08.193890] _IncompatibleKeys(missing_keys=['head.weight', 'head.bias', 'fc_norm.weight', 'fc_norm.bias'], unexpected_keys=['mask_token', 'norm.weight', 'norm.bias', 'encoder_pred.weight', 'encoder_pred.bias'])
[12:40:08.237647] Model = VisionTransformer(
  (patch_embed): PatchEmbed(
    (proj): Conv2d(3, 768, kernel_size=(16, 16), stride=(16, 16))
  )
  (pos_drop): Dropout(p=0.0, inplace=False)
  (blocks): ModuleList(
    (0): Block(
      (norm1): LayerNorm((768,), eps=1e-06, elementwise_affine=True)
      (attn): Attention(
        (qkv): Linear(in_features=768, out_features=2304, bias=True)
        (attn_drop): Dropout(p=0.0, inplace=False)
        (proj): Linear(in_features=768, out_features=768, bias=True)
        (proj_drop): Dropout(p=0.0, inplace=False)
      )
      (drop_path): Identity()
      (norm2): LayerNorm((768,), eps=1e-06, elementwise_affine=True)
      (mlp): Mlp(
        (fc1): Linear(in_features=768, out_features=3072, bias=True)
        (act): GELU()
        (fc2): Linear(in_features=3072, out_features=768, bias=True)
        (drop): Dropout(p=0.0, inplace=False)
      )
    )
    (1): Block(
      (norm1): LayerNorm((768,), eps=1e-06, elementwise_affine=True)
      (attn): Attention(
        (qkv): Linear(in_features=768, out_features=2304, bias=True)
        (attn_drop): Dropout(p=0.0, inplace=False)
        (proj): Linear(in_features=768, out_features=768, bias=True)
        (proj_drop): Dropout(p=0.0, inplace=False)
      )
      (drop_path): DropPath()
      (norm2): LayerNorm((768,), eps=1e-06, elementwise_affine=True)
      (mlp): Mlp(
        (fc1): Linear(in_features=768, out_features=3072, bias=True)
        (act): GELU()
        (fc2): Linear(in_features=3072, out_features=768, bias=True)
        (drop): Dropout(p=0.0, inplace=False)
      )
    )
    (2): Block(
      (norm1): LayerNorm((768,), eps=1e-06, elementwise_affine=True)
      (attn): Attention(
        (qkv): Linear(in_features=768, out_features=2304, bias=True)
        (attn_drop): Dropout(p=0.0, inplace=False)
        (proj): Linear(in_features=768, out_features=768, bias=True)
        (proj_drop): Dropout(p=0.0, inplace=False)
      )
      (drop_path): DropPath()
      (norm2): LayerNorm((768,), eps=1e-06, elementwise_affine=True)
      (mlp): Mlp(
        (fc1): Linear(in_features=768, out_features=3072, bias=True)
        (act): GELU()
        (fc2): Linear(in_features=3072, out_features=768, bias=True)
        (drop): Dropout(p=0.0, inplace=False)
      )
    )
    (3): Block(
      (norm1): LayerNorm((768,), eps=1e-06, elementwise_affine=True)
      (attn): Attention(
        (qkv): Linear(in_features=768, out_features=2304, bias=True)
        (attn_drop): Dropout(p=0.0, inplace=False)
        (proj): Linear(in_features=768, out_features=768, bias=True)
        (proj_drop): Dropout(p=0.0, inplace=False)
      )
      (drop_path): DropPath()
      (norm2): LayerNorm((768,), eps=1e-06, elementwise_affine=True)
      (mlp): Mlp(
        (fc1): Linear(in_features=768, out_features=3072, bias=True)
        (act): GELU()
        (fc2): Linear(in_features=3072, out_features=768, bias=True)
        (drop): Dropout(p=0.0, inplace=False)
      )
    )
    (4): Block(
      (norm1): LayerNorm((768,), eps=1e-06, elementwise_affine=True)
      (attn): Attention(
        (qkv): Linear(in_features=768, out_features=2304, bias=True)
        (attn_drop): Dropout(p=0.0, inplace=False)
        (proj): Linear(in_features=768, out_features=768, bias=True)
        (proj_drop): Dropout(p=0.0, inplace=False)
      )
      (drop_path): DropPath()
      (norm2): LayerNorm((768,), eps=1e-06, elementwise_affine=True)
      (mlp): Mlp(
        (fc1): Linear(in_features=768, out_features=3072, bias=True)
        (act): GELU()
        (fc2): Linear(in_features=3072, out_features=768, bias=True)
        (drop): Dropout(p=0.0, inplace=False)
      )
    )
    (5): Block(
      (norm1): LayerNorm((768,), eps=1e-06, elementwise_affine=True)
      (attn): Attention(
        (qkv): Linear(in_features=768, out_features=2304, bias=True)
        (attn_drop): Dropout(p=0.0, inplace=False)
        (proj): Linear(in_features=768, out_features=768, bias=True)
        (proj_drop): Dropout(p=0.0, inplace=False)
      )
      (drop_path): DropPath()
      (norm2): LayerNorm((768,), eps=1e-06, elementwise_affine=True)
      (mlp): Mlp(
        (fc1): Linear(in_features=768, out_features=3072, bias=True)
        (act): GELU()
        (fc2): Linear(in_features=3072, out_features=768, bias=True)
        (drop): Dropout(p=0.0, inplace=False)
      )
    )
    (6): Block(
      (norm1): LayerNorm((768,), eps=1e-06, elementwise_affine=True)
      (attn): Attention(
        (qkv): Linear(in_features=768, out_features=2304, bias=True)
        (attn_drop): Dropout(p=0.0, inplace=False)
        (proj): Linear(in_features=768, out_features=768, bias=True)
        (proj_drop): Dropout(p=0.0, inplace=False)
      )
      (drop_path): DropPath()
      (norm2): LayerNorm((768,), eps=1e-06, elementwise_affine=True)
      (mlp): Mlp(
        (fc1): Linear(in_features=768, out_features=3072, bias=True)
        (act): GELU()
        (fc2): Linear(in_features=3072, out_features=768, bias=True)
        (drop): Dropout(p=0.0, inplace=False)
      )
    )
    (7): Block(
      (norm1): LayerNorm((768,), eps=1e-06, elementwise_affine=True)
      (attn): Attention(
        (qkv): Linear(in_features=768, out_features=2304, bias=True)
        (attn_drop): Dropout(p=0.0, inplace=False)
        (proj): Linear(in_features=768, out_features=768, bias=True)
        (proj_drop): Dropout(p=0.0, inplace=False)
      )
      (drop_path): DropPath()
      (norm2): LayerNorm((768,), eps=1e-06, elementwise_affine=True)
      (mlp): Mlp(
        (fc1): Linear(in_features=768, out_features=3072, bias=True)
        (act): GELU()
        (fc2): Linear(in_features=3072, out_features=768, bias=True)
        (drop): Dropout(p=0.0, inplace=False)
      )
    )
    (8): Block(
      (norm1): LayerNorm((768,), eps=1e-06, elementwise_affine=True)
      (attn): Attention(
        (qkv): Linear(in_features=768, out_features=2304, bias=True)
        (attn_drop): Dropout(p=0.0, inplace=False)
        (proj): Linear(in_features=768, out_features=768, bias=True)
        (proj_drop): Dropout(p=0.0, inplace=False)
      )
      (drop_path): DropPath()
      (norm2): LayerNorm((768,), eps=1e-06, elementwise_affine=True)
      (mlp): Mlp(
        (fc1): Linear(in_features=768, out_features=3072, bias=True)
        (act): GELU()
        (fc2): Linear(in_features=3072, out_features=768, bias=True)
        (drop): Dropout(p=0.0, inplace=False)
      )
    )
    (9): Block(
      (norm1): LayerNorm((768,), eps=1e-06, elementwise_affine=True)
      (attn): Attention(
        (qkv): Linear(in_features=768, out_features=2304, bias=True)
        (attn_drop): Dropout(p=0.0, inplace=False)
        (proj): Linear(in_features=768, out_features=768, bias=True)
        (proj_drop): Dropout(p=0.0, inplace=False)
      )
      (drop_path): DropPath()
      (norm2): LayerNorm((768,), eps=1e-06, elementwise_affine=True)
      (mlp): Mlp(
        (fc1): Linear(in_features=768, out_features=3072, bias=True)
        (act): GELU()
        (fc2): Linear(in_features=3072, out_features=768, bias=True)
        (drop): Dropout(p=0.0, inplace=False)
      )
    )
    (10): Block(
      (norm1): LayerNorm((768,), eps=1e-06, elementwise_affine=True)
      (attn): Attention(
        (qkv): Linear(in_features=768, out_features=2304, bias=True)
        (attn_drop): Dropout(p=0.0, inplace=False)
        (proj): Linear(in_features=768, out_features=768, bias=True)
        (proj_drop): Dropout(p=0.0, inplace=False)
      )
      (drop_path): DropPath()
      (norm2): LayerNorm((768,), eps=1e-06, elementwise_affine=True)
      (mlp): Mlp(
        (fc1): Linear(in_features=768, out_features=3072, bias=True)
        (act): GELU()
        (fc2): Linear(in_features=3072, out_features=768, bias=True)
        (drop): Dropout(p=0.0, inplace=False)
      )
    )
    (11): Block(
      (norm1): LayerNorm((768,), eps=1e-06, elementwise_affine=True)
      (attn): Attention(
        (qkv): Linear(in_features=768, out_features=2304, bias=True)
        (attn_drop): Dropout(p=0.0, inplace=False)
        (proj): Linear(in_features=768, out_features=768, bias=True)
        (proj_drop): Dropout(p=0.0, inplace=False)
      )
      (drop_path): DropPath()
      (norm2): LayerNorm((768,), eps=1e-06, elementwise_affine=True)
      (mlp): Mlp(
        (fc1): Linear(in_features=768, out_features=3072, bias=True)
        (act): GELU()
        (fc2): Linear(in_features=3072, out_features=768, bias=True)
        (drop): Dropout(p=0.0, inplace=False)
      )
    )
  )
  (head): Linear(in_features=768, out_features=1000, bias=True)
  (fc_norm): LayerNorm((768,), eps=1e-06, elementwise_affine=True)
)
[12:40:08.237709] number of params (M): 86.86
[12:40:08.237726] base lr: 5.00e-04
[12:40:08.237735] actual lr: 2.00e-03
[12:40:08.237743] accumulate grad iterations: 1
[12:40:08.237750] effective batch size: 1024
[12:40:08.266698] criterion = SoftTargetCrossEntropy()
[12:40:08.266727] Start training for 100 epochs
[12:40:08.267281] log_dir: /ibex/ai/project/c2090/lomar_plus_save/logs/raven384/finetuned_mae_encoderonly_mask_0.8_neigh_3_wind_7_num_4_epoches_100_r_384
