| distributed init (rank 3): env://, gpu 3
| distributed init (rank 2): env://, gpu 2
| distributed init (rank 1): env://, gpu 1
| distributed init (rank 0): env://, gpu 0
[20:17:07.044074] job dir: /home/khanff/cvpr23/lomar
[20:17:07.044483] Namespace(aa='rand-m9-mstd0.5-inc1',
accum_iter=1,
batch_size=256,
blr=0.0005,
clip_grad=None,
color_jitter=None,
cutmix=1.0,
cutmix_minmax=None,
data_path='/ibex/ai/reference/CV/ILSVR/classification-localization/data/jpeg',
device='cuda',
dist_backend='nccl',
dist_eval=True,
dist_on_itp=False,
dist_url='env://',
distributed=True,
drop_path=0.1,
epochs=100,
eval=False,
finetune='/ibex/ai/project/c2090/lomar_plus_save/checkpoint/raven/mae_encoderonly_mask_0.8_neigh_0.05_wind_7_num_4_epochs_100/checkpoint-99.pth',
global_pool=True,
gpu=0,
input_size=224,
layer_decay=0.65,
local_rank=0,
log_dir='/ibex/ai/project/c2090/lomar_plus_save/logs/raven/finetuned_mae_encoderonly_mask_0.8_neigh_0.05_wind_7_num_4_epoches_100',
lr=None,
min_lr=1e-06,
mixup=0,
mixup_mode='batch',
mixup_prob=1.0,
mixup_switch_prob=0.5,
model='vit_base_patch16',
nb_classes=1000,
num_workers=10,
output_dir='/ibex/ai/project/c2090/lomar_plus_save/checkpoint/raven/finetuned_mae_encoderonly_mask_0.8_neigh_0.05_wind_7_num_4_epochs_100',
pin_mem=True,
rank=0,
recount=1,
remode='pixel',
reprob=0.25,
resplit=False,
resume='',
seed=0,
smoothing=0.1,
start_epoch=0,
warmup_epochs=5,
weight_decay=0.05,
world_size=4)
[20:17:34.095333] Dataset ImageFolder
    Number of datapoints: 1281167
    Root location: /ibex/ai/reference/CV/ILSVR/classification-localization/data/jpeg/train
    StandardTransform
Transform: Compose(
               RandomResizedCropAndInterpolation(size=(224, 224), scale=(0.08, 1.0), ratio=(0.75, 1.3333), interpolation=PIL.Image.BICUBIC)
               RandomHorizontalFlip(p=0.5)
               <timm.data.auto_augment.RandAugment object at 0x2b1eb231c518>
               ToTensor()
               Normalize(mean=tensor([0.4850, 0.4560, 0.4060]), std=tensor([0.2290, 0.2240, 0.2250]))
               <timm.data.random_erasing.RandomErasing object at 0x2b1fa84e8780>
           )
[20:17:36.009101] Dataset ImageFolder
    Number of datapoints: 50000
    Root location: /ibex/ai/reference/CV/ILSVR/classification-localization/data/jpeg/val
    StandardTransform
Transform: Compose(
               Resize(size=256, interpolation=bicubic, max_size=None, antialias=None)
               CenterCrop(size=(224, 224))
               ToTensor()
               Normalize(mean=(0.485, 0.456, 0.406), std=(0.229, 0.224, 0.225))
           )
[20:17:36.009229] Sampler_train = <torch.utils.data.distributed.DistributedSampler object at 0x2b1fa8520400>
[20:17:36.017758] Mixup is activated!
[20:17:37.724409] Load pre-trained checkpoint from: /ibex/ai/project/c2090/lomar_plus_save/checkpoint/raven/mae_encoderonly_mask_0.8_neigh_0.05_wind_7_num_4_epochs_100/checkpoint-99.pth
[20:17:37.766178] _IncompatibleKeys(missing_keys=['head.weight', 'head.bias', 'fc_norm.weight', 'fc_norm.bias'], unexpected_keys=['mask_token', 'norm.weight', 'norm.bias', 'encoder_pred.weight', 'encoder_pred.bias'])
[20:17:37.818044] Model = VisionTransformer(
  (patch_embed): PatchEmbed(
    (proj): Conv2d(3, 768, kernel_size=(16, 16), stride=(16, 16))
  )
  (pos_drop): Dropout(p=0.0, inplace=False)
  (blocks): ModuleList(
    (0): Block(
      (norm1): LayerNorm((768,), eps=1e-06, elementwise_affine=True)
      (attn): Attention(
        (qkv): Linear(in_features=768, out_features=2304, bias=True)
        (attn_drop): Dropout(p=0.0, inplace=False)
        (proj): Linear(in_features=768, out_features=768, bias=True)
        (proj_drop): Dropout(p=0.0, inplace=False)
      )
      (drop_path): Identity()
      (norm2): LayerNorm((768,), eps=1e-06, elementwise_affine=True)
      (mlp): Mlp(
        (fc1): Linear(in_features=768, out_features=3072, bias=True)
        (act): GELU()
        (fc2): Linear(in_features=3072, out_features=768, bias=True)
        (drop): Dropout(p=0.0, inplace=False)
      )
    )
    (1): Block(
      (norm1): LayerNorm((768,), eps=1e-06, elementwise_affine=True)
      (attn): Attention(
        (qkv): Linear(in_features=768, out_features=2304, bias=True)
        (attn_drop): Dropout(p=0.0, inplace=False)
        (proj): Linear(in_features=768, out_features=768, bias=True)
        (proj_drop): Dropout(p=0.0, inplace=False)
      )
      (drop_path): DropPath()
      (norm2): LayerNorm((768,), eps=1e-06, elementwise_affine=True)
      (mlp): Mlp(
        (fc1): Linear(in_features=768, out_features=3072, bias=True)
        (act): GELU()
        (fc2): Linear(in_features=3072, out_features=768, bias=True)
        (drop): Dropout(p=0.0, inplace=False)
      )
    )
    (2): Block(
      (norm1): LayerNorm((768,), eps=1e-06, elementwise_affine=True)
      (attn): Attention(
        (qkv): Linear(in_features=768, out_features=2304, bias=True)
        (attn_drop): Dropout(p=0.0, inplace=False)
        (proj): Linear(in_features=768, out_features=768, bias=True)
        (proj_drop): Dropout(p=0.0, inplace=False)
      )
      (drop_path): DropPath()
      (norm2): LayerNorm((768,), eps=1e-06, elementwise_affine=True)
      (mlp): Mlp(
        (fc1): Linear(in_features=768, out_features=3072, bias=True)
        (act): GELU()
        (fc2): Linear(in_features=3072, out_features=768, bias=True)
        (drop): Dropout(p=0.0, inplace=False)
      )
    )
    (3): Block(
      (norm1): LayerNorm((768,), eps=1e-06, elementwise_affine=True)
      (attn): Attention(
        (qkv): Linear(in_features=768, out_features=2304, bias=True)
        (attn_drop): Dropout(p=0.0, inplace=False)
        (proj): Linear(in_features=768, out_features=768, bias=True)
        (proj_drop): Dropout(p=0.0, inplace=False)
      )
      (drop_path): DropPath()
      (norm2): LayerNorm((768,), eps=1e-06, elementwise_affine=True)
      (mlp): Mlp(
        (fc1): Linear(in_features=768, out_features=3072, bias=True)
        (act): GELU()
        (fc2): Linear(in_features=3072, out_features=768, bias=True)
        (drop): Dropout(p=0.0, inplace=False)
      )
    )
    (4): Block(
      (norm1): LayerNorm((768,), eps=1e-06, elementwise_affine=True)
      (attn): Attention(
        (qkv): Linear(in_features=768, out_features=2304, bias=True)
        (attn_drop): Dropout(p=0.0, inplace=False)
        (proj): Linear(in_features=768, out_features=768, bias=True)
        (proj_drop): Dropout(p=0.0, inplace=False)
      )
      (drop_path): DropPath()
      (norm2): LayerNorm((768,), eps=1e-06, elementwise_affine=True)
      (mlp): Mlp(
        (fc1): Linear(in_features=768, out_features=3072, bias=True)
        (act): GELU()
        (fc2): Linear(in_features=3072, out_features=768, bias=True)
        (drop): Dropout(p=0.0, inplace=False)
      )
    )
    (5): Block(
      (norm1): LayerNorm((768,), eps=1e-06, elementwise_affine=True)
      (attn): Attention(
        (qkv): Linear(in_features=768, out_features=2304, bias=True)
        (attn_drop): Dropout(p=0.0, inplace=False)
        (proj): Linear(in_features=768, out_features=768, bias=True)
        (proj_drop): Dropout(p=0.0, inplace=False)
      )
      (drop_path): DropPath()
      (norm2): LayerNorm((768,), eps=1e-06, elementwise_affine=True)
      (mlp): Mlp(
        (fc1): Linear(in_features=768, out_features=3072, bias=True)
        (act): GELU()
        (fc2): Linear(in_features=3072, out_features=768, bias=True)
        (drop): Dropout(p=0.0, inplace=False)
      )
    )
    (6): Block(
      (norm1): LayerNorm((768,), eps=1e-06, elementwise_affine=True)
      (attn): Attention(
        (qkv): Linear(in_features=768, out_features=2304, bias=True)
        (attn_drop): Dropout(p=0.0, inplace=False)
        (proj): Linear(in_features=768, out_features=768, bias=True)
        (proj_drop): Dropout(p=0.0, inplace=False)
      )
      (drop_path): DropPath()
      (norm2): LayerNorm((768,), eps=1e-06, elementwise_affine=True)
      (mlp): Mlp(
        (fc1): Linear(in_features=768, out_features=3072, bias=True)
        (act): GELU()
        (fc2): Linear(in_features=3072, out_features=768, bias=True)
        (drop): Dropout(p=0.0, inplace=False)
      )
    )
    (7): Block(
      (norm1): LayerNorm((768,), eps=1e-06, elementwise_affine=True)
      (attn): Attention(
        (qkv): Linear(in_features=768, out_features=2304, bias=True)
        (attn_drop): Dropout(p=0.0, inplace=False)
        (proj): Linear(in_features=768, out_features=768, bias=True)
        (proj_drop): Dropout(p=0.0, inplace=False)
      )
      (drop_path): DropPath()
      (norm2): LayerNorm((768,), eps=1e-06, elementwise_affine=True)
      (mlp): Mlp(
        (fc1): Linear(in_features=768, out_features=3072, bias=True)
        (act): GELU()
        (fc2): Linear(in_features=3072, out_features=768, bias=True)
        (drop): Dropout(p=0.0, inplace=False)
      )
    )
    (8): Block(
      (norm1): LayerNorm((768,), eps=1e-06, elementwise_affine=True)
      (attn): Attention(
        (qkv): Linear(in_features=768, out_features=2304, bias=True)
        (attn_drop): Dropout(p=0.0, inplace=False)
        (proj): Linear(in_features=768, out_features=768, bias=True)
        (proj_drop): Dropout(p=0.0, inplace=False)
      )
      (drop_path): DropPath()
      (norm2): LayerNorm((768,), eps=1e-06, elementwise_affine=True)
      (mlp): Mlp(
        (fc1): Linear(in_features=768, out_features=3072, bias=True)
        (act): GELU()
        (fc2): Linear(in_features=3072, out_features=768, bias=True)
        (drop): Dropout(p=0.0, inplace=False)
      )
    )
    (9): Block(
      (norm1): LayerNorm((768,), eps=1e-06, elementwise_affine=True)
      (attn): Attention(
        (qkv): Linear(in_features=768, out_features=2304, bias=True)
        (attn_drop): Dropout(p=0.0, inplace=False)
        (proj): Linear(in_features=768, out_features=768, bias=True)
        (proj_drop): Dropout(p=0.0, inplace=False)
      )
      (drop_path): DropPath()
      (norm2): LayerNorm((768,), eps=1e-06, elementwise_affine=True)
      (mlp): Mlp(
        (fc1): Linear(in_features=768, out_features=3072, bias=True)
        (act): GELU()
        (fc2): Linear(in_features=3072, out_features=768, bias=True)
        (drop): Dropout(p=0.0, inplace=False)
      )
    )
    (10): Block(
      (norm1): LayerNorm((768,), eps=1e-06, elementwise_affine=True)
      (attn): Attention(
        (qkv): Linear(in_features=768, out_features=2304, bias=True)
        (attn_drop): Dropout(p=0.0, inplace=False)
        (proj): Linear(in_features=768, out_features=768, bias=True)
        (proj_drop): Dropout(p=0.0, inplace=False)
      )
      (drop_path): DropPath()
      (norm2): LayerNorm((768,), eps=1e-06, elementwise_affine=True)
      (mlp): Mlp(
        (fc1): Linear(in_features=768, out_features=3072, bias=True)
        (act): GELU()
        (fc2): Linear(in_features=3072, out_features=768, bias=True)
        (drop): Dropout(p=0.0, inplace=False)
      )
    )
    (11): Block(
      (norm1): LayerNorm((768,), eps=1e-06, elementwise_affine=True)
      (attn): Attention(
        (qkv): Linear(in_features=768, out_features=2304, bias=True)
        (attn_drop): Dropout(p=0.0, inplace=False)
        (proj): Linear(in_features=768, out_features=768, bias=True)
        (proj_drop): Dropout(p=0.0, inplace=False)
      )
      (drop_path): DropPath()
      (norm2): LayerNorm((768,), eps=1e-06, elementwise_affine=True)
      (mlp): Mlp(
        (fc1): Linear(in_features=768, out_features=3072, bias=True)
        (act): GELU()
        (fc2): Linear(in_features=3072, out_features=768, bias=True)
        (drop): Dropout(p=0.0, inplace=False)
      )
    )
  )
  (head): Linear(in_features=768, out_features=1000, bias=True)
  (fc_norm): LayerNorm((768,), eps=1e-06, elementwise_affine=True)
)
[20:17:37.818096] number of params (M): 86.57
[20:17:37.818113] base lr: 5.00e-04
[20:17:37.818122] actual lr: 2.00e-03
[20:17:37.818129] accumulate grad iterations: 1
[20:17:37.818136] effective batch size: 1024
[20:17:37.846527] criterion = SoftTargetCrossEntropy()
[20:17:37.846559] Start training for 100 epochs
[20:17:37.847140] log_dir: /ibex/ai/project/c2090/lomar_plus_save/logs/raven/finetuned_mae_encoderonly_mask_0.8_neigh_0.05_wind_7_num_4_epoches_100
[20:17:47.829207] Epoch: [0]  [   0/1251]  eta: 3:28:06  lr: 0.000000  loss: 6.9078 (6.9078)  time: 9.9814  data: 4.6568  max mem: 28507
[20:18:00.056948] Epoch: [0]  [  20/1251]  eta: 0:21:41  lr: 0.000006  loss: 6.9077 (6.9077)  time: 0.6113  data: 0.0004  max mem: 29495
[20:18:12.316560] Epoch: [0]  [  40/1251]  eta: 0:16:58  lr: 0.000013  loss: 6.9075 (6.9076)  time: 0.6129  data: 0.0004  max mem: 29495
[20:18:24.586279] Epoch: [0]  [  60/1251]  eta: 0:15:12  lr: 0.000019  loss: 6.9069 (6.9074)  time: 0.6134  data: 0.0004  max mem: 29495
[20:18:36.865678] Epoch: [0]  [  80/1251]  eta: 0:14:13  lr: 0.000026  loss: 6.9060 (6.9070)  time: 0.6139  data: 0.0004  max mem: 29495
[20:18:49.166435] Epoch: [0]  [ 100/1251]  eta: 0:13:32  lr: 0.000032  loss: 6.9017 (6.9060)  time: 0.6150  data: 0.0004  max mem: 29495
[20:19:01.523148] Epoch: [0]  [ 120/1251]  eta: 0:13:02  lr: 0.000038  loss: 6.8927 (6.9038)  time: 0.6178  data: 0.0004  max mem: 29495
[20:19:13.862795] Epoch: [0]  [ 140/1251]  eta: 0:12:36  lr: 0.000045  loss: 6.8562 (6.8974)  time: 0.6169  data: 0.0004  max mem: 29495
[20:19:26.182446] Epoch: [0]  [ 160/1251]  eta: 0:12:14  lr: 0.000051  loss: 6.8176 (6.8865)  time: 0.6159  data: 0.0004  max mem: 29495
[20:19:38.553067] Epoch: [0]  [ 180/1251]  eta: 0:11:54  lr: 0.000058  loss: 6.7667 (6.8718)  time: 0.6185  data: 0.0004  max mem: 29495
[20:19:50.983752] Epoch: [0]  [ 200/1251]  eta: 0:11:36  lr: 0.000064  loss: 6.7009 (6.8546)  time: 0.6215  data: 0.0004  max mem: 29495
[20:20:03.372516] Epoch: [0]  [ 220/1251]  eta: 0:11:18  lr: 0.000070  loss: 6.7119 (6.8392)  time: 0.6194  data: 0.0005  max mem: 29495
[20:20:15.844277] Epoch: [0]  [ 240/1251]  eta: 0:11:02  lr: 0.000077  loss: 6.6710 (6.8240)  time: 0.6236  data: 0.0004  max mem: 29495
[20:20:28.296687] Epoch: [0]  [ 260/1251]  eta: 0:10:47  lr: 0.000083  loss: 6.6187 (6.8069)  time: 0.6226  data: 0.0004  max mem: 29495
[20:20:40.762780] Epoch: [0]  [ 280/1251]  eta: 0:10:32  lr: 0.000090  loss: 6.5945 (6.7904)  time: 0.6233  data: 0.0004  max mem: 29495
[20:20:53.236963] Epoch: [0]  [ 300/1251]  eta: 0:10:17  lr: 0.000096  loss: 6.5418 (6.7725)  time: 0.6237  data: 0.0004  max mem: 29495
[20:21:05.688349] Epoch: [0]  [ 320/1251]  eta: 0:10:02  lr: 0.000102  loss: 6.4880 (6.7543)  time: 0.6225  data: 0.0004  max mem: 29495
[20:21:18.122880] Epoch: [0]  [ 340/1251]  eta: 0:09:48  lr: 0.000109  loss: 6.5172 (6.7392)  time: 0.6217  data: 0.0004  max mem: 29495
[20:21:30.533399] Epoch: [0]  [ 360/1251]  eta: 0:09:34  lr: 0.000115  loss: 6.4363 (6.7221)  time: 0.6205  data: 0.0004  max mem: 29495
[20:21:42.977686] Epoch: [0]  [ 380/1251]  eta: 0:09:20  lr: 0.000122  loss: 6.4029 (6.7044)  time: 0.6222  data: 0.0004  max mem: 29495
[20:21:55.473966] Epoch: [0]  [ 400/1251]  eta: 0:09:06  lr: 0.000128  loss: 6.2975 (6.6845)  time: 0.6248  data: 0.0005  max mem: 29495
[20:22:07.965283] Epoch: [0]  [ 420/1251]  eta: 0:08:53  lr: 0.000134  loss: 6.3305 (6.6674)  time: 0.6245  data: 0.0004  max mem: 29495
[20:22:20.488833] Epoch: [0]  [ 440/1251]  eta: 0:08:39  lr: 0.000141  loss: 6.3551 (6.6515)  time: 0.6261  data: 0.0005  max mem: 29495
[20:22:32.967036] Epoch: [0]  [ 460/1251]  eta: 0:08:26  lr: 0.000147  loss: 6.3271 (6.6355)  time: 0.6239  data: 0.0004  max mem: 29495
[20:22:45.454576] Epoch: [0]  [ 480/1251]  eta: 0:08:13  lr: 0.000153  loss: 6.3416 (6.6199)  time: 0.6243  data: 0.0003  max mem: 29495
[20:22:57.938530] Epoch: [0]  [ 500/1251]  eta: 0:07:59  lr: 0.000160  loss: 6.2275 (6.6019)  time: 0.6242  data: 0.0004  max mem: 29495
[20:23:10.426781] Epoch: [0]  [ 520/1251]  eta: 0:07:46  lr: 0.000166  loss: 6.2373 (6.5856)  time: 0.6244  data: 0.0004  max mem: 29495
[20:23:22.923528] Epoch: [0]  [ 540/1251]  eta: 0:07:33  lr: 0.000173  loss: 6.1762 (6.5689)  time: 0.6248  data: 0.0007  max mem: 29495
[20:23:35.355572] Epoch: [0]  [ 560/1251]  eta: 0:07:20  lr: 0.000179  loss: 6.2174 (6.5531)  time: 0.6216  data: 0.0003  max mem: 29495
[20:23:47.825144] Epoch: [0]  [ 580/1251]  eta: 0:07:07  lr: 0.000185  loss: 6.2243 (6.5388)  time: 0.6234  data: 0.0003  max mem: 29495
[20:24:00.334404] Epoch: [0]  [ 600/1251]  eta: 0:06:54  lr: 0.000192  loss: 6.1928 (6.5250)  time: 0.6254  data: 0.0004  max mem: 29495
[20:24:12.827523] Epoch: [0]  [ 620/1251]  eta: 0:06:41  lr: 0.000198  loss: 6.1354 (6.5115)  time: 0.6246  data: 0.0004  max mem: 29495
[20:24:25.293471] Epoch: [0]  [ 640/1251]  eta: 0:06:28  lr: 0.000205  loss: 6.1647 (6.4987)  time: 0.6233  data: 0.0004  max mem: 29495
[20:24:37.764738] Epoch: [0]  [ 660/1251]  eta: 0:06:15  lr: 0.000211  loss: 5.8423 (6.4801)  time: 0.6235  data: 0.0003  max mem: 29495
[20:24:50.276809] Epoch: [0]  [ 680/1251]  eta: 0:06:02  lr: 0.000217  loss: 5.9997 (6.4668)  time: 0.6256  data: 0.0003  max mem: 29495
[20:25:02.775958] Epoch: [0]  [ 700/1251]  eta: 0:05:49  lr: 0.000224  loss: 5.8901 (6.4499)  time: 0.6249  data: 0.0003  max mem: 29495
[20:25:15.244655] Epoch: [0]  [ 720/1251]  eta: 0:05:36  lr: 0.000230  loss: 6.0259 (6.4365)  time: 0.6234  data: 0.0003  max mem: 29495
[20:25:27.747207] Epoch: [0]  [ 740/1251]  eta: 0:05:24  lr: 0.000237  loss: 5.9665 (6.4222)  time: 0.6251  data: 0.0004  max mem: 29495
[20:25:40.199133] Epoch: [0]  [ 760/1251]  eta: 0:05:11  lr: 0.000243  loss: 6.0497 (6.4091)  time: 0.6226  data: 0.0004  max mem: 29495
[20:25:52.697657] Epoch: [0]  [ 780/1251]  eta: 0:04:58  lr: 0.000249  loss: 5.8530 (6.3934)  time: 0.6249  data: 0.0003  max mem: 29495
[20:26:05.185591] Epoch: [0]  [ 800/1251]  eta: 0:04:45  lr: 0.000256  loss: 5.8661 (6.3804)  time: 0.6244  data: 0.0004  max mem: 29495
[20:26:17.689031] Epoch: [0]  [ 820/1251]  eta: 0:04:32  lr: 0.000262  loss: 5.8445 (6.3681)  time: 0.6251  data: 0.0004  max mem: 29495
[20:26:30.208098] Epoch: [0]  [ 840/1251]  eta: 0:04:20  lr: 0.000269  loss: 5.8599 (6.3526)  time: 0.6259  data: 0.0004  max mem: 29495
[20:26:42.700420] Epoch: [0]  [ 860/1251]  eta: 0:04:07  lr: 0.000275  loss: 5.9785 (6.3404)  time: 0.6246  data: 0.0004  max mem: 29495
[20:26:55.166244] Epoch: [0]  [ 880/1251]  eta: 0:03:54  lr: 0.000281  loss: 5.8535 (6.3283)  time: 0.6232  data: 0.0005  max mem: 29495
[20:27:07.621726] Epoch: [0]  [ 900/1251]  eta: 0:03:41  lr: 0.000288  loss: 5.7986 (6.3149)  time: 0.6227  data: 0.0005  max mem: 29495
[20:27:20.075835] Epoch: [0]  [ 920/1251]  eta: 0:03:29  lr: 0.000294  loss: 5.9433 (6.3053)  time: 0.6227  data: 0.0003  max mem: 29495
[20:27:32.551850] Epoch: [0]  [ 940/1251]  eta: 0:03:16  lr: 0.000301  loss: 5.8109 (6.2936)  time: 0.6238  data: 0.0003  max mem: 29495
[20:27:45.032442] Epoch: [0]  [ 960/1251]  eta: 0:03:03  lr: 0.000307  loss: 5.9045 (6.2851)  time: 0.6240  data: 0.0004  max mem: 29495
[20:27:57.504244] Epoch: [0]  [ 980/1251]  eta: 0:02:51  lr: 0.000313  loss: 5.6635 (6.2716)  time: 0.6235  data: 0.0005  max mem: 29495
[20:28:10.022430] Epoch: [0]  [1000/1251]  eta: 0:02:38  lr: 0.000320  loss: 5.7302 (6.2598)  time: 0.6259  data: 0.0004  max mem: 29495
[20:28:22.495449] Epoch: [0]  [1020/1251]  eta: 0:02:25  lr: 0.000326  loss: 5.7699 (6.2494)  time: 0.6236  data: 0.0004  max mem: 29495
[20:28:34.998830] Epoch: [0]  [1040/1251]  eta: 0:02:13  lr: 0.000333  loss: 5.8090 (6.2400)  time: 0.6251  data: 0.0004  max mem: 29495
[20:28:47.483036] Epoch: [0]  [1060/1251]  eta: 0:02:00  lr: 0.000339  loss: 5.7920 (6.2310)  time: 0.6242  data: 0.0003  max mem: 29495
[20:28:59.969127] Epoch: [0]  [1080/1251]  eta: 0:01:47  lr: 0.000345  loss: 5.4925 (6.2169)  time: 0.6243  data: 0.0004  max mem: 29495
[20:29:12.480350] Epoch: [0]  [1100/1251]  eta: 0:01:35  lr: 0.000352  loss: 5.4467 (6.2035)  time: 0.6255  data: 0.0004  max mem: 29495
[20:29:24.968101] Epoch: [0]  [1120/1251]  eta: 0:01:22  lr: 0.000358  loss: 5.8192 (6.1935)  time: 0.6243  data: 0.0004  max mem: 29495
[20:29:37.434997] Epoch: [0]  [1140/1251]  eta: 0:01:09  lr: 0.000365  loss: 5.5941 (6.1816)  time: 0.6233  data: 0.0003  max mem: 29495
[20:29:49.898892] Epoch: [0]  [1160/1251]  eta: 0:00:57  lr: 0.000371  loss: 5.5769 (6.1715)  time: 0.6232  data: 0.0004  max mem: 29495
[20:30:02.359282] Epoch: [0]  [1180/1251]  eta: 0:00:44  lr: 0.000377  loss: 5.8266 (6.1634)  time: 0.6230  data: 0.0003  max mem: 29495
[20:30:14.850306] Epoch: [0]  [1200/1251]  eta: 0:00:32  lr: 0.000384  loss: 5.7495 (6.1545)  time: 0.6245  data: 0.0004  max mem: 29495
[20:30:27.306744] Epoch: [0]  [1220/1251]  eta: 0:00:19  lr: 0.000390  loss: 5.5515 (6.1439)  time: 0.6228  data: 0.0004  max mem: 29495
[20:30:39.784562] Epoch: [0]  [1240/1251]  eta: 0:00:06  lr: 0.000396  loss: 5.6676 (6.1344)  time: 0.6239  data: 0.0007  max mem: 29495
[20:30:45.974342] Epoch: [0]  [1250/1251]  eta: 0:00:00  lr: 0.000400  loss: 5.7520 (6.1308)  time: 0.6208  data: 0.0005  max mem: 29495
[20:30:46.448921] Epoch: [0] Total time: 0:13:08 (0.6304 s / it)
[20:30:46.475389] Averaged stats: lr: 0.000400  loss: 5.7520 (6.1221)
[20:30:51.344900] Test:  [ 0/49]  eta: 0:03:11  loss: 3.2227 (3.2227)  acc1: 34.7656 (34.7656)  acc5: 59.3750 (59.3750)  time: 3.9161  data: 3.6937  max mem: 29495
[20:30:54.351407] Test:  [10/49]  eta: 0:00:24  loss: 3.3287 (3.3143)  acc1: 30.8594 (30.7528)  acc5: 59.3750 (59.4460)  time: 0.6293  data: 0.4288  max mem: 29495
[20:30:58.838412] Test:  [20/49]  eta: 0:00:15  loss: 3.3444 (3.3411)  acc1: 30.4688 (30.5990)  acc5: 58.5938 (59.2634)  time: 0.3746  data: 0.1746  max mem: 29495
[20:31:02.009860] Test:  [30/49]  eta: 0:00:08  loss: 3.3545 (3.3531)  acc1: 30.0781 (30.5066)  acc5: 58.2031 (58.7828)  time: 0.3828  data: 0.1810  max mem: 29495
[20:31:04.856997] Test:  [40/49]  eta: 0:00:03  loss: 3.3688 (3.3581)  acc1: 30.0781 (30.7355)  acc5: 57.4219 (58.5175)  time: 0.3008  data: 0.0993  max mem: 29495
[20:31:06.955699] Test:  [48/49]  eta: 0:00:00  loss: 3.3654 (3.3516)  acc1: 31.2500 (30.8960)  acc5: 57.8125 (58.5920)  time: 0.2671  data: 0.0654  max mem: 29495
[20:31:07.052878] Test: Total time: 0:00:19 (0.4005 s / it)
[20:31:07.053960] * Acc@1 30.972 Acc@5 58.324 loss 3.348
[20:31:07.054049] Accuracy of the network on the 50000 test images: 31.0%
[20:31:07.054065] Max accuracy: 30.97%
[20:31:07.062855] log_dir: /ibex/ai/project/c2090/lomar_plus_save/logs/raven/finetuned_mae_encoderonly_mask_0.8_neigh_0.05_wind_7_num_4_epoches_100
[20:31:11.614161] Epoch: [1]  [   0/1251]  eta: 1:34:52  lr: 0.000400  loss: 5.0499 (5.0499)  time: 4.5503  data: 3.8804  max mem: 29495
[20:31:24.144965] Epoch: [1]  [  20/1251]  eta: 0:16:41  lr: 0.000406  loss: 5.4375 (5.2987)  time: 0.6265  data: 0.0005  max mem: 29495
[20:31:36.685113] Epoch: [1]  [  40/1251]  eta: 0:14:34  lr: 0.000413  loss: 5.4972 (5.4146)  time: 0.6269  data: 0.0003  max mem: 29495
[20:31:49.227852] Epoch: [1]  [  60/1251]  eta: 0:13:43  lr: 0.000419  loss: 5.5493 (5.4260)  time: 0.6271  data: 0.0004  max mem: 29495
[20:32:01.735360] Epoch: [1]  [  80/1251]  eta: 0:13:10  lr: 0.000426  loss: 5.5174 (5.4331)  time: 0.6253  data: 0.0004  max mem: 29495
[20:32:14.259395] Epoch: [1]  [ 100/1251]  eta: 0:12:45  lr: 0.000432  loss: 5.6638 (5.4547)  time: 0.6261  data: 0.0004  max mem: 29495
[20:32:26.813889] Epoch: [1]  [ 120/1251]  eta: 0:12:25  lr: 0.000438  loss: 5.5896 (5.4492)  time: 0.6277  data: 0.0004  max mem: 29495
[20:32:39.343303] Epoch: [1]  [ 140/1251]  eta: 0:12:07  lr: 0.000445  loss: 5.5987 (5.4531)  time: 0.6264  data: 0.0004  max mem: 29495
[20:32:51.869620] Epoch: [1]  [ 160/1251]  eta: 0:11:50  lr: 0.000451  loss: 5.5056 (5.4427)  time: 0.6263  data: 0.0004  max mem: 29495
[20:33:04.346735] Epoch: [1]  [ 180/1251]  eta: 0:11:33  lr: 0.000458  loss: 5.4836 (5.4445)  time: 0.6238  data: 0.0004  max mem: 29495
[20:33:16.866733] Epoch: [1]  [ 200/1251]  eta: 0:11:18  lr: 0.000464  loss: 5.5445 (5.4402)  time: 0.6259  data: 0.0004  max mem: 29495
[20:33:29.344235] Epoch: [1]  [ 220/1251]  eta: 0:11:03  lr: 0.000470  loss: 5.6644 (5.4496)  time: 0.6238  data: 0.0003  max mem: 29495
[20:33:41.843460] Epoch: [1]  [ 240/1251]  eta: 0:10:49  lr: 0.000477  loss: 5.4276 (5.4377)  time: 0.6249  data: 0.0004  max mem: 29495
[20:33:54.335188] Epoch: [1]  [ 260/1251]  eta: 0:10:35  lr: 0.000483  loss: 5.4136 (5.4300)  time: 0.6245  data: 0.0003  max mem: 29495
[20:34:06.856500] Epoch: [1]  [ 280/1251]  eta: 0:10:21  lr: 0.000490  loss: 5.2718 (5.4155)  time: 0.6259  data: 0.0007  max mem: 29495
[20:34:19.351040] Epoch: [1]  [ 300/1251]  eta: 0:10:07  lr: 0.000496  loss: 5.2737 (5.4015)  time: 0.6247  data: 0.0004  max mem: 29495
[20:34:31.857294] Epoch: [1]  [ 320/1251]  eta: 0:09:53  lr: 0.000502  loss: 5.4574 (5.3963)  time: 0.6253  data: 0.0004  max mem: 29495
[20:34:44.373291] Epoch: [1]  [ 340/1251]  eta: 0:09:40  lr: 0.000509  loss: 5.2484 (5.3905)  time: 0.6257  data: 0.0005  max mem: 29495
[20:34:56.878256] Epoch: [1]  [ 360/1251]  eta: 0:09:27  lr: 0.000515  loss: 5.4701 (5.3932)  time: 0.6252  data: 0.0005  max mem: 29495
[20:35:09.368455] Epoch: [1]  [ 380/1251]  eta: 0:09:13  lr: 0.000522  loss: 5.5962 (5.3979)  time: 0.6245  data: 0.0003  max mem: 29495
[20:35:21.832291] Epoch: [1]  [ 400/1251]  eta: 0:09:00  lr: 0.000528  loss: 5.4462 (5.3938)  time: 0.6230  data: 0.0004  max mem: 29495
[20:35:34.324542] Epoch: [1]  [ 420/1251]  eta: 0:08:47  lr: 0.000534  loss: 5.3356 (5.3854)  time: 0.6246  data: 0.0004  max mem: 29495
[20:35:46.852813] Epoch: [1]  [ 440/1251]  eta: 0:08:34  lr: 0.000541  loss: 5.5026 (5.3840)  time: 0.6264  data: 0.0004  max mem: 29495
[20:35:59.407746] Epoch: [1]  [ 460/1251]  eta: 0:08:21  lr: 0.000547  loss: 5.2876 (5.3756)  time: 0.6277  data: 0.0004  max mem: 29495
[20:36:11.925885] Epoch: [1]  [ 480/1251]  eta: 0:08:08  lr: 0.000553  loss: 5.3023 (5.3695)  time: 0.6258  data: 0.0004  max mem: 29495
[20:36:24.434164] Epoch: [1]  [ 500/1251]  eta: 0:07:55  lr: 0.000560  loss: 5.3846 (5.3675)  time: 0.6254  data: 0.0003  max mem: 29495
[20:36:36.938461] Epoch: [1]  [ 520/1251]  eta: 0:07:42  lr: 0.000566  loss: 5.3533 (5.3655)  time: 0.6252  data: 0.0011  max mem: 29495
[20:36:49.373127] Epoch: [1]  [ 540/1251]  eta: 0:07:29  lr: 0.000573  loss: 5.5103 (5.3667)  time: 0.6217  data: 0.0004  max mem: 29495
[20:37:01.911508] Epoch: [1]  [ 560/1251]  eta: 0:07:17  lr: 0.000579  loss: 5.3296 (5.3625)  time: 0.6269  data: 0.0004  max mem: 29495
[20:37:14.452241] Epoch: [1]  [ 580/1251]  eta: 0:07:04  lr: 0.000585  loss: 5.4149 (5.3579)  time: 0.6270  data: 0.0003  max mem: 29495
[20:37:27.000047] Epoch: [1]  [ 600/1251]  eta: 0:06:51  lr: 0.000592  loss: 5.4780 (5.3616)  time: 0.6273  data: 0.0004  max mem: 29495
[20:37:39.478405] Epoch: [1]  [ 620/1251]  eta: 0:06:38  lr: 0.000598  loss: 5.2125 (5.3566)  time: 0.6238  data: 0.0004  max mem: 29495
[20:37:51.913790] Epoch: [1]  [ 640/1251]  eta: 0:06:25  lr: 0.000605  loss: 5.3419 (5.3532)  time: 0.6217  data: 0.0005  max mem: 29495
[20:38:04.388758] Epoch: [1]  [ 660/1251]  eta: 0:06:13  lr: 0.000611  loss: 5.3555 (5.3492)  time: 0.6237  data: 0.0004  max mem: 29495
[20:38:16.873174] Epoch: [1]  [ 680/1251]  eta: 0:06:00  lr: 0.000617  loss: 5.3582 (5.3481)  time: 0.6242  data: 0.0005  max mem: 29495
[20:38:29.382270] Epoch: [1]  [ 700/1251]  eta: 0:05:47  lr: 0.000624  loss: 5.3202 (5.3451)  time: 0.6254  data: 0.0007  max mem: 29495
[20:38:41.896448] Epoch: [1]  [ 720/1251]  eta: 0:05:34  lr: 0.000630  loss: 5.1581 (5.3410)  time: 0.6256  data: 0.0004  max mem: 29495
[20:38:54.398400] Epoch: [1]  [ 740/1251]  eta: 0:05:22  lr: 0.000637  loss: 5.2383 (5.3355)  time: 0.6250  data: 0.0004  max mem: 29495
[20:39:06.871726] Epoch: [1]  [ 760/1251]  eta: 0:05:09  lr: 0.000643  loss: 5.3077 (5.3321)  time: 0.6236  data: 0.0004  max mem: 29495
[20:39:19.357328] Epoch: [1]  [ 780/1251]  eta: 0:04:56  lr: 0.000649  loss: 5.0393 (5.3232)  time: 0.6241  data: 0.0004  max mem: 29495
[20:39:31.878277] Epoch: [1]  [ 800/1251]  eta: 0:04:44  lr: 0.000656  loss: 5.2450 (5.3187)  time: 0.6260  data: 0.0005  max mem: 29495
[20:39:44.352914] Epoch: [1]  [ 820/1251]  eta: 0:04:31  lr: 0.000662  loss: 4.9717 (5.3121)  time: 0.6237  data: 0.0004  max mem: 29495
[20:39:56.842726] Epoch: [1]  [ 840/1251]  eta: 0:04:18  lr: 0.000669  loss: 5.1941 (5.3086)  time: 0.6244  data: 0.0004  max mem: 29495
[20:40:09.291100] Epoch: [1]  [ 860/1251]  eta: 0:04:06  lr: 0.000675  loss: 5.2398 (5.3045)  time: 0.6224  data: 0.0004  max mem: 29495
[20:40:21.756326] Epoch: [1]  [ 880/1251]  eta: 0:03:53  lr: 0.000681  loss: 5.4419 (5.3053)  time: 0.6232  data: 0.0010  max mem: 29495
[20:40:34.263269] Epoch: [1]  [ 900/1251]  eta: 0:03:40  lr: 0.000688  loss: 5.2708 (5.3045)  time: 0.6253  data: 0.0004  max mem: 29495
[20:40:46.761260] Epoch: [1]  [ 920/1251]  eta: 0:03:28  lr: 0.000694  loss: 4.8624 (5.2966)  time: 0.6248  data: 0.0004  max mem: 29495
[20:40:59.279229] Epoch: [1]  [ 940/1251]  eta: 0:03:15  lr: 0.000701  loss: 5.3702 (5.2951)  time: 0.6258  data: 0.0004  max mem: 29495
[20:41:11.784169] Epoch: [1]  [ 960/1251]  eta: 0:03:03  lr: 0.000707  loss: 5.3298 (5.2937)  time: 0.6252  data: 0.0005  max mem: 29495
[20:41:24.307125] Epoch: [1]  [ 980/1251]  eta: 0:02:50  lr: 0.000713  loss: 5.3917 (5.2920)  time: 0.6261  data: 0.0005  max mem: 29495
[20:41:36.810226] Epoch: [1]  [1000/1251]  eta: 0:02:37  lr: 0.000720  loss: 5.1169 (5.2871)  time: 0.6251  data: 0.0004  max mem: 29495
[20:41:49.304682] Epoch: [1]  [1020/1251]  eta: 0:02:25  lr: 0.000726  loss: 5.1863 (5.2835)  time: 0.6247  data: 0.0004  max mem: 29495
[20:42:01.752191] Epoch: [1]  [1040/1251]  eta: 0:02:12  lr: 0.000733  loss: 5.2120 (5.2812)  time: 0.6223  data: 0.0004  max mem: 29495
[20:42:14.252008] Epoch: [1]  [1060/1251]  eta: 0:02:00  lr: 0.000739  loss: 5.0719 (5.2760)  time: 0.6249  data: 0.0004  max mem: 29495
[20:42:26.792188] Epoch: [1]  [1080/1251]  eta: 0:01:47  lr: 0.000745  loss: 4.9077 (5.2695)  time: 0.6269  data: 0.0005  max mem: 29495
[20:42:39.295220] Epoch: [1]  [1100/1251]  eta: 0:01:34  lr: 0.000752  loss: 5.3628 (5.2693)  time: 0.6251  data: 0.0004  max mem: 29495
[20:42:51.774036] Epoch: [1]  [1120/1251]  eta: 0:01:22  lr: 0.000758  loss: 5.1976 (5.2656)  time: 0.6239  data: 0.0004  max mem: 29495
[20:43:04.324455] Epoch: [1]  [1140/1251]  eta: 0:01:09  lr: 0.000765  loss: 5.1745 (5.2615)  time: 0.6274  data: 0.0004  max mem: 29495
[20:43:16.828342] Epoch: [1]  [1160/1251]  eta: 0:00:57  lr: 0.000771  loss: 5.2069 (5.2593)  time: 0.6251  data: 0.0005  max mem: 29495
[20:43:29.318760] Epoch: [1]  [1180/1251]  eta: 0:00:44  lr: 0.000777  loss: 5.2002 (5.2570)  time: 0.6245  data: 0.0008  max mem: 29495
[20:43:41.850291] Epoch: [1]  [1200/1251]  eta: 0:00:32  lr: 0.000784  loss: 5.1462 (5.2532)  time: 0.6265  data: 0.0003  max mem: 29495
[20:43:54.387888] Epoch: [1]  [1220/1251]  eta: 0:00:19  lr: 0.000790  loss: 5.2302 (5.2494)  time: 0.6268  data: 0.0004  max mem: 29495
[20:44:06.915518] Epoch: [1]  [1240/1251]  eta: 0:00:06  lr: 0.000796  loss: 5.1359 (5.2457)  time: 0.6263  data: 0.0007  max mem: 29495
[20:44:13.111442] Epoch: [1]  [1250/1251]  eta: 0:00:00  lr: 0.000800  loss: 5.1359 (5.2443)  time: 0.6231  data: 0.0006  max mem: 29495
[20:44:13.631003] Epoch: [1] Total time: 0:13:06 (0.6288 s / it)
[20:44:13.659563] Averaged stats: lr: 0.000800  loss: 5.1359 (5.2534)
[20:44:18.329293] Test:  [ 0/49]  eta: 0:03:03  loss: 2.3545 (2.3545)  acc1: 47.6562 (47.6562)  acc5: 75.0000 (75.0000)  time: 3.7400  data: 3.4920  max mem: 29495
[20:44:21.544966] Test:  [10/49]  eta: 0:00:24  loss: 2.3664 (2.3782)  acc1: 46.8750 (47.0881)  acc5: 74.6094 (74.1832)  time: 0.6323  data: 0.4285  max mem: 29495
[20:44:24.538145] Test:  [20/49]  eta: 0:00:13  loss: 2.4102 (2.4149)  acc1: 46.4844 (46.3356)  acc5: 73.4375 (74.0327)  time: 0.3103  data: 0.1116  max mem: 29495
[20:44:28.463580] Test:  [30/49]  eta: 0:00:08  loss: 2.4473 (2.4340)  acc1: 46.0938 (46.3458)  acc5: 73.4375 (73.5635)  time: 0.3458  data: 0.1477  max mem: 29495
[20:44:31.524904] Test:  [40/49]  eta: 0:00:03  loss: 2.4786 (2.4389)  acc1: 45.7031 (46.1509)  acc5: 73.4375 (73.5328)  time: 0.3492  data: 0.1498  max mem: 29495
[20:44:33.151808] Test:  [48/49]  eta: 0:00:00  loss: 2.4494 (2.4259)  acc1: 45.3125 (46.3840)  acc5: 73.8281 (73.7520)  time: 0.3137  data: 0.1159  max mem: 29495
[20:44:33.310079] Test: Total time: 0:00:18 (0.3821 s / it)
[20:44:33.311008] * Acc@1 46.186 Acc@5 73.282 loss 2.429
[20:44:33.311103] Accuracy of the network on the 50000 test images: 46.2%
[20:44:33.311119] Max accuracy: 46.19%
[20:44:33.321366] log_dir: /ibex/ai/project/c2090/lomar_plus_save/logs/raven/finetuned_mae_encoderonly_mask_0.8_neigh_0.05_wind_7_num_4_epoches_100
[20:44:38.231002] Epoch: [2]  [   0/1251]  eta: 1:42:21  lr: 0.000800  loss: 5.0509 (5.0509)  time: 4.9089  data: 3.3224  max mem: 29495
[20:44:50.813725] Epoch: [2]  [  20/1251]  eta: 0:17:05  lr: 0.000806  loss: 4.8695 (4.9511)  time: 0.6291  data: 0.0005  max mem: 29495
[20:45:03.387065] Epoch: [2]  [  40/1251]  eta: 0:14:47  lr: 0.000813  loss: 5.2736 (5.0204)  time: 0.6286  data: 0.0005  max mem: 29495
[20:45:15.946662] Epoch: [2]  [  60/1251]  eta: 0:13:52  lr: 0.000819  loss: 5.1996 (5.0553)  time: 0.6279  data: 0.0004  max mem: 29495
[20:45:28.450679] Epoch: [2]  [  80/1251]  eta: 0:13:16  lr: 0.000826  loss: 5.3198 (5.0959)  time: 0.6251  data: 0.0009  max mem: 29495
[20:45:40.934140] Epoch: [2]  [ 100/1251]  eta: 0:12:50  lr: 0.000832  loss: 5.2286 (5.0812)  time: 0.6241  data: 0.0004  max mem: 29495
[20:45:53.429602] Epoch: [2]  [ 120/1251]  eta: 0:12:28  lr: 0.000838  loss: 5.1480 (5.0829)  time: 0.6247  data: 0.0010  max mem: 29495
[20:46:05.949189] Epoch: [2]  [ 140/1251]  eta: 0:12:09  lr: 0.000845  loss: 5.1061 (5.0767)  time: 0.6259  data: 0.0011  max mem: 29495
[20:46:18.458677] Epoch: [2]  [ 160/1251]  eta: 0:11:52  lr: 0.000851  loss: 5.0973 (5.0762)  time: 0.6254  data: 0.0005  max mem: 29495
[20:46:30.985079] Epoch: [2]  [ 180/1251]  eta: 0:11:36  lr: 0.000858  loss: 5.2657 (5.0747)  time: 0.6263  data: 0.0005  max mem: 29495
[20:46:43.504402] Epoch: [2]  [ 200/1251]  eta: 0:11:20  lr: 0.000864  loss: 5.1573 (5.0694)  time: 0.6259  data: 0.0004  max mem: 29495
[20:46:56.027436] Epoch: [2]  [ 220/1251]  eta: 0:11:05  lr: 0.000870  loss: 4.8914 (5.0598)  time: 0.6261  data: 0.0004  max mem: 29495
[20:47:08.462952] Epoch: [2]  [ 240/1251]  eta: 0:10:50  lr: 0.000877  loss: 4.9756 (5.0443)  time: 0.6217  data: 0.0005  max mem: 29495
[20:47:20.915891] Epoch: [2]  [ 260/1251]  eta: 0:10:36  lr: 0.000883  loss: 5.1776 (5.0440)  time: 0.6226  data: 0.0003  max mem: 29495
[20:47:33.440993] Epoch: [2]  [ 280/1251]  eta: 0:10:22  lr: 0.000890  loss: 5.1361 (5.0369)  time: 0.6262  data: 0.0006  max mem: 29495
[20:47:45.971290] Epoch: [2]  [ 300/1251]  eta: 0:10:08  lr: 0.000896  loss: 5.1018 (5.0382)  time: 0.6265  data: 0.0003  max mem: 29495
[20:47:58.516300] Epoch: [2]  [ 320/1251]  eta: 0:09:55  lr: 0.000902  loss: 5.1108 (5.0302)  time: 0.6272  data: 0.0004  max mem: 29495
[20:48:11.016153] Epoch: [2]  [ 340/1251]  eta: 0:09:41  lr: 0.000909  loss: 4.7324 (5.0197)  time: 0.6249  data: 0.0004  max mem: 29495
[20:48:23.537706] Epoch: [2]  [ 360/1251]  eta: 0:09:28  lr: 0.000915  loss: 5.2140 (5.0168)  time: 0.6260  data: 0.0005  max mem: 29495
[20:48:36.073647] Epoch: [2]  [ 380/1251]  eta: 0:09:14  lr: 0.000922  loss: 4.7232 (5.0067)  time: 0.6267  data: 0.0005  max mem: 29495
[20:48:48.574674] Epoch: [2]  [ 400/1251]  eta: 0:09:01  lr: 0.000928  loss: 5.2302 (5.0131)  time: 0.6250  data: 0.0005  max mem: 29495
[20:49:01.053396] Epoch: [2]  [ 420/1251]  eta: 0:08:48  lr: 0.000934  loss: 5.1732 (5.0108)  time: 0.6239  data: 0.0005  max mem: 29495
[20:49:13.498371] Epoch: [2]  [ 440/1251]  eta: 0:08:35  lr: 0.000941  loss: 5.2439 (5.0137)  time: 0.6222  data: 0.0005  max mem: 29495
[20:49:25.993135] Epoch: [2]  [ 460/1251]  eta: 0:08:22  lr: 0.000947  loss: 5.0674 (5.0113)  time: 0.6245  data: 0.0007  max mem: 29495
[20:49:38.532750] Epoch: [2]  [ 480/1251]  eta: 0:08:09  lr: 0.000953  loss: 5.1536 (5.0148)  time: 0.6269  data: 0.0003  max mem: 29495
[20:49:51.073358] Epoch: [2]  [ 500/1251]  eta: 0:07:56  lr: 0.000960  loss: 4.8519 (5.0042)  time: 0.6270  data: 0.0004  max mem: 29495
[20:50:03.618121] Epoch: [2]  [ 520/1251]  eta: 0:07:43  lr: 0.000966  loss: 5.0960 (5.0054)  time: 0.6272  data: 0.0005  max mem: 29495
[20:50:16.171101] Epoch: [2]  [ 540/1251]  eta: 0:07:30  lr: 0.000973  loss: 4.9912 (5.0023)  time: 0.6276  data: 0.0005  max mem: 29495
[20:50:28.685575] Epoch: [2]  [ 560/1251]  eta: 0:07:17  lr: 0.000979  loss: 5.0204 (4.9970)  time: 0.6257  data: 0.0005  max mem: 29495
[20:50:41.175705] Epoch: [2]  [ 580/1251]  eta: 0:07:04  lr: 0.000985  loss: 4.9674 (4.9942)  time: 0.6244  data: 0.0005  max mem: 29495
[20:50:53.707779] Epoch: [2]  [ 600/1251]  eta: 0:06:51  lr: 0.000992  loss: 5.0675 (4.9906)  time: 0.6265  data: 0.0004  max mem: 29495
[20:51:06.213690] Epoch: [2]  [ 620/1251]  eta: 0:06:39  lr: 0.000998  loss: 4.9994 (4.9902)  time: 0.6252  data: 0.0004  max mem: 29495
[20:51:18.753599] Epoch: [2]  [ 640/1251]  eta: 0:06:26  lr: 0.001005  loss: 5.0709 (4.9883)  time: 0.6269  data: 0.0004  max mem: 29495
[20:51:31.260967] Epoch: [2]  [ 660/1251]  eta: 0:06:13  lr: 0.001011  loss: 5.0538 (4.9904)  time: 0.6253  data: 0.0010  max mem: 29495
[20:51:43.798679] Epoch: [2]  [ 680/1251]  eta: 0:06:00  lr: 0.001017  loss: 5.1736 (4.9909)  time: 0.6268  data: 0.0004  max mem: 29495
[20:51:56.342743] Epoch: [2]  [ 700/1251]  eta: 0:05:48  lr: 0.001024  loss: 4.8486 (4.9853)  time: 0.6271  data: 0.0004  max mem: 29495
[20:52:08.851189] Epoch: [2]  [ 720/1251]  eta: 0:05:35  lr: 0.001030  loss: 5.2392 (4.9858)  time: 0.6254  data: 0.0004  max mem: 29495
[20:52:21.379237] Epoch: [2]  [ 740/1251]  eta: 0:05:22  lr: 0.001037  loss: 5.0802 (4.9831)  time: 0.6263  data: 0.0004  max mem: 29495
[20:52:33.941961] Epoch: [2]  [ 760/1251]  eta: 0:05:10  lr: 0.001043  loss: 4.6332 (4.9768)  time: 0.6281  data: 0.0004  max mem: 29495
[20:52:46.442672] Epoch: [2]  [ 780/1251]  eta: 0:04:57  lr: 0.001049  loss: 5.1045 (4.9763)  time: 0.6250  data: 0.0005  max mem: 29495
[20:52:58.954498] Epoch: [2]  [ 800/1251]  eta: 0:04:44  lr: 0.001056  loss: 5.0181 (4.9760)  time: 0.6255  data: 0.0004  max mem: 29495
[20:53:11.490463] Epoch: [2]  [ 820/1251]  eta: 0:04:31  lr: 0.001062  loss: 4.9538 (4.9724)  time: 0.6267  data: 0.0004  max mem: 29495
[20:53:23.998532] Epoch: [2]  [ 840/1251]  eta: 0:04:19  lr: 0.001069  loss: 4.9523 (4.9707)  time: 0.6253  data: 0.0003  max mem: 29495
[20:53:36.534220] Epoch: [2]  [ 860/1251]  eta: 0:04:06  lr: 0.001075  loss: 4.7920 (4.9636)  time: 0.6267  data: 0.0003  max mem: 29495
[20:53:49.003908] Epoch: [2]  [ 880/1251]  eta: 0:03:53  lr: 0.001081  loss: 5.0342 (4.9645)  time: 0.6234  data: 0.0004  max mem: 29495
[20:54:01.472035] Epoch: [2]  [ 900/1251]  eta: 0:03:41  lr: 0.001088  loss: 5.0606 (4.9625)  time: 0.6233  data: 0.0005  max mem: 29495
[20:54:14.026803] Epoch: [2]  [ 920/1251]  eta: 0:03:28  lr: 0.001094  loss: 5.0575 (4.9588)  time: 0.6277  data: 0.0005  max mem: 29495
[20:54:26.551620] Epoch: [2]  [ 940/1251]  eta: 0:03:16  lr: 0.001101  loss: 4.7429 (4.9513)  time: 0.6262  data: 0.0005  max mem: 29495
[20:54:39.094553] Epoch: [2]  [ 960/1251]  eta: 0:03:03  lr: 0.001107  loss: 5.0952 (4.9510)  time: 0.6271  data: 0.0005  max mem: 29495
[20:54:51.586019] Epoch: [2]  [ 980/1251]  eta: 0:02:50  lr: 0.001113  loss: 4.9405 (4.9479)  time: 0.6245  data: 0.0005  max mem: 29495
[20:55:04.113611] Epoch: [2]  [1000/1251]  eta: 0:02:38  lr: 0.001120  loss: 4.9836 (4.9458)  time: 0.6263  data: 0.0005  max mem: 29495
[20:55:16.617203] Epoch: [2]  [1020/1251]  eta: 0:02:25  lr: 0.001126  loss: 5.0985 (4.9475)  time: 0.6251  data: 0.0004  max mem: 29495
[20:55:29.178920] Epoch: [2]  [1040/1251]  eta: 0:02:12  lr: 0.001133  loss: 5.1056 (4.9468)  time: 0.6280  data: 0.0004  max mem: 29495
[20:55:41.682907] Epoch: [2]  [1060/1251]  eta: 0:02:00  lr: 0.001139  loss: 4.9593 (4.9451)  time: 0.6251  data: 0.0005  max mem: 29495
[20:55:54.204227] Epoch: [2]  [1080/1251]  eta: 0:01:47  lr: 0.001145  loss: 4.4608 (4.9389)  time: 0.6260  data: 0.0004  max mem: 29495
[20:56:06.693680] Epoch: [2]  [1100/1251]  eta: 0:01:35  lr: 0.001152  loss: 5.0897 (4.9377)  time: 0.6244  data: 0.0004  max mem: 29495
[20:56:19.212535] Epoch: [2]  [1120/1251]  eta: 0:01:22  lr: 0.001158  loss: 4.9164 (4.9346)  time: 0.6259  data: 0.0005  max mem: 29495
[20:56:31.705013] Epoch: [2]  [1140/1251]  eta: 0:01:09  lr: 0.001165  loss: 4.9892 (4.9336)  time: 0.6246  data: 0.0004  max mem: 29495
[20:56:44.243649] Epoch: [2]  [1160/1251]  eta: 0:00:57  lr: 0.001171  loss: 4.8204 (4.9302)  time: 0.6269  data: 0.0004  max mem: 29495
[20:56:56.783772] Epoch: [2]  [1180/1251]  eta: 0:00:44  lr: 0.001177  loss: 4.9933 (4.9301)  time: 0.6269  data: 0.0004  max mem: 29495
[20:57:09.280119] Epoch: [2]  [1200/1251]  eta: 0:00:32  lr: 0.001184  loss: 4.8409 (4.9274)  time: 0.6248  data: 0.0007  max mem: 29495
[20:57:21.801464] Epoch: [2]  [1220/1251]  eta: 0:00:19  lr: 0.001190  loss: 4.9017 (4.9262)  time: 0.6260  data: 0.0004  max mem: 29495
[20:57:34.288881] Epoch: [2]  [1240/1251]  eta: 0:00:06  lr: 0.001196  loss: 4.9288 (4.9240)  time: 0.6243  data: 0.0008  max mem: 29495
[20:57:40.473817] Epoch: [2]  [1250/1251]  eta: 0:00:00  lr: 0.001200  loss: 4.6756 (4.9212)  time: 0.6203  data: 0.0007  max mem: 29495
[20:57:41.027625] Epoch: [2] Total time: 0:13:07 (0.6297 s / it)
[20:57:41.038791] Averaged stats: lr: 0.001200  loss: 4.6756 (4.9208)
[20:57:46.714576] Test:  [ 0/49]  eta: 0:03:52  loss: 2.0451 (2.0451)  acc1: 54.6875 (54.6875)  acc5: 79.2969 (79.2969)  time: 4.7547  data: 4.5317  max mem: 29495
[20:57:50.155921] Test:  [10/49]  eta: 0:00:29  loss: 2.1400 (2.1336)  acc1: 52.7344 (52.5213)  acc5: 78.1250 (78.3026)  time: 0.7450  data: 0.5403  max mem: 29495
[20:57:53.477426] Test:  [20/49]  eta: 0:00:15  loss: 2.1353 (2.1483)  acc1: 52.3438 (52.6600)  acc5: 77.7344 (78.4412)  time: 0.3380  data: 0.1352  max mem: 29495
[20:57:56.949432] Test:  [30/49]  eta: 0:00:09  loss: 2.1391 (2.1570)  acc1: 52.3438 (52.5580)  acc5: 78.5156 (78.2762)  time: 0.3396  data: 0.1361  max mem: 29495
[20:57:59.432209] Test:  [40/49]  eta: 0:00:03  loss: 2.1575 (2.1605)  acc1: 51.9531 (52.5629)  acc5: 77.7344 (78.2489)  time: 0.2976  data: 0.0937  max mem: 29495
[20:58:00.984202] Test:  [48/49]  eta: 0:00:00  loss: 2.1312 (2.1509)  acc1: 53.1250 (52.8880)  acc5: 77.7344 (78.1680)  time: 0.2928  data: 0.0937  max mem: 29495
[20:58:01.101048] Test: Total time: 0:00:19 (0.3906 s / it)
[20:58:01.102096] * Acc@1 52.688 Acc@5 78.236 loss 2.144
[20:58:01.102193] Accuracy of the network on the 50000 test images: 52.7%
[20:58:01.102209] Max accuracy: 52.69%
[20:58:01.112031] log_dir: /ibex/ai/project/c2090/lomar_plus_save/logs/raven/finetuned_mae_encoderonly_mask_0.8_neigh_0.05_wind_7_num_4_epoches_100
[20:58:06.008788] Epoch: [3]  [   0/1251]  eta: 1:41:58  lr: 0.001200  loss: 4.6466 (4.6466)  time: 4.8907  data: 4.2753  max mem: 29495
[20:58:18.556705] Epoch: [3]  [  20/1251]  eta: 0:17:02  lr: 0.001206  loss: 4.7941 (4.7861)  time: 0.6274  data: 0.0006  max mem: 29495
[20:58:31.061737] Epoch: [3]  [  40/1251]  eta: 0:14:44  lr: 0.001213  loss: 4.9650 (4.8126)  time: 0.6252  data: 0.0003  max mem: 29495
[20:58:43.592191] Epoch: [3]  [  60/1251]  eta: 0:13:49  lr: 0.001219  loss: 4.9484 (4.8543)  time: 0.6265  data: 0.0004  max mem: 29495
[20:58:56.156317] Epoch: [3]  [  80/1251]  eta: 0:13:15  lr: 0.001226  loss: 4.9928 (4.8689)  time: 0.6281  data: 0.0004  max mem: 29495
[20:59:08.708263] Epoch: [3]  [ 100/1251]  eta: 0:12:50  lr: 0.001232  loss: 4.9598 (4.8674)  time: 0.6275  data: 0.0003  max mem: 29495
[20:59:21.269236] Epoch: [3]  [ 120/1251]  eta: 0:12:29  lr: 0.001238  loss: 5.0032 (4.8747)  time: 0.6280  data: 0.0003  max mem: 29495
[20:59:33.800092] Epoch: [3]  [ 140/1251]  eta: 0:12:10  lr: 0.001245  loss: 5.0372 (4.8484)  time: 0.6263  data: 0.0004  max mem: 29495
[20:59:46.363422] Epoch: [3]  [ 160/1251]  eta: 0:11:53  lr: 0.001251  loss: 5.0614 (4.8562)  time: 0.6281  data: 0.0004  max mem: 29495
[20:59:58.900518] Epoch: [3]  [ 180/1251]  eta: 0:11:36  lr: 0.001258  loss: 4.8647 (4.8492)  time: 0.6268  data: 0.0004  max mem: 29495
[21:00:11.444043] Epoch: [3]  [ 200/1251]  eta: 0:11:21  lr: 0.001264  loss: 4.7265 (4.8303)  time: 0.6271  data: 0.0004  max mem: 29495
[21:00:23.975669] Epoch: [3]  [ 220/1251]  eta: 0:11:06  lr: 0.001270  loss: 4.7062 (4.8253)  time: 0.6265  data: 0.0004  max mem: 29495
[21:00:36.517264] Epoch: [3]  [ 240/1251]  eta: 0:10:51  lr: 0.001277  loss: 4.6773 (4.8106)  time: 0.6270  data: 0.0004  max mem: 29495
[21:00:49.112859] Epoch: [3]  [ 260/1251]  eta: 0:10:37  lr: 0.001283  loss: 4.6876 (4.7959)  time: 0.6297  data: 0.0004  max mem: 29495
[21:01:01.651077] Epoch: [3]  [ 280/1251]  eta: 0:10:23  lr: 0.001290  loss: 5.0702 (4.7988)  time: 0.6269  data: 0.0011  max mem: 29495
[21:01:14.183298] Epoch: [3]  [ 300/1251]  eta: 0:10:09  lr: 0.001296  loss: 5.0014 (4.7936)  time: 0.6266  data: 0.0004  max mem: 29495
[21:01:26.721704] Epoch: [3]  [ 320/1251]  eta: 0:09:56  lr: 0.001302  loss: 4.8531 (4.7917)  time: 0.6269  data: 0.0004  max mem: 29495
[21:01:39.284265] Epoch: [3]  [ 340/1251]  eta: 0:09:42  lr: 0.001309  loss: 4.9918 (4.7935)  time: 0.6281  data: 0.0004  max mem: 29495
[21:01:51.809118] Epoch: [3]  [ 360/1251]  eta: 0:09:29  lr: 0.001315  loss: 4.8105 (4.7846)  time: 0.6262  data: 0.0004  max mem: 29495
[21:02:04.368983] Epoch: [3]  [ 380/1251]  eta: 0:09:16  lr: 0.001322  loss: 4.8383 (4.7838)  time: 0.6279  data: 0.0004  max mem: 29495
[21:02:16.894105] Epoch: [3]  [ 400/1251]  eta: 0:09:02  lr: 0.001328  loss: 4.9612 (4.7849)  time: 0.6262  data: 0.0004  max mem: 29495
[21:02:29.433071] Epoch: [3]  [ 420/1251]  eta: 0:08:49  lr: 0.001334  loss: 4.7928 (4.7815)  time: 0.6269  data: 0.0003  max mem: 29495
[21:02:42.005699] Epoch: [3]  [ 440/1251]  eta: 0:08:36  lr: 0.001341  loss: 4.9034 (4.7824)  time: 0.6286  data: 0.0004  max mem: 29495
[21:02:54.558943] Epoch: [3]  [ 460/1251]  eta: 0:08:23  lr: 0.001347  loss: 4.8653 (4.7778)  time: 0.6276  data: 0.0004  max mem: 29495
[21:03:07.044825] Epoch: [3]  [ 480/1251]  eta: 0:08:10  lr: 0.001353  loss: 4.9314 (4.7829)  time: 0.6242  data: 0.0004  max mem: 29495
[21:03:19.475299] Epoch: [3]  [ 500/1251]  eta: 0:07:57  lr: 0.001360  loss: 4.6835 (4.7771)  time: 0.6215  data: 0.0003  max mem: 29495
[21:03:31.969008] Epoch: [3]  [ 520/1251]  eta: 0:07:44  lr: 0.001366  loss: 4.8811 (4.7760)  time: 0.6246  data: 0.0004  max mem: 29495
[21:03:44.502217] Epoch: [3]  [ 540/1251]  eta: 0:07:31  lr: 0.001373  loss: 4.6476 (4.7708)  time: 0.6266  data: 0.0006  max mem: 29495
[21:03:56.986714] Epoch: [3]  [ 560/1251]  eta: 0:07:18  lr: 0.001379  loss: 4.8305 (4.7706)  time: 0.6242  data: 0.0004  max mem: 29495
[21:04:09.538561] Epoch: [3]  [ 580/1251]  eta: 0:07:05  lr: 0.001385  loss: 4.6886 (4.7667)  time: 0.6275  data: 0.0004  max mem: 29495
[21:04:22.089127] Epoch: [3]  [ 600/1251]  eta: 0:06:52  lr: 0.001392  loss: 4.7518 (4.7611)  time: 0.6275  data: 0.0003  max mem: 29495
[21:04:34.594551] Epoch: [3]  [ 620/1251]  eta: 0:06:39  lr: 0.001398  loss: 5.0503 (4.7633)  time: 0.6252  data: 0.0003  max mem: 29495
[21:04:47.138355] Epoch: [3]  [ 640/1251]  eta: 0:06:26  lr: 0.001405  loss: 4.8586 (4.7597)  time: 0.6271  data: 0.0004  max mem: 29495
[21:04:59.618046] Epoch: [3]  [ 660/1251]  eta: 0:06:14  lr: 0.001411  loss: 4.8302 (4.7591)  time: 0.6239  data: 0.0003  max mem: 29495
[21:05:12.171722] Epoch: [3]  [ 680/1251]  eta: 0:06:01  lr: 0.001417  loss: 4.8489 (4.7602)  time: 0.6276  data: 0.0004  max mem: 29495
[21:05:24.709085] Epoch: [3]  [ 700/1251]  eta: 0:05:48  lr: 0.001424  loss: 4.9508 (4.7612)  time: 0.6268  data: 0.0004  max mem: 29495
[21:05:37.224759] Epoch: [3]  [ 720/1251]  eta: 0:05:35  lr: 0.001430  loss: 4.7612 (4.7621)  time: 0.6257  data: 0.0006  max mem: 29495
[21:05:49.795837] Epoch: [3]  [ 740/1251]  eta: 0:05:23  lr: 0.001437  loss: 4.7813 (4.7615)  time: 0.6285  data: 0.0007  max mem: 29495
[21:06:02.345425] Epoch: [3]  [ 760/1251]  eta: 0:05:10  lr: 0.001443  loss: 4.6825 (4.7568)  time: 0.6274  data: 0.0007  max mem: 29495
[21:06:14.856874] Epoch: [3]  [ 780/1251]  eta: 0:04:57  lr: 0.001449  loss: 4.4549 (4.7503)  time: 0.6255  data: 0.0004  max mem: 29495
[21:06:27.371207] Epoch: [3]  [ 800/1251]  eta: 0:04:45  lr: 0.001456  loss: 4.7934 (4.7483)  time: 0.6257  data: 0.0005  max mem: 29495
[21:06:39.874830] Epoch: [3]  [ 820/1251]  eta: 0:04:32  lr: 0.001462  loss: 4.7839 (4.7479)  time: 0.6251  data: 0.0004  max mem: 29495
[21:06:52.359407] Epoch: [3]  [ 840/1251]  eta: 0:04:19  lr: 0.001469  loss: 4.8560 (4.7460)  time: 0.6242  data: 0.0004  max mem: 29495
[21:07:04.887642] Epoch: [3]  [ 860/1251]  eta: 0:04:06  lr: 0.001475  loss: 4.8615 (4.7454)  time: 0.6264  data: 0.0004  max mem: 29495
[21:07:17.412524] Epoch: [3]  [ 880/1251]  eta: 0:03:54  lr: 0.001481  loss: 4.5458 (4.7409)  time: 0.6262  data: 0.0003  max mem: 29495
[21:07:29.979484] Epoch: [3]  [ 900/1251]  eta: 0:03:41  lr: 0.001488  loss: 4.7904 (4.7410)  time: 0.6283  data: 0.0003  max mem: 29495
[21:07:42.566850] Epoch: [3]  [ 920/1251]  eta: 0:03:28  lr: 0.001494  loss: 4.9982 (4.7424)  time: 0.6293  data: 0.0003  max mem: 29495
[21:07:55.088575] Epoch: [3]  [ 940/1251]  eta: 0:03:16  lr: 0.001501  loss: 4.7349 (4.7405)  time: 0.6260  data: 0.0004  max mem: 29495
[21:08:07.589540] Epoch: [3]  [ 960/1251]  eta: 0:03:03  lr: 0.001507  loss: 4.8294 (4.7400)  time: 0.6242  data: 0.0004  max mem: 29495
[21:08:20.097262] Epoch: [3]  [ 980/1251]  eta: 0:02:50  lr: 0.001513  loss: 4.9019 (4.7408)  time: 0.6253  data: 0.0004  max mem: 29495
[21:08:32.604021] Epoch: [3]  [1000/1251]  eta: 0:02:38  lr: 0.001520  loss: 4.8104 (4.7406)  time: 0.6253  data: 0.0004  max mem: 29495
[21:08:45.098973] Epoch: [3]  [1020/1251]  eta: 0:02:25  lr: 0.001526  loss: 4.9628 (4.7399)  time: 0.6247  data: 0.0004  max mem: 29495
[21:08:57.617898] Epoch: [3]  [1040/1251]  eta: 0:02:13  lr: 0.001533  loss: 4.6921 (4.7357)  time: 0.6259  data: 0.0004  max mem: 29495
[21:09:10.128060] Epoch: [3]  [1060/1251]  eta: 0:02:00  lr: 0.001539  loss: 4.2423 (4.7289)  time: 0.6254  data: 0.0004  max mem: 29495
[21:09:22.666217] Epoch: [3]  [1080/1251]  eta: 0:01:47  lr: 0.001545  loss: 4.8736 (4.7298)  time: 0.6268  data: 0.0005  max mem: 29495
[21:09:35.182138] Epoch: [3]  [1100/1251]  eta: 0:01:35  lr: 0.001552  loss: 4.8154 (4.7300)  time: 0.6255  data: 0.0004  max mem: 29495
[21:09:47.679200] Epoch: [3]  [1120/1251]  eta: 0:01:22  lr: 0.001558  loss: 4.8618 (4.7299)  time: 0.6248  data: 0.0003  max mem: 29495
[21:10:00.208859] Epoch: [3]  [1140/1251]  eta: 0:01:09  lr: 0.001565  loss: 4.7675 (4.7282)  time: 0.6264  data: 0.0004  max mem: 29495
[21:10:12.730803] Epoch: [3]  [1160/1251]  eta: 0:00:57  lr: 0.001571  loss: 4.7196 (4.7258)  time: 0.6260  data: 0.0004  max mem: 29495
[21:10:25.313560] Epoch: [3]  [1180/1251]  eta: 0:00:44  lr: 0.001577  loss: 4.7894 (4.7246)  time: 0.6291  data: 0.0005  max mem: 29495
[21:10:37.852150] Epoch: [3]  [1200/1251]  eta: 0:00:32  lr: 0.001584  loss: 4.9433 (4.7273)  time: 0.6269  data: 0.0004  max mem: 29495
[21:10:50.400400] Epoch: [3]  [1220/1251]  eta: 0:00:19  lr: 0.001590  loss: 4.7977 (4.7264)  time: 0.6274  data: 0.0004  max mem: 29495
[21:11:02.883334] Epoch: [3]  [1240/1251]  eta: 0:00:06  lr: 0.001596  loss: 4.6065 (4.7211)  time: 0.6241  data: 0.0007  max mem: 29495
[21:11:09.092363] Epoch: [3]  [1250/1251]  eta: 0:00:00  lr: 0.001600  loss: 4.9049 (4.7209)  time: 0.6228  data: 0.0006  max mem: 29495
[21:11:09.649653] Epoch: [3] Total time: 0:13:08 (0.6303 s / it)
[21:11:09.675609] Averaged stats: lr: 0.001600  loss: 4.9049 (4.7314)
[21:11:14.541722] Test:  [ 0/49]  eta: 0:03:12  loss: 1.8722 (1.8722)  acc1: 56.6406 (56.6406)  acc5: 81.2500 (81.2500)  time: 3.9192  data: 3.6858  max mem: 29495
[21:11:17.973554] Test:  [10/49]  eta: 0:00:26  loss: 1.9005 (1.9230)  acc1: 57.0312 (56.8182)  acc5: 81.6406 (81.7116)  time: 0.6682  data: 0.4625  max mem: 29495
[21:11:21.212899] Test:  [20/49]  eta: 0:00:14  loss: 1.9005 (1.9351)  acc1: 57.0312 (56.7150)  acc5: 82.0312 (81.7522)  time: 0.3334  data: 0.1303  max mem: 29495
[21:11:24.223610] Test:  [30/49]  eta: 0:00:08  loss: 1.9251 (1.9490)  acc1: 56.2500 (56.3886)  acc5: 80.4688 (81.2122)  time: 0.3123  data: 0.1112  max mem: 29495
[21:11:27.618953] Test:  [40/49]  eta: 0:00:03  loss: 1.9838 (1.9505)  acc1: 55.8594 (56.3357)  acc5: 80.0781 (81.1357)  time: 0.3202  data: 0.1192  max mem: 29495
[21:11:29.191793] Test:  [48/49]  eta: 0:00:00  loss: 1.9644 (1.9429)  acc1: 56.6406 (56.7120)  acc5: 80.4688 (81.2480)  time: 0.2984  data: 0.0981  max mem: 29495
[21:11:29.366006] Test: Total time: 0:00:18 (0.3825 s / it)
[21:11:30.038089] * Acc@1 56.598 Acc@5 81.336 loss 1.939
[21:11:30.038243] Accuracy of the network on the 50000 test images: 56.6%
[21:11:30.038261] Max accuracy: 56.60%
[21:11:30.044081] log_dir: /ibex/ai/project/c2090/lomar_plus_save/logs/raven/finetuned_mae_encoderonly_mask_0.8_neigh_0.05_wind_7_num_4_epoches_100
[21:11:34.554919] Epoch: [4]  [   0/1251]  eta: 1:33:55  lr: 0.001600  loss: 4.7172 (4.7172)  time: 4.5045  data: 3.4782  max mem: 29495
[21:11:47.117407] Epoch: [4]  [  20/1251]  eta: 0:16:40  lr: 0.001606  loss: 4.7392 (4.6341)  time: 0.6281  data: 0.0005  max mem: 29495
[21:11:59.681381] Epoch: [4]  [  40/1251]  eta: 0:14:35  lr: 0.001613  loss: 4.7651 (4.6594)  time: 0.6281  data: 0.0005  max mem: 29495
[21:12:12.210409] Epoch: [4]  [  60/1251]  eta: 0:13:43  lr: 0.001619  loss: 4.6497 (4.6421)  time: 0.6264  data: 0.0004  max mem: 29495
[21:12:24.738475] Epoch: [4]  [  80/1251]  eta: 0:13:10  lr: 0.001626  loss: 4.8918 (4.6763)  time: 0.6263  data: 0.0004  max mem: 29495
[21:12:37.230694] Epoch: [4]  [ 100/1251]  eta: 0:12:45  lr: 0.001632  loss: 4.4871 (4.6266)  time: 0.6245  data: 0.0004  max mem: 29495
[21:12:49.754945] Epoch: [4]  [ 120/1251]  eta: 0:12:24  lr: 0.001638  loss: 4.6280 (4.6179)  time: 0.6262  data: 0.0004  max mem: 29495
[21:13:02.274211] Epoch: [4]  [ 140/1251]  eta: 0:12:06  lr: 0.001645  loss: 4.4934 (4.5976)  time: 0.6259  data: 0.0004  max mem: 29495
[21:13:14.784444] Epoch: [4]  [ 160/1251]  eta: 0:11:49  lr: 0.001651  loss: 4.6914 (4.5891)  time: 0.6255  data: 0.0004  max mem: 29495
[21:13:27.338342] Epoch: [4]  [ 180/1251]  eta: 0:11:33  lr: 0.001658  loss: 4.7635 (4.5956)  time: 0.6276  data: 0.0004  max mem: 29495
[21:13:39.911956] Epoch: [4]  [ 200/1251]  eta: 0:11:18  lr: 0.001664  loss: 4.6542 (4.5955)  time: 0.6286  data: 0.0005  max mem: 29495
[21:13:52.446100] Epoch: [4]  [ 220/1251]  eta: 0:11:04  lr: 0.001670  loss: 4.6941 (4.5899)  time: 0.6266  data: 0.0004  max mem: 29495
[21:14:04.975239] Epoch: [4]  [ 240/1251]  eta: 0:10:49  lr: 0.001677  loss: 4.6446 (4.5858)  time: 0.6264  data: 0.0009  max mem: 29495
[21:14:17.535216] Epoch: [4]  [ 260/1251]  eta: 0:10:35  lr: 0.001683  loss: 4.7760 (4.5961)  time: 0.6279  data: 0.0005  max mem: 29495
[21:14:30.122369] Epoch: [4]  [ 280/1251]  eta: 0:10:22  lr: 0.001690  loss: 4.7328 (4.6021)  time: 0.6293  data: 0.0005  max mem: 29495
[21:14:42.684898] Epoch: [4]  [ 300/1251]  eta: 0:10:08  lr: 0.001696  loss: 4.8147 (4.6096)  time: 0.6281  data: 0.0010  max mem: 29495
[21:14:55.282827] Epoch: [4]  [ 320/1251]  eta: 0:09:55  lr: 0.001702  loss: 4.6706 (4.6135)  time: 0.6298  data: 0.0005  max mem: 29495
[21:15:07.847614] Epoch: [4]  [ 340/1251]  eta: 0:09:41  lr: 0.001709  loss: 4.6460 (4.6111)  time: 0.6282  data: 0.0004  max mem: 29495
[21:15:20.448257] Epoch: [4]  [ 360/1251]  eta: 0:09:28  lr: 0.001715  loss: 4.8810 (4.6105)  time: 0.6300  data: 0.0004  max mem: 29495
[21:15:32.950701] Epoch: [4]  [ 380/1251]  eta: 0:09:15  lr: 0.001722  loss: 4.7476 (4.6110)  time: 0.6251  data: 0.0003  max mem: 29495
[21:15:45.489258] Epoch: [4]  [ 400/1251]  eta: 0:09:02  lr: 0.001728  loss: 4.6623 (4.6085)  time: 0.6269  data: 0.0004  max mem: 29495
[21:15:58.019798] Epoch: [4]  [ 420/1251]  eta: 0:08:48  lr: 0.001734  loss: 4.8561 (4.6125)  time: 0.6265  data: 0.0004  max mem: 29495
[21:16:10.564533] Epoch: [4]  [ 440/1251]  eta: 0:08:35  lr: 0.001741  loss: 4.7377 (4.6110)  time: 0.6272  data: 0.0005  max mem: 29495
[21:16:23.079975] Epoch: [4]  [ 460/1251]  eta: 0:08:22  lr: 0.001747  loss: 4.5989 (4.6049)  time: 0.6257  data: 0.0004  max mem: 29495
[21:16:35.630056] Epoch: [4]  [ 480/1251]  eta: 0:08:09  lr: 0.001753  loss: 4.6373 (4.6009)  time: 0.6274  data: 0.0004  max mem: 29495
[21:16:48.154483] Epoch: [4]  [ 500/1251]  eta: 0:07:56  lr: 0.001760  loss: 4.7171 (4.6022)  time: 0.6262  data: 0.0004  max mem: 29495
[21:17:00.669315] Epoch: [4]  [ 520/1251]  eta: 0:07:43  lr: 0.001766  loss: 4.5760 (4.5998)  time: 0.6257  data: 0.0004  max mem: 29495
[21:17:13.181234] Epoch: [4]  [ 540/1251]  eta: 0:07:30  lr: 0.001773  loss: 4.7224 (4.6013)  time: 0.6255  data: 0.0004  max mem: 29495
[21:17:25.705605] Epoch: [4]  [ 560/1251]  eta: 0:07:18  lr: 0.001779  loss: 4.8787 (4.6050)  time: 0.6262  data: 0.0004  max mem: 29495
[21:17:38.206868] Epoch: [4]  [ 580/1251]  eta: 0:07:05  lr: 0.001785  loss: 4.7472 (4.6026)  time: 0.6250  data: 0.0004  max mem: 29495
[21:17:50.686305] Epoch: [4]  [ 600/1251]  eta: 0:06:52  lr: 0.001792  loss: 4.7551 (4.6022)  time: 0.6239  data: 0.0004  max mem: 29495
[21:18:03.233003] Epoch: [4]  [ 620/1251]  eta: 0:06:39  lr: 0.001798  loss: 4.7189 (4.5983)  time: 0.6273  data: 0.0004  max mem: 29495
[21:18:15.730235] Epoch: [4]  [ 640/1251]  eta: 0:06:26  lr: 0.001805  loss: 4.6552 (4.5974)  time: 0.6248  data: 0.0005  max mem: 29495
[21:18:28.245787] Epoch: [4]  [ 660/1251]  eta: 0:06:13  lr: 0.001811  loss: 4.6412 (4.5945)  time: 0.6257  data: 0.0005  max mem: 29495
[21:18:40.760271] Epoch: [4]  [ 680/1251]  eta: 0:06:01  lr: 0.001817  loss: 4.5939 (4.5951)  time: 0.6257  data: 0.0005  max mem: 29495
[21:18:53.310862] Epoch: [4]  [ 700/1251]  eta: 0:05:48  lr: 0.001824  loss: 4.3950 (4.5914)  time: 0.6275  data: 0.0005  max mem: 29495
[21:19:05.823028] Epoch: [4]  [ 720/1251]  eta: 0:05:35  lr: 0.001830  loss: 4.2767 (4.5843)  time: 0.6255  data: 0.0005  max mem: 29495
[21:19:18.327100] Epoch: [4]  [ 740/1251]  eta: 0:05:22  lr: 0.001837  loss: 4.5848 (4.5817)  time: 0.6251  data: 0.0005  max mem: 29495
[21:19:30.883718] Epoch: [4]  [ 760/1251]  eta: 0:05:10  lr: 0.001843  loss: 4.6794 (4.5836)  time: 0.6278  data: 0.0004  max mem: 29495
[21:19:43.381525] Epoch: [4]  [ 780/1251]  eta: 0:04:57  lr: 0.001849  loss: 4.5990 (4.5827)  time: 0.6246  data: 0.0004  max mem: 29495
[21:19:55.906486] Epoch: [4]  [ 800/1251]  eta: 0:04:44  lr: 0.001856  loss: 4.2635 (4.5776)  time: 0.6262  data: 0.0005  max mem: 29495
[21:20:08.429903] Epoch: [4]  [ 820/1251]  eta: 0:04:32  lr: 0.001862  loss: 4.6166 (4.5763)  time: 0.6261  data: 0.0005  max mem: 29495
[21:20:20.935536] Epoch: [4]  [ 840/1251]  eta: 0:04:19  lr: 0.001869  loss: 4.6955 (4.5763)  time: 0.6252  data: 0.0005  max mem: 29495
[21:20:33.492101] Epoch: [4]  [ 860/1251]  eta: 0:04:06  lr: 0.001875  loss: 4.5153 (4.5745)  time: 0.6278  data: 0.0005  max mem: 29495
[21:20:46.036189] Epoch: [4]  [ 880/1251]  eta: 0:03:54  lr: 0.001881  loss: 4.7208 (4.5752)  time: 0.6271  data: 0.0005  max mem: 29495
[21:20:58.592584] Epoch: [4]  [ 900/1251]  eta: 0:03:41  lr: 0.001888  loss: 4.9083 (4.5773)  time: 0.6278  data: 0.0004  max mem: 29495
[21:21:11.107990] Epoch: [4]  [ 920/1251]  eta: 0:03:28  lr: 0.001894  loss: 4.7473 (4.5790)  time: 0.6257  data: 0.0004  max mem: 29495
[21:21:23.594278] Epoch: [4]  [ 940/1251]  eta: 0:03:16  lr: 0.001901  loss: 4.5713 (4.5773)  time: 0.6242  data: 0.0007  max mem: 29495
[21:21:36.122145] Epoch: [4]  [ 960/1251]  eta: 0:03:03  lr: 0.001907  loss: 4.7020 (4.5784)  time: 0.6263  data: 0.0004  max mem: 29495
[21:21:48.637831] Epoch: [4]  [ 980/1251]  eta: 0:02:50  lr: 0.001913  loss: 4.6199 (4.5770)  time: 0.6257  data: 0.0005  max mem: 29495
[21:22:01.206725] Epoch: [4]  [1000/1251]  eta: 0:02:38  lr: 0.001920  loss: 4.4866 (4.5741)  time: 0.6284  data: 0.0005  max mem: 29495
[21:22:13.720153] Epoch: [4]  [1020/1251]  eta: 0:02:25  lr: 0.001926  loss: 4.7007 (4.5737)  time: 0.6256  data: 0.0004  max mem: 29495
[21:22:26.275212] Epoch: [4]  [1040/1251]  eta: 0:02:12  lr: 0.001933  loss: 4.5896 (4.5724)  time: 0.6277  data: 0.0003  max mem: 29495
[21:22:38.758379] Epoch: [4]  [1060/1251]  eta: 0:02:00  lr: 0.001939  loss: 4.7386 (4.5741)  time: 0.6241  data: 0.0004  max mem: 29495
[21:22:51.244003] Epoch: [4]  [1080/1251]  eta: 0:01:47  lr: 0.001945  loss: 4.2565 (4.5689)  time: 0.6242  data: 0.0002  max mem: 29495
[21:23:03.744481] Epoch: [4]  [1100/1251]  eta: 0:01:35  lr: 0.001952  loss: 4.4962 (4.5662)  time: 0.6250  data: 0.0003  max mem: 29495
[21:23:16.299711] Epoch: [4]  [1120/1251]  eta: 0:01:22  lr: 0.001958  loss: 4.6798 (4.5668)  time: 0.6277  data: 0.0004  max mem: 29495
[21:23:28.780400] Epoch: [4]  [1140/1251]  eta: 0:01:09  lr: 0.001965  loss: 4.3782 (4.5639)  time: 0.6240  data: 0.0004  max mem: 29495
[21:23:41.297192] Epoch: [4]  [1160/1251]  eta: 0:00:57  lr: 0.001971  loss: 4.6619 (4.5634)  time: 0.6258  data: 0.0004  max mem: 29495
[21:23:53.851452] Epoch: [4]  [1180/1251]  eta: 0:00:44  lr: 0.001977  loss: 4.6468 (4.5641)  time: 0.6276  data: 0.0004  max mem: 29495
[21:24:06.432228] Epoch: [4]  [1200/1251]  eta: 0:00:32  lr: 0.001984  loss: 4.2974 (4.5589)  time: 0.6290  data: 0.0003  max mem: 29495
[21:24:18.976890] Epoch: [4]  [1220/1251]  eta: 0:00:19  lr: 0.001990  loss: 4.7235 (4.5595)  time: 0.6272  data: 0.0004  max mem: 29495
[21:24:31.486341] Epoch: [4]  [1240/1251]  eta: 0:00:06  lr: 0.001996  loss: 4.7355 (4.5605)  time: 0.6254  data: 0.0008  max mem: 29495
[21:24:37.692902] Epoch: [4]  [1250/1251]  eta: 0:00:00  lr: 0.002000  loss: 4.3670 (4.5595)  time: 0.6218  data: 0.0006  max mem: 29495
[21:24:38.261188] Epoch: [4] Total time: 0:13:08 (0.6301 s / it)
[21:24:38.270105] Averaged stats: lr: 0.002000  loss: 4.3670 (4.5588)
[21:24:43.786927] Test:  [ 0/49]  eta: 0:03:41  loss: 1.7071 (1.7071)  acc1: 60.5469 (60.5469)  acc5: 84.7656 (84.7656)  time: 4.5289  data: 4.2975  max mem: 29495
[21:24:46.901640] Test:  [10/49]  eta: 0:00:27  loss: 1.7621 (1.7650)  acc1: 60.5469 (60.1918)  acc5: 84.3750 (84.1974)  time: 0.6948  data: 0.4899  max mem: 29495
[21:24:50.025727] Test:  [20/49]  eta: 0:00:14  loss: 1.7615 (1.7832)  acc1: 60.5469 (60.2493)  acc5: 83.5938 (83.4449)  time: 0.3118  data: 0.1093  max mem: 29495
[21:24:53.235757] Test:  [30/49]  eta: 0:00:08  loss: 1.7704 (1.7878)  acc1: 60.5469 (60.0554)  acc5: 82.8125 (83.3921)  time: 0.3166  data: 0.1127  max mem: 29495
[21:24:56.157148] Test:  [40/49]  eta: 0:00:03  loss: 1.8237 (1.7924)  acc1: 59.7656 (59.8037)  acc5: 82.4219 (83.2508)  time: 0.3064  data: 0.1034  max mem: 29495
[21:24:58.225790] Test:  [48/49]  eta: 0:00:00  loss: 1.7904 (1.7815)  acc1: 59.7656 (59.9680)  acc5: 82.4219 (83.4560)  time: 0.3237  data: 0.1257  max mem: 29495
[21:24:58.346145] Test: Total time: 0:00:19 (0.3896 s / it)
[21:24:58.347168] * Acc@1 59.978 Acc@5 83.628 loss 1.771
[21:24:58.347265] Accuracy of the network on the 50000 test images: 60.0%
[21:24:58.347281] Max accuracy: 59.98%
[21:24:58.355901] log_dir: /ibex/ai/project/c2090/lomar_plus_save/logs/raven/finetuned_mae_encoderonly_mask_0.8_neigh_0.05_wind_7_num_4_epoches_100
[21:25:02.834852] Epoch: [5]  [   0/1251]  eta: 1:33:22  lr: 0.002000  loss: 4.8547 (4.8547)  time: 4.4782  data: 3.3493  max mem: 29495
[21:25:15.460748] Epoch: [5]  [  20/1251]  eta: 0:16:42  lr: 0.002000  loss: 4.5098 (4.4821)  time: 0.6313  data: 0.0005  max mem: 29495
[21:25:28.010319] Epoch: [5]  [  40/1251]  eta: 0:14:35  lr: 0.002000  loss: 4.3793 (4.4185)  time: 0.6274  data: 0.0004  max mem: 29495
[21:25:40.570028] Epoch: [5]  [  60/1251]  eta: 0:13:44  lr: 0.002000  loss: 4.6024 (4.4473)  time: 0.6279  data: 0.0004  max mem: 29495
[21:25:53.066591] Epoch: [5]  [  80/1251]  eta: 0:13:10  lr: 0.002000  loss: 4.5679 (4.4458)  time: 0.6248  data: 0.0004  max mem: 29495
[21:26:05.583986] Epoch: [5]  [ 100/1251]  eta: 0:12:46  lr: 0.002000  loss: 4.6217 (4.4563)  time: 0.6258  data: 0.0005  max mem: 29495
[21:26:18.121279] Epoch: [5]  [ 120/1251]  eta: 0:12:25  lr: 0.002000  loss: 4.6365 (4.4738)  time: 0.6268  data: 0.0005  max mem: 29495
[21:26:30.653439] Epoch: [5]  [ 140/1251]  eta: 0:12:07  lr: 0.002000  loss: 4.5398 (4.4699)  time: 0.6265  data: 0.0005  max mem: 29495
[21:26:43.167262] Epoch: [5]  [ 160/1251]  eta: 0:11:50  lr: 0.002000  loss: 4.5955 (4.4701)  time: 0.6256  data: 0.0005  max mem: 29495
[21:26:55.682826] Epoch: [5]  [ 180/1251]  eta: 0:11:34  lr: 0.002000  loss: 4.5562 (4.4630)  time: 0.6257  data: 0.0004  max mem: 29495
[21:27:08.232552] Epoch: [5]  [ 200/1251]  eta: 0:11:19  lr: 0.002000  loss: 4.2237 (4.4541)  time: 0.6274  data: 0.0004  max mem: 29495
[21:27:20.826470] Epoch: [5]  [ 220/1251]  eta: 0:11:04  lr: 0.002000  loss: 4.6683 (4.4601)  time: 0.6296  data: 0.0004  max mem: 29495
[21:27:33.400762] Epoch: [5]  [ 240/1251]  eta: 0:10:50  lr: 0.002000  loss: 4.7018 (4.4645)  time: 0.6287  data: 0.0004  max mem: 29495
[21:27:45.939035] Epoch: [5]  [ 260/1251]  eta: 0:10:36  lr: 0.002000  loss: 4.6607 (4.4626)  time: 0.6268  data: 0.0005  max mem: 29495
[21:27:58.420134] Epoch: [5]  [ 280/1251]  eta: 0:10:22  lr: 0.002000  loss: 4.4543 (4.4535)  time: 0.6240  data: 0.0004  max mem: 29495
[21:28:10.992967] Epoch: [5]  [ 300/1251]  eta: 0:10:08  lr: 0.002000  loss: 4.6453 (4.4570)  time: 0.6286  data: 0.0004  max mem: 29495
[21:28:23.547563] Epoch: [5]  [ 320/1251]  eta: 0:09:55  lr: 0.002000  loss: 4.6416 (4.4609)  time: 0.6277  data: 0.0004  max mem: 29495
[21:28:36.071614] Epoch: [5]  [ 340/1251]  eta: 0:09:41  lr: 0.002000  loss: 4.4965 (4.4603)  time: 0.6261  data: 0.0005  max mem: 29495
[21:28:48.592942] Epoch: [5]  [ 360/1251]  eta: 0:09:28  lr: 0.002000  loss: 4.5430 (4.4635)  time: 0.6260  data: 0.0003  max mem: 29495
[21:29:01.119765] Epoch: [5]  [ 380/1251]  eta: 0:09:14  lr: 0.002000  loss: 4.5963 (4.4637)  time: 0.6263  data: 0.0003  max mem: 29495
[21:29:13.635572] Epoch: [5]  [ 400/1251]  eta: 0:09:01  lr: 0.002000  loss: 4.5111 (4.4640)  time: 0.6257  data: 0.0003  max mem: 29495
[21:29:26.195531] Epoch: [5]  [ 420/1251]  eta: 0:08:48  lr: 0.002000  loss: 4.4284 (4.4585)  time: 0.6279  data: 0.0004  max mem: 29495
[21:29:38.718145] Epoch: [5]  [ 440/1251]  eta: 0:08:35  lr: 0.002000  loss: 4.4841 (4.4590)  time: 0.6261  data: 0.0004  max mem: 29495
[21:29:51.269533] Epoch: [5]  [ 460/1251]  eta: 0:08:22  lr: 0.002000  loss: 4.4748 (4.4587)  time: 0.6273  data: 0.0004  max mem: 29495
[21:30:03.793626] Epoch: [5]  [ 480/1251]  eta: 0:08:09  lr: 0.002000  loss: 4.4907 (4.4580)  time: 0.6261  data: 0.0004  max mem: 29495
[21:30:16.304717] Epoch: [5]  [ 500/1251]  eta: 0:07:56  lr: 0.002000  loss: 4.4962 (4.4535)  time: 0.6255  data: 0.0004  max mem: 29495
[21:30:28.781766] Epoch: [5]  [ 520/1251]  eta: 0:07:43  lr: 0.002000  loss: 4.7253 (4.4590)  time: 0.6238  data: 0.0004  max mem: 29495
[21:30:41.294243] Epoch: [5]  [ 540/1251]  eta: 0:07:30  lr: 0.002000  loss: 4.5432 (4.4594)  time: 0.6256  data: 0.0011  max mem: 29495
[21:30:53.792608] Epoch: [5]  [ 560/1251]  eta: 0:07:17  lr: 0.002000  loss: 4.3347 (4.4567)  time: 0.6249  data: 0.0004  max mem: 29495
[21:31:06.280849] Epoch: [5]  [ 580/1251]  eta: 0:07:04  lr: 0.002000  loss: 4.5978 (4.4574)  time: 0.6244  data: 0.0007  max mem: 29495
[21:31:18.848966] Epoch: [5]  [ 600/1251]  eta: 0:06:52  lr: 0.002000  loss: 4.6955 (4.4605)  time: 0.6283  data: 0.0004  max mem: 29495
[21:31:31.433004] Epoch: [5]  [ 620/1251]  eta: 0:06:39  lr: 0.002000  loss: 4.5349 (4.4617)  time: 0.6291  data: 0.0004  max mem: 29495
[21:31:43.932490] Epoch: [5]  [ 640/1251]  eta: 0:06:26  lr: 0.002000  loss: 4.5328 (4.4625)  time: 0.6249  data: 0.0004  max mem: 29495
[21:31:56.457339] Epoch: [5]  [ 660/1251]  eta: 0:06:13  lr: 0.002000  loss: 4.6755 (4.4644)  time: 0.6262  data: 0.0004  max mem: 29495
[21:32:09.004201] Epoch: [5]  [ 680/1251]  eta: 0:06:01  lr: 0.002000  loss: 4.5765 (4.4615)  time: 0.6273  data: 0.0004  max mem: 29495
[21:32:21.499918] Epoch: [5]  [ 700/1251]  eta: 0:05:48  lr: 0.002000  loss: 4.5951 (4.4559)  time: 0.6247  data: 0.0004  max mem: 29495
[21:32:34.061631] Epoch: [5]  [ 720/1251]  eta: 0:05:35  lr: 0.002000  loss: 4.3694 (4.4513)  time: 0.6280  data: 0.0005  max mem: 29495
[21:32:46.578367] Epoch: [5]  [ 740/1251]  eta: 0:05:22  lr: 0.002000  loss: 4.5762 (4.4523)  time: 0.6258  data: 0.0004  max mem: 29495
[21:32:59.095479] Epoch: [5]  [ 760/1251]  eta: 0:05:10  lr: 0.002000  loss: 4.5983 (4.4517)  time: 0.6258  data: 0.0004  max mem: 29495
[21:33:11.628313] Epoch: [5]  [ 780/1251]  eta: 0:04:57  lr: 0.002000  loss: 4.4912 (4.4500)  time: 0.6266  data: 0.0004  max mem: 29495
[21:33:24.196018] Epoch: [5]  [ 800/1251]  eta: 0:04:44  lr: 0.002000  loss: 4.3557 (4.4466)  time: 0.6283  data: 0.0004  max mem: 29495
[21:33:36.730747] Epoch: [5]  [ 820/1251]  eta: 0:04:32  lr: 0.002000  loss: 4.5806 (4.4441)  time: 0.6267  data: 0.0011  max mem: 29495
[21:33:49.239610] Epoch: [5]  [ 840/1251]  eta: 0:04:19  lr: 0.002000  loss: 4.5497 (4.4446)  time: 0.6254  data: 0.0004  max mem: 29495
[21:34:01.770855] Epoch: [5]  [ 860/1251]  eta: 0:04:06  lr: 0.002000  loss: 4.3995 (4.4403)  time: 0.6265  data: 0.0004  max mem: 29495
[21:34:14.305920] Epoch: [5]  [ 880/1251]  eta: 0:03:54  lr: 0.002000  loss: 4.5620 (4.4418)  time: 0.6267  data: 0.0004  max mem: 29495
[21:34:26.852117] Epoch: [5]  [ 900/1251]  eta: 0:03:41  lr: 0.002000  loss: 4.5459 (4.4441)  time: 0.6272  data: 0.0007  max mem: 29495
[21:34:39.393357] Epoch: [5]  [ 920/1251]  eta: 0:03:28  lr: 0.002000  loss: 4.6039 (4.4458)  time: 0.6270  data: 0.0004  max mem: 29495
[21:34:51.930515] Epoch: [5]  [ 940/1251]  eta: 0:03:16  lr: 0.002000  loss: 4.6872 (4.4480)  time: 0.6268  data: 0.0005  max mem: 29495
[21:35:04.462250] Epoch: [5]  [ 960/1251]  eta: 0:03:03  lr: 0.002000  loss: 4.6702 (4.4504)  time: 0.6265  data: 0.0003  max mem: 29495
[21:35:17.039458] Epoch: [5]  [ 980/1251]  eta: 0:02:50  lr: 0.002000  loss: 4.5224 (4.4491)  time: 0.6288  data: 0.0005  max mem: 29495
[21:35:29.644800] Epoch: [5]  [1000/1251]  eta: 0:02:38  lr: 0.002000  loss: 4.3315 (4.4446)  time: 0.6302  data: 0.0005  max mem: 29495
[21:35:42.173716] Epoch: [5]  [1020/1251]  eta: 0:02:25  lr: 0.002000  loss: 4.4768 (4.4429)  time: 0.6264  data: 0.0004  max mem: 29495
[21:35:54.729095] Epoch: [5]  [1040/1251]  eta: 0:02:13  lr: 0.002000  loss: 4.5928 (4.4411)  time: 0.6277  data: 0.0004  max mem: 29495
[21:36:07.282109] Epoch: [5]  [1060/1251]  eta: 0:02:00  lr: 0.002000  loss: 4.5501 (4.4410)  time: 0.6276  data: 0.0005  max mem: 29495
[21:36:19.869122] Epoch: [5]  [1080/1251]  eta: 0:01:47  lr: 0.002000  loss: 4.3214 (4.4377)  time: 0.6293  data: 0.0004  max mem: 29495
[21:36:32.431216] Epoch: [5]  [1100/1251]  eta: 0:01:35  lr: 0.002000  loss: 4.4792 (4.4371)  time: 0.6280  data: 0.0004  max mem: 29495
[21:36:44.945699] Epoch: [5]  [1120/1251]  eta: 0:01:22  lr: 0.002000  loss: 4.5499 (4.4368)  time: 0.6257  data: 0.0005  max mem: 29495
[21:36:57.487933] Epoch: [5]  [1140/1251]  eta: 0:01:09  lr: 0.002000  loss: 4.3639 (4.4354)  time: 0.6270  data: 0.0004  max mem: 29495
[21:37:10.056415] Epoch: [5]  [1160/1251]  eta: 0:00:57  lr: 0.002000  loss: 4.6046 (4.4375)  time: 0.6284  data: 0.0007  max mem: 29495
[21:37:22.587228] Epoch: [5]  [1180/1251]  eta: 0:00:44  lr: 0.002000  loss: 4.3433 (4.4357)  time: 0.6265  data: 0.0004  max mem: 29495
[21:37:35.091852] Epoch: [5]  [1200/1251]  eta: 0:00:32  lr: 0.001999  loss: 4.4213 (4.4344)  time: 0.6252  data: 0.0005  max mem: 29495
[21:37:47.653572] Epoch: [5]  [1220/1251]  eta: 0:00:19  lr: 0.001999  loss: 4.5998 (4.4343)  time: 0.6280  data: 0.0005  max mem: 29495
[21:38:00.171241] Epoch: [5]  [1240/1251]  eta: 0:00:06  lr: 0.001999  loss: 4.6164 (4.4341)  time: 0.6258  data: 0.0007  max mem: 29495
[21:38:06.353861] Epoch: [5]  [1250/1251]  eta: 0:00:00  lr: 0.001999  loss: 4.6212 (4.4357)  time: 0.6196  data: 0.0005  max mem: 29495
[21:38:06.914388] Epoch: [5] Total time: 0:13:08 (0.6303 s / it)
[21:38:06.947905] Averaged stats: lr: 0.001999  loss: 4.6212 (4.4314)
[21:38:11.954150] Test:  [ 0/49]  eta: 0:03:18  loss: 1.5691 (1.5691)  acc1: 65.6250 (65.6250)  acc5: 84.3750 (84.3750)  time: 4.0595  data: 3.8247  max mem: 29495
[21:38:15.121709] Test:  [10/49]  eta: 0:00:25  loss: 1.5995 (1.6310)  acc1: 63.6719 (62.9972)  acc5: 84.7656 (84.8366)  time: 0.6569  data: 0.4527  max mem: 29495
[21:38:18.511412] Test:  [20/49]  eta: 0:00:14  loss: 1.6295 (1.6503)  acc1: 62.1094 (62.6674)  acc5: 84.7656 (84.8400)  time: 0.3274  data: 0.1241  max mem: 29495
[21:38:21.840173] Test:  [30/49]  eta: 0:00:08  loss: 1.6518 (1.6600)  acc1: 61.7188 (62.3236)  acc5: 84.7656 (84.9294)  time: 0.3355  data: 0.1313  max mem: 29495
[21:38:24.494221] Test:  [40/49]  eta: 0:00:03  loss: 1.6765 (1.6658)  acc1: 61.3281 (62.1284)  acc5: 84.7656 (84.9466)  time: 0.2990  data: 0.0960  max mem: 29495
[21:38:26.467680] Test:  [48/49]  eta: 0:00:00  loss: 1.6713 (1.6602)  acc1: 60.9375 (62.2080)  acc5: 84.7656 (85.0000)  time: 0.2992  data: 0.0992  max mem: 29495
[21:38:26.588967] Test: Total time: 0:00:18 (0.3815 s / it)
[21:38:27.587395] * Acc@1 62.172 Acc@5 85.070 loss 1.653
[21:38:27.587516] Accuracy of the network on the 50000 test images: 62.2%
[21:38:27.587533] Max accuracy: 62.17%
[21:38:27.598675] log_dir: /ibex/ai/project/c2090/lomar_plus_save/logs/raven/finetuned_mae_encoderonly_mask_0.8_neigh_0.05_wind_7_num_4_epoches_100
[21:38:32.501419] Epoch: [6]  [   0/1251]  eta: 1:42:12  lr: 0.001999  loss: 3.8820 (3.8820)  time: 4.9019  data: 3.6030  max mem: 29495
[21:38:45.179783] Epoch: [6]  [  20/1251]  eta: 0:17:10  lr: 0.001999  loss: 4.4890 (4.3891)  time: 0.6339  data: 0.0005  max mem: 29495
[21:38:57.746852] Epoch: [6]  [  40/1251]  eta: 0:14:50  lr: 0.001999  loss: 4.5249 (4.4021)  time: 0.6283  data: 0.0004  max mem: 29495
[21:39:10.342393] Epoch: [6]  [  60/1251]  eta: 0:13:54  lr: 0.001999  loss: 4.4435 (4.3806)  time: 0.6297  data: 0.0004  max mem: 29495
[21:39:22.906412] Epoch: [6]  [  80/1251]  eta: 0:13:19  lr: 0.001999  loss: 4.5306 (4.3892)  time: 0.6281  data: 0.0004  max mem: 29495
[21:39:35.481616] Epoch: [6]  [ 100/1251]  eta: 0:12:53  lr: 0.001999  loss: 4.5632 (4.3944)  time: 0.6287  data: 0.0004  max mem: 29495
[21:39:48.035871] Epoch: [6]  [ 120/1251]  eta: 0:12:31  lr: 0.001999  loss: 4.2914 (4.3670)  time: 0.6277  data: 0.0006  max mem: 29495
[21:40:00.637157] Epoch: [6]  [ 140/1251]  eta: 0:12:12  lr: 0.001999  loss: 4.6142 (4.3939)  time: 0.6299  data: 0.0004  max mem: 29495
[21:40:13.145403] Epoch: [6]  [ 160/1251]  eta: 0:11:55  lr: 0.001999  loss: 4.2335 (4.3813)  time: 0.6253  data: 0.0004  max mem: 29495
[21:40:25.708034] Epoch: [6]  [ 180/1251]  eta: 0:11:38  lr: 0.001999  loss: 4.3743 (4.3798)  time: 0.6281  data: 0.0004  max mem: 29495
[21:40:38.283211] Epoch: [6]  [ 200/1251]  eta: 0:11:23  lr: 0.001999  loss: 4.3831 (4.3816)  time: 0.6287  data: 0.0004  max mem: 29495
[21:40:50.842265] Epoch: [6]  [ 220/1251]  eta: 0:11:08  lr: 0.001999  loss: 4.5231 (4.3814)  time: 0.6279  data: 0.0004  max mem: 29495
[21:41:03.420705] Epoch: [6]  [ 240/1251]  eta: 0:10:53  lr: 0.001999  loss: 4.0958 (4.3698)  time: 0.6289  data: 0.0004  max mem: 29495
[21:41:15.955774] Epoch: [6]  [ 260/1251]  eta: 0:10:39  lr: 0.001999  loss: 4.3264 (4.3666)  time: 0.6267  data: 0.0003  max mem: 29495
[21:41:28.492323] Epoch: [6]  [ 280/1251]  eta: 0:10:25  lr: 0.001999  loss: 4.3497 (4.3631)  time: 0.6268  data: 0.0003  max mem: 29495
[21:41:40.994799] Epoch: [6]  [ 300/1251]  eta: 0:10:10  lr: 0.001999  loss: 4.4694 (4.3646)  time: 0.6251  data: 0.0004  max mem: 29495
[21:41:53.499855] Epoch: [6]  [ 320/1251]  eta: 0:09:57  lr: 0.001999  loss: 4.5701 (4.3733)  time: 0.6252  data: 0.0004  max mem: 29495
[21:42:06.008639] Epoch: [6]  [ 340/1251]  eta: 0:09:43  lr: 0.001999  loss: 4.4695 (4.3747)  time: 0.6254  data: 0.0003  max mem: 29495
[21:42:18.552629] Epoch: [6]  [ 360/1251]  eta: 0:09:29  lr: 0.001999  loss: 4.4623 (4.3722)  time: 0.6271  data: 0.0003  max mem: 29495
[21:42:31.049507] Epoch: [6]  [ 380/1251]  eta: 0:09:16  lr: 0.001999  loss: 4.3018 (4.3652)  time: 0.6248  data: 0.0003  max mem: 29495
[21:42:43.573183] Epoch: [6]  [ 400/1251]  eta: 0:09:03  lr: 0.001999  loss: 4.5496 (4.3644)  time: 0.6261  data: 0.0009  max mem: 29495
[21:42:56.116837] Epoch: [6]  [ 420/1251]  eta: 0:08:49  lr: 0.001999  loss: 4.3875 (4.3640)  time: 0.6271  data: 0.0004  max mem: 29495
[21:43:08.689679] Epoch: [6]  [ 440/1251]  eta: 0:08:36  lr: 0.001999  loss: 4.4758 (4.3654)  time: 0.6286  data: 0.0004  max mem: 29495
[21:43:21.234619] Epoch: [6]  [ 460/1251]  eta: 0:08:23  lr: 0.001999  loss: 4.3717 (4.3609)  time: 0.6272  data: 0.0004  max mem: 29495
[21:43:33.732418] Epoch: [6]  [ 480/1251]  eta: 0:08:10  lr: 0.001999  loss: 4.4836 (4.3585)  time: 0.6248  data: 0.0004  max mem: 29495
[21:43:46.248345] Epoch: [6]  [ 500/1251]  eta: 0:07:57  lr: 0.001999  loss: 4.4506 (4.3600)  time: 0.6257  data: 0.0011  max mem: 29495
[21:43:58.790808] Epoch: [6]  [ 520/1251]  eta: 0:07:44  lr: 0.001999  loss: 4.4518 (4.3591)  time: 0.6271  data: 0.0005  max mem: 29495
[21:44:11.360966] Epoch: [6]  [ 540/1251]  eta: 0:07:31  lr: 0.001999  loss: 4.2825 (4.3537)  time: 0.6284  data: 0.0007  max mem: 29495
[21:44:23.856354] Epoch: [6]  [ 560/1251]  eta: 0:07:18  lr: 0.001999  loss: 4.4220 (4.3525)  time: 0.6247  data: 0.0003  max mem: 29495
[21:44:36.374889] Epoch: [6]  [ 580/1251]  eta: 0:07:05  lr: 0.001999  loss: 4.0840 (4.3470)  time: 0.6259  data: 0.0002  max mem: 29495
[21:44:48.897516] Epoch: [6]  [ 600/1251]  eta: 0:06:52  lr: 0.001999  loss: 4.3373 (4.3429)  time: 0.6261  data: 0.0010  max mem: 29495
[21:45:01.424308] Epoch: [6]  [ 620/1251]  eta: 0:06:40  lr: 0.001999  loss: 4.5568 (4.3475)  time: 0.6263  data: 0.0004  max mem: 29495
[21:45:13.941246] Epoch: [6]  [ 640/1251]  eta: 0:06:27  lr: 0.001999  loss: 4.1971 (4.3413)  time: 0.6258  data: 0.0004  max mem: 29495
[21:45:26.538556] Epoch: [6]  [ 660/1251]  eta: 0:06:14  lr: 0.001999  loss: 4.2472 (4.3349)  time: 0.6298  data: 0.0005  max mem: 29495
[21:45:39.073460] Epoch: [6]  [ 680/1251]  eta: 0:06:01  lr: 0.001999  loss: 4.4863 (4.3355)  time: 0.6267  data: 0.0004  max mem: 29495
[21:45:51.614191] Epoch: [6]  [ 700/1251]  eta: 0:05:48  lr: 0.001999  loss: 4.3752 (4.3332)  time: 0.6270  data: 0.0003  max mem: 29495
[21:46:04.131049] Epoch: [6]  [ 720/1251]  eta: 0:05:36  lr: 0.001999  loss: 4.1842 (4.3296)  time: 0.6258  data: 0.0003  max mem: 29495
[21:46:16.695136] Epoch: [6]  [ 740/1251]  eta: 0:05:23  lr: 0.001999  loss: 4.5255 (4.3316)  time: 0.6281  data: 0.0005  max mem: 29495
[21:46:29.260645] Epoch: [6]  [ 760/1251]  eta: 0:05:10  lr: 0.001999  loss: 4.4794 (4.3331)  time: 0.6282  data: 0.0005  max mem: 29495
[21:46:41.810273] Epoch: [6]  [ 780/1251]  eta: 0:04:58  lr: 0.001999  loss: 4.3311 (4.3319)  time: 0.6274  data: 0.0005  max mem: 29495
[21:46:54.325351] Epoch: [6]  [ 800/1251]  eta: 0:04:45  lr: 0.001999  loss: 4.5127 (4.3322)  time: 0.6257  data: 0.0004  max mem: 29495
[21:47:06.859004] Epoch: [6]  [ 820/1251]  eta: 0:04:32  lr: 0.001999  loss: 4.4277 (4.3309)  time: 0.6266  data: 0.0005  max mem: 29495
[21:47:19.387975] Epoch: [6]  [ 840/1251]  eta: 0:04:19  lr: 0.001998  loss: 4.5360 (4.3328)  time: 0.6264  data: 0.0004  max mem: 29495
[21:47:31.901759] Epoch: [6]  [ 860/1251]  eta: 0:04:07  lr: 0.001998  loss: 4.3813 (4.3298)  time: 0.6256  data: 0.0004  max mem: 29495
[21:47:44.456721] Epoch: [6]  [ 880/1251]  eta: 0:03:54  lr: 0.001998  loss: 4.3208 (4.3279)  time: 0.6277  data: 0.0004  max mem: 29495
[21:47:56.985138] Epoch: [6]  [ 900/1251]  eta: 0:03:41  lr: 0.001998  loss: 4.2376 (4.3269)  time: 0.6264  data: 0.0004  max mem: 29495
[21:48:09.564064] Epoch: [6]  [ 920/1251]  eta: 0:03:29  lr: 0.001998  loss: 4.5489 (4.3302)  time: 0.6289  data: 0.0004  max mem: 29495
[21:48:22.081232] Epoch: [6]  [ 940/1251]  eta: 0:03:16  lr: 0.001998  loss: 4.1104 (4.3250)  time: 0.6258  data: 0.0004  max mem: 29495
[21:48:34.631984] Epoch: [6]  [ 960/1251]  eta: 0:03:03  lr: 0.001998  loss: 4.0618 (4.3200)  time: 0.6275  data: 0.0004  max mem: 29495
[21:48:47.186950] Epoch: [6]  [ 980/1251]  eta: 0:02:51  lr: 0.001998  loss: 4.3991 (4.3187)  time: 0.6277  data: 0.0004  max mem: 29495
[21:48:59.700184] Epoch: [6]  [1000/1251]  eta: 0:02:38  lr: 0.001998  loss: 4.1530 (4.3163)  time: 0.6256  data: 0.0004  max mem: 29495
[21:49:12.211185] Epoch: [6]  [1020/1251]  eta: 0:02:25  lr: 0.001998  loss: 4.2755 (4.3154)  time: 0.6255  data: 0.0006  max mem: 29495
[21:49:24.736205] Epoch: [6]  [1040/1251]  eta: 0:02:13  lr: 0.001998  loss: 4.2456 (4.3117)  time: 0.6262  data: 0.0004  max mem: 29495
[21:49:37.250565] Epoch: [6]  [1060/1251]  eta: 0:02:00  lr: 0.001998  loss: 4.2831 (4.3103)  time: 0.6256  data: 0.0005  max mem: 29495
[21:49:49.785941] Epoch: [6]  [1080/1251]  eta: 0:01:47  lr: 0.001998  loss: 4.3854 (4.3125)  time: 0.6267  data: 0.0005  max mem: 29495
[21:50:02.284694] Epoch: [6]  [1100/1251]  eta: 0:01:35  lr: 0.001998  loss: 4.2171 (4.3108)  time: 0.6247  data: 0.0004  max mem: 29495
[21:50:14.813511] Epoch: [6]  [1120/1251]  eta: 0:01:22  lr: 0.001998  loss: 4.0825 (4.3080)  time: 0.6264  data: 0.0004  max mem: 29495
[21:50:27.334187] Epoch: [6]  [1140/1251]  eta: 0:01:10  lr: 0.001998  loss: 4.5112 (4.3103)  time: 0.6260  data: 0.0004  max mem: 29495
[21:50:39.843450] Epoch: [6]  [1160/1251]  eta: 0:00:57  lr: 0.001998  loss: 4.2741 (4.3066)  time: 0.6254  data: 0.0004  max mem: 29495
[21:50:52.371296] Epoch: [6]  [1180/1251]  eta: 0:00:44  lr: 0.001998  loss: 4.4959 (4.3074)  time: 0.6263  data: 0.0005  max mem: 29495
[21:51:04.880066] Epoch: [6]  [1200/1251]  eta: 0:00:32  lr: 0.001998  loss: 4.5121 (4.3094)  time: 0.6254  data: 0.0004  max mem: 29495
[21:51:17.457962] Epoch: [6]  [1220/1251]  eta: 0:00:19  lr: 0.001998  loss: 4.1205 (4.3067)  time: 0.6288  data: 0.0005  max mem: 29495
[21:51:29.952957] Epoch: [6]  [1240/1251]  eta: 0:00:06  lr: 0.001998  loss: 4.1083 (4.3029)  time: 0.6247  data: 0.0007  max mem: 29495
[21:51:36.145240] Epoch: [6]  [1250/1251]  eta: 0:00:00  lr: 0.001998  loss: 4.0543 (4.3017)  time: 0.6200  data: 0.0005  max mem: 29495
[21:51:36.713527] Epoch: [6] Total time: 0:13:09 (0.6308 s / it)
[21:51:36.783784] Averaged stats: lr: 0.001998  loss: 4.0543 (4.3090)
[21:51:42.067857] Test:  [ 0/49]  eta: 0:03:27  loss: 1.4642 (1.4642)  acc1: 65.2344 (65.2344)  acc5: 86.3281 (86.3281)  time: 4.2306  data: 3.9953  max mem: 29495
[21:51:46.084762] Test:  [10/49]  eta: 0:00:29  loss: 1.5428 (1.5610)  acc1: 65.2344 (64.5597)  acc5: 86.3281 (86.5057)  time: 0.7497  data: 0.5407  max mem: 29495
[21:51:49.468079] Test:  [20/49]  eta: 0:00:16  loss: 1.5495 (1.5818)  acc1: 64.8438 (63.8951)  acc5: 86.3281 (86.3095)  time: 0.3699  data: 0.1658  max mem: 29495
[21:51:53.020832] Test:  [30/49]  eta: 0:00:09  loss: 1.5856 (1.5860)  acc1: 63.2812 (63.5585)  acc5: 85.9375 (86.4289)  time: 0.3467  data: 0.1439  max mem: 29495
[21:51:55.492436] Test:  [40/49]  eta: 0:00:03  loss: 1.5765 (1.5872)  acc1: 62.5000 (63.5957)  acc5: 86.3281 (86.2995)  time: 0.3011  data: 0.0970  max mem: 29495
[21:51:57.044669] Test:  [48/49]  eta: 0:00:00  loss: 1.5697 (1.5793)  acc1: 63.6719 (63.8640)  acc5: 86.7188 (86.4160)  time: 0.2976  data: 0.0969  max mem: 29495
[21:51:57.174070] Test: Total time: 0:00:19 (0.3946 s / it)
[21:51:57.175034] * Acc@1 64.152 Acc@5 86.530 loss 1.570
[21:51:57.175130] Accuracy of the network on the 50000 test images: 64.2%
[21:51:57.175146] Max accuracy: 64.15%
[21:51:57.183587] log_dir: /ibex/ai/project/c2090/lomar_plus_save/logs/raven/finetuned_mae_encoderonly_mask_0.8_neigh_0.05_wind_7_num_4_epoches_100
[21:52:02.849966] Epoch: [7]  [   0/1251]  eta: 1:58:07  lr: 0.001998  loss: 4.1564 (4.1564)  time: 5.6654  data: 3.1700  max mem: 29495
[21:52:15.452638] Epoch: [7]  [  20/1251]  eta: 0:17:50  lr: 0.001998  loss: 4.2390 (4.2185)  time: 0.6301  data: 0.0005  max mem: 29495
[21:52:28.049790] Epoch: [7]  [  40/1251]  eta: 0:15:11  lr: 0.001998  loss: 4.0863 (4.1851)  time: 0.6298  data: 0.0004  max mem: 29495
[21:52:40.626801] Epoch: [7]  [  60/1251]  eta: 0:14:08  lr: 0.001998  loss: 4.5052 (4.2748)  time: 0.6288  data: 0.0003  max mem: 29495
[21:52:53.174667] Epoch: [7]  [  80/1251]  eta: 0:13:29  lr: 0.001998  loss: 4.3789 (4.2628)  time: 0.6273  data: 0.0004  max mem: 29495
[21:53:05.822471] Epoch: [7]  [ 100/1251]  eta: 0:13:02  lr: 0.001998  loss: 4.4373 (4.2600)  time: 0.6323  data: 0.0004  max mem: 29495
[21:53:18.439489] Epoch: [7]  [ 120/1251]  eta: 0:12:39  lr: 0.001998  loss: 4.4066 (4.2643)  time: 0.6308  data: 0.0005  max mem: 29495
[21:53:31.022413] Epoch: [7]  [ 140/1251]  eta: 0:12:19  lr: 0.001998  loss: 4.3467 (4.2561)  time: 0.6291  data: 0.0004  max mem: 29495
[21:53:43.586805] Epoch: [7]  [ 160/1251]  eta: 0:12:00  lr: 0.001998  loss: 4.1579 (4.2437)  time: 0.6282  data: 0.0004  max mem: 29495
[21:53:56.171650] Epoch: [7]  [ 180/1251]  eta: 0:11:43  lr: 0.001997  loss: 4.4646 (4.2521)  time: 0.6292  data: 0.0004  max mem: 29495
[21:54:08.774484] Epoch: [7]  [ 200/1251]  eta: 0:11:28  lr: 0.001997  loss: 4.4571 (4.2560)  time: 0.6301  data: 0.0008  max mem: 29495
[21:54:21.336886] Epoch: [7]  [ 220/1251]  eta: 0:11:12  lr: 0.001997  loss: 4.3661 (4.2497)  time: 0.6281  data: 0.0004  max mem: 29495
[21:54:33.875013] Epoch: [7]  [ 240/1251]  eta: 0:10:57  lr: 0.001997  loss: 4.5558 (4.2666)  time: 0.6268  data: 0.0004  max mem: 29495
[21:54:46.432055] Epoch: [7]  [ 260/1251]  eta: 0:10:42  lr: 0.001997  loss: 4.4755 (4.2778)  time: 0.6278  data: 0.0004  max mem: 29495
[21:54:58.955298] Epoch: [7]  [ 280/1251]  eta: 0:10:28  lr: 0.001997  loss: 4.2834 (4.2732)  time: 0.6261  data: 0.0005  max mem: 29495
[21:55:11.488856] Epoch: [7]  [ 300/1251]  eta: 0:10:13  lr: 0.001997  loss: 4.1777 (4.2613)  time: 0.6266  data: 0.0004  max mem: 29495
[21:55:23.978082] Epoch: [7]  [ 320/1251]  eta: 0:09:59  lr: 0.001997  loss: 4.3921 (4.2624)  time: 0.6244  data: 0.0004  max mem: 29495
[21:55:36.548262] Epoch: [7]  [ 340/1251]  eta: 0:09:45  lr: 0.001997  loss: 4.2266 (4.2556)  time: 0.6285  data: 0.0005  max mem: 29495
[21:55:49.086528] Epoch: [7]  [ 360/1251]  eta: 0:09:32  lr: 0.001997  loss: 4.3999 (4.2548)  time: 0.6268  data: 0.0004  max mem: 29495
[21:56:01.664528] Epoch: [7]  [ 380/1251]  eta: 0:09:18  lr: 0.001997  loss: 4.4107 (4.2617)  time: 0.6288  data: 0.0005  max mem: 29495
[21:56:14.275479] Epoch: [7]  [ 400/1251]  eta: 0:09:05  lr: 0.001997  loss: 4.5004 (4.2692)  time: 0.6305  data: 0.0003  max mem: 29495
[21:56:26.852940] Epoch: [7]  [ 420/1251]  eta: 0:08:52  lr: 0.001997  loss: 4.4942 (4.2722)  time: 0.6288  data: 0.0004  max mem: 29495
[21:56:39.409657] Epoch: [7]  [ 440/1251]  eta: 0:08:38  lr: 0.001997  loss: 4.1279 (4.2676)  time: 0.6278  data: 0.0005  max mem: 29495
[21:56:51.994928] Epoch: [7]  [ 460/1251]  eta: 0:08:25  lr: 0.001997  loss: 4.2332 (4.2631)  time: 0.6292  data: 0.0005  max mem: 29495
[21:57:04.488047] Epoch: [7]  [ 480/1251]  eta: 0:08:12  lr: 0.001997  loss: 4.2109 (4.2561)  time: 0.6246  data: 0.0011  max mem: 29495
[21:57:17.101266] Epoch: [7]  [ 500/1251]  eta: 0:07:59  lr: 0.001997  loss: 4.4089 (4.2596)  time: 0.6306  data: 0.0005  max mem: 29495
[21:57:29.631646] Epoch: [7]  [ 520/1251]  eta: 0:07:46  lr: 0.001997  loss: 4.3042 (4.2597)  time: 0.6265  data: 0.0004  max mem: 29495
[21:57:42.198870] Epoch: [7]  [ 540/1251]  eta: 0:07:33  lr: 0.001997  loss: 4.5253 (4.2669)  time: 0.6283  data: 0.0004  max mem: 29495
[21:57:54.707210] Epoch: [7]  [ 560/1251]  eta: 0:07:20  lr: 0.001997  loss: 4.3552 (4.2649)  time: 0.6247  data: 0.0003  max mem: 29495
[21:58:07.230202] Epoch: [7]  [ 580/1251]  eta: 0:07:07  lr: 0.001997  loss: 4.3830 (4.2648)  time: 0.6261  data: 0.0005  max mem: 29495
[21:58:19.776220] Epoch: [7]  [ 600/1251]  eta: 0:06:54  lr: 0.001997  loss: 4.3812 (4.2659)  time: 0.6272  data: 0.0005  max mem: 29495
[21:58:32.315678] Epoch: [7]  [ 620/1251]  eta: 0:06:41  lr: 0.001997  loss: 4.2722 (4.2635)  time: 0.6269  data: 0.0005  max mem: 29495
[21:58:44.860946] Epoch: [7]  [ 640/1251]  eta: 0:06:28  lr: 0.001997  loss: 4.0994 (4.2589)  time: 0.6272  data: 0.0005  max mem: 29495
[21:58:57.399905] Epoch: [7]  [ 660/1251]  eta: 0:06:15  lr: 0.001997  loss: 4.4323 (4.2610)  time: 0.6269  data: 0.0007  max mem: 29495
[21:59:09.897918] Epoch: [7]  [ 680/1251]  eta: 0:06:02  lr: 0.001996  loss: 4.3639 (4.2625)  time: 0.6248  data: 0.0011  max mem: 29495
[21:59:22.416388] Epoch: [7]  [ 700/1251]  eta: 0:05:49  lr: 0.001996  loss: 4.3517 (4.2607)  time: 0.6259  data: 0.0004  max mem: 29495
[21:59:34.942718] Epoch: [7]  [ 720/1251]  eta: 0:05:37  lr: 0.001996  loss: 4.2631 (4.2586)  time: 0.6263  data: 0.0005  max mem: 29495
[21:59:47.498955] Epoch: [7]  [ 740/1251]  eta: 0:05:24  lr: 0.001996  loss: 4.4347 (4.2608)  time: 0.6278  data: 0.0003  max mem: 29495
[22:00:00.055604] Epoch: [7]  [ 760/1251]  eta: 0:05:11  lr: 0.001996  loss: 4.0835 (4.2531)  time: 0.6278  data: 0.0004  max mem: 29495
[22:00:12.590538] Epoch: [7]  [ 780/1251]  eta: 0:04:58  lr: 0.001996  loss: 4.3462 (4.2530)  time: 0.6265  data: 0.0004  max mem: 29495
[22:00:25.118311] Epoch: [7]  [ 800/1251]  eta: 0:04:45  lr: 0.001996  loss: 4.2306 (4.2519)  time: 0.6263  data: 0.0004  max mem: 29495
[22:00:37.677322] Epoch: [7]  [ 820/1251]  eta: 0:04:33  lr: 0.001996  loss: 4.2995 (4.2497)  time: 0.6279  data: 0.0004  max mem: 29495
[22:00:50.208733] Epoch: [7]  [ 840/1251]  eta: 0:04:20  lr: 0.001996  loss: 4.0234 (4.2444)  time: 0.6265  data: 0.0003  max mem: 29495
[22:01:02.736142] Epoch: [7]  [ 860/1251]  eta: 0:04:07  lr: 0.001996  loss: 4.5315 (4.2488)  time: 0.6263  data: 0.0005  max mem: 29495
[22:01:15.280259] Epoch: [7]  [ 880/1251]  eta: 0:03:54  lr: 0.001996  loss: 4.0697 (4.2451)  time: 0.6271  data: 0.0004  max mem: 29495
[22:01:27.782133] Epoch: [7]  [ 900/1251]  eta: 0:03:42  lr: 0.001996  loss: 4.1686 (4.2420)  time: 0.6250  data: 0.0004  max mem: 29495
[22:01:40.318531] Epoch: [7]  [ 920/1251]  eta: 0:03:29  lr: 0.001996  loss: 4.3808 (4.2433)  time: 0.6268  data: 0.0004  max mem: 29495
[22:01:52.889901] Epoch: [7]  [ 940/1251]  eta: 0:03:16  lr: 0.001996  loss: 4.1377 (4.2422)  time: 0.6285  data: 0.0009  max mem: 29495
[22:02:05.427503] Epoch: [7]  [ 960/1251]  eta: 0:03:04  lr: 0.001996  loss: 4.2319 (4.2411)  time: 0.6268  data: 0.0003  max mem: 29495
[22:02:17.972514] Epoch: [7]  [ 980/1251]  eta: 0:02:51  lr: 0.001996  loss: 4.2735 (4.2405)  time: 0.6272  data: 0.0003  max mem: 29495
[22:02:30.526400] Epoch: [7]  [1000/1251]  eta: 0:02:38  lr: 0.001996  loss: 4.1964 (4.2386)  time: 0.6275  data: 0.0005  max mem: 29495
[22:02:43.059407] Epoch: [7]  [1020/1251]  eta: 0:02:26  lr: 0.001996  loss: 4.4321 (4.2402)  time: 0.6266  data: 0.0005  max mem: 29495
[22:02:55.595772] Epoch: [7]  [1040/1251]  eta: 0:02:13  lr: 0.001996  loss: 4.5510 (4.2417)  time: 0.6268  data: 0.0004  max mem: 29495
[22:03:08.151860] Epoch: [7]  [1060/1251]  eta: 0:02:00  lr: 0.001996  loss: 4.3356 (4.2421)  time: 0.6277  data: 0.0004  max mem: 29495
[22:03:20.677606] Epoch: [7]  [1080/1251]  eta: 0:01:48  lr: 0.001996  loss: 4.4655 (4.2420)  time: 0.6262  data: 0.0004  max mem: 29495
[22:03:33.173904] Epoch: [7]  [1100/1251]  eta: 0:01:35  lr: 0.001995  loss: 4.2867 (4.2404)  time: 0.6248  data: 0.0004  max mem: 29495
[22:03:45.670418] Epoch: [7]  [1120/1251]  eta: 0:01:22  lr: 0.001995  loss: 4.1606 (4.2375)  time: 0.6248  data: 0.0005  max mem: 29495
[22:03:58.170688] Epoch: [7]  [1140/1251]  eta: 0:01:10  lr: 0.001995  loss: 3.9773 (4.2355)  time: 0.6250  data: 0.0004  max mem: 29495
[22:04:10.721214] Epoch: [7]  [1160/1251]  eta: 0:00:57  lr: 0.001995  loss: 4.3107 (4.2353)  time: 0.6275  data: 0.0004  max mem: 29495
[22:04:23.280895] Epoch: [7]  [1180/1251]  eta: 0:00:44  lr: 0.001995  loss: 4.3244 (4.2356)  time: 0.6279  data: 0.0003  max mem: 29495
[22:04:35.802022] Epoch: [7]  [1200/1251]  eta: 0:00:32  lr: 0.001995  loss: 4.2440 (4.2347)  time: 0.6260  data: 0.0002  max mem: 29495
[22:04:48.308023] Epoch: [7]  [1220/1251]  eta: 0:00:19  lr: 0.001995  loss: 4.4212 (4.2350)  time: 0.6252  data: 0.0003  max mem: 29495
[22:05:00.825320] Epoch: [7]  [1240/1251]  eta: 0:00:06  lr: 0.001995  loss: 4.2256 (4.2334)  time: 0.6258  data: 0.0011  max mem: 29495
[22:05:07.011543] Epoch: [7]  [1250/1251]  eta: 0:00:00  lr: 0.001995  loss: 4.2681 (4.2328)  time: 0.6201  data: 0.0006  max mem: 29495
[22:05:07.595486] Epoch: [7] Total time: 0:13:10 (0.6318 s / it)
[22:05:07.600829] Averaged stats: lr: 0.001995  loss: 4.2681 (4.2268)
[22:05:13.155751] Test:  [ 0/49]  eta: 0:03:45  loss: 1.3750 (1.3750)  acc1: 71.4844 (71.4844)  acc5: 87.5000 (87.5000)  time: 4.5988  data: 4.3626  max mem: 29495
[22:05:16.234062] Test:  [10/49]  eta: 0:00:27  loss: 1.4827 (1.4855)  acc1: 66.0156 (66.3352)  acc5: 87.5000 (87.4290)  time: 0.6978  data: 0.4952  max mem: 29495
[22:05:19.554376] Test:  [20/49]  eta: 0:00:15  loss: 1.4888 (1.4992)  acc1: 66.0156 (66.0714)  acc5: 87.5000 (87.5372)  time: 0.3198  data: 0.1211  max mem: 29495
[22:05:22.740596] Test:  [30/49]  eta: 0:00:08  loss: 1.5246 (1.5130)  acc1: 65.2344 (65.4234)  acc5: 87.5000 (87.6008)  time: 0.3252  data: 0.1261  max mem: 29495
[22:05:25.638015] Test:  [40/49]  eta: 0:00:03  loss: 1.5246 (1.5129)  acc1: 64.0625 (65.5011)  acc5: 87.1094 (87.3666)  time: 0.3038  data: 0.1016  max mem: 29495
[22:05:27.190675] Test:  [48/49]  eta: 0:00:00  loss: 1.5078 (1.5057)  acc1: 65.6250 (65.4640)  acc5: 86.3281 (87.4960)  time: 0.3013  data: 0.1015  max mem: 29495
[22:05:27.358460] Test: Total time: 0:00:18 (0.3837 s / it)
[22:05:27.359798] * Acc@1 65.824 Acc@5 87.530 loss 1.493
[22:05:27.359906] Accuracy of the network on the 50000 test images: 65.8%
[22:05:27.359921] Max accuracy: 65.82%
[22:05:27.370403] log_dir: /ibex/ai/project/c2090/lomar_plus_save/logs/raven/finetuned_mae_encoderonly_mask_0.8_neigh_0.05_wind_7_num_4_epoches_100
[22:05:32.119485] Epoch: [8]  [   0/1251]  eta: 1:38:55  lr: 0.001995  loss: 4.4979 (4.4979)  time: 4.7444  data: 3.2299  max mem: 29495
[22:05:44.756062] Epoch: [8]  [  20/1251]  eta: 0:16:58  lr: 0.001995  loss: 4.3483 (4.2068)  time: 0.6318  data: 0.0006  max mem: 29495
[22:05:57.297319] Epoch: [8]  [  40/1251]  eta: 0:14:43  lr: 0.001995  loss: 4.3776 (4.2115)  time: 0.6270  data: 0.0003  max mem: 29495
[22:06:09.828347] Epoch: [8]  [  60/1251]  eta: 0:13:48  lr: 0.001995  loss: 4.0927 (4.1704)  time: 0.6265  data: 0.0003  max mem: 29495
[22:06:22.405557] Epoch: [8]  [  80/1251]  eta: 0:13:15  lr: 0.001995  loss: 4.0727 (4.1561)  time: 0.6288  data: 0.0004  max mem: 29495
[22:06:35.005750] Epoch: [8]  [ 100/1251]  eta: 0:12:50  lr: 0.001995  loss: 4.2558 (4.1456)  time: 0.6299  data: 0.0004  max mem: 29495
[22:06:47.575540] Epoch: [8]  [ 120/1251]  eta: 0:12:29  lr: 0.001995  loss: 4.3585 (4.1590)  time: 0.6284  data: 0.0004  max mem: 29495
[22:07:00.124978] Epoch: [8]  [ 140/1251]  eta: 0:12:10  lr: 0.001995  loss: 3.9679 (4.1268)  time: 0.6274  data: 0.0005  max mem: 29495
[22:07:12.729534] Epoch: [8]  [ 160/1251]  eta: 0:11:53  lr: 0.001995  loss: 4.3323 (4.1395)  time: 0.6302  data: 0.0004  max mem: 29495
[22:07:25.254910] Epoch: [8]  [ 180/1251]  eta: 0:11:37  lr: 0.001995  loss: 4.0669 (4.1281)  time: 0.6262  data: 0.0004  max mem: 29495
[22:07:37.774988] Epoch: [8]  [ 200/1251]  eta: 0:11:21  lr: 0.001995  loss: 4.3344 (4.1307)  time: 0.6259  data: 0.0004  max mem: 29495
[22:07:50.308407] Epoch: [8]  [ 220/1251]  eta: 0:11:06  lr: 0.001994  loss: 4.3420 (4.1430)  time: 0.6266  data: 0.0004  max mem: 29495
[22:08:02.854419] Epoch: [8]  [ 240/1251]  eta: 0:10:52  lr: 0.001994  loss: 4.0237 (4.1290)  time: 0.6272  data: 0.0008  max mem: 29495
[22:08:15.454415] Epoch: [8]  [ 260/1251]  eta: 0:10:38  lr: 0.001994  loss: 4.1695 (4.1255)  time: 0.6299  data: 0.0004  max mem: 29495
[22:08:28.047665] Epoch: [8]  [ 280/1251]  eta: 0:10:24  lr: 0.001994  loss: 4.2721 (4.1216)  time: 0.6296  data: 0.0004  max mem: 29495
[22:08:40.604912] Epoch: [8]  [ 300/1251]  eta: 0:10:10  lr: 0.001994  loss: 4.2348 (4.1201)  time: 0.6278  data: 0.0004  max mem: 29495
[22:08:53.125143] Epoch: [8]  [ 320/1251]  eta: 0:09:56  lr: 0.001994  loss: 4.3757 (4.1278)  time: 0.6260  data: 0.0004  max mem: 29495
[22:09:05.661334] Epoch: [8]  [ 340/1251]  eta: 0:09:43  lr: 0.001994  loss: 4.3746 (4.1348)  time: 0.6268  data: 0.0003  max mem: 29495
[22:09:18.172665] Epoch: [8]  [ 360/1251]  eta: 0:09:29  lr: 0.001994  loss: 4.3512 (4.1396)  time: 0.6255  data: 0.0003  max mem: 29495
[22:09:30.703604] Epoch: [8]  [ 380/1251]  eta: 0:09:16  lr: 0.001994  loss: 4.1916 (4.1376)  time: 0.6265  data: 0.0003  max mem: 29495
[22:09:43.254818] Epoch: [8]  [ 400/1251]  eta: 0:09:02  lr: 0.001994  loss: 4.2083 (4.1370)  time: 0.6275  data: 0.0004  max mem: 29495
[22:09:55.789641] Epoch: [8]  [ 420/1251]  eta: 0:08:49  lr: 0.001994  loss: 4.1866 (4.1325)  time: 0.6267  data: 0.0004  max mem: 29495
[22:10:08.341403] Epoch: [8]  [ 440/1251]  eta: 0:08:36  lr: 0.001994  loss: 4.3123 (4.1353)  time: 0.6275  data: 0.0004  max mem: 29495
[22:10:20.903346] Epoch: [8]  [ 460/1251]  eta: 0:08:23  lr: 0.001994  loss: 4.0999 (4.1319)  time: 0.6279  data: 0.0003  max mem: 29495
[22:10:33.424986] Epoch: [8]  [ 480/1251]  eta: 0:08:10  lr: 0.001994  loss: 4.3563 (4.1335)  time: 0.6260  data: 0.0004  max mem: 29495
[22:10:45.956596] Epoch: [8]  [ 500/1251]  eta: 0:07:57  lr: 0.001994  loss: 4.3712 (4.1346)  time: 0.6265  data: 0.0004  max mem: 29495
[22:10:58.518398] Epoch: [8]  [ 520/1251]  eta: 0:07:44  lr: 0.001994  loss: 4.1855 (4.1328)  time: 0.6280  data: 0.0004  max mem: 29495
[22:11:11.045093] Epoch: [8]  [ 540/1251]  eta: 0:07:31  lr: 0.001994  loss: 4.2170 (4.1309)  time: 0.6263  data: 0.0007  max mem: 29495
[22:11:23.616664] Epoch: [8]  [ 560/1251]  eta: 0:07:18  lr: 0.001994  loss: 4.2352 (4.1304)  time: 0.6285  data: 0.0004  max mem: 29495
[22:11:36.100483] Epoch: [8]  [ 580/1251]  eta: 0:07:05  lr: 0.001993  loss: 3.9687 (4.1252)  time: 0.6241  data: 0.0004  max mem: 29495
[22:11:48.672882] Epoch: [8]  [ 600/1251]  eta: 0:06:52  lr: 0.001993  loss: 4.4194 (4.1276)  time: 0.6286  data: 0.0004  max mem: 29495
[22:12:01.226641] Epoch: [8]  [ 620/1251]  eta: 0:06:40  lr: 0.001993  loss: 4.1666 (4.1271)  time: 0.6276  data: 0.0004  max mem: 29495
